C:\Program Files\Microsoft Visual Studio\2022\Community\MSBuild\Microsoft\VC\v170\Microsoft.CppBuild.targets(531,5): warning MSB8028: The intermediate directory (x64\Release\) contains files shared from another project (OpenGL2.vcxproj).  This can lead to incorrect clean and rebuild behavior.
  Game.cpp
C:\Users\86180\Documents\OpenGL4d_20241204_114830\OpenGL2\EnumLists.h(37,15): warning C4091: 'static ': ignored on left of 'VectorIndex' when no variable is declared
  (compiling source file 'Game.cpp')
  
C:\Users\86180\Documents\OpenGL4d_20241204_114830\OpenGL2\Primitives4D.h(815,13): warning C4267: 'initializing': conversion from 'size_t' to 'int', possible loss of data
  (compiling source file 'Game.cpp')
  
C:\Users\86180\Documents\OpenGL4d_20241204_114830\OpenGL2\Primitives4D.h(816,13): warning C4267: 'initializing': conversion from 'size_t' to 'int', possible loss of data
  (compiling source file 'Game.cpp')
  
C:\Users\86180\Documents\OpenGL4d_20241204_114830\OpenGL2\Primitives4D.h(817,13): warning C4267: 'initializing': conversion from 'size_t' to 'int', possible loss of data
  (compiling source file 'Game.cpp')
  
C:\Program Files (x86)\Windows Kits\10\Include\10.0.22000.0\shared\minwindef.h(130,9): warning C4005: 'APIENTRY': macro redefinition
  (compiling source file 'Game.cpp')
      C:\Users\86180\Documents\OpenGL4d_20241204_114830\Dependencies_64x\GLFW\include\GLFW\glfw3.h(123,11):
      see previous definition of 'APIENTRY'
  
C:\Users\86180\Documents\OpenGL4d_20241204_114830\OpenGL2\Light.h(171,21): warning C4477: 'snprintf' : format string '%i' requires an argument of type 'int', but variadic argument 1 has type 'size_t'
  (compiling source file 'Game.cpp')
      C:\Users\86180\Documents\OpenGL4d_20241204_114830\OpenGL2\Light.h(171,21):
      consider using '%zi' in the format string
  
C:\Users\86180\Documents\OpenGL4d_20241204_114830\OpenGL2\Light.h(173,21): warning C4477: 'snprintf' : format string '%i' requires an argument of type 'int', but variadic argument 1 has type 'size_t'
  (compiling source file 'Game.cpp')
      C:\Users\86180\Documents\OpenGL4d_20241204_114830\OpenGL2\Light.h(173,21):
      consider using '%zi' in the format string
  
C:\Users\86180\Documents\OpenGL4d_20241204_114830\OpenGL2\Light.h(175,21): warning C4477: 'snprintf' : format string '%i' requires an argument of type 'int', but variadic argument 1 has type 'size_t'
  (compiling source file 'Game.cpp')
      C:\Users\86180\Documents\OpenGL4d_20241204_114830\OpenGL2\Light.h(175,21):
      consider using '%zi' in the format string
  
C:\Users\86180\Documents\OpenGL4d_20241204_114830\OpenGL2\Light.h(177,21): warning C4477: 'snprintf' : format string '%i' requires an argument of type 'int', but variadic argument 1 has type 'size_t'
  (compiling source file 'Game.cpp')
      C:\Users\86180\Documents\OpenGL4d_20241204_114830\OpenGL2\Light.h(177,21):
      consider using '%zi' in the format string
  
C:\Users\86180\Documents\OpenGL4d_20241204_114830\OpenGL2\Light.h(186,21): warning C4477: 'snprintf' : format string '%i' requires an argument of type 'int', but variadic argument 1 has type 'size_t'
  (compiling source file 'Game.cpp')
      C:\Users\86180\Documents\OpenGL4d_20241204_114830\OpenGL2\Light.h(186,21):
      consider using '%zi' in the format string
  
C:\Users\86180\Documents\OpenGL4d_20241204_114830\OpenGL2\Joint.h(184,15): warning C4091: 'static ': ignored on left of 'HingeConstraint4D' when no variable is declared
  (compiling source file 'Game.cpp')
  
C:\Users\86180\Documents\OpenGL4d_20241204_114830\OpenGL2\Animation.h(7,15): warning C4091: 'static ': ignored on left of 'PT' when no variable is declared
  (compiling source file 'Game.cpp')
  
C:\Users\86180\Documents\OpenGL4d_20241204_114830\OpenGL2\gjk.h(479,15): warning C4091: 'static ': ignored on left of 'Simplex' when no variable is declared
  (compiling source file 'Game.cpp')
  
C:\Users\86180\Documents\OpenGL4d_20241204_114830\OpenGL2\gjk.h(804,12): warning C4101: 'i': unreferenced local variable
  (compiling source file 'Game.cpp')
  
C:\Users\86180\Documents\OpenGL4d_20241204_114830\OpenGL2\gjk.h(968,28): warning C4267: 'initializing': conversion from 'size_t' to 'unsigned int', possible loss of data
  (compiling source file 'Game.cpp')
  
C:\Users\86180\Documents\OpenGL4d_20241204_114830\OpenGL2\gjk.h(992,15): warning C4101: 'contact0': unreferenced local variable
  (compiling source file 'Game.cpp')
  
C:\Users\86180\Documents\OpenGL4d_20241204_114830\OpenGL2\colliderPhy.h(12,15): warning C4091: 'static ': ignored on left of 'CollisionManifold' when no variable is declared
  (compiling source file 'Game.cpp')
  
C:\Users\86180\Documents\OpenGL4d_20241204_114830\OpenGL2\colliderPhy.h(20,15): warning C4091: 'static ': ignored on left of 'Collision' when no variable is declared
  (compiling source file 'Game.cpp')
  
C:\Users\86180\Documents\OpenGL4d_20241204_114830\OpenGL2\colliderPhy.h(74,49): warning C4267: 'argument': conversion from 'size_t' to 'int', possible loss of data
  (compiling source file 'Game.cpp')
  
C:\Users\86180\Documents\OpenGL4d_20241204_114830\OpenGL2\colliderPhy.h(86,80): warning C4267: 'argument': conversion from 'size_t' to 'int', possible loss of data
  (compiling source file 'Game.cpp')
  
C:\Users\86180\Documents\OpenGL4d_20241204_114830\OpenGL2\colliderPhy.h(86,61): warning C4267: 'argument': conversion from 'size_t' to 'int', possible loss of data
  (compiling source file 'Game.cpp')
  
C:\Users\86180\Documents\OpenGL4d_20241204_114830\OpenGL2\colliderPhy.h(88,68): warning C4267: 'argument': conversion from 'size_t' to 'int', possible loss of data
  (compiling source file 'Game.cpp')
  
C:\Users\86180\Documents\OpenGL4d_20241204_114830\OpenGL2\colliderPhy.h(88,49): warning C4267: 'argument': conversion from 'size_t' to 'int', possible loss of data
  (compiling source file 'Game.cpp')
  
C:\Users\86180\Documents\OpenGL4d_20241204_114830\OpenGL2\colliderPhy.h(143,27): warning C4101: 'contacts': unreferenced local variable
  (compiling source file 'Game.cpp')
  
C:\Users\86180\Documents\OpenGL4d_20241204_114830\OpenGL2\colliderPhy.h(564,47): warning C4267: '=': conversion from 'size_t' to 'unsigned int', possible loss of data
  (compiling source file 'Game.cpp')
  
C:\Users\86180\Documents\OpenGL4d_20241204_114830\OpenGL2\colliderPhy.h(553,23): warning C4101: 'detectPos4D0': unreferenced local variable
  (compiling source file 'Game.cpp')
  
C:\Users\86180\Documents\OpenGL4d_20241204_114830\OpenGL2\colliderPhy.h(1235,34): warning C4018: '<': signed/unsigned mismatch
  (compiling source file 'Game.cpp')
  
C:\Users\86180\Documents\OpenGL4d_20241204_114830\OpenGL2\colliderPhy.h(1830,27): warning C4101: 'detectPos4D0': unreferenced local variable
  (compiling source file 'Game.cpp')
  
C:\Users\86180\Documents\OpenGL4d_20241204_114830\OpenGL2\collision.h(5,15): warning C4091: 'static ': ignored on left of 'ContactState' when no variable is declared
  (compiling source file 'Game.cpp')
  
C:\Users\86180\Documents\OpenGL4d_20241204_114830\OpenGL2\collision.h(14,15): warning C4091: 'static ': ignored on left of 'CollisionConstraint' when no variable is declared
  (compiling source file 'Game.cpp')
  
C:\Users\86180\Documents\OpenGL4d_20241204_114830\OpenGL2\collision.h(33,15): warning C4091: 'static ': ignored on left of 'Constraint' when no variable is declared
  (compiling source file 'Game.cpp')
  
C:\Users\86180\Documents\OpenGL4d_20241204_114830\OpenGL2\PhyFunction.h(414,67): warning C4267: 'argument': conversion from 'size_t' to 'int', possible loss of data
  (compiling source file 'Game.cpp')
  
C:\Users\86180\Documents\OpenGL4d_20241204_114830\OpenGL2\PhyFunction.h(414,59): warning C4267: 'argument': conversion from 'size_t' to 'int', possible loss of data
  (compiling source file 'Game.cpp')
  
C:\Users\86180\Documents\OpenGL4d_20241204_114830\OpenGL2\PhyFunction.h(415,62): warning C4267: 'argument': conversion from 'size_t' to 'int', possible loss of data
  (compiling source file 'Game.cpp')
  
C:\Users\86180\Documents\OpenGL4d_20241204_114830\OpenGL2\PhyFunction.h(415,54): warning C4267: 'argument': conversion from 'size_t' to 'int', possible loss of data
  (compiling source file 'Game.cpp')
  
C:\Users\86180\Documents\OpenGL4d_20241204_114830\OpenGL2\PhyFunction.h(416,63): warning C4267: 'argument': conversion from 'size_t' to 'int', possible loss of data
  (compiling source file 'Game.cpp')
  
C:\Users\86180\Documents\OpenGL4d_20241204_114830\OpenGL2\PhyFunction.h(416,55): warning C4267: 'argument': conversion from 'size_t' to 'int', possible loss of data
  (compiling source file 'Game.cpp')
  
C:\Users\86180\Documents\OpenGL4d_20241204_114830\OpenGL2\PhyFunction.h(417,57): warning C4267: 'argument': conversion from 'size_t' to 'int', possible loss of data
  (compiling source file 'Game.cpp')
  
C:\Users\86180\Documents\OpenGL4d_20241204_114830\OpenGL2\PhyFunction.h(417,49): warning C4267: 'argument': conversion from 'size_t' to 'int', possible loss of data
  (compiling source file 'Game.cpp')
  
C:\Users\86180\Documents\OpenGL4d_20241204_114830\OpenGL2\PhyFunction.h(418,69): warning C4267: 'argument': conversion from 'size_t' to 'int', possible loss of data
  (compiling source file 'Game.cpp')
  
C:\Users\86180\Documents\OpenGL4d_20241204_114830\OpenGL2\PhyFunction.h(418,61): warning C4267: 'argument': conversion from 'size_t' to 'int', possible loss of data
  (compiling source file 'Game.cpp')
  
C:\Users\86180\Documents\OpenGL4d_20241204_114830\OpenGL2\PhyFunction.h(424,65): warning C4267: 'argument': conversion from 'size_t' to 'int', possible loss of data
  (compiling source file 'Game.cpp')
  
C:\Users\86180\Documents\OpenGL4d_20241204_114830\OpenGL2\PhyFunction.h(424,57): warning C4267: 'argument': conversion from 'size_t' to 'int', possible loss of data
  (compiling source file 'Game.cpp')
  
C:\Users\86180\Documents\OpenGL4d_20241204_114830\OpenGL2\PhyFunction.h(425,60): warning C4267: 'argument': conversion from 'size_t' to 'int', possible loss of data
  (compiling source file 'Game.cpp')
  
C:\Users\86180\Documents\OpenGL4d_20241204_114830\OpenGL2\PhyFunction.h(425,52): warning C4267: 'argument': conversion from 'size_t' to 'int', possible loss of data
  (compiling source file 'Game.cpp')
  
C:\Users\86180\Documents\OpenGL4d_20241204_114830\OpenGL2\PhyFunction.h(426,61): warning C4267: 'argument': conversion from 'size_t' to 'int', possible loss of data
  (compiling source file 'Game.cpp')
  
C:\Users\86180\Documents\OpenGL4d_20241204_114830\OpenGL2\PhyFunction.h(426,53): warning C4267: 'argument': conversion from 'size_t' to 'int', possible loss of data
  (compiling source file 'Game.cpp')
  
C:\Users\86180\Documents\OpenGL4d_20241204_114830\OpenGL2\PhyFunction.h(427,55): warning C4267: 'argument': conversion from 'size_t' to 'int', possible loss of data
  (compiling source file 'Game.cpp')
  
C:\Users\86180\Documents\OpenGL4d_20241204_114830\OpenGL2\PhyFunction.h(427,47): warning C4267: 'argument': conversion from 'size_t' to 'int', possible loss of data
  (compiling source file 'Game.cpp')
  
C:\Users\86180\Documents\OpenGL4d_20241204_114830\OpenGL2\PhyFunction.h(428,67): warning C4267: 'argument': conversion from 'size_t' to 'int', possible loss of data
  (compiling source file 'Game.cpp')
  
C:\Users\86180\Documents\OpenGL4d_20241204_114830\OpenGL2\PhyFunction.h(428,59): warning C4267: 'argument': conversion from 'size_t' to 'int', possible loss of data
  (compiling source file 'Game.cpp')
  
C:\Users\86180\Documents\OpenGL4d_20241204_114830\OpenGL2\PhyFunction.h(434,65): warning C4267: 'argument': conversion from 'size_t' to 'int', possible loss of data
  (compiling source file 'Game.cpp')
  
C:\Users\86180\Documents\OpenGL4d_20241204_114830\OpenGL2\PhyFunction.h(434,57): warning C4267: 'argument': conversion from 'size_t' to 'int', possible loss of data
  (compiling source file 'Game.cpp')
  
C:\Users\86180\Documents\OpenGL4d_20241204_114830\OpenGL2\PhyFunction.h(435,60): warning C4267: 'argument': conversion from 'size_t' to 'int', possible loss of data
  (compiling source file 'Game.cpp')
  
C:\Users\86180\Documents\OpenGL4d_20241204_114830\OpenGL2\PhyFunction.h(435,52): warning C4267: 'argument': conversion from 'size_t' to 'int', possible loss of data
  (compiling source file 'Game.cpp')
  
C:\Users\86180\Documents\OpenGL4d_20241204_114830\OpenGL2\PhyFunction.h(436,61): warning C4267: 'argument': conversion from 'size_t' to 'int', possible loss of data
  (compiling source file 'Game.cpp')
  
C:\Users\86180\Documents\OpenGL4d_20241204_114830\OpenGL2\PhyFunction.h(436,53): warning C4267: 'argument': conversion from 'size_t' to 'int', possible loss of data
  (compiling source file 'Game.cpp')
  
C:\Users\86180\Documents\OpenGL4d_20241204_114830\OpenGL2\PhyFunction.h(437,55): warning C4267: 'argument': conversion from 'size_t' to 'int', possible loss of data
  (compiling source file 'Game.cpp')
  
C:\Users\86180\Documents\OpenGL4d_20241204_114830\OpenGL2\PhyFunction.h(437,47): warning C4267: 'argument': conversion from 'size_t' to 'int', possible loss of data
  (compiling source file 'Game.cpp')
  
C:\Users\86180\Documents\OpenGL4d_20241204_114830\OpenGL2\PhyFunction.h(438,67): warning C4267: 'argument': conversion from 'size_t' to 'int', possible loss of data
  (compiling source file 'Game.cpp')
  
C:\Users\86180\Documents\OpenGL4d_20241204_114830\OpenGL2\PhyFunction.h(438,59): warning C4267: 'argument': conversion from 'size_t' to 'int', possible loss of data
  (compiling source file 'Game.cpp')
  
C:\Users\86180\Documents\OpenGL4d_20241204_114830\OpenGL2\PhyFunction.h(444,65): warning C4267: 'argument': conversion from 'size_t' to 'int', possible loss of data
  (compiling source file 'Game.cpp')
  
C:\Users\86180\Documents\OpenGL4d_20241204_114830\OpenGL2\PhyFunction.h(444,57): warning C4267: 'argument': conversion from 'size_t' to 'int', possible loss of data
  (compiling source file 'Game.cpp')
  
C:\Users\86180\Documents\OpenGL4d_20241204_114830\OpenGL2\PhyFunction.h(445,60): warning C4267: 'argument': conversion from 'size_t' to 'int', possible loss of data
  (compiling source file 'Game.cpp')
  
C:\Users\86180\Documents\OpenGL4d_20241204_114830\OpenGL2\PhyFunction.h(445,52): warning C4267: 'argument': conversion from 'size_t' to 'int', possible loss of data
  (compiling source file 'Game.cpp')
  
C:\Users\86180\Documents\OpenGL4d_20241204_114830\OpenGL2\PhyFunction.h(446,61): warning C4267: 'argument': conversion from 'size_t' to 'int', possible loss of data
  (compiling source file 'Game.cpp')
  
C:\Users\86180\Documents\OpenGL4d_20241204_114830\OpenGL2\PhyFunction.h(446,53): warning C4267: 'argument': conversion from 'size_t' to 'int', possible loss of data
  (compiling source file 'Game.cpp')
  
C:\Users\86180\Documents\OpenGL4d_20241204_114830\OpenGL2\PhyFunction.h(447,55): warning C4267: 'argument': conversion from 'size_t' to 'int', possible loss of data
  (compiling source file 'Game.cpp')
  
C:\Users\86180\Documents\OpenGL4d_20241204_114830\OpenGL2\PhyFunction.h(447,47): warning C4267: 'argument': conversion from 'size_t' to 'int', possible loss of data
  (compiling source file 'Game.cpp')
  
C:\Users\86180\Documents\OpenGL4d_20241204_114830\OpenGL2\PhyFunction.h(448,67): warning C4267: 'argument': conversion from 'size_t' to 'int', possible loss of data
  (compiling source file 'Game.cpp')
  
C:\Users\86180\Documents\OpenGL4d_20241204_114830\OpenGL2\PhyFunction.h(448,59): warning C4267: 'argument': conversion from 'size_t' to 'int', possible loss of data
  (compiling source file 'Game.cpp')
  
C:\Users\86180\Documents\OpenGL4d_20241204_114830\OpenGL2\PhyFunction.h(454,68): warning C4267: 'argument': conversion from 'size_t' to 'int', possible loss of data
  (compiling source file 'Game.cpp')
  
C:\Users\86180\Documents\OpenGL4d_20241204_114830\OpenGL2\PhyFunction.h(454,60): warning C4267: 'argument': conversion from 'size_t' to 'int', possible loss of data
  (compiling source file 'Game.cpp')
  
C:\Users\86180\Documents\OpenGL4d_20241204_114830\OpenGL2\PhyFunction.h(455,63): warning C4267: 'argument': conversion from 'size_t' to 'int', possible loss of data
  (compiling source file 'Game.cpp')
  
C:\Users\86180\Documents\OpenGL4d_20241204_114830\OpenGL2\PhyFunction.h(455,55): warning C4267: 'argument': conversion from 'size_t' to 'int', possible loss of data
  (compiling source file 'Game.cpp')
  
C:\Users\86180\Documents\OpenGL4d_20241204_114830\OpenGL2\PhyFunction.h(456,64): warning C4267: 'argument': conversion from 'size_t' to 'int', possible loss of data
  (compiling source file 'Game.cpp')
  
C:\Users\86180\Documents\OpenGL4d_20241204_114830\OpenGL2\PhyFunction.h(456,56): warning C4267: 'argument': conversion from 'size_t' to 'int', possible loss of data
  (compiling source file 'Game.cpp')
  
C:\Users\86180\Documents\OpenGL4d_20241204_114830\OpenGL2\PhyFunction.h(457,58): warning C4267: 'argument': conversion from 'size_t' to 'int', possible loss of data
  (compiling source file 'Game.cpp')
  
C:\Users\86180\Documents\OpenGL4d_20241204_114830\OpenGL2\PhyFunction.h(457,50): warning C4267: 'argument': conversion from 'size_t' to 'int', possible loss of data
  (compiling source file 'Game.cpp')
  
C:\Users\86180\Documents\OpenGL4d_20241204_114830\OpenGL2\PhyFunction.h(458,70): warning C4267: 'argument': conversion from 'size_t' to 'int', possible loss of data
  (compiling source file 'Game.cpp')
  
C:\Users\86180\Documents\OpenGL4d_20241204_114830\OpenGL2\PhyFunction.h(458,62): warning C4267: 'argument': conversion from 'size_t' to 'int', possible loss of data
  (compiling source file 'Game.cpp')
  
C:\Users\86180\Documents\OpenGL4d_20241204_114830\OpenGL2\PhyFunction.h(469,53): warning C4267: 'argument': conversion from 'size_t' to 'int', possible loss of data
  (compiling source file 'Game.cpp')
  
C:\Users\86180\Documents\OpenGL4d_20241204_114830\OpenGL2\PhyFunction.h(470,48): warning C4267: 'argument': conversion from 'size_t' to 'int', possible loss of data
  (compiling source file 'Game.cpp')
  
C:\Users\86180\Documents\OpenGL4d_20241204_114830\OpenGL2\PhyFunction.h(471,49): warning C4267: 'argument': conversion from 'size_t' to 'int', possible loss of data
  (compiling source file 'Game.cpp')
  
C:\Users\86180\Documents\OpenGL4d_20241204_114830\OpenGL2\PhyFunction.h(472,49): warning C4267: 'argument': conversion from 'size_t' to 'int', possible loss of data
  (compiling source file 'Game.cpp')
  
C:\Users\86180\Documents\OpenGL4d_20241204_114830\OpenGL2\PhyFunction.h(473,55): warning C4267: 'argument': conversion from 'size_t' to 'int', possible loss of data
  (compiling source file 'Game.cpp')
  
C:\Users\86180\Documents\OpenGL4d_20241204_114830\OpenGL2\PhyFunction.h(481,54): warning C4267: 'argument': conversion from 'size_t' to 'int', possible loss of data
  (compiling source file 'Game.cpp')
  
C:\Users\86180\Documents\OpenGL4d_20241204_114830\OpenGL2\PhyFunction.h(482,49): warning C4267: 'argument': conversion from 'size_t' to 'int', possible loss of data
  (compiling source file 'Game.cpp')
  
C:\Users\86180\Documents\OpenGL4d_20241204_114830\OpenGL2\PhyFunction.h(483,50): warning C4267: 'argument': conversion from 'size_t' to 'int', possible loss of data
  (compiling source file 'Game.cpp')
  
C:\Users\86180\Documents\OpenGL4d_20241204_114830\OpenGL2\PhyFunction.h(484,50): warning C4267: 'argument': conversion from 'size_t' to 'int', possible loss of data
  (compiling source file 'Game.cpp')
  
C:\Users\86180\Documents\OpenGL4d_20241204_114830\OpenGL2\PhyFunction.h(485,56): warning C4267: 'argument': conversion from 'size_t' to 'int', possible loss of data
  (compiling source file 'Game.cpp')
  
C:\Users\86180\Documents\OpenGL4d_20241204_114830\OpenGL2\ObjectLists.h(228,32): warning C4267: '-=': conversion from 'size_t' to 'int', possible loss of data
  (compiling source file 'Game.cpp')
  
C:\Users\86180\Documents\OpenGL4d_20241204_114830\OpenGL2\ObjectLists.h(691,15): warning C4091: 'static ': ignored on left of 'RenderIndex' when no variable is declared
  (compiling source file 'Game.cpp')
  
C:\Users\86180\Documents\OpenGL4d_20241204_114830\OpenGL2\ObjectLists.h(833,10): warning C4267: 'initializing': conversion from 'size_t' to 'int', possible loss of data
  (compiling source file 'Game.cpp')
  
C:\Users\86180\Documents\OpenGL4d_20241204_114830\OpenGL2\Phys4D.h(366,32): warning C4267: '=': conversion from 'size_t' to 'T', possible loss of data
C:\Users\86180\Documents\OpenGL4d_20241204_114830\OpenGL2\Phys4D.h(366,32): warning C4267:         with
C:\Users\86180\Documents\OpenGL4d_20241204_114830\OpenGL2\Phys4D.h(366,32): warning C4267:         [
C:\Users\86180\Documents\OpenGL4d_20241204_114830\OpenGL2\Phys4D.h(366,32): warning C4267:             T=glm::i32
C:\Users\86180\Documents\OpenGL4d_20241204_114830\OpenGL2\Phys4D.h(366,32): warning C4267:         ]
  (compiling source file 'Game.cpp')
  
C:\Users\86180\Documents\OpenGL4d_20241204_114830\OpenGL2\Phys4D.h(381,33): warning C4267: '=': conversion from 'size_t' to 'T', possible loss of data
C:\Users\86180\Documents\OpenGL4d_20241204_114830\OpenGL2\Phys4D.h(381,33): warning C4267:         with
C:\Users\86180\Documents\OpenGL4d_20241204_114830\OpenGL2\Phys4D.h(381,33): warning C4267:         [
C:\Users\86180\Documents\OpenGL4d_20241204_114830\OpenGL2\Phys4D.h(381,33): warning C4267:             T=glm::i32
C:\Users\86180\Documents\OpenGL4d_20241204_114830\OpenGL2\Phys4D.h(381,33): warning C4267:         ]
  (compiling source file 'Game.cpp')
  
C:\Users\86180\Documents\OpenGL4d_20241204_114830\OpenGL2\Phys4D.h(401,33): warning C4267: '=': conversion from 'size_t' to 'T', possible loss of data
C:\Users\86180\Documents\OpenGL4d_20241204_114830\OpenGL2\Phys4D.h(401,33): warning C4267:         with
C:\Users\86180\Documents\OpenGL4d_20241204_114830\OpenGL2\Phys4D.h(401,33): warning C4267:         [
C:\Users\86180\Documents\OpenGL4d_20241204_114830\OpenGL2\Phys4D.h(401,33): warning C4267:             T=glm::i32
C:\Users\86180\Documents\OpenGL4d_20241204_114830\OpenGL2\Phys4D.h(401,33): warning C4267:         ]
  (compiling source file 'Game.cpp')
  
C:\Users\86180\Documents\OpenGL4d_20241204_114830\OpenGL2\DetectRay.h(18,20): warning C4267: 'initializing': conversion from 'size_t' to 'int', possible loss of data
  (compiling source file 'Game.cpp')
  
C:\Users\86180\Documents\OpenGL4d_20241204_114830\OpenGL2\DetectRay.h(24,16): warning C4244: 'initializing': conversion from 'double' to 'float', possible loss of data
  (compiling source file 'Game.cpp')
  
C:\Users\86180\Documents\OpenGL4d_20241204_114830\OpenGL2\DetectRay.h(25,16): warning C4244: 'initializing': conversion from 'double' to 'float', possible loss of data
  (compiling source file 'Game.cpp')
  
C:\Users\86180\Documents\OpenGL4d_20241204_114830\OpenGL2\DetectRay.h(186,21): warning C4018: '<': signed/unsigned mismatch
  (compiling source file 'Game.cpp')
  
C:\Users\86180\Documents\OpenGL4d_20241204_114830\OpenGL2\DetectRay.h(486,44): warning C4267: '=': conversion from 'size_t' to 'unsigned int', possible loss of data
  (compiling source file 'Game.cpp')
  
C:\Users\86180\Documents\OpenGL4d_20241204_114830\OpenGL2\DetectRay.h(501,38): warning C4267: 'argument': conversion from 'size_t' to 'GLsizei', possible loss of data
  (compiling source file 'Game.cpp')
  
C:\Users\86180\Documents\OpenGL4d_20241204_114830\OpenGL2\LoadAndSave.h(287,109): warning C4267: 'argument': conversion from 'size_t' to 'unsigned int', possible loss of data
  (compiling source file 'Game.cpp')
  
C:\Users\86180\Documents\OpenGL4d_20241204_114830\OpenGL2\LoadAndSave.h(293,115): warning C4267: 'argument': conversion from 'size_t' to 'unsigned int', possible loss of data
  (compiling source file 'Game.cpp')
  
C:\Users\86180\Documents\OpenGL4d_20241204_114830\OpenGL2\Game_imgui.h(760,58): warning C4267: 'argument': conversion from 'size_t' to 'int', possible loss of data
  (compiling source file 'Game.cpp')
  
C:\Users\86180\Documents\OpenGL4d_20241204_114830\OpenGL2\Game_imgui.h(808,80): warning C4267: 'argument': conversion from 'size_t' to 'int', possible loss of data
  (compiling source file 'Game.cpp')
  
C:\Users\86180\Documents\OpenGL4d_20241204_114830\OpenGL2\Game_imgui.h(2346,91): warning C4244: 'argument': conversion from 'float' to 'int', possible loss of data
  (compiling source file 'Game.cpp')
  
C:\Users\86180\Documents\OpenGL4d_20241204_114830\OpenGL2\Game_imgui.h(2505,40): warning C4267: '+=': conversion from 'size_t' to 'int', possible loss of data
  (compiling source file 'Game.cpp')
  
C:\Users\86180\Documents\OpenGL4d_20241204_114830\OpenGL2\Game_imgui.h(2581,54): warning C4267: 'argument': conversion from 'size_t' to 'int', possible loss of data
  (compiling source file 'Game.cpp')
  
C:\Users\86180\Documents\OpenGL4d_20241204_114830\OpenGL2\Structures4D.h(56,7): warning C4244: '=': conversion from 'float' to 'int', possible loss of data
  (compiling source file 'Game.cpp')
  
C:\Users\86180\Documents\OpenGL4d_20241204_114830\OpenGL2\Structures4D.h(60,13): warning C4244: '=': conversion from 'float' to 'int', possible loss of data
  (compiling source file 'Game.cpp')
  
C:\Users\86180\Documents\OpenGL4d_20241204_114830\OpenGL2\Structures4D.h(174,29): warning C4305: 'initializing': truncation from 'double' to 'float'
  (compiling source file 'Game.cpp')
  
C:\Users\86180\Documents\OpenGL4d_20241204_114830\OpenGL2\Structures4D.h(181,8): warning C4244: '=': conversion from 'float' to 'int', possible loss of data
  (compiling source file 'Game.cpp')
  
C:\Users\86180\Documents\OpenGL4d_20241204_114830\OpenGL2\Structures4D.h(185,15): warning C4244: '=': conversion from 'float' to 'int', possible loss of data
  (compiling source file 'Game.cpp')
  
C:\Users\86180\Documents\OpenGL4d_20241204_114830\OpenGL2\Structures4D.h(289,8): warning C4244: '=': conversion from 'float' to 'int', possible loss of data
  (compiling source file 'Game.cpp')
  
C:\Users\86180\Documents\OpenGL4d_20241204_114830\OpenGL2\Structures4D.h(293,15): warning C4244: '=': conversion from 'float' to 'int', possible loss of data
  (compiling source file 'Game.cpp')
  
C:\Users\86180\Documents\OpenGL4d_20241204_114830\OpenGL2\Structures4D.h(340,15): warning C4244: 'initializing': conversion from 'float' to 'size_t', possible loss of data
  (compiling source file 'Game.cpp')
  
C:\Users\86180\Documents\OpenGL4d_20241204_114830\OpenGL2\Structures4D.h(462,12): warning C4244: 'initializing': conversion from 'float' to 'int', possible loss of data
  (compiling source file 'Game.cpp')
  
C:\Users\86180\Documents\OpenGL4d_20241204_114830\OpenGL2\Structures4D.h(463,13): warning C4244: 'initializing': conversion from 'float' to 'int', possible loss of data
  (compiling source file 'Game.cpp')
  
C:\Users\86180\Documents\OpenGL4d_20241204_114830\OpenGL2\Structures4D.h(464,14): warning C4244: 'initializing': conversion from 'float' to 'int', possible loss of data
  (compiling source file 'Game.cpp')
  
C:\Users\86180\Documents\OpenGL4d_20241204_114830\OpenGL2\Structures4D.h(465,123): warning C4244: 'argument': conversion from 'int' to 'T', possible loss of data
C:\Users\86180\Documents\OpenGL4d_20241204_114830\OpenGL2\Structures4D.h(465,123): warning C4244:         with
C:\Users\86180\Documents\OpenGL4d_20241204_114830\OpenGL2\Structures4D.h(465,123): warning C4244:         [
C:\Users\86180\Documents\OpenGL4d_20241204_114830\OpenGL2\Structures4D.h(465,123): warning C4244:             T=float
C:\Users\86180\Documents\OpenGL4d_20241204_114830\OpenGL2\Structures4D.h(465,123): warning C4244:         ]
  (compiling source file 'Game.cpp')
  
C:\Users\86180\Documents\OpenGL4d_20241204_114830\OpenGL2\Physics.h(172,24): warning C4018: '<': signed/unsigned mismatch
  (compiling source file 'Game.cpp')
  
C:\Users\86180\Documents\OpenGL4d_20241204_114830\OpenGL2\Physics.h(183,178): warning C4244: 'argument': conversion from 'int' to 'T', possible loss of data
C:\Users\86180\Documents\OpenGL4d_20241204_114830\OpenGL2\Physics.h(183,178): warning C4244:         with
C:\Users\86180\Documents\OpenGL4d_20241204_114830\OpenGL2\Physics.h(183,178): warning C4244:         [
C:\Users\86180\Documents\OpenGL4d_20241204_114830\OpenGL2\Physics.h(183,178): warning C4244:             T=float
C:\Users\86180\Documents\OpenGL4d_20241204_114830\OpenGL2\Physics.h(183,178): warning C4244:         ]
  (compiling source file 'Game.cpp')
  
C:\Users\86180\Documents\OpenGL4d_20241204_114830\OpenGL2\Physics.h(188,177): warning C4244: 'argument': conversion from 'int' to 'T', possible loss of data
C:\Users\86180\Documents\OpenGL4d_20241204_114830\OpenGL2\Physics.h(188,177): warning C4244:         with
C:\Users\86180\Documents\OpenGL4d_20241204_114830\OpenGL2\Physics.h(188,177): warning C4244:         [
C:\Users\86180\Documents\OpenGL4d_20241204_114830\OpenGL2\Physics.h(188,177): warning C4244:             T=float
C:\Users\86180\Documents\OpenGL4d_20241204_114830\OpenGL2\Physics.h(188,177): warning C4244:         ]
  (compiling source file 'Game.cpp')
  
C:\Users\86180\Documents\OpenGL4d_20241204_114830\OpenGL2\Physics.h(243,24): warning C4018: '<': signed/unsigned mismatch
  (compiling source file 'Game.cpp')
  
C:\Users\86180\Documents\OpenGL4d_20241204_114830\OpenGL2\Keyboard.h(63,44): warning C4305: '-=': truncation from 'double' to 'T'
C:\Users\86180\Documents\OpenGL4d_20241204_114830\OpenGL2\Keyboard.h(63,44): warning C4305:         with
C:\Users\86180\Documents\OpenGL4d_20241204_114830\OpenGL2\Keyboard.h(63,44): warning C4305:         [
C:\Users\86180\Documents\OpenGL4d_20241204_114830\OpenGL2\Keyboard.h(63,44): warning C4305:             T=float
C:\Users\86180\Documents\OpenGL4d_20241204_114830\OpenGL2\Keyboard.h(63,44): warning C4305:         ]
  (compiling source file 'Game.cpp')
  
C:\Users\86180\Documents\OpenGL4d_20241204_114830\OpenGL2\Keyboard.h(68,44): warning C4305: '+=': truncation from 'double' to 'T'
C:\Users\86180\Documents\OpenGL4d_20241204_114830\OpenGL2\Keyboard.h(68,44): warning C4305:         with
C:\Users\86180\Documents\OpenGL4d_20241204_114830\OpenGL2\Keyboard.h(68,44): warning C4305:         [
C:\Users\86180\Documents\OpenGL4d_20241204_114830\OpenGL2\Keyboard.h(68,44): warning C4305:             T=float
C:\Users\86180\Documents\OpenGL4d_20241204_114830\OpenGL2\Keyboard.h(68,44): warning C4305:         ]
  (compiling source file 'Game.cpp')
  
C:\Users\86180\Documents\OpenGL4d_20241204_114830\OpenGL2\Keyboard.h(199,75): warning C4267: 'argument': conversion from 'size_t' to 'int', possible loss of data
  (compiling source file 'Game.cpp')
  
C:\Users\86180\Documents\OpenGL4d_20241204_114830\OpenGL2\Keyboard.h(428,40): warning C4244: 'argument': conversion from 'int' to 'GLfloat', possible loss of data
  (compiling source file 'Game.cpp')
  
C:\Users\86180\Documents\OpenGL4d_20241204_114830\OpenGL2\Keyboard.h(437,23): warning C4244: 'argument': conversion from 'float' to 'const int', possible loss of data
  (compiling source file 'Game.cpp')
  
C:\Users\86180\Documents\OpenGL4d_20241204_114830\OpenGL2\Keyboard.h(435,47): warning C4267: 'argument': conversion from 'size_t' to 'const unsigned int', possible loss of data
  (compiling source file 'Game.cpp')
  
C:\Users\86180\Documents\OpenGL4d_20241204_114830\OpenGL2\Keyboard.h(537,212): warning C4267: 'argument': conversion from 'size_t' to 'unsigned int', possible loss of data
  (compiling source file 'Game.cpp')
  
C:\Users\86180\Documents\OpenGL4d_20241204_114830\OpenGL2\Keyboard.h(547,245): warning C4267: 'argument': conversion from 'size_t' to 'unsigned int', possible loss of data
  (compiling source file 'Game.cpp')
  
C:\Users\86180\Documents\OpenGL4d_20241204_114830\OpenGL2\Keyboard.h(547,146): warning C4267: 'argument': conversion from 'size_t' to 'unsigned int', possible loss of data
  (compiling source file 'Game.cpp')
  
C:\Users\86180\Documents\OpenGL4d_20241204_114830\OpenGL2\Keyboard.h(558,182): warning C4267: 'argument': conversion from 'size_t' to 'unsigned int', possible loss of data
  (compiling source file 'Game.cpp')
  
C:\Users\86180\Documents\OpenGL4d_20241204_114830\OpenGL2\Keyboard.h(567,129): warning C4267: 'argument': conversion from 'size_t' to 'unsigned int', possible loss of data
  (compiling source file 'Game.cpp')
  
C:\Users\86180\Documents\OpenGL4d_20241204_114830\OpenGL2\Keyboard.h(616,18): warning C4267: 'initializing': conversion from 'size_t' to 'int', possible loss of data
  (compiling source file 'Game.cpp')
  
C:\Users\86180\Documents\OpenGL4d_20241204_114830\OpenGL2\Keyboard.h(619,161): warning C4267: 'argument': conversion from 'size_t' to 'unsigned int', possible loss of data
  (compiling source file 'Game.cpp')
  
C:\Users\86180\Documents\OpenGL4d_20241204_114830\OpenGL2\Keyboard.h(627,162): warning C4267: 'argument': conversion from 'size_t' to 'unsigned int', possible loss of data
  (compiling source file 'Game.cpp')
  
C:\Users\86180\Documents\OpenGL4d_20241204_114830\OpenGL2\Keyboard.h(667,19): warning C4267: 'initializing': conversion from 'size_t' to 'int', possible loss of data
  (compiling source file 'Game.cpp')
  
C:\Users\86180\Documents\OpenGL4d_20241204_114830\OpenGL2\Keyboard.h(670,179): warning C4267: 'argument': conversion from 'size_t' to 'unsigned int', possible loss of data
  (compiling source file 'Game.cpp')
  
C:\Users\86180\Documents\OpenGL4d_20241204_114830\OpenGL2\Keyboard.h(678,180): warning C4267: 'argument': conversion from 'size_t' to 'unsigned int', possible loss of data
  (compiling source file 'Game.cpp')
  
C:\Users\86180\Documents\OpenGL4d_20241204_114830\OpenGL2\Keyboard.h(742,74): warning C4267: 'argument': conversion from 'size_t' to 'int', possible loss of data
  (compiling source file 'Game.cpp')
  
C:\Users\86180\Documents\OpenGL4d_20241204_114830\OpenGL2\Game.cpp(378,32): warning C4267: 'argument': conversion from 'size_t' to 'const GLint', possible loss of data
C:\Users\86180\Documents\OpenGL4d_20241204_114830\OpenGL2\Game.cpp(444,68): warning C4267: 'argument': conversion from 'size_t' to 'unsigned int', possible loss of data
C:\Users\86180\Documents\OpenGL4d_20241204_114830\OpenGL2\Game.cpp(1224,134): warning C4244: 'initializing': conversion from 'float' to 'size_t', possible loss of data
C:\Users\86180\Documents\OpenGL4d_20241204_114830\OpenGL2\Game.cpp(1501,16): warning C4267: 'initializing': conversion from 'size_t' to 'int', possible loss of data
C:\Users\86180\Documents\OpenGL4d_20241204_114830\OpenGL2\Game.cpp(1629,58): warning C4267: 'argument': conversion from 'size_t' to 'GLint', possible loss of data
  main.cpp
C:\Users\86180\Documents\OpenGL4d_20241204_114830\OpenGL2\EnumLists.h(37,15): warning C4091: 'static ': ignored on left of 'VectorIndex' when no variable is declared
  (compiling source file 'main.cpp')
  
C:\Users\86180\Documents\OpenGL4d_20241204_114830\OpenGL2\Primitives4D.h(815,13): warning C4267: 'initializing': conversion from 'size_t' to 'int', possible loss of data
  (compiling source file 'main.cpp')
  
C:\Users\86180\Documents\OpenGL4d_20241204_114830\OpenGL2\Primitives4D.h(816,13): warning C4267: 'initializing': conversion from 'size_t' to 'int', possible loss of data
  (compiling source file 'main.cpp')
  
C:\Users\86180\Documents\OpenGL4d_20241204_114830\OpenGL2\Primitives4D.h(817,13): warning C4267: 'initializing': conversion from 'size_t' to 'int', possible loss of data
  (compiling source file 'main.cpp')
  
C:\Program Files (x86)\Windows Kits\10\Include\10.0.22000.0\shared\minwindef.h(130,9): warning C4005: 'APIENTRY': macro redefinition
  (compiling source file 'main.cpp')
      C:\Users\86180\Documents\OpenGL4d_20241204_114830\Dependencies_64x\GLFW\include\GLFW\glfw3.h(123,11):
      see previous definition of 'APIENTRY'
  
C:\Users\86180\Documents\OpenGL4d_20241204_114830\OpenGL2\Light.h(171,21): warning C4477: 'snprintf' : format string '%i' requires an argument of type 'int', but variadic argument 1 has type 'size_t'
  (compiling source file 'main.cpp')
      C:\Users\86180\Documents\OpenGL4d_20241204_114830\OpenGL2\Light.h(171,21):
      consider using '%zi' in the format string
  
C:\Users\86180\Documents\OpenGL4d_20241204_114830\OpenGL2\Light.h(173,21): warning C4477: 'snprintf' : format string '%i' requires an argument of type 'int', but variadic argument 1 has type 'size_t'
  (compiling source file 'main.cpp')
      C:\Users\86180\Documents\OpenGL4d_20241204_114830\OpenGL2\Light.h(173,21):
      consider using '%zi' in the format string
  
C:\Users\86180\Documents\OpenGL4d_20241204_114830\OpenGL2\Light.h(175,21): warning C4477: 'snprintf' : format string '%i' requires an argument of type 'int', but variadic argument 1 has type 'size_t'
  (compiling source file 'main.cpp')
      C:\Users\86180\Documents\OpenGL4d_20241204_114830\OpenGL2\Light.h(175,21):
      consider using '%zi' in the format string
  
C:\Users\86180\Documents\OpenGL4d_20241204_114830\OpenGL2\Light.h(177,21): warning C4477: 'snprintf' : format string '%i' requires an argument of type 'int', but variadic argument 1 has type 'size_t'
  (compiling source file 'main.cpp')
      C:\Users\86180\Documents\OpenGL4d_20241204_114830\OpenGL2\Light.h(177,21):
      consider using '%zi' in the format string
  
C:\Users\86180\Documents\OpenGL4d_20241204_114830\OpenGL2\Light.h(186,21): warning C4477: 'snprintf' : format string '%i' requires an argument of type 'int', but variadic argument 1 has type 'size_t'
  (compiling source file 'main.cpp')
      C:\Users\86180\Documents\OpenGL4d_20241204_114830\OpenGL2\Light.h(186,21):
      consider using '%zi' in the format string
  
C:\Users\86180\Documents\OpenGL4d_20241204_114830\OpenGL2\Joint.h(184,15): warning C4091: 'static ': ignored on left of 'HingeConstraint4D' when no variable is declared
  (compiling source file 'main.cpp')
  
C:\Users\86180\Documents\OpenGL4d_20241204_114830\OpenGL2\Animation.h(7,15): warning C4091: 'static ': ignored on left of 'PT' when no variable is declared
  (compiling source file 'main.cpp')
  
C:\Users\86180\Documents\OpenGL4d_20241204_114830\OpenGL2\gjk.h(479,15): warning C4091: 'static ': ignored on left of 'Simplex' when no variable is declared
  (compiling source file 'main.cpp')
  
C:\Users\86180\Documents\OpenGL4d_20241204_114830\OpenGL2\gjk.h(804,12): warning C4101: 'i': unreferenced local variable
  (compiling source file 'main.cpp')
  
C:\Users\86180\Documents\OpenGL4d_20241204_114830\OpenGL2\gjk.h(968,28): warning C4267: 'initializing': conversion from 'size_t' to 'unsigned int', possible loss of data
  (compiling source file 'main.cpp')
  
C:\Users\86180\Documents\OpenGL4d_20241204_114830\OpenGL2\gjk.h(992,15): warning C4101: 'contact0': unreferenced local variable
  (compiling source file 'main.cpp')
  
C:\Users\86180\Documents\OpenGL4d_20241204_114830\OpenGL2\colliderPhy.h(12,15): warning C4091: 'static ': ignored on left of 'CollisionManifold' when no variable is declared
  (compiling source file 'main.cpp')
  
C:\Users\86180\Documents\OpenGL4d_20241204_114830\OpenGL2\colliderPhy.h(20,15): warning C4091: 'static ': ignored on left of 'Collision' when no variable is declared
  (compiling source file 'main.cpp')
  
C:\Users\86180\Documents\OpenGL4d_20241204_114830\OpenGL2\colliderPhy.h(74,49): warning C4267: 'argument': conversion from 'size_t' to 'int', possible loss of data
  (compiling source file 'main.cpp')
  
C:\Users\86180\Documents\OpenGL4d_20241204_114830\OpenGL2\colliderPhy.h(86,80): warning C4267: 'argument': conversion from 'size_t' to 'int', possible loss of data
  (compiling source file 'main.cpp')
  
C:\Users\86180\Documents\OpenGL4d_20241204_114830\OpenGL2\colliderPhy.h(86,61): warning C4267: 'argument': conversion from 'size_t' to 'int', possible loss of data
  (compiling source file 'main.cpp')
  
C:\Users\86180\Documents\OpenGL4d_20241204_114830\OpenGL2\colliderPhy.h(88,68): warning C4267: 'argument': conversion from 'size_t' to 'int', possible loss of data
  (compiling source file 'main.cpp')
  
C:\Users\86180\Documents\OpenGL4d_20241204_114830\OpenGL2\colliderPhy.h(88,49): warning C4267: 'argument': conversion from 'size_t' to 'int', possible loss of data
  (compiling source file 'main.cpp')
  
C:\Users\86180\Documents\OpenGL4d_20241204_114830\OpenGL2\colliderPhy.h(143,27): warning C4101: 'contacts': unreferenced local variable
  (compiling source file 'main.cpp')
  
C:\Users\86180\Documents\OpenGL4d_20241204_114830\OpenGL2\colliderPhy.h(564,47): warning C4267: '=': conversion from 'size_t' to 'unsigned int', possible loss of data
  (compiling source file 'main.cpp')
  
C:\Users\86180\Documents\OpenGL4d_20241204_114830\OpenGL2\colliderPhy.h(553,23): warning C4101: 'detectPos4D0': unreferenced local variable
  (compiling source file 'main.cpp')
  
C:\Users\86180\Documents\OpenGL4d_20241204_114830\OpenGL2\colliderPhy.h(1235,34): warning C4018: '<': signed/unsigned mismatch
  (compiling source file 'main.cpp')
  
C:\Users\86180\Documents\OpenGL4d_20241204_114830\OpenGL2\colliderPhy.h(1830,27): warning C4101: 'detectPos4D0': unreferenced local variable
  (compiling source file 'main.cpp')
  
C:\Users\86180\Documents\OpenGL4d_20241204_114830\OpenGL2\collision.h(5,15): warning C4091: 'static ': ignored on left of 'ContactState' when no variable is declared
  (compiling source file 'main.cpp')
  
C:\Users\86180\Documents\OpenGL4d_20241204_114830\OpenGL2\collision.h(14,15): warning C4091: 'static ': ignored on left of 'CollisionConstraint' when no variable is declared
  (compiling source file 'main.cpp')
  
C:\Users\86180\Documents\OpenGL4d_20241204_114830\OpenGL2\collision.h(33,15): warning C4091: 'static ': ignored on left of 'Constraint' when no variable is declared
  (compiling source file 'main.cpp')
  
C:\Users\86180\Documents\OpenGL4d_20241204_114830\OpenGL2\PhyFunction.h(414,67): warning C4267: 'argument': conversion from 'size_t' to 'int', possible loss of data
  (compiling source file 'main.cpp')
  
C:\Users\86180\Documents\OpenGL4d_20241204_114830\OpenGL2\PhyFunction.h(414,59): warning C4267: 'argument': conversion from 'size_t' to 'int', possible loss of data
  (compiling source file 'main.cpp')
  
C:\Users\86180\Documents\OpenGL4d_20241204_114830\OpenGL2\PhyFunction.h(415,62): warning C4267: 'argument': conversion from 'size_t' to 'int', possible loss of data
  (compiling source file 'main.cpp')
  
C:\Users\86180\Documents\OpenGL4d_20241204_114830\OpenGL2\PhyFunction.h(415,54): warning C4267: 'argument': conversion from 'size_t' to 'int', possible loss of data
  (compiling source file 'main.cpp')
  
C:\Users\86180\Documents\OpenGL4d_20241204_114830\OpenGL2\PhyFunction.h(416,63): warning C4267: 'argument': conversion from 'size_t' to 'int', possible loss of data
  (compiling source file 'main.cpp')
  
C:\Users\86180\Documents\OpenGL4d_20241204_114830\OpenGL2\PhyFunction.h(416,55): warning C4267: 'argument': conversion from 'size_t' to 'int', possible loss of data
  (compiling source file 'main.cpp')
  
C:\Users\86180\Documents\OpenGL4d_20241204_114830\OpenGL2\PhyFunction.h(417,57): warning C4267: 'argument': conversion from 'size_t' to 'int', possible loss of data
  (compiling source file 'main.cpp')
  
C:\Users\86180\Documents\OpenGL4d_20241204_114830\OpenGL2\PhyFunction.h(417,49): warning C4267: 'argument': conversion from 'size_t' to 'int', possible loss of data
  (compiling source file 'main.cpp')
  
C:\Users\86180\Documents\OpenGL4d_20241204_114830\OpenGL2\PhyFunction.h(418,69): warning C4267: 'argument': conversion from 'size_t' to 'int', possible loss of data
  (compiling source file 'main.cpp')
  
C:\Users\86180\Documents\OpenGL4d_20241204_114830\OpenGL2\PhyFunction.h(418,61): warning C4267: 'argument': conversion from 'size_t' to 'int', possible loss of data
  (compiling source file 'main.cpp')
  
C:\Users\86180\Documents\OpenGL4d_20241204_114830\OpenGL2\PhyFunction.h(424,65): warning C4267: 'argument': conversion from 'size_t' to 'int', possible loss of data
  (compiling source file 'main.cpp')
  
C:\Users\86180\Documents\OpenGL4d_20241204_114830\OpenGL2\PhyFunction.h(424,57): warning C4267: 'argument': conversion from 'size_t' to 'int', possible loss of data
  (compiling source file 'main.cpp')
  
C:\Users\86180\Documents\OpenGL4d_20241204_114830\OpenGL2\PhyFunction.h(425,60): warning C4267: 'argument': conversion from 'size_t' to 'int', possible loss of data
  (compiling source file 'main.cpp')
  
C:\Users\86180\Documents\OpenGL4d_20241204_114830\OpenGL2\PhyFunction.h(425,52): warning C4267: 'argument': conversion from 'size_t' to 'int', possible loss of data
  (compiling source file 'main.cpp')
  
C:\Users\86180\Documents\OpenGL4d_20241204_114830\OpenGL2\PhyFunction.h(426,61): warning C4267: 'argument': conversion from 'size_t' to 'int', possible loss of data
  (compiling source file 'main.cpp')
  
C:\Users\86180\Documents\OpenGL4d_20241204_114830\OpenGL2\PhyFunction.h(426,53): warning C4267: 'argument': conversion from 'size_t' to 'int', possible loss of data
  (compiling source file 'main.cpp')
  
C:\Users\86180\Documents\OpenGL4d_20241204_114830\OpenGL2\PhyFunction.h(427,55): warning C4267: 'argument': conversion from 'size_t' to 'int', possible loss of data
  (compiling source file 'main.cpp')
  
C:\Users\86180\Documents\OpenGL4d_20241204_114830\OpenGL2\PhyFunction.h(427,47): warning C4267: 'argument': conversion from 'size_t' to 'int', possible loss of data
  (compiling source file 'main.cpp')
  
C:\Users\86180\Documents\OpenGL4d_20241204_114830\OpenGL2\PhyFunction.h(428,67): warning C4267: 'argument': conversion from 'size_t' to 'int', possible loss of data
  (compiling source file 'main.cpp')
  
C:\Users\86180\Documents\OpenGL4d_20241204_114830\OpenGL2\PhyFunction.h(428,59): warning C4267: 'argument': conversion from 'size_t' to 'int', possible loss of data
  (compiling source file 'main.cpp')
  
C:\Users\86180\Documents\OpenGL4d_20241204_114830\OpenGL2\PhyFunction.h(434,65): warning C4267: 'argument': conversion from 'size_t' to 'int', possible loss of data
  (compiling source file 'main.cpp')
  
C:\Users\86180\Documents\OpenGL4d_20241204_114830\OpenGL2\PhyFunction.h(434,57): warning C4267: 'argument': conversion from 'size_t' to 'int', possible loss of data
  (compiling source file 'main.cpp')
  
C:\Users\86180\Documents\OpenGL4d_20241204_114830\OpenGL2\PhyFunction.h(435,60): warning C4267: 'argument': conversion from 'size_t' to 'int', possible loss of data
  (compiling source file 'main.cpp')
  
C:\Users\86180\Documents\OpenGL4d_20241204_114830\OpenGL2\PhyFunction.h(435,52): warning C4267: 'argument': conversion from 'size_t' to 'int', possible loss of data
  (compiling source file 'main.cpp')
  
C:\Users\86180\Documents\OpenGL4d_20241204_114830\OpenGL2\PhyFunction.h(436,61): warning C4267: 'argument': conversion from 'size_t' to 'int', possible loss of data
  (compiling source file 'main.cpp')
  
C:\Users\86180\Documents\OpenGL4d_20241204_114830\OpenGL2\PhyFunction.h(436,53): warning C4267: 'argument': conversion from 'size_t' to 'int', possible loss of data
  (compiling source file 'main.cpp')
  
C:\Users\86180\Documents\OpenGL4d_20241204_114830\OpenGL2\PhyFunction.h(437,55): warning C4267: 'argument': conversion from 'size_t' to 'int', possible loss of data
  (compiling source file 'main.cpp')
  
C:\Users\86180\Documents\OpenGL4d_20241204_114830\OpenGL2\PhyFunction.h(437,47): warning C4267: 'argument': conversion from 'size_t' to 'int', possible loss of data
  (compiling source file 'main.cpp')
  
C:\Users\86180\Documents\OpenGL4d_20241204_114830\OpenGL2\PhyFunction.h(438,67): warning C4267: 'argument': conversion from 'size_t' to 'int', possible loss of data
  (compiling source file 'main.cpp')
  
C:\Users\86180\Documents\OpenGL4d_20241204_114830\OpenGL2\PhyFunction.h(438,59): warning C4267: 'argument': conversion from 'size_t' to 'int', possible loss of data
  (compiling source file 'main.cpp')
  
C:\Users\86180\Documents\OpenGL4d_20241204_114830\OpenGL2\PhyFunction.h(444,65): warning C4267: 'argument': conversion from 'size_t' to 'int', possible loss of data
  (compiling source file 'main.cpp')
  
C:\Users\86180\Documents\OpenGL4d_20241204_114830\OpenGL2\PhyFunction.h(444,57): warning C4267: 'argument': conversion from 'size_t' to 'int', possible loss of data
  (compiling source file 'main.cpp')
  
C:\Users\86180\Documents\OpenGL4d_20241204_114830\OpenGL2\PhyFunction.h(445,60): warning C4267: 'argument': conversion from 'size_t' to 'int', possible loss of data
  (compiling source file 'main.cpp')
  
C:\Users\86180\Documents\OpenGL4d_20241204_114830\OpenGL2\PhyFunction.h(445,52): warning C4267: 'argument': conversion from 'size_t' to 'int', possible loss of data
  (compiling source file 'main.cpp')
  
C:\Users\86180\Documents\OpenGL4d_20241204_114830\OpenGL2\PhyFunction.h(446,61): warning C4267: 'argument': conversion from 'size_t' to 'int', possible loss of data
  (compiling source file 'main.cpp')
  
C:\Users\86180\Documents\OpenGL4d_20241204_114830\OpenGL2\PhyFunction.h(446,53): warning C4267: 'argument': conversion from 'size_t' to 'int', possible loss of data
  (compiling source file 'main.cpp')
  
C:\Users\86180\Documents\OpenGL4d_20241204_114830\OpenGL2\PhyFunction.h(447,55): warning C4267: 'argument': conversion from 'size_t' to 'int', possible loss of data
  (compiling source file 'main.cpp')
  
C:\Users\86180\Documents\OpenGL4d_20241204_114830\OpenGL2\PhyFunction.h(447,47): warning C4267: 'argument': conversion from 'size_t' to 'int', possible loss of data
  (compiling source file 'main.cpp')
  
C:\Users\86180\Documents\OpenGL4d_20241204_114830\OpenGL2\PhyFunction.h(448,67): warning C4267: 'argument': conversion from 'size_t' to 'int', possible loss of data
  (compiling source file 'main.cpp')
  
C:\Users\86180\Documents\OpenGL4d_20241204_114830\OpenGL2\PhyFunction.h(448,59): warning C4267: 'argument': conversion from 'size_t' to 'int', possible loss of data
  (compiling source file 'main.cpp')
  
C:\Users\86180\Documents\OpenGL4d_20241204_114830\OpenGL2\PhyFunction.h(454,68): warning C4267: 'argument': conversion from 'size_t' to 'int', possible loss of data
  (compiling source file 'main.cpp')
  
C:\Users\86180\Documents\OpenGL4d_20241204_114830\OpenGL2\PhyFunction.h(454,60): warning C4267: 'argument': conversion from 'size_t' to 'int', possible loss of data
  (compiling source file 'main.cpp')
  
C:\Users\86180\Documents\OpenGL4d_20241204_114830\OpenGL2\PhyFunction.h(455,63): warning C4267: 'argument': conversion from 'size_t' to 'int', possible loss of data
  (compiling source file 'main.cpp')
  
C:\Users\86180\Documents\OpenGL4d_20241204_114830\OpenGL2\PhyFunction.h(455,55): warning C4267: 'argument': conversion from 'size_t' to 'int', possible loss of data
  (compiling source file 'main.cpp')
  
C:\Users\86180\Documents\OpenGL4d_20241204_114830\OpenGL2\PhyFunction.h(456,64): warning C4267: 'argument': conversion from 'size_t' to 'int', possible loss of data
  (compiling source file 'main.cpp')
  
C:\Users\86180\Documents\OpenGL4d_20241204_114830\OpenGL2\PhyFunction.h(456,56): warning C4267: 'argument': conversion from 'size_t' to 'int', possible loss of data
  (compiling source file 'main.cpp')
  
C:\Users\86180\Documents\OpenGL4d_20241204_114830\OpenGL2\PhyFunction.h(457,58): warning C4267: 'argument': conversion from 'size_t' to 'int', possible loss of data
  (compiling source file 'main.cpp')
  
C:\Users\86180\Documents\OpenGL4d_20241204_114830\OpenGL2\PhyFunction.h(457,50): warning C4267: 'argument': conversion from 'size_t' to 'int', possible loss of data
  (compiling source file 'main.cpp')
  
C:\Users\86180\Documents\OpenGL4d_20241204_114830\OpenGL2\PhyFunction.h(458,70): warning C4267: 'argument': conversion from 'size_t' to 'int', possible loss of data
  (compiling source file 'main.cpp')
  
C:\Users\86180\Documents\OpenGL4d_20241204_114830\OpenGL2\PhyFunction.h(458,62): warning C4267: 'argument': conversion from 'size_t' to 'int', possible loss of data
  (compiling source file 'main.cpp')
  
C:\Users\86180\Documents\OpenGL4d_20241204_114830\OpenGL2\PhyFunction.h(469,53): warning C4267: 'argument': conversion from 'size_t' to 'int', possible loss of data
  (compiling source file 'main.cpp')
  
C:\Users\86180\Documents\OpenGL4d_20241204_114830\OpenGL2\PhyFunction.h(470,48): warning C4267: 'argument': conversion from 'size_t' to 'int', possible loss of data
  (compiling source file 'main.cpp')
  
C:\Users\86180\Documents\OpenGL4d_20241204_114830\OpenGL2\PhyFunction.h(471,49): warning C4267: 'argument': conversion from 'size_t' to 'int', possible loss of data
  (compiling source file 'main.cpp')
  
C:\Users\86180\Documents\OpenGL4d_20241204_114830\OpenGL2\PhyFunction.h(472,49): warning C4267: 'argument': conversion from 'size_t' to 'int', possible loss of data
  (compiling source file 'main.cpp')
  
C:\Users\86180\Documents\OpenGL4d_20241204_114830\OpenGL2\PhyFunction.h(473,55): warning C4267: 'argument': conversion from 'size_t' to 'int', possible loss of data
  (compiling source file 'main.cpp')
  
C:\Users\86180\Documents\OpenGL4d_20241204_114830\OpenGL2\PhyFunction.h(481,54): warning C4267: 'argument': conversion from 'size_t' to 'int', possible loss of data
  (compiling source file 'main.cpp')
  
C:\Users\86180\Documents\OpenGL4d_20241204_114830\OpenGL2\PhyFunction.h(482,49): warning C4267: 'argument': conversion from 'size_t' to 'int', possible loss of data
  (compiling source file 'main.cpp')
  
C:\Users\86180\Documents\OpenGL4d_20241204_114830\OpenGL2\PhyFunction.h(483,50): warning C4267: 'argument': conversion from 'size_t' to 'int', possible loss of data
  (compiling source file 'main.cpp')
  
C:\Users\86180\Documents\OpenGL4d_20241204_114830\OpenGL2\PhyFunction.h(484,50): warning C4267: 'argument': conversion from 'size_t' to 'int', possible loss of data
  (compiling source file 'main.cpp')
  
C:\Users\86180\Documents\OpenGL4d_20241204_114830\OpenGL2\PhyFunction.h(485,56): warning C4267: 'argument': conversion from 'size_t' to 'int', possible loss of data
  (compiling source file 'main.cpp')
  
C:\Users\86180\Documents\OpenGL4d_20241204_114830\OpenGL2\ObjectLists.h(228,32): warning C4267: '-=': conversion from 'size_t' to 'int', possible loss of data
  (compiling source file 'main.cpp')
  
C:\Users\86180\Documents\OpenGL4d_20241204_114830\OpenGL2\ObjectLists.h(691,15): warning C4091: 'static ': ignored on left of 'RenderIndex' when no variable is declared
  (compiling source file 'main.cpp')
  
C:\Users\86180\Documents\OpenGL4d_20241204_114830\OpenGL2\ObjectLists.h(833,10): warning C4267: 'initializing': conversion from 'size_t' to 'int', possible loss of data
  (compiling source file 'main.cpp')
  
C:\Users\86180\Documents\OpenGL4d_20241204_114830\OpenGL2\Phys4D.h(366,32): warning C4267: '=': conversion from 'size_t' to 'T', possible loss of data
C:\Users\86180\Documents\OpenGL4d_20241204_114830\OpenGL2\Phys4D.h(366,32): warning C4267:         with
C:\Users\86180\Documents\OpenGL4d_20241204_114830\OpenGL2\Phys4D.h(366,32): warning C4267:         [
C:\Users\86180\Documents\OpenGL4d_20241204_114830\OpenGL2\Phys4D.h(366,32): warning C4267:             T=glm::i32
C:\Users\86180\Documents\OpenGL4d_20241204_114830\OpenGL2\Phys4D.h(366,32): warning C4267:         ]
  (compiling source file 'main.cpp')
  
C:\Users\86180\Documents\OpenGL4d_20241204_114830\OpenGL2\Phys4D.h(381,33): warning C4267: '=': conversion from 'size_t' to 'T', possible loss of data
C:\Users\86180\Documents\OpenGL4d_20241204_114830\OpenGL2\Phys4D.h(381,33): warning C4267:         with
C:\Users\86180\Documents\OpenGL4d_20241204_114830\OpenGL2\Phys4D.h(381,33): warning C4267:         [
C:\Users\86180\Documents\OpenGL4d_20241204_114830\OpenGL2\Phys4D.h(381,33): warning C4267:             T=glm::i32
C:\Users\86180\Documents\OpenGL4d_20241204_114830\OpenGL2\Phys4D.h(381,33): warning C4267:         ]
  (compiling source file 'main.cpp')
  
C:\Users\86180\Documents\OpenGL4d_20241204_114830\OpenGL2\Phys4D.h(401,33): warning C4267: '=': conversion from 'size_t' to 'T', possible loss of data
C:\Users\86180\Documents\OpenGL4d_20241204_114830\OpenGL2\Phys4D.h(401,33): warning C4267:         with
C:\Users\86180\Documents\OpenGL4d_20241204_114830\OpenGL2\Phys4D.h(401,33): warning C4267:         [
C:\Users\86180\Documents\OpenGL4d_20241204_114830\OpenGL2\Phys4D.h(401,33): warning C4267:             T=glm::i32
C:\Users\86180\Documents\OpenGL4d_20241204_114830\OpenGL2\Phys4D.h(401,33): warning C4267:         ]
  (compiling source file 'main.cpp')
  
C:\Users\86180\Documents\OpenGL4d_20241204_114830\OpenGL2\DetectRay.h(18,20): warning C4267: 'initializing': conversion from 'size_t' to 'int', possible loss of data
  (compiling source file 'main.cpp')
  
C:\Users\86180\Documents\OpenGL4d_20241204_114830\OpenGL2\DetectRay.h(24,16): warning C4244: 'initializing': conversion from 'double' to 'float', possible loss of data
  (compiling source file 'main.cpp')
  
C:\Users\86180\Documents\OpenGL4d_20241204_114830\OpenGL2\DetectRay.h(25,16): warning C4244: 'initializing': conversion from 'double' to 'float', possible loss of data
  (compiling source file 'main.cpp')
  
C:\Users\86180\Documents\OpenGL4d_20241204_114830\OpenGL2\DetectRay.h(186,21): warning C4018: '<': signed/unsigned mismatch
  (compiling source file 'main.cpp')
  
C:\Users\86180\Documents\OpenGL4d_20241204_114830\OpenGL2\DetectRay.h(486,44): warning C4267: '=': conversion from 'size_t' to 'unsigned int', possible loss of data
  (compiling source file 'main.cpp')
  
C:\Users\86180\Documents\OpenGL4d_20241204_114830\OpenGL2\DetectRay.h(501,38): warning C4267: 'argument': conversion from 'size_t' to 'GLsizei', possible loss of data
  (compiling source file 'main.cpp')
  
C:\Users\86180\Documents\OpenGL4d_20241204_114830\OpenGL2\LoadAndSave.h(287,109): warning C4267: 'argument': conversion from 'size_t' to 'unsigned int', possible loss of data
  (compiling source file 'main.cpp')
  
C:\Users\86180\Documents\OpenGL4d_20241204_114830\OpenGL2\LoadAndSave.h(293,115): warning C4267: 'argument': conversion from 'size_t' to 'unsigned int', possible loss of data
  (compiling source file 'main.cpp')
  
C:\Users\86180\Documents\OpenGL4d_20241204_114830\OpenGL2\main.cpp(35,24): warning C4244: 'argument': conversion from 'double' to 'int', possible loss of data
soil2-debug.lib(SOIL2.obj) : warning LNK4075: ignoring '/EDITANDCONTINUE' due to '/OPT:ICF' specification
LINK : warning LNK4098: defaultlib 'LIBCMT' conflicts with use of other libs; use /NODEFAULTLIB:library
LINK : warning LNK4098: defaultlib 'MSVCRTD' conflicts with use of other libs; use /NODEFAULTLIB:library
  Generating code
  6 of 6664 functions (<0.1%) were compiled, the rest were copied from previous compilation.
    5 functions were new in current compilation
    100 functions had inline decision re-evaluated but remain unchanged
  Finished generating code
glew32s.lib(glew.obj) : warning LNK4099: PDB '' was not found with 'glew32s.lib(glew.obj)' or at ''; linking object as if no debug info
  OpenGL2.vcxproj -> C:\Users\86180\Documents\OpenGL4d_20241204_114830\x64\Release\NewEngine.exe
