  Game.cpp
D:\games\source\repos\OpenGL4d\OpenGL4d\OpenGL2\Simplex3d.h(12,10): warning C4244: 'initializing': conversion from 'double' to 'float', possible loss of data
D:\games\source\repos\OpenGL4d\OpenGL4d\OpenGL2\Simplex3d.h(14,19): warning C4244: 'argument': conversion from 'double' to 'float', possible loss of data
D:\games\source\repos\OpenGL4d\OpenGL4d\OpenGL2\Simplex3d.h(16,19): warning C4244: 'argument': conversion from 'double' to 'float', possible loss of data
D:\games\source\repos\OpenGL4d\OpenGL4d\OpenGL2\Simplex3d.h(18,19): warning C4244: 'argument': conversion from 'double' to 'float', possible loss of data
D:\games\source\repos\OpenGL4d\OpenGL4d\OpenGL2\Simplex3d.h(23,35): warning C4305: 'initializing': truncation from 'double' to 'float'
D:\games\source\repos\OpenGL4d\OpenGL4d\OpenGL2\Simplex3d.h(24,35): warning C4305: 'initializing': truncation from 'double' to 'float'
D:\games\source\repos\OpenGL4d\OpenGL4d\OpenGL2\Simplex3d.h(56,24): warning C4305: 'argument': truncation from 'double' to 'T'
          with
          [
              T=float
          ]
D:\games\source\repos\OpenGL4d\OpenGL4d\OpenGL2\Simplex3d.h(81,40): warning C4244: 'argument': conversion from 'double' to 'T', possible loss of data
          with
          [
              T=float
          ]
D:\games\source\repos\OpenGL4d\OpenGL4d\OpenGL2\Simplex3d.h(82,40): warning C4244: 'argument': conversion from 'double' to 'T', possible loss of data
          with
          [
              T=float
          ]
D:\games\source\repos\OpenGL4d\OpenGL4d\OpenGL2\Simplex3d.h(83,40): warning C4244: 'argument': conversion from 'double' to 'T', possible loss of data
          with
          [
              T=float
          ]
D:\games\source\repos\OpenGL4d\OpenGL4d\OpenGL2\Simplex3d.h(83,4): warning C4244: 'return': conversion from 'double' to 'float', possible loss of data
D:\games\source\repos\OpenGL4d\OpenGL4d\OpenGL2\Primitives4D.h(111,10): warning C4838: conversion from 'int' to 'GLuint' requires a narrowing conversion
D:\games\source\repos\OpenGL4d\OpenGL4d\OpenGL2\Primitives4D.h(111,18): warning C4838: conversion from 'int' to 'GLuint' requires a narrowing conversion
D:\games\source\repos\OpenGL4d\OpenGL4d\OpenGL2\Primitives4D.h(111,26): warning C4838: conversion from 'int' to 'GLuint' requires a narrowing conversion
D:\games\source\repos\OpenGL4d\OpenGL4d\OpenGL2\Primitives4D.h(111,34): warning C4838: conversion from 'int' to 'GLuint' requires a narrowing conversion
D:\games\source\repos\OpenGL4d\OpenGL4d\OpenGL2\Primitives4D.h(111,43): warning C4838: conversion from 'int' to 'GLuint' requires a narrowing conversion
D:\games\source\repos\OpenGL4d\OpenGL4d\OpenGL2\Primitives4D.h(111,51): warning C4838: conversion from 'int' to 'GLuint' requires a narrowing conversion
D:\games\source\repos\OpenGL4d\OpenGL4d\OpenGL2\Primitives4D.h(111,59): warning C4838: conversion from 'int' to 'GLuint' requires a narrowing conversion
D:\games\source\repos\OpenGL4d\OpenGL4d\OpenGL2\Primitives4D.h(111,67): warning C4838: conversion from 'int' to 'GLuint' requires a narrowing conversion
D:\games\source\repos\OpenGL4d\OpenGL4d\OpenGL2\Primitives4D.h(111,76): warning C4838: conversion from 'int' to 'GLuint' requires a narrowing conversion
D:\games\source\repos\OpenGL4d\OpenGL4d\OpenGL2\Primitives4D.h(111,84): warning C4838: conversion from 'int' to 'GLuint' requires a narrowing conversion
D:\games\source\repos\OpenGL4d\OpenGL4d\OpenGL2\Primitives4D.h(111,92): warning C4838: conversion from 'int' to 'GLuint' requires a narrowing conversion
D:\games\source\repos\OpenGL4d\OpenGL4d\OpenGL2\Primitives4D.h(111,100): warning C4838: conversion from 'int' to 'GLuint' requires a narrowing conversion
D:\games\source\repos\OpenGL4d\OpenGL4d\OpenGL2\Primitives4D.h(111,109): warning C4838: conversion from 'int' to 'GLuint' requires a narrowing conversion
D:\games\source\repos\OpenGL4d\OpenGL4d\OpenGL2\Primitives4D.h(111,117): warning C4838: conversion from 'int' to 'GLuint' requires a narrowing conversion
D:\games\source\repos\OpenGL4d\OpenGL4d\OpenGL2\Primitives4D.h(111,125): warning C4838: conversion from 'int' to 'GLuint' requires a narrowing conversion
D:\games\source\repos\OpenGL4d\OpenGL4d\OpenGL2\Primitives4D.h(111,133): warning C4838: conversion from 'int' to 'GLuint' requires a narrowing conversion
D:\games\source\repos\OpenGL4d\OpenGL4d\OpenGL2\Primitives4D.h(111,142): warning C4838: conversion from 'int' to 'GLuint' requires a narrowing conversion
D:\games\source\repos\OpenGL4d\OpenGL4d\OpenGL2\Primitives4D.h(111,150): warning C4838: conversion from 'int' to 'GLuint' requires a narrowing conversion
D:\games\source\repos\OpenGL4d\OpenGL4d\OpenGL2\Primitives4D.h(111,158): warning C4838: conversion from 'int' to 'GLuint' requires a narrowing conversion
D:\games\source\repos\OpenGL4d\OpenGL4d\OpenGL2\Primitives4D.h(111,166): warning C4838: conversion from 'int' to 'GLuint' requires a narrowing conversion
D:\games\source\repos\OpenGL4d\OpenGL4d\OpenGL2\Primitives4D.h(112,10): warning C4838: conversion from 'int' to 'GLuint' requires a narrowing conversion
D:\games\source\repos\OpenGL4d\OpenGL4d\OpenGL2\Primitives4D.h(112,18): warning C4838: conversion from 'int' to 'GLuint' requires a narrowing conversion
D:\games\source\repos\OpenGL4d\OpenGL4d\OpenGL2\Primitives4D.h(112,26): warning C4838: conversion from 'int' to 'GLuint' requires a narrowing conversion
D:\games\source\repos\OpenGL4d\OpenGL4d\OpenGL2\Primitives4D.h(112,34): warning C4838: conversion from 'int' to 'GLuint' requires a narrowing conversion
D:\games\source\repos\OpenGL4d\OpenGL4d\OpenGL2\Primitives4D.h(112,43): warning C4838: conversion from 'int' to 'GLuint' requires a narrowing conversion
D:\games\source\repos\OpenGL4d\OpenGL4d\OpenGL2\Primitives4D.h(112,51): warning C4838: conversion from 'int' to 'GLuint' requires a narrowing conversion
D:\games\source\repos\OpenGL4d\OpenGL4d\OpenGL2\Primitives4D.h(112,59): warning C4838: conversion from 'int' to 'GLuint' requires a narrowing conversion
D:\games\source\repos\OpenGL4d\OpenGL4d\OpenGL2\Primitives4D.h(112,67): warning C4838: conversion from 'int' to 'GLuint' requires a narrowing conversion
D:\games\source\repos\OpenGL4d\OpenGL4d\OpenGL2\Primitives4D.h(112,76): warning C4838: conversion from 'int' to 'GLuint' requires a narrowing conversion
D:\games\source\repos\OpenGL4d\OpenGL4d\OpenGL2\Primitives4D.h(112,84): warning C4838: conversion from 'int' to 'GLuint' requires a narrowing conversion
D:\games\source\repos\OpenGL4d\OpenGL4d\OpenGL2\Primitives4D.h(112,92): warning C4838: conversion from 'int' to 'GLuint' requires a narrowing conversion
D:\games\source\repos\OpenGL4d\OpenGL4d\OpenGL2\Primitives4D.h(112,100): warning C4838: conversion from 'int' to 'GLuint' requires a narrowing conversion
D:\games\source\repos\OpenGL4d\OpenGL4d\OpenGL2\Primitives4D.h(112,109): warning C4838: conversion from 'int' to 'GLuint' requires a narrowing conversion
D:\games\source\repos\OpenGL4d\OpenGL4d\OpenGL2\Primitives4D.h(112,117): warning C4838: conversion from 'int' to 'GLuint' requires a narrowing conversion
D:\games\source\repos\OpenGL4d\OpenGL4d\OpenGL2\Primitives4D.h(112,125): warning C4838: conversion from 'int' to 'GLuint' requires a narrowing conversion
D:\games\source\repos\OpenGL4d\OpenGL4d\OpenGL2\Primitives4D.h(112,133): warning C4838: conversion from 'int' to 'GLuint' requires a narrowing conversion
D:\games\source\repos\OpenGL4d\OpenGL4d\OpenGL2\Primitives4D.h(112,142): warning C4838: conversion from 'int' to 'GLuint' requires a narrowing conversion
D:\games\source\repos\OpenGL4d\OpenGL4d\OpenGL2\Primitives4D.h(112,150): warning C4838: conversion from 'int' to 'GLuint' requires a narrowing conversion
D:\games\source\repos\OpenGL4d\OpenGL4d\OpenGL2\Primitives4D.h(112,158): warning C4838: conversion from 'int' to 'GLuint' requires a narrowing conversion
D:\games\source\repos\OpenGL4d\OpenGL4d\OpenGL2\Primitives4D.h(112,166): warning C4838: conversion from 'int' to 'GLuint' requires a narrowing conversion
D:\games\source\repos\OpenGL4d\OpenGL4d\OpenGL2\Primitives4D.h(113,10): warning C4838: conversion from 'int' to 'GLuint' requires a narrowing conversion
D:\games\source\repos\OpenGL4d\OpenGL4d\OpenGL2\Primitives4D.h(113,18): warning C4838: conversion from 'int' to 'GLuint' requires a narrowing conversion
D:\games\source\repos\OpenGL4d\OpenGL4d\OpenGL2\Primitives4D.h(113,26): warning C4838: conversion from 'int' to 'GLuint' requires a narrowing conversion
D:\games\source\repos\OpenGL4d\OpenGL4d\OpenGL2\Primitives4D.h(113,34): warning C4838: conversion from 'int' to 'GLuint' requires a narrowing conversion
D:\games\source\repos\OpenGL4d\OpenGL4d\OpenGL2\Primitives4D.h(113,43): warning C4838: conversion from 'int' to 'GLuint' requires a narrowing conversion
D:\games\source\repos\OpenGL4d\OpenGL4d\OpenGL2\Primitives4D.h(113,51): warning C4838: conversion from 'int' to 'GLuint' requires a narrowing conversion
D:\games\source\repos\OpenGL4d\OpenGL4d\OpenGL2\Primitives4D.h(113,59): warning C4838: conversion from 'int' to 'GLuint' requires a narrowing conversion
D:\games\source\repos\OpenGL4d\OpenGL4d\OpenGL2\Primitives4D.h(113,67): warning C4838: conversion from 'int' to 'GLuint' requires a narrowing conversion
D:\games\source\repos\OpenGL4d\OpenGL4d\OpenGL2\Primitives4D.h(113,76): warning C4838: conversion from 'int' to 'GLuint' requires a narrowing conversion
D:\games\source\repos\OpenGL4d\OpenGL4d\OpenGL2\Primitives4D.h(113,84): warning C4838: conversion from 'int' to 'GLuint' requires a narrowing conversion
D:\games\source\repos\OpenGL4d\OpenGL4d\OpenGL2\Primitives4D.h(113,92): warning C4838: conversion from 'int' to 'GLuint' requires a narrowing conversion
D:\games\source\repos\OpenGL4d\OpenGL4d\OpenGL2\Primitives4D.h(113,100): warning C4838: conversion from 'int' to 'GLuint' requires a narrowing conversion
D:\games\source\repos\OpenGL4d\OpenGL4d\OpenGL2\Primitives4D.h(113,109): warning C4838: conversion from 'int' to 'GLuint' requires a narrowing conversion
D:\games\source\repos\OpenGL4d\OpenGL4d\OpenGL2\Primitives4D.h(113,117): warning C4838: conversion from 'int' to 'GLuint' requires a narrowing conversion
D:\games\source\repos\OpenGL4d\OpenGL4d\OpenGL2\Primitives4D.h(113,125): warning C4838: conversion from 'int' to 'GLuint' requires a narrowing conversion
D:\games\source\repos\OpenGL4d\OpenGL4d\OpenGL2\Primitives4D.h(113,133): warning C4838: conversion from 'int' to 'GLuint' requires a narrowing conversion
D:\games\source\repos\OpenGL4d\OpenGL4d\OpenGL2\Primitives4D.h(113,142): warning C4838: conversion from 'int' to 'GLuint' requires a narrowing conversion
D:\games\source\repos\OpenGL4d\OpenGL4d\OpenGL2\Primitives4D.h(113,150): warning C4838: conversion from 'int' to 'GLuint' requires a narrowing conversion
D:\games\source\repos\OpenGL4d\OpenGL4d\OpenGL2\Primitives4D.h(113,158): warning C4838: conversion from 'int' to 'GLuint' requires a narrowing conversion
D:\games\source\repos\OpenGL4d\OpenGL4d\OpenGL2\Primitives4D.h(113,166): warning C4838: conversion from 'int' to 'GLuint' requires a narrowing conversion
D:\games\source\repos\OpenGL4d\OpenGL4d\OpenGL2\Primitives4D.h(114,10): warning C4838: conversion from 'int' to 'GLuint' requires a narrowing conversion
D:\games\source\repos\OpenGL4d\OpenGL4d\OpenGL2\Primitives4D.h(114,18): warning C4838: conversion from 'int' to 'GLuint' requires a narrowing conversion
D:\games\source\repos\OpenGL4d\OpenGL4d\OpenGL2\Primitives4D.h(114,26): warning C4838: conversion from 'int' to 'GLuint' requires a narrowing conversion
D:\games\source\repos\OpenGL4d\OpenGL4d\OpenGL2\Primitives4D.h(114,34): warning C4838: conversion from 'int' to 'GLuint' requires a narrowing conversion
D:\games\source\repos\OpenGL4d\OpenGL4d\OpenGL2\Primitives4D.h(114,43): warning C4838: conversion from 'int' to 'GLuint' requires a narrowing conversion
D:\games\source\repos\OpenGL4d\OpenGL4d\OpenGL2\Primitives4D.h(114,51): warning C4838: conversion from 'int' to 'GLuint' requires a narrowing conversion
D:\games\source\repos\OpenGL4d\OpenGL4d\OpenGL2\Primitives4D.h(114,59): warning C4838: conversion from 'int' to 'GLuint' requires a narrowing conversion
D:\games\source\repos\OpenGL4d\OpenGL4d\OpenGL2\Primitives4D.h(114,67): warning C4838: conversion from 'int' to 'GLuint' requires a narrowing conversion
D:\games\source\repos\OpenGL4d\OpenGL4d\OpenGL2\Primitives4D.h(114,76): warning C4838: conversion from 'int' to 'GLuint' requires a narrowing conversion
D:\games\source\repos\OpenGL4d\OpenGL4d\OpenGL2\Primitives4D.h(114,84): warning C4838: conversion from 'int' to 'GLuint' requires a narrowing conversion
D:\games\source\repos\OpenGL4d\OpenGL4d\OpenGL2\Primitives4D.h(114,92): warning C4838: conversion from 'int' to 'GLuint' requires a narrowing conversion
D:\games\source\repos\OpenGL4d\OpenGL4d\OpenGL2\Primitives4D.h(114,100): warning C4838: conversion from 'int' to 'GLuint' requires a narrowing conversion
D:\games\source\repos\OpenGL4d\OpenGL4d\OpenGL2\Primitives4D.h(114,109): warning C4838: conversion from 'int' to 'GLuint' requires a narrowing conversion
D:\games\source\repos\OpenGL4d\OpenGL4d\OpenGL2\Primitives4D.h(114,117): warning C4838: conversion from 'int' to 'GLuint' requires a narrowing conversion
D:\games\source\repos\OpenGL4d\OpenGL4d\OpenGL2\Primitives4D.h(114,125): warning C4838: conversion from 'int' to 'GLuint' requires a narrowing conversion
D:\games\source\repos\OpenGL4d\OpenGL4d\OpenGL2\Primitives4D.h(114,133): warning C4838: conversion from 'int' to 'GLuint' requires a narrowing conversion
D:\games\source\repos\OpenGL4d\OpenGL4d\OpenGL2\Primitives4D.h(114,142): warning C4838: conversion from 'int' to 'GLuint' requires a narrowing conversion
D:\games\source\repos\OpenGL4d\OpenGL4d\OpenGL2\Primitives4D.h(114,150): warning C4838: conversion from 'int' to 'GLuint' requires a narrowing conversion
D:\games\source\repos\OpenGL4d\OpenGL4d\OpenGL2\Primitives4D.h(114,158): warning C4838: conversion from 'int' to 'GLuint' requires a narrowing conversion
D:\games\source\repos\OpenGL4d\OpenGL4d\OpenGL2\Primitives4D.h(114,166): warning C4838: conversion from 'int' to 'GLuint' requires a narrowing conversion
D:\games\source\repos\OpenGL4d\OpenGL4d\OpenGL2\Primitives4D.h(115,10): warning C4838: conversion from 'int' to 'GLuint' requires a narrowing conversion
D:\games\source\repos\OpenGL4d\OpenGL4d\OpenGL2\Primitives4D.h(115,18): warning C4838: conversion from 'int' to 'GLuint' requires a narrowing conversion
D:\games\source\repos\OpenGL4d\OpenGL4d\OpenGL2\Primitives4D.h(115,26): warning C4838: conversion from 'int' to 'GLuint' requires a narrowing conversion
D:\games\source\repos\OpenGL4d\OpenGL4d\OpenGL2\Primitives4D.h(115,34): warning C4838: conversion from 'int' to 'GLuint' requires a narrowing conversion
D:\games\source\repos\OpenGL4d\OpenGL4d\OpenGL2\Primitives4D.h(115,43): warning C4838: conversion from 'int' to 'GLuint' requires a narrowing conversion
D:\games\source\repos\OpenGL4d\OpenGL4d\OpenGL2\Primitives4D.h(115,51): warning C4838: conversion from 'int' to 'GLuint' requires a narrowing conversion
D:\games\source\repos\OpenGL4d\OpenGL4d\OpenGL2\Primitives4D.h(115,59): warning C4838: conversion from 'int' to 'GLuint' requires a narrowing conversion
D:\games\source\repos\OpenGL4d\OpenGL4d\OpenGL2\Primitives4D.h(115,67): warning C4838: conversion from 'int' to 'GLuint' requires a narrowing conversion
D:\games\source\repos\OpenGL4d\OpenGL4d\OpenGL2\Primitives4D.h(115,76): warning C4838: conversion from 'int' to 'GLuint' requires a narrowing conversion
D:\games\source\repos\OpenGL4d\OpenGL4d\OpenGL2\Primitives4D.h(115,84): warning C4838: conversion from 'int' to 'GLuint' requires a narrowing conversion
D:\games\source\repos\OpenGL4d\OpenGL4d\OpenGL2\Primitives4D.h(115,92): warning C4838: conversion from 'int' to 'GLuint' requires a narrowing conversion
D:\games\source\repos\OpenGL4d\OpenGL4d\OpenGL2\Primitives4D.h(115,100): warning C4838: conversion from 'int' to 'GLuint' requires a narrowing conversion
D:\games\source\repos\OpenGL4d\OpenGL4d\OpenGL2\Primitives4D.h(115,109): warning C4838: conversion from 'int' to 'GLuint' requires a narrowing conversion
D:\games\source\repos\OpenGL4d\OpenGL4d\OpenGL2\Primitives4D.h(115,117): warning C4838: conversion from 'int' to 'GLuint' requires a narrowing conversion
D:\games\source\repos\OpenGL4d\OpenGL4d\OpenGL2\Primitives4D.h(115,125): warning C4838: conversion from 'int' to 'GLuint' requires a narrowing conversion
D:\games\source\repos\OpenGL4d\OpenGL4d\OpenGL2\Primitives4D.h(115,133): warning C4838: conversion from 'int' to 'GLuint' requires a narrowing conversion
D:\games\source\repos\OpenGL4d\OpenGL4d\OpenGL2\Primitives4D.h(115,142): warning C4838: conversion from 'int' to 'GLuint' requires a narrowing conversion
D:\games\source\repos\OpenGL4d\OpenGL4d\OpenGL2\Primitives4D.h(115,150): warning C4838: conversion from 'int' to 'GLuint' requires a narrowing conversion
D:\games\source\repos\OpenGL4d\OpenGL4d\OpenGL2\Primitives4D.h(115,158): warning C4838: conversion from 'int' to 'GLuint' requires a narrowing conversion
D:\games\source\repos\OpenGL4d\OpenGL4d\OpenGL2\Primitives4D.h(115,166): warning C4838: conversion from 'int' to 'GLuint' requires a narrowing conversion
D:\games\source\repos\OpenGL4d\OpenGL4d\OpenGL2\Primitives4D.h(116,10): warning C4838: conversion from 'int' to 'GLuint' requires a narrowing conversion
D:\games\source\repos\OpenGL4d\OpenGL4d\OpenGL2\Primitives4D.h(116,18): warning C4838: conversion from 'int' to 'GLuint' requires a narrowing conversion
D:\games\source\repos\OpenGL4d\OpenGL4d\OpenGL2\Primitives4D.h(116,26): warning C4838: conversion from 'int' to 'GLuint' requires a narrowing conversion
D:\games\source\repos\OpenGL4d\OpenGL4d\OpenGL2\Primitives4D.h(116,34): warning C4838: conversion from 'int' to 'GLuint' requires a narrowing conversion
D:\games\source\repos\OpenGL4d\OpenGL4d\OpenGL2\Primitives4D.h(116,43): warning C4838: conversion from 'int' to 'GLuint' requires a narrowing conversion
D:\games\source\repos\OpenGL4d\OpenGL4d\OpenGL2\Primitives4D.h(116,51): warning C4838: conversion from 'int' to 'GLuint' requires a narrowing conversion
D:\games\source\repos\OpenGL4d\OpenGL4d\OpenGL2\Primitives4D.h(116,59): warning C4838: conversion from 'int' to 'GLuint' requires a narrowing conversion
D:\games\source\repos\OpenGL4d\OpenGL4d\OpenGL2\Primitives4D.h(116,67): warning C4838: conversion from 'int' to 'GLuint' requires a narrowing conversion
D:\games\source\repos\OpenGL4d\OpenGL4d\OpenGL2\Primitives4D.h(116,76): warning C4838: conversion from 'int' to 'GLuint' requires a narrowing conversion
D:\games\source\repos\OpenGL4d\OpenGL4d\OpenGL2\Primitives4D.h(116,84): warning C4838: conversion from 'int' to 'GLuint' requires a narrowing conversion
D:\games\source\repos\OpenGL4d\OpenGL4d\OpenGL2\Primitives4D.h(116,92): warning C4838: conversion from 'int' to 'GLuint' requires a narrowing conversion
D:\games\source\repos\OpenGL4d\OpenGL4d\OpenGL2\Primitives4D.h(116,100): warning C4838: conversion from 'int' to 'GLuint' requires a narrowing conversion
D:\games\source\repos\OpenGL4d\OpenGL4d\OpenGL2\Primitives4D.h(116,109): warning C4838: conversion from 'int' to 'GLuint' requires a narrowing conversion
D:\games\source\repos\OpenGL4d\OpenGL4d\OpenGL2\Primitives4D.h(116,117): warning C4838: conversion from 'int' to 'GLuint' requires a narrowing conversion
D:\games\source\repos\OpenGL4d\OpenGL4d\OpenGL2\Primitives4D.h(116,125): warning C4838: conversion from 'int' to 'GLuint' requires a narrowing conversion
D:\games\source\repos\OpenGL4d\OpenGL4d\OpenGL2\Primitives4D.h(116,133): warning C4838: conversion from 'int' to 'GLuint' requires a narrowing conversion
D:\games\source\repos\OpenGL4d\OpenGL4d\OpenGL2\Primitives4D.h(116,142): warning C4838: conversion from 'int' to 'GLuint' requires a narrowing conversion
D:\games\source\repos\OpenGL4d\OpenGL4d\OpenGL2\Primitives4D.h(116,150): warning C4838: conversion from 'int' to 'GLuint' requires a narrowing conversion
D:\games\source\repos\OpenGL4d\OpenGL4d\OpenGL2\Primitives4D.h(116,158): warning C4838: conversion from 'int' to 'GLuint' requires a narrowing conversion
D:\games\source\repos\OpenGL4d\OpenGL4d\OpenGL2\Primitives4D.h(116,166): warning C4838: conversion from 'int' to 'GLuint' requires a narrowing conversion
D:\games\source\repos\OpenGL4d\OpenGL4d\OpenGL2\Primitives4D.h(117,10): warning C4838: conversion from 'int' to 'GLuint' requires a narrowing conversion
D:\games\source\repos\OpenGL4d\OpenGL4d\OpenGL2\Primitives4D.h(117,18): warning C4838: conversion from 'int' to 'GLuint' requires a narrowing conversion
D:\games\source\repos\OpenGL4d\OpenGL4d\OpenGL2\Primitives4D.h(117,26): warning C4838: conversion from 'int' to 'GLuint' requires a narrowing conversion
D:\games\source\repos\OpenGL4d\OpenGL4d\OpenGL2\Primitives4D.h(117,34): warning C4838: conversion from 'int' to 'GLuint' requires a narrowing conversion
D:\games\source\repos\OpenGL4d\OpenGL4d\OpenGL2\Primitives4D.h(117,43): warning C4838: conversion from 'int' to 'GLuint' requires a narrowing conversion
D:\games\source\repos\OpenGL4d\OpenGL4d\OpenGL2\Primitives4D.h(117,51): warning C4838: conversion from 'int' to 'GLuint' requires a narrowing conversion
D:\games\source\repos\OpenGL4d\OpenGL4d\OpenGL2\Primitives4D.h(117,59): warning C4838: conversion from 'int' to 'GLuint' requires a narrowing conversion
D:\games\source\repos\OpenGL4d\OpenGL4d\OpenGL2\Primitives4D.h(117,67): warning C4838: conversion from 'int' to 'GLuint' requires a narrowing conversion
D:\games\source\repos\OpenGL4d\OpenGL4d\OpenGL2\Primitives4D.h(117,76): warning C4838: conversion from 'int' to 'GLuint' requires a narrowing conversion
D:\games\source\repos\OpenGL4d\OpenGL4d\OpenGL2\Primitives4D.h(117,84): warning C4838: conversion from 'int' to 'GLuint' requires a narrowing conversion
D:\games\source\repos\OpenGL4d\OpenGL4d\OpenGL2\Primitives4D.h(117,92): warning C4838: conversion from 'int' to 'GLuint' requires a narrowing conversion
D:\games\source\repos\OpenGL4d\OpenGL4d\OpenGL2\Primitives4D.h(117,100): warning C4838: conversion from 'int' to 'GLuint' requires a narrowing conversion
D:\games\source\repos\OpenGL4d\OpenGL4d\OpenGL2\Primitives4D.h(117,109): warning C4838: conversion from 'int' to 'GLuint' requires a narrowing conversion
D:\games\source\repos\OpenGL4d\OpenGL4d\OpenGL2\Primitives4D.h(117,117): warning C4838: conversion from 'int' to 'GLuint' requires a narrowing conversion
D:\games\source\repos\OpenGL4d\OpenGL4d\OpenGL2\Primitives4D.h(117,125): warning C4838: conversion from 'int' to 'GLuint' requires a narrowing conversion
D:\games\source\repos\OpenGL4d\OpenGL4d\OpenGL2\Primitives4D.h(117,133): warning C4838: conversion from 'int' to 'GLuint' requires a narrowing conversion
D:\games\source\repos\OpenGL4d\OpenGL4d\OpenGL2\Primitives4D.h(117,142): warning C4838: conversion from 'int' to 'GLuint' requires a narrowing conversion
D:\games\source\repos\OpenGL4d\OpenGL4d\OpenGL2\Primitives4D.h(117,150): warning C4838: conversion from 'int' to 'GLuint' requires a narrowing conversion
D:\games\source\repos\OpenGL4d\OpenGL4d\OpenGL2\Primitives4D.h(117,158): warning C4838: conversion from 'int' to 'GLuint' requires a narrowing conversion
D:\games\source\repos\OpenGL4d\OpenGL4d\OpenGL2\Primitives4D.h(117,166): warning C4838: conversion from 'int' to 'GLuint' requires a narrowing conversion
D:\games\source\repos\OpenGL4d\OpenGL4d\OpenGL2\Primitives4D.h(118,10): warning C4838: conversion from 'int' to 'GLuint' requires a narrowing conversion
D:\games\source\repos\OpenGL4d\OpenGL4d\OpenGL2\Primitives4D.h(118,18): warning C4838: conversion from 'int' to 'GLuint' requires a narrowing conversion
D:\games\source\repos\OpenGL4d\OpenGL4d\OpenGL2\Primitives4D.h(118,26): warning C4838: conversion from 'int' to 'GLuint' requires a narrowing conversion
D:\games\source\repos\OpenGL4d\OpenGL4d\OpenGL2\Primitives4D.h(118,34): warning C4838: conversion from 'int' to 'GLuint' requires a narrowing conversion
D:\games\source\repos\OpenGL4d\OpenGL4d\OpenGL2\Primitives4D.h(118,43): warning C4838: conversion from 'int' to 'GLuint' requires a narrowing conversion
D:\games\source\repos\OpenGL4d\OpenGL4d\OpenGL2\Primitives4D.h(118,51): warning C4838: conversion from 'int' to 'GLuint' requires a narrowing conversion
D:\games\source\repos\OpenGL4d\OpenGL4d\OpenGL2\Primitives4D.h(118,59): warning C4838: conversion from 'int' to 'GLuint' requires a narrowing conversion
D:\games\source\repos\OpenGL4d\OpenGL4d\OpenGL2\Primitives4D.h(118,67): warning C4838: conversion from 'int' to 'GLuint' requires a narrowing conversion
D:\games\source\repos\OpenGL4d\OpenGL4d\OpenGL2\Primitives4D.h(118,76): warning C4838: conversion from 'int' to 'GLuint' requires a narrowing conversion
D:\games\source\repos\OpenGL4d\OpenGL4d\OpenGL2\Primitives4D.h(118,84): warning C4838: conversion from 'int' to 'GLuint' requires a narrowing conversion
D:\games\source\repos\OpenGL4d\OpenGL4d\OpenGL2\Primitives4D.h(118,92): warning C4838: conversion from 'int' to 'GLuint' requires a narrowing conversion
D:\games\source\repos\OpenGL4d\OpenGL4d\OpenGL2\Primitives4D.h(118,100): warning C4838: conversion from 'int' to 'GLuint' requires a narrowing conversion
D:\games\source\repos\OpenGL4d\OpenGL4d\OpenGL2\Primitives4D.h(118,109): warning C4838: conversion from 'int' to 'GLuint' requires a narrowing conversion
D:\games\source\repos\OpenGL4d\OpenGL4d\OpenGL2\Primitives4D.h(118,117): warning C4838: conversion from 'int' to 'GLuint' requires a narrowing conversion
D:\games\source\repos\OpenGL4d\OpenGL4d\OpenGL2\Primitives4D.h(118,125): warning C4838: conversion from 'int' to 'GLuint' requires a narrowing conversion
D:\games\source\repos\OpenGL4d\OpenGL4d\OpenGL2\Primitives4D.h(118,133): warning C4838: conversion from 'int' to 'GLuint' requires a narrowing conversion
D:\games\source\repos\OpenGL4d\OpenGL4d\OpenGL2\Primitives4D.h(118,142): warning C4838: conversion from 'int' to 'GLuint' requires a narrowing conversion
D:\games\source\repos\OpenGL4d\OpenGL4d\OpenGL2\Primitives4D.h(118,150): warning C4838: conversion from 'int' to 'GLuint' requires a narrowing conversion
D:\games\source\repos\OpenGL4d\OpenGL4d\OpenGL2\Primitives4D.h(118,158): warning C4838: conversion from 'int' to 'GLuint' requires a narrowing conversion
D:\games\source\repos\OpenGL4d\OpenGL4d\OpenGL2\Primitives4D.h(118,166): warning C4838: conversion from 'int' to 'GLuint' requires a narrowing conversion
D:\games\source\repos\OpenGL4d\OpenGL4d\OpenGL2\Primitives4D.h(184,1): warning C4305: 'argument': truncation from 'double' to 'T'
          with
          [
              T=float
          ]
D:\games\source\repos\OpenGL4d\OpenGL4d\OpenGL2\Line.h(13,43): warning C4244: 'initializing': conversion from 'double' to 'float', possible loss of data
D:\games\source\repos\OpenGL4d\OpenGL4d\OpenGL2\Colliders.h(150,24): warning C4244: '=': conversion from 'T' to 'int', possible loss of data
          with
          [
              T=float
          ]
  main.cpp
D:\games\source\repos\OpenGL4d\OpenGL4d\OpenGL2\Simplex3d.h(12,10): warning C4244: 'initializing': conversion from 'double' to 'float', possible loss of data
D:\games\source\repos\OpenGL4d\OpenGL4d\OpenGL2\Simplex3d.h(14,19): warning C4244: 'argument': conversion from 'double' to 'float', possible loss of data
D:\games\source\repos\OpenGL4d\OpenGL4d\OpenGL2\Simplex3d.h(16,19): warning C4244: 'argument': conversion from 'double' to 'float', possible loss of data
D:\games\source\repos\OpenGL4d\OpenGL4d\OpenGL2\Simplex3d.h(18,19): warning C4244: 'argument': conversion from 'double' to 'float', possible loss of data
D:\games\source\repos\OpenGL4d\OpenGL4d\OpenGL2\Simplex3d.h(23,35): warning C4305: 'initializing': truncation from 'double' to 'float'
D:\games\source\repos\OpenGL4d\OpenGL4d\OpenGL2\Simplex3d.h(24,35): warning C4305: 'initializing': truncation from 'double' to 'float'
D:\games\source\repos\OpenGL4d\OpenGL4d\OpenGL2\Simplex3d.h(56,24): warning C4305: 'argument': truncation from 'double' to 'T'
          with
          [
              T=float
          ]
D:\games\source\repos\OpenGL4d\OpenGL4d\OpenGL2\Simplex3d.h(81,40): warning C4244: 'argument': conversion from 'double' to 'T', possible loss of data
          with
          [
              T=float
          ]
D:\games\source\repos\OpenGL4d\OpenGL4d\OpenGL2\Simplex3d.h(82,40): warning C4244: 'argument': conversion from 'double' to 'T', possible loss of data
          with
          [
              T=float
          ]
D:\games\source\repos\OpenGL4d\OpenGL4d\OpenGL2\Simplex3d.h(83,40): warning C4244: 'argument': conversion from 'double' to 'T', possible loss of data
          with
          [
              T=float
          ]
D:\games\source\repos\OpenGL4d\OpenGL4d\OpenGL2\Simplex3d.h(83,4): warning C4244: 'return': conversion from 'double' to 'float', possible loss of data
D:\games\source\repos\OpenGL4d\OpenGL4d\OpenGL2\Primitives4D.h(111,10): warning C4838: conversion from 'int' to 'GLuint' requires a narrowing conversion
D:\games\source\repos\OpenGL4d\OpenGL4d\OpenGL2\Primitives4D.h(111,18): warning C4838: conversion from 'int' to 'GLuint' requires a narrowing conversion
D:\games\source\repos\OpenGL4d\OpenGL4d\OpenGL2\Primitives4D.h(111,26): warning C4838: conversion from 'int' to 'GLuint' requires a narrowing conversion
D:\games\source\repos\OpenGL4d\OpenGL4d\OpenGL2\Primitives4D.h(111,34): warning C4838: conversion from 'int' to 'GLuint' requires a narrowing conversion
D:\games\source\repos\OpenGL4d\OpenGL4d\OpenGL2\Primitives4D.h(111,43): warning C4838: conversion from 'int' to 'GLuint' requires a narrowing conversion
D:\games\source\repos\OpenGL4d\OpenGL4d\OpenGL2\Primitives4D.h(111,51): warning C4838: conversion from 'int' to 'GLuint' requires a narrowing conversion
D:\games\source\repos\OpenGL4d\OpenGL4d\OpenGL2\Primitives4D.h(111,59): warning C4838: conversion from 'int' to 'GLuint' requires a narrowing conversion
D:\games\source\repos\OpenGL4d\OpenGL4d\OpenGL2\Primitives4D.h(111,67): warning C4838: conversion from 'int' to 'GLuint' requires a narrowing conversion
D:\games\source\repos\OpenGL4d\OpenGL4d\OpenGL2\Primitives4D.h(111,76): warning C4838: conversion from 'int' to 'GLuint' requires a narrowing conversion
D:\games\source\repos\OpenGL4d\OpenGL4d\OpenGL2\Primitives4D.h(111,84): warning C4838: conversion from 'int' to 'GLuint' requires a narrowing conversion
D:\games\source\repos\OpenGL4d\OpenGL4d\OpenGL2\Primitives4D.h(111,92): warning C4838: conversion from 'int' to 'GLuint' requires a narrowing conversion
D:\games\source\repos\OpenGL4d\OpenGL4d\OpenGL2\Primitives4D.h(111,100): warning C4838: conversion from 'int' to 'GLuint' requires a narrowing conversion
D:\games\source\repos\OpenGL4d\OpenGL4d\OpenGL2\Primitives4D.h(111,109): warning C4838: conversion from 'int' to 'GLuint' requires a narrowing conversion
D:\games\source\repos\OpenGL4d\OpenGL4d\OpenGL2\Primitives4D.h(111,117): warning C4838: conversion from 'int' to 'GLuint' requires a narrowing conversion
D:\games\source\repos\OpenGL4d\OpenGL4d\OpenGL2\Primitives4D.h(111,125): warning C4838: conversion from 'int' to 'GLuint' requires a narrowing conversion
D:\games\source\repos\OpenGL4d\OpenGL4d\OpenGL2\Primitives4D.h(111,133): warning C4838: conversion from 'int' to 'GLuint' requires a narrowing conversion
D:\games\source\repos\OpenGL4d\OpenGL4d\OpenGL2\Primitives4D.h(111,142): warning C4838: conversion from 'int' to 'GLuint' requires a narrowing conversion
D:\games\source\repos\OpenGL4d\OpenGL4d\OpenGL2\Primitives4D.h(111,150): warning C4838: conversion from 'int' to 'GLuint' requires a narrowing conversion
D:\games\source\repos\OpenGL4d\OpenGL4d\OpenGL2\Primitives4D.h(111,158): warning C4838: conversion from 'int' to 'GLuint' requires a narrowing conversion
D:\games\source\repos\OpenGL4d\OpenGL4d\OpenGL2\Primitives4D.h(111,166): warning C4838: conversion from 'int' to 'GLuint' requires a narrowing conversion
D:\games\source\repos\OpenGL4d\OpenGL4d\OpenGL2\Primitives4D.h(112,10): warning C4838: conversion from 'int' to 'GLuint' requires a narrowing conversion
D:\games\source\repos\OpenGL4d\OpenGL4d\OpenGL2\Primitives4D.h(112,18): warning C4838: conversion from 'int' to 'GLuint' requires a narrowing conversion
D:\games\source\repos\OpenGL4d\OpenGL4d\OpenGL2\Primitives4D.h(112,26): warning C4838: conversion from 'int' to 'GLuint' requires a narrowing conversion
D:\games\source\repos\OpenGL4d\OpenGL4d\OpenGL2\Primitives4D.h(112,34): warning C4838: conversion from 'int' to 'GLuint' requires a narrowing conversion
D:\games\source\repos\OpenGL4d\OpenGL4d\OpenGL2\Primitives4D.h(112,43): warning C4838: conversion from 'int' to 'GLuint' requires a narrowing conversion
D:\games\source\repos\OpenGL4d\OpenGL4d\OpenGL2\Primitives4D.h(112,51): warning C4838: conversion from 'int' to 'GLuint' requires a narrowing conversion
D:\games\source\repos\OpenGL4d\OpenGL4d\OpenGL2\Primitives4D.h(112,59): warning C4838: conversion from 'int' to 'GLuint' requires a narrowing conversion
D:\games\source\repos\OpenGL4d\OpenGL4d\OpenGL2\Primitives4D.h(112,67): warning C4838: conversion from 'int' to 'GLuint' requires a narrowing conversion
D:\games\source\repos\OpenGL4d\OpenGL4d\OpenGL2\Primitives4D.h(112,76): warning C4838: conversion from 'int' to 'GLuint' requires a narrowing conversion
D:\games\source\repos\OpenGL4d\OpenGL4d\OpenGL2\Primitives4D.h(112,84): warning C4838: conversion from 'int' to 'GLuint' requires a narrowing conversion
D:\games\source\repos\OpenGL4d\OpenGL4d\OpenGL2\Primitives4D.h(112,92): warning C4838: conversion from 'int' to 'GLuint' requires a narrowing conversion
D:\games\source\repos\OpenGL4d\OpenGL4d\OpenGL2\Primitives4D.h(112,100): warning C4838: conversion from 'int' to 'GLuint' requires a narrowing conversion
D:\games\source\repos\OpenGL4d\OpenGL4d\OpenGL2\Primitives4D.h(112,109): warning C4838: conversion from 'int' to 'GLuint' requires a narrowing conversion
D:\games\source\repos\OpenGL4d\OpenGL4d\OpenGL2\Primitives4D.h(112,117): warning C4838: conversion from 'int' to 'GLuint' requires a narrowing conversion
D:\games\source\repos\OpenGL4d\OpenGL4d\OpenGL2\Primitives4D.h(112,125): warning C4838: conversion from 'int' to 'GLuint' requires a narrowing conversion
D:\games\source\repos\OpenGL4d\OpenGL4d\OpenGL2\Primitives4D.h(112,133): warning C4838: conversion from 'int' to 'GLuint' requires a narrowing conversion
D:\games\source\repos\OpenGL4d\OpenGL4d\OpenGL2\Primitives4D.h(112,142): warning C4838: conversion from 'int' to 'GLuint' requires a narrowing conversion
D:\games\source\repos\OpenGL4d\OpenGL4d\OpenGL2\Primitives4D.h(112,150): warning C4838: conversion from 'int' to 'GLuint' requires a narrowing conversion
D:\games\source\repos\OpenGL4d\OpenGL4d\OpenGL2\Primitives4D.h(112,158): warning C4838: conversion from 'int' to 'GLuint' requires a narrowing conversion
D:\games\source\repos\OpenGL4d\OpenGL4d\OpenGL2\Primitives4D.h(112,166): warning C4838: conversion from 'int' to 'GLuint' requires a narrowing conversion
D:\games\source\repos\OpenGL4d\OpenGL4d\OpenGL2\Primitives4D.h(113,10): warning C4838: conversion from 'int' to 'GLuint' requires a narrowing conversion
D:\games\source\repos\OpenGL4d\OpenGL4d\OpenGL2\Primitives4D.h(113,18): warning C4838: conversion from 'int' to 'GLuint' requires a narrowing conversion
D:\games\source\repos\OpenGL4d\OpenGL4d\OpenGL2\Primitives4D.h(113,26): warning C4838: conversion from 'int' to 'GLuint' requires a narrowing conversion
D:\games\source\repos\OpenGL4d\OpenGL4d\OpenGL2\Primitives4D.h(113,34): warning C4838: conversion from 'int' to 'GLuint' requires a narrowing conversion
D:\games\source\repos\OpenGL4d\OpenGL4d\OpenGL2\Primitives4D.h(113,43): warning C4838: conversion from 'int' to 'GLuint' requires a narrowing conversion
D:\games\source\repos\OpenGL4d\OpenGL4d\OpenGL2\Primitives4D.h(113,51): warning C4838: conversion from 'int' to 'GLuint' requires a narrowing conversion
D:\games\source\repos\OpenGL4d\OpenGL4d\OpenGL2\Primitives4D.h(113,59): warning C4838: conversion from 'int' to 'GLuint' requires a narrowing conversion
D:\games\source\repos\OpenGL4d\OpenGL4d\OpenGL2\Primitives4D.h(113,67): warning C4838: conversion from 'int' to 'GLuint' requires a narrowing conversion
D:\games\source\repos\OpenGL4d\OpenGL4d\OpenGL2\Primitives4D.h(113,76): warning C4838: conversion from 'int' to 'GLuint' requires a narrowing conversion
D:\games\source\repos\OpenGL4d\OpenGL4d\OpenGL2\Primitives4D.h(113,84): warning C4838: conversion from 'int' to 'GLuint' requires a narrowing conversion
D:\games\source\repos\OpenGL4d\OpenGL4d\OpenGL2\Primitives4D.h(113,92): warning C4838: conversion from 'int' to 'GLuint' requires a narrowing conversion
D:\games\source\repos\OpenGL4d\OpenGL4d\OpenGL2\Primitives4D.h(113,100): warning C4838: conversion from 'int' to 'GLuint' requires a narrowing conversion
D:\games\source\repos\OpenGL4d\OpenGL4d\OpenGL2\Primitives4D.h(113,109): warning C4838: conversion from 'int' to 'GLuint' requires a narrowing conversion
D:\games\source\repos\OpenGL4d\OpenGL4d\OpenGL2\Primitives4D.h(113,117): warning C4838: conversion from 'int' to 'GLuint' requires a narrowing conversion
D:\games\source\repos\OpenGL4d\OpenGL4d\OpenGL2\Primitives4D.h(113,125): warning C4838: conversion from 'int' to 'GLuint' requires a narrowing conversion
D:\games\source\repos\OpenGL4d\OpenGL4d\OpenGL2\Primitives4D.h(113,133): warning C4838: conversion from 'int' to 'GLuint' requires a narrowing conversion
D:\games\source\repos\OpenGL4d\OpenGL4d\OpenGL2\Primitives4D.h(113,142): warning C4838: conversion from 'int' to 'GLuint' requires a narrowing conversion
D:\games\source\repos\OpenGL4d\OpenGL4d\OpenGL2\Primitives4D.h(113,150): warning C4838: conversion from 'int' to 'GLuint' requires a narrowing conversion
D:\games\source\repos\OpenGL4d\OpenGL4d\OpenGL2\Primitives4D.h(113,158): warning C4838: conversion from 'int' to 'GLuint' requires a narrowing conversion
D:\games\source\repos\OpenGL4d\OpenGL4d\OpenGL2\Primitives4D.h(113,166): warning C4838: conversion from 'int' to 'GLuint' requires a narrowing conversion
D:\games\source\repos\OpenGL4d\OpenGL4d\OpenGL2\Primitives4D.h(114,10): warning C4838: conversion from 'int' to 'GLuint' requires a narrowing conversion
D:\games\source\repos\OpenGL4d\OpenGL4d\OpenGL2\Primitives4D.h(114,18): warning C4838: conversion from 'int' to 'GLuint' requires a narrowing conversion
D:\games\source\repos\OpenGL4d\OpenGL4d\OpenGL2\Primitives4D.h(114,26): warning C4838: conversion from 'int' to 'GLuint' requires a narrowing conversion
D:\games\source\repos\OpenGL4d\OpenGL4d\OpenGL2\Primitives4D.h(114,34): warning C4838: conversion from 'int' to 'GLuint' requires a narrowing conversion
D:\games\source\repos\OpenGL4d\OpenGL4d\OpenGL2\Primitives4D.h(114,43): warning C4838: conversion from 'int' to 'GLuint' requires a narrowing conversion
D:\games\source\repos\OpenGL4d\OpenGL4d\OpenGL2\Primitives4D.h(114,51): warning C4838: conversion from 'int' to 'GLuint' requires a narrowing conversion
D:\games\source\repos\OpenGL4d\OpenGL4d\OpenGL2\Primitives4D.h(114,59): warning C4838: conversion from 'int' to 'GLuint' requires a narrowing conversion
D:\games\source\repos\OpenGL4d\OpenGL4d\OpenGL2\Primitives4D.h(114,67): warning C4838: conversion from 'int' to 'GLuint' requires a narrowing conversion
D:\games\source\repos\OpenGL4d\OpenGL4d\OpenGL2\Primitives4D.h(114,76): warning C4838: conversion from 'int' to 'GLuint' requires a narrowing conversion
D:\games\source\repos\OpenGL4d\OpenGL4d\OpenGL2\Primitives4D.h(114,84): warning C4838: conversion from 'int' to 'GLuint' requires a narrowing conversion
D:\games\source\repos\OpenGL4d\OpenGL4d\OpenGL2\Primitives4D.h(114,92): warning C4838: conversion from 'int' to 'GLuint' requires a narrowing conversion
D:\games\source\repos\OpenGL4d\OpenGL4d\OpenGL2\Primitives4D.h(114,100): warning C4838: conversion from 'int' to 'GLuint' requires a narrowing conversion
D:\games\source\repos\OpenGL4d\OpenGL4d\OpenGL2\Primitives4D.h(114,109): warning C4838: conversion from 'int' to 'GLuint' requires a narrowing conversion
D:\games\source\repos\OpenGL4d\OpenGL4d\OpenGL2\Primitives4D.h(114,117): warning C4838: conversion from 'int' to 'GLuint' requires a narrowing conversion
D:\games\source\repos\OpenGL4d\OpenGL4d\OpenGL2\Primitives4D.h(114,125): warning C4838: conversion from 'int' to 'GLuint' requires a narrowing conversion
D:\games\source\repos\OpenGL4d\OpenGL4d\OpenGL2\Primitives4D.h(114,133): warning C4838: conversion from 'int' to 'GLuint' requires a narrowing conversion
D:\games\source\repos\OpenGL4d\OpenGL4d\OpenGL2\Primitives4D.h(114,142): warning C4838: conversion from 'int' to 'GLuint' requires a narrowing conversion
D:\games\source\repos\OpenGL4d\OpenGL4d\OpenGL2\Primitives4D.h(114,150): warning C4838: conversion from 'int' to 'GLuint' requires a narrowing conversion
D:\games\source\repos\OpenGL4d\OpenGL4d\OpenGL2\Primitives4D.h(114,158): warning C4838: conversion from 'int' to 'GLuint' requires a narrowing conversion
D:\games\source\repos\OpenGL4d\OpenGL4d\OpenGL2\Primitives4D.h(114,166): warning C4838: conversion from 'int' to 'GLuint' requires a narrowing conversion
D:\games\source\repos\OpenGL4d\OpenGL4d\OpenGL2\Primitives4D.h(115,10): warning C4838: conversion from 'int' to 'GLuint' requires a narrowing conversion
D:\games\source\repos\OpenGL4d\OpenGL4d\OpenGL2\Primitives4D.h(115,18): warning C4838: conversion from 'int' to 'GLuint' requires a narrowing conversion
D:\games\source\repos\OpenGL4d\OpenGL4d\OpenGL2\Primitives4D.h(115,26): warning C4838: conversion from 'int' to 'GLuint' requires a narrowing conversion
D:\games\source\repos\OpenGL4d\OpenGL4d\OpenGL2\Primitives4D.h(115,34): warning C4838: conversion from 'int' to 'GLuint' requires a narrowing conversion
D:\games\source\repos\OpenGL4d\OpenGL4d\OpenGL2\Primitives4D.h(115,43): warning C4838: conversion from 'int' to 'GLuint' requires a narrowing conversion
D:\games\source\repos\OpenGL4d\OpenGL4d\OpenGL2\Primitives4D.h(115,51): warning C4838: conversion from 'int' to 'GLuint' requires a narrowing conversion
D:\games\source\repos\OpenGL4d\OpenGL4d\OpenGL2\Primitives4D.h(115,59): warning C4838: conversion from 'int' to 'GLuint' requires a narrowing conversion
D:\games\source\repos\OpenGL4d\OpenGL4d\OpenGL2\Primitives4D.h(115,67): warning C4838: conversion from 'int' to 'GLuint' requires a narrowing conversion
D:\games\source\repos\OpenGL4d\OpenGL4d\OpenGL2\Primitives4D.h(115,76): warning C4838: conversion from 'int' to 'GLuint' requires a narrowing conversion
D:\games\source\repos\OpenGL4d\OpenGL4d\OpenGL2\Primitives4D.h(115,84): warning C4838: conversion from 'int' to 'GLuint' requires a narrowing conversion
D:\games\source\repos\OpenGL4d\OpenGL4d\OpenGL2\Primitives4D.h(115,92): warning C4838: conversion from 'int' to 'GLuint' requires a narrowing conversion
D:\games\source\repos\OpenGL4d\OpenGL4d\OpenGL2\Primitives4D.h(115,100): warning C4838: conversion from 'int' to 'GLuint' requires a narrowing conversion
D:\games\source\repos\OpenGL4d\OpenGL4d\OpenGL2\Primitives4D.h(115,109): warning C4838: conversion from 'int' to 'GLuint' requires a narrowing conversion
D:\games\source\repos\OpenGL4d\OpenGL4d\OpenGL2\Primitives4D.h(115,117): warning C4838: conversion from 'int' to 'GLuint' requires a narrowing conversion
D:\games\source\repos\OpenGL4d\OpenGL4d\OpenGL2\Primitives4D.h(115,125): warning C4838: conversion from 'int' to 'GLuint' requires a narrowing conversion
D:\games\source\repos\OpenGL4d\OpenGL4d\OpenGL2\Primitives4D.h(115,133): warning C4838: conversion from 'int' to 'GLuint' requires a narrowing conversion
D:\games\source\repos\OpenGL4d\OpenGL4d\OpenGL2\Primitives4D.h(115,142): warning C4838: conversion from 'int' to 'GLuint' requires a narrowing conversion
D:\games\source\repos\OpenGL4d\OpenGL4d\OpenGL2\Primitives4D.h(115,150): warning C4838: conversion from 'int' to 'GLuint' requires a narrowing conversion
D:\games\source\repos\OpenGL4d\OpenGL4d\OpenGL2\Primitives4D.h(115,158): warning C4838: conversion from 'int' to 'GLuint' requires a narrowing conversion
D:\games\source\repos\OpenGL4d\OpenGL4d\OpenGL2\Primitives4D.h(115,166): warning C4838: conversion from 'int' to 'GLuint' requires a narrowing conversion
D:\games\source\repos\OpenGL4d\OpenGL4d\OpenGL2\Primitives4D.h(116,10): warning C4838: conversion from 'int' to 'GLuint' requires a narrowing conversion
D:\games\source\repos\OpenGL4d\OpenGL4d\OpenGL2\Primitives4D.h(116,18): warning C4838: conversion from 'int' to 'GLuint' requires a narrowing conversion
D:\games\source\repos\OpenGL4d\OpenGL4d\OpenGL2\Primitives4D.h(116,26): warning C4838: conversion from 'int' to 'GLuint' requires a narrowing conversion
D:\games\source\repos\OpenGL4d\OpenGL4d\OpenGL2\Primitives4D.h(116,34): warning C4838: conversion from 'int' to 'GLuint' requires a narrowing conversion
D:\games\source\repos\OpenGL4d\OpenGL4d\OpenGL2\Primitives4D.h(116,43): warning C4838: conversion from 'int' to 'GLuint' requires a narrowing conversion
D:\games\source\repos\OpenGL4d\OpenGL4d\OpenGL2\Primitives4D.h(116,51): warning C4838: conversion from 'int' to 'GLuint' requires a narrowing conversion
D:\games\source\repos\OpenGL4d\OpenGL4d\OpenGL2\Primitives4D.h(116,59): warning C4838: conversion from 'int' to 'GLuint' requires a narrowing conversion
D:\games\source\repos\OpenGL4d\OpenGL4d\OpenGL2\Primitives4D.h(116,67): warning C4838: conversion from 'int' to 'GLuint' requires a narrowing conversion
D:\games\source\repos\OpenGL4d\OpenGL4d\OpenGL2\Primitives4D.h(116,76): warning C4838: conversion from 'int' to 'GLuint' requires a narrowing conversion
D:\games\source\repos\OpenGL4d\OpenGL4d\OpenGL2\Primitives4D.h(116,84): warning C4838: conversion from 'int' to 'GLuint' requires a narrowing conversion
D:\games\source\repos\OpenGL4d\OpenGL4d\OpenGL2\Primitives4D.h(116,92): warning C4838: conversion from 'int' to 'GLuint' requires a narrowing conversion
D:\games\source\repos\OpenGL4d\OpenGL4d\OpenGL2\Primitives4D.h(116,100): warning C4838: conversion from 'int' to 'GLuint' requires a narrowing conversion
D:\games\source\repos\OpenGL4d\OpenGL4d\OpenGL2\Primitives4D.h(116,109): warning C4838: conversion from 'int' to 'GLuint' requires a narrowing conversion
D:\games\source\repos\OpenGL4d\OpenGL4d\OpenGL2\Primitives4D.h(116,117): warning C4838: conversion from 'int' to 'GLuint' requires a narrowing conversion
D:\games\source\repos\OpenGL4d\OpenGL4d\OpenGL2\Primitives4D.h(116,125): warning C4838: conversion from 'int' to 'GLuint' requires a narrowing conversion
D:\games\source\repos\OpenGL4d\OpenGL4d\OpenGL2\Primitives4D.h(116,133): warning C4838: conversion from 'int' to 'GLuint' requires a narrowing conversion
D:\games\source\repos\OpenGL4d\OpenGL4d\OpenGL2\Primitives4D.h(116,142): warning C4838: conversion from 'int' to 'GLuint' requires a narrowing conversion
D:\games\source\repos\OpenGL4d\OpenGL4d\OpenGL2\Primitives4D.h(116,150): warning C4838: conversion from 'int' to 'GLuint' requires a narrowing conversion
D:\games\source\repos\OpenGL4d\OpenGL4d\OpenGL2\Primitives4D.h(116,158): warning C4838: conversion from 'int' to 'GLuint' requires a narrowing conversion
D:\games\source\repos\OpenGL4d\OpenGL4d\OpenGL2\Primitives4D.h(116,166): warning C4838: conversion from 'int' to 'GLuint' requires a narrowing conversion
D:\games\source\repos\OpenGL4d\OpenGL4d\OpenGL2\Primitives4D.h(117,10): warning C4838: conversion from 'int' to 'GLuint' requires a narrowing conversion
D:\games\source\repos\OpenGL4d\OpenGL4d\OpenGL2\Primitives4D.h(117,18): warning C4838: conversion from 'int' to 'GLuint' requires a narrowing conversion
D:\games\source\repos\OpenGL4d\OpenGL4d\OpenGL2\Primitives4D.h(117,26): warning C4838: conversion from 'int' to 'GLuint' requires a narrowing conversion
D:\games\source\repos\OpenGL4d\OpenGL4d\OpenGL2\Primitives4D.h(117,34): warning C4838: conversion from 'int' to 'GLuint' requires a narrowing conversion
D:\games\source\repos\OpenGL4d\OpenGL4d\OpenGL2\Primitives4D.h(117,43): warning C4838: conversion from 'int' to 'GLuint' requires a narrowing conversion
D:\games\source\repos\OpenGL4d\OpenGL4d\OpenGL2\Primitives4D.h(117,51): warning C4838: conversion from 'int' to 'GLuint' requires a narrowing conversion
D:\games\source\repos\OpenGL4d\OpenGL4d\OpenGL2\Primitives4D.h(117,59): warning C4838: conversion from 'int' to 'GLuint' requires a narrowing conversion
D:\games\source\repos\OpenGL4d\OpenGL4d\OpenGL2\Primitives4D.h(117,67): warning C4838: conversion from 'int' to 'GLuint' requires a narrowing conversion
D:\games\source\repos\OpenGL4d\OpenGL4d\OpenGL2\Primitives4D.h(117,76): warning C4838: conversion from 'int' to 'GLuint' requires a narrowing conversion
D:\games\source\repos\OpenGL4d\OpenGL4d\OpenGL2\Primitives4D.h(117,84): warning C4838: conversion from 'int' to 'GLuint' requires a narrowing conversion
D:\games\source\repos\OpenGL4d\OpenGL4d\OpenGL2\Primitives4D.h(117,92): warning C4838: conversion from 'int' to 'GLuint' requires a narrowing conversion
D:\games\source\repos\OpenGL4d\OpenGL4d\OpenGL2\Primitives4D.h(117,100): warning C4838: conversion from 'int' to 'GLuint' requires a narrowing conversion
D:\games\source\repos\OpenGL4d\OpenGL4d\OpenGL2\Primitives4D.h(117,109): warning C4838: conversion from 'int' to 'GLuint' requires a narrowing conversion
D:\games\source\repos\OpenGL4d\OpenGL4d\OpenGL2\Primitives4D.h(117,117): warning C4838: conversion from 'int' to 'GLuint' requires a narrowing conversion
D:\games\source\repos\OpenGL4d\OpenGL4d\OpenGL2\Primitives4D.h(117,125): warning C4838: conversion from 'int' to 'GLuint' requires a narrowing conversion
D:\games\source\repos\OpenGL4d\OpenGL4d\OpenGL2\Primitives4D.h(117,133): warning C4838: conversion from 'int' to 'GLuint' requires a narrowing conversion
D:\games\source\repos\OpenGL4d\OpenGL4d\OpenGL2\Primitives4D.h(117,142): warning C4838: conversion from 'int' to 'GLuint' requires a narrowing conversion
D:\games\source\repos\OpenGL4d\OpenGL4d\OpenGL2\Primitives4D.h(117,150): warning C4838: conversion from 'int' to 'GLuint' requires a narrowing conversion
D:\games\source\repos\OpenGL4d\OpenGL4d\OpenGL2\Primitives4D.h(117,158): warning C4838: conversion from 'int' to 'GLuint' requires a narrowing conversion
D:\games\source\repos\OpenGL4d\OpenGL4d\OpenGL2\Primitives4D.h(117,166): warning C4838: conversion from 'int' to 'GLuint' requires a narrowing conversion
D:\games\source\repos\OpenGL4d\OpenGL4d\OpenGL2\Primitives4D.h(118,10): warning C4838: conversion from 'int' to 'GLuint' requires a narrowing conversion
D:\games\source\repos\OpenGL4d\OpenGL4d\OpenGL2\Primitives4D.h(118,18): warning C4838: conversion from 'int' to 'GLuint' requires a narrowing conversion
D:\games\source\repos\OpenGL4d\OpenGL4d\OpenGL2\Primitives4D.h(118,26): warning C4838: conversion from 'int' to 'GLuint' requires a narrowing conversion
D:\games\source\repos\OpenGL4d\OpenGL4d\OpenGL2\Primitives4D.h(118,34): warning C4838: conversion from 'int' to 'GLuint' requires a narrowing conversion
D:\games\source\repos\OpenGL4d\OpenGL4d\OpenGL2\Primitives4D.h(118,43): warning C4838: conversion from 'int' to 'GLuint' requires a narrowing conversion
D:\games\source\repos\OpenGL4d\OpenGL4d\OpenGL2\Primitives4D.h(118,51): warning C4838: conversion from 'int' to 'GLuint' requires a narrowing conversion
D:\games\source\repos\OpenGL4d\OpenGL4d\OpenGL2\Primitives4D.h(118,59): warning C4838: conversion from 'int' to 'GLuint' requires a narrowing conversion
D:\games\source\repos\OpenGL4d\OpenGL4d\OpenGL2\Primitives4D.h(118,67): warning C4838: conversion from 'int' to 'GLuint' requires a narrowing conversion
D:\games\source\repos\OpenGL4d\OpenGL4d\OpenGL2\Primitives4D.h(118,76): warning C4838: conversion from 'int' to 'GLuint' requires a narrowing conversion
D:\games\source\repos\OpenGL4d\OpenGL4d\OpenGL2\Primitives4D.h(118,84): warning C4838: conversion from 'int' to 'GLuint' requires a narrowing conversion
D:\games\source\repos\OpenGL4d\OpenGL4d\OpenGL2\Primitives4D.h(118,92): warning C4838: conversion from 'int' to 'GLuint' requires a narrowing conversion
D:\games\source\repos\OpenGL4d\OpenGL4d\OpenGL2\Primitives4D.h(118,100): warning C4838: conversion from 'int' to 'GLuint' requires a narrowing conversion
D:\games\source\repos\OpenGL4d\OpenGL4d\OpenGL2\Primitives4D.h(118,109): warning C4838: conversion from 'int' to 'GLuint' requires a narrowing conversion
D:\games\source\repos\OpenGL4d\OpenGL4d\OpenGL2\Primitives4D.h(118,117): warning C4838: conversion from 'int' to 'GLuint' requires a narrowing conversion
D:\games\source\repos\OpenGL4d\OpenGL4d\OpenGL2\Primitives4D.h(118,125): warning C4838: conversion from 'int' to 'GLuint' requires a narrowing conversion
D:\games\source\repos\OpenGL4d\OpenGL4d\OpenGL2\Primitives4D.h(118,133): warning C4838: conversion from 'int' to 'GLuint' requires a narrowing conversion
D:\games\source\repos\OpenGL4d\OpenGL4d\OpenGL2\Primitives4D.h(118,142): warning C4838: conversion from 'int' to 'GLuint' requires a narrowing conversion
D:\games\source\repos\OpenGL4d\OpenGL4d\OpenGL2\Primitives4D.h(118,150): warning C4838: conversion from 'int' to 'GLuint' requires a narrowing conversion
D:\games\source\repos\OpenGL4d\OpenGL4d\OpenGL2\Primitives4D.h(118,158): warning C4838: conversion from 'int' to 'GLuint' requires a narrowing conversion
D:\games\source\repos\OpenGL4d\OpenGL4d\OpenGL2\Primitives4D.h(118,166): warning C4838: conversion from 'int' to 'GLuint' requires a narrowing conversion
D:\games\source\repos\OpenGL4d\OpenGL4d\OpenGL2\Primitives4D.h(184,1): warning C4305: 'argument': truncation from 'double' to 'T'
          with
          [
              T=float
          ]
D:\games\source\repos\OpenGL4d\OpenGL4d\OpenGL2\Line.h(13,43): warning C4244: 'initializing': conversion from 'double' to 'float', possible loss of data
  Generating Code...
LINK : fatal error LNK1104: cannot open file 'glew32s.lib'
