C:\Program Files\Microsoft Visual Studio\2022\Community\MSBuild\Microsoft\VC\v170\Microsoft.CppBuild.targets(531,5): warning MSB8028: The intermediate directory (x64\Release\) contains files shared from another project (OpenGL2.vcxproj).  This can lead to incorrect clean and rebuild behavior.
  Game.cpp
C:\Users\86180\Documents\OpenGL4d_20240329_114830\OpenGL4d\OpenGL2\Texture.h(220,16): warning C4244: 'initializing': conversion from 'T' to 'int', possible loss of data
C:\Users\86180\Documents\OpenGL4d_20240329_114830\OpenGL4d\OpenGL2\Texture.h(220,16): warning C4244:         with
C:\Users\86180\Documents\OpenGL4d_20240329_114830\OpenGL4d\OpenGL2\Texture.h(220,16): warning C4244:         [
C:\Users\86180\Documents\OpenGL4d_20240329_114830\OpenGL4d\OpenGL2\Texture.h(220,16): warning C4244:             T=float
C:\Users\86180\Documents\OpenGL4d_20240329_114830\OpenGL4d\OpenGL2\Texture.h(220,16): warning C4244:         ]
  (compiling source file 'Game.cpp')
  
C:\Users\86180\Documents\OpenGL4d_20240329_114830\OpenGL4d\OpenGL2\Texture.h(222,17): warning C4244: 'initializing': conversion from 'T' to 'int', possible loss of data
C:\Users\86180\Documents\OpenGL4d_20240329_114830\OpenGL4d\OpenGL2\Texture.h(222,17): warning C4244:         with
C:\Users\86180\Documents\OpenGL4d_20240329_114830\OpenGL4d\OpenGL2\Texture.h(222,17): warning C4244:         [
C:\Users\86180\Documents\OpenGL4d_20240329_114830\OpenGL4d\OpenGL2\Texture.h(222,17): warning C4244:             T=float
C:\Users\86180\Documents\OpenGL4d_20240329_114830\OpenGL4d\OpenGL2\Texture.h(222,17): warning C4244:         ]
  (compiling source file 'Game.cpp')
  
C:\Users\86180\Documents\OpenGL4d_20240329_114830\OpenGL4d\OpenGL2\Texture.h(224,18): warning C4244: 'initializing': conversion from 'T' to 'int', possible loss of data
C:\Users\86180\Documents\OpenGL4d_20240329_114830\OpenGL4d\OpenGL2\Texture.h(224,18): warning C4244:         with
C:\Users\86180\Documents\OpenGL4d_20240329_114830\OpenGL4d\OpenGL2\Texture.h(224,18): warning C4244:         [
C:\Users\86180\Documents\OpenGL4d_20240329_114830\OpenGL4d\OpenGL2\Texture.h(224,18): warning C4244:             T=float
C:\Users\86180\Documents\OpenGL4d_20240329_114830\OpenGL4d\OpenGL2\Texture.h(224,18): warning C4244:         ]
  (compiling source file 'Game.cpp')
  
C:\Users\86180\Documents\OpenGL4d_20240329_114830\OpenGL4d\OpenGL2\Texture.h(239,16): warning C4244: 'initializing': conversion from 'T' to 'int', possible loss of data
C:\Users\86180\Documents\OpenGL4d_20240329_114830\OpenGL4d\OpenGL2\Texture.h(239,16): warning C4244:         with
C:\Users\86180\Documents\OpenGL4d_20240329_114830\OpenGL4d\OpenGL2\Texture.h(239,16): warning C4244:         [
C:\Users\86180\Documents\OpenGL4d_20240329_114830\OpenGL4d\OpenGL2\Texture.h(239,16): warning C4244:             T=float
C:\Users\86180\Documents\OpenGL4d_20240329_114830\OpenGL4d\OpenGL2\Texture.h(239,16): warning C4244:         ]
  (compiling source file 'Game.cpp')
  
C:\Users\86180\Documents\OpenGL4d_20240329_114830\OpenGL4d\OpenGL2\Texture.h(241,17): warning C4244: 'initializing': conversion from 'T' to 'int', possible loss of data
C:\Users\86180\Documents\OpenGL4d_20240329_114830\OpenGL4d\OpenGL2\Texture.h(241,17): warning C4244:         with
C:\Users\86180\Documents\OpenGL4d_20240329_114830\OpenGL4d\OpenGL2\Texture.h(241,17): warning C4244:         [
C:\Users\86180\Documents\OpenGL4d_20240329_114830\OpenGL4d\OpenGL2\Texture.h(241,17): warning C4244:             T=float
C:\Users\86180\Documents\OpenGL4d_20240329_114830\OpenGL4d\OpenGL2\Texture.h(241,17): warning C4244:         ]
  (compiling source file 'Game.cpp')
  
C:\Users\86180\Documents\OpenGL4d_20240329_114830\OpenGL4d\OpenGL2\Texture.h(243,18): warning C4244: 'initializing': conversion from 'T' to 'int', possible loss of data
C:\Users\86180\Documents\OpenGL4d_20240329_114830\OpenGL4d\OpenGL2\Texture.h(243,18): warning C4244:         with
C:\Users\86180\Documents\OpenGL4d_20240329_114830\OpenGL4d\OpenGL2\Texture.h(243,18): warning C4244:         [
C:\Users\86180\Documents\OpenGL4d_20240329_114830\OpenGL4d\OpenGL2\Texture.h(243,18): warning C4244:             T=float
C:\Users\86180\Documents\OpenGL4d_20240329_114830\OpenGL4d\OpenGL2\Texture.h(243,18): warning C4244:         ]
  (compiling source file 'Game.cpp')
  
C:\Users\86180\Documents\OpenGL4d_20240329_114830\OpenGL4d\OpenGL2\Texture.h(271,83): warning C4244: 'argument': conversion from 'float' to 'GLint', possible loss of data
  (compiling source file 'Game.cpp')
  
C:\Users\86180\Documents\OpenGL4d_20240329_114830\OpenGL4d\OpenGL2\Texture.h(271,61): warning C4244: 'argument': conversion from 'float' to 'GLint', possible loss of data
  (compiling source file 'Game.cpp')
  
C:\Users\86180\Documents\OpenGL4d_20240329_114830\OpenGL4d\OpenGL2\Texture.h(271,39): warning C4244: 'argument': conversion from 'float' to 'GLint', possible loss of data
  (compiling source file 'Game.cpp')
  
C:\Users\86180\Documents\OpenGL4d_20240329_114830\OpenGL4d\OpenGL2\mod.h(113,18): warning C4244: 'initializing': conversion from 'double' to 'float', possible loss of data
  (compiling source file 'Game.cpp')
  
C:\Users\86180\Documents\OpenGL4d_20240329_114830\OpenGL4d\OpenGL2\mod.h(114,19): warning C4244: 'initializing': conversion from 'double' to 'float', possible loss of data
  (compiling source file 'Game.cpp')
  
C:\Users\86180\Documents\OpenGL4d_20240329_114830\OpenGL4d\OpenGL2\mod.h(116,21): warning C4244: 'initializing': conversion from 'double' to 'float', possible loss of data
  (compiling source file 'Game.cpp')
  
C:\Users\86180\Documents\OpenGL4d_20240329_114830\OpenGL4d\OpenGL2\mod.h(117,22): warning C4244: 'initializing': conversion from 'double' to 'float', possible loss of data
  (compiling source file 'Game.cpp')
  
C:\Users\86180\Documents\OpenGL4d_20240329_114830\OpenGL4d\OpenGL2\mod.h(125,38): warning C4244: 'argument': conversion from 'double' to 'float', possible loss of data
  (compiling source file 'Game.cpp')
  
C:\Users\86180\Documents\OpenGL4d_20240329_114830\OpenGL4d\OpenGL2\mod.h(123,24): warning C4244: 'argument': conversion from 'double' to 'float', possible loss of data
  (compiling source file 'Game.cpp')
  
C:\Users\86180\Documents\OpenGL4d_20240329_114830\OpenGL4d\OpenGL2\mod.h(223,19): warning C4244: 'argument': conversion from 'double' to 'float', possible loss of data
  (compiling source file 'Game.cpp')
  
C:\Users\86180\Documents\OpenGL4d_20240329_114830\OpenGL4d\OpenGL2\mod.h(229,19): warning C4244: 'argument': conversion from 'double' to 'float', possible loss of data
  (compiling source file 'Game.cpp')
  
C:\Users\86180\Documents\OpenGL4d_20240329_114830\OpenGL4d\OpenGL2\mod.h(250,16): warning C4244: 'initializing': conversion from 'double' to 'float', possible loss of data
  (compiling source file 'Game.cpp')
  
C:\Users\86180\Documents\OpenGL4d_20240329_114830\OpenGL4d\OpenGL2\mod.h(255,17): warning C4244: 'initializing': conversion from 'double' to 'float', possible loss of data
  (compiling source file 'Game.cpp')
  
C:\Users\86180\Documents\OpenGL4d_20240329_114830\OpenGL4d\OpenGL2\mod.h(262,20): warning C4244: 'initializing': conversion from 'double' to 'float', possible loss of data
  (compiling source file 'Game.cpp')
  
C:\Users\86180\Documents\OpenGL4d_20240329_114830\OpenGL4d\OpenGL2\mod.h(278,21): warning C4244: 'initializing': conversion from 'double' to 'float', possible loss of data
  (compiling source file 'Game.cpp')
  
C:\Users\86180\Documents\OpenGL4d_20240329_114830\OpenGL4d\OpenGL2\mod.h(335,3): warning C4244: 'return': conversion from 'double' to 'float', possible loss of data
  (compiling source file 'Game.cpp')
  
C:\Users\86180\Documents\OpenGL4d_20240329_114830\OpenGL4d\OpenGL2\Primitives4D.h(1292,29): warning C4267: 'initializing': conversion from 'size_t' to 'unsigned int', possible loss of data
  (compiling source file 'Game.cpp')
  
C:\Users\86180\Documents\OpenGL4d_20240329_114830\OpenGL4d\OpenGL2\Primitives4D.h(1311,14): warning C4267: 'initializing': conversion from 'size_t' to 'int', possible loss of data
  (compiling source file 'Game.cpp')
  
C:\Users\86180\Documents\OpenGL4d_20240329_114830\OpenGL4d\OpenGL2\Primitives4D.h(1312,14): warning C4267: 'initializing': conversion from 'size_t' to 'int', possible loss of data
  (compiling source file 'Game.cpp')
  
C:\Users\86180\Documents\OpenGL4d_20240329_114830\OpenGL4d\OpenGL2\Primitives4D.h(1313,14): warning C4267: 'initializing': conversion from 'size_t' to 'int', possible loss of data
  (compiling source file 'Game.cpp')
  
C:\Users\86180\Documents\OpenGL4d_20240329_114830\OpenGL4d\OpenGL2\Mesh.h(598,53): warning C4267: '=': conversion from 'size_t' to 'unsigned int', possible loss of data
  (compiling source file 'Game.cpp')
  
C:\Users\86180\Documents\OpenGL4d_20240329_114830\OpenGL4d\OpenGL2\Mesh.h(599,51): warning C4267: '=': conversion from 'size_t' to 'unsigned int', possible loss of data
  (compiling source file 'Game.cpp')
  
C:\Users\86180\Documents\OpenGL4d_20240329_114830\OpenGL4d\OpenGL2\Line.h(242,39): warning C4018: '<': signed/unsigned mismatch
  (compiling source file 'Game.cpp')
  
C:\Users\86180\Documents\OpenGL4d_20240329_114830\OpenGL4d\OpenGL2\Light.h(285,33): warning C4267: 'argument': conversion from 'size_t' to 'GLint', possible loss of data
  (compiling source file 'Game.cpp')
  
C:\Users\86180\Documents\OpenGL4d_20240329_114830\OpenGL4d\OpenGL2\Light.h(287,33): warning C4267: 'argument': conversion from 'size_t' to 'GLint', possible loss of data
  (compiling source file 'Game.cpp')
  
C:\Program Files (x86)\Windows Kits\10\Include\10.0.22000.0\shared\minwindef.h(130,1): warning C4005: 'APIENTRY': macro redefinition
  (compiling source file 'Game.cpp')
  C:\Users\86180\Documents\OpenGL4d_20240329_114830\OpenGL4d\Dependencies_64x\GLFW\include\GLFW\glfw3.h(123,1):
  see previous definition of 'APIENTRY'
  
C:\Users\86180\Documents\OpenGL4d_20240329_114830\OpenGL4d\OpenGL2\Joint.h(237,2): warning C4091: 'static ': ignored on left of 'HingeConstraint4D' when no variable is declared
  (compiling source file 'Game.cpp')
  
C:\Users\86180\Documents\OpenGL4d_20240329_114830\OpenGL4d\OpenGL2\ObjectLists.h(95,29): warning C4018: '>=': signed/unsigned mismatch
  (compiling source file 'Game.cpp')
  
C:\Users\86180\Documents\OpenGL4d_20240329_114830\OpenGL4d\OpenGL2\ObjectLists.h(99,29): warning C4018: '>=': signed/unsigned mismatch
  (compiling source file 'Game.cpp')
  
C:\Users\86180\Documents\OpenGL4d_20240329_114830\OpenGL4d\OpenGL2\ObjectLists.h(106,30): warning C4018: '>=': signed/unsigned mismatch
  (compiling source file 'Game.cpp')
  
C:\Users\86180\Documents\OpenGL4d_20240329_114830\OpenGL4d\OpenGL2\ObjectLists.h(110,30): warning C4018: '>=': signed/unsigned mismatch
  (compiling source file 'Game.cpp')
  
C:\Users\86180\Documents\OpenGL4d_20240329_114830\OpenGL4d\OpenGL2\ObjectLists.h(117,37): warning C4018: '>=': signed/unsigned mismatch
  (compiling source file 'Game.cpp')
  
C:\Users\86180\Documents\OpenGL4d_20240329_114830\OpenGL4d\OpenGL2\ObjectLists.h(121,37): warning C4018: '>=': signed/unsigned mismatch
  (compiling source file 'Game.cpp')
  
C:\Users\86180\Documents\OpenGL4d_20240329_114830\OpenGL4d\OpenGL2\ObjectLists.h(139,56): warning C4267: '+=': conversion from 'size_t' to 'int', possible loss of data
  (compiling source file 'Game.cpp')
  
C:\Users\86180\Documents\OpenGL4d_20240329_114830\OpenGL4d\OpenGL2\ObjectLists.h(155,56): warning C4267: '+=': conversion from 'size_t' to 'int', possible loss of data
  (compiling source file 'Game.cpp')
  
C:\Users\86180\Documents\OpenGL4d_20240329_114830\OpenGL4d\OpenGL2\ObjectLists.h(172,19): warning C4267: 'initializing': conversion from 'size_t' to 'unsigned int', possible loss of data
  (compiling source file 'Game.cpp')
  
C:\Users\86180\Documents\OpenGL4d_20240329_114830\OpenGL4d\OpenGL2\ObjectLists.h(173,15): warning C4018: '<': signed/unsigned mismatch
  (compiling source file 'Game.cpp')
  
C:\Users\86180\Documents\OpenGL4d_20240329_114830\OpenGL4d\OpenGL2\ObjectLists.h(184,60): warning C4267: '+=': conversion from 'size_t' to 'int', possible loss of data
  (compiling source file 'Game.cpp')
  
C:\Users\86180\Documents\OpenGL4d_20240329_114830\OpenGL4d\OpenGL2\ObjectLists.h(205,62): warning C4267: '+=': conversion from 'size_t' to 'int', possible loss of data
  (compiling source file 'Game.cpp')
  
C:\Users\86180\Documents\OpenGL4d_20240329_114830\OpenGL4d\OpenGL2\ObjectLists.h(222,56): warning C4267: '+=': conversion from 'size_t' to 'int', possible loss of data
  (compiling source file 'Game.cpp')
  
C:\Users\86180\Documents\OpenGL4d_20240329_114830\OpenGL4d\OpenGL2\ObjectLists.h(246,62): warning C4267: '+=': conversion from 'size_t' to 'int', possible loss of data
  (compiling source file 'Game.cpp')
  
C:\Users\86180\Documents\OpenGL4d_20240329_114830\OpenGL4d\OpenGL2\ObjectLists.h(293,60): warning C4267: '+=': conversion from 'size_t' to 'int', possible loss of data
  (compiling source file 'Game.cpp')
  
C:\Users\86180\Documents\OpenGL4d_20240329_114830\OpenGL4d\OpenGL2\ObjectLists.h(316,60): warning C4267: '+=': conversion from 'size_t' to 'int', possible loss of data
  (compiling source file 'Game.cpp')
  
C:\Users\86180\Documents\OpenGL4d_20240329_114830\OpenGL4d\OpenGL2\body.h(42,33): warning C4244: 'argument': conversion from 'double' to 'const float', possible loss of data
  (compiling source file 'Game.cpp')
  
C:\Users\86180\Documents\OpenGL4d_20240329_114830\OpenGL4d\OpenGL2\Animation.h(248,22): warning C4018: '>=': signed/unsigned mismatch
  (compiling source file 'Game.cpp')
  
C:\Users\86180\Documents\OpenGL4d_20240329_114830\OpenGL4d\OpenGL2\Animation.h(255,24): warning C4018: '>=': signed/unsigned mismatch
  (compiling source file 'Game.cpp')
  
C:\Users\86180\Documents\OpenGL4d_20240329_114830\OpenGL4d\OpenGL2\Animation.h(259,24): warning C4018: '>=': signed/unsigned mismatch
  (compiling source file 'Game.cpp')
  
C:\Users\86180\Documents\OpenGL4d_20240329_114830\OpenGL4d\OpenGL2\LoadAndSave.h(146,21): warning C4018: '<': signed/unsigned mismatch
  (compiling source file 'Game.cpp')
  
C:\Users\86180\Documents\OpenGL4d_20240329_114830\OpenGL4d\OpenGL2\LoadAndSave.h(150,21): warning C4018: '<': signed/unsigned mismatch
  (compiling source file 'Game.cpp')
  
C:\Users\86180\Documents\OpenGL4d_20240329_114830\OpenGL4d\OpenGL2\LoadAndSave.h(357,23): warning C4018: '<': signed/unsigned mismatch
  (compiling source file 'Game.cpp')
  
C:\Users\86180\Documents\OpenGL4d_20240329_114830\OpenGL4d\OpenGL2\LoadAndSave.h(361,23): warning C4018: '<': signed/unsigned mismatch
  (compiling source file 'Game.cpp')
  
C:\Users\86180\Documents\OpenGL4d_20240329_114830\OpenGL4d\OpenGL2\gjk.h(175,27): warning C4018: '<': signed/unsigned mismatch
  (compiling source file 'Game.cpp')
  
C:\Users\86180\Documents\OpenGL4d_20240329_114830\OpenGL4d\OpenGL2\gjk.h(217,27): warning C4018: '<': signed/unsigned mismatch
  (compiling source file 'Game.cpp')
  
C:\Users\86180\Documents\OpenGL4d_20240329_114830\OpenGL4d\OpenGL2\gjk.h(307,27): warning C4018: '<': signed/unsigned mismatch
  (compiling source file 'Game.cpp')
  
C:\Users\86180\Documents\OpenGL4d_20240329_114830\OpenGL4d\OpenGL2\gjk.h(316,27): warning C4018: '<': signed/unsigned mismatch
  (compiling source file 'Game.cpp')
  
C:\Users\86180\Documents\OpenGL4d_20240329_114830\OpenGL4d\OpenGL2\gjk.h(389,27): warning C4018: '<': signed/unsigned mismatch
  (compiling source file 'Game.cpp')
  
C:\Users\86180\Documents\OpenGL4d_20240329_114830\OpenGL4d\OpenGL2\gjk.h(622,2): warning C4091: 'static ': ignored on left of 'Simplex' when no variable is declared
  (compiling source file 'Game.cpp')
  
C:\Users\86180\Documents\OpenGL4d_20240329_114830\OpenGL4d\OpenGL2\gjk.h(477,24): warning C4267: 'initializing': conversion from 'size_t' to 'int', possible loss of data
  (compiling source file 'Game.cpp')
  
C:\Users\86180\Documents\OpenGL4d_20240329_114830\OpenGL4d\OpenGL2\gjk.h(739,54): warning C4267: '=': conversion from 'size_t' to 'unsigned int', possible loss of data
  (compiling source file 'Game.cpp')
  
C:\Users\86180\Documents\OpenGL4d_20240329_114830\OpenGL4d\OpenGL2\gjk.h(783,31): warning C4267: 'initializing': conversion from 'size_t' to 'unsigned int', possible loss of data
  (compiling source file 'Game.cpp')
  
C:\Users\86180\Documents\OpenGL4d_20240329_114830\OpenGL4d\OpenGL2\gjk.h(784,40): warning C4267: 'initializing': conversion from 'size_t' to 'unsigned int', possible loss of data
  (compiling source file 'Game.cpp')
  
C:\Users\86180\Documents\OpenGL4d_20240329_114830\OpenGL4d\OpenGL2\gjk.h(786,31): warning C4018: '<': signed/unsigned mismatch
  (compiling source file 'Game.cpp')
  
C:\Users\86180\Documents\OpenGL4d_20240329_114830\OpenGL4d\OpenGL2\gjk.h(877,35): warning C4018: '<': signed/unsigned mismatch
  (compiling source file 'Game.cpp')
  
C:\Users\86180\Documents\OpenGL4d_20240329_114830\OpenGL4d\OpenGL2\gjk.h(1012,28): warning C4267: 'initializing': conversion from 'size_t' to 'unsigned int', possible loss of data
  (compiling source file 'Game.cpp')
  
C:\Users\86180\Documents\OpenGL4d_20240329_114830\OpenGL4d\OpenGL2\colliderPhy.h(12,2): warning C4091: 'static ': ignored on left of 'Collider' when no variable is declared
  (compiling source file 'Game.cpp')
  
C:\Users\86180\Documents\OpenGL4d_20240329_114830\OpenGL4d\OpenGL2\colliderPhy.h(19,2): warning C4091: 'static ': ignored on left of 'CollisionManifold' when no variable is declared
  (compiling source file 'Game.cpp')
  
C:\Users\86180\Documents\OpenGL4d_20240329_114830\OpenGL4d\OpenGL2\colliderPhy.h(38,2): warning C4091: 'static ': ignored on left of 'Collision' when no variable is declared
  (compiling source file 'Game.cpp')
  
C:\Users\86180\Documents\OpenGL4d_20240329_114830\OpenGL4d\OpenGL2\colliderPhy.h(47,2): warning C4091: 'static ': ignored on left of 'VertexCellContact' when no variable is declared
  (compiling source file 'Game.cpp')
  
C:\Users\86180\Documents\OpenGL4d_20240329_114830\OpenGL4d\OpenGL2\colliderPhy.h(58,2): warning C4091: 'static ': ignored on left of 'EdgeFaceContact' when no variable is declared
  (compiling source file 'Game.cpp')
  
C:\Users\86180\Documents\OpenGL4d_20240329_114830\OpenGL4d\OpenGL2\colliderPhy.h(64,2): warning C4091: 'static ': ignored on left of 'ContactData' when no variable is declared
  (compiling source file 'Game.cpp')
  
C:\Users\86180\Documents\OpenGL4d_20240329_114830\OpenGL4d\OpenGL2\colliderPhy.h(70,2): warning C4091: 'static ': ignored on left of 'ContactAxis' when no variable is declared
  (compiling source file 'Game.cpp')
  
C:\Users\86180\Documents\OpenGL4d_20240329_114830\OpenGL4d\OpenGL2\colliderPhy.h(78,2): warning C4091: 'static ': ignored on left of 'AxisResult' when no variable is declared
  (compiling source file 'Game.cpp')
  
C:\Users\86180\Documents\OpenGL4d_20240329_114830\OpenGL4d\OpenGL2\colliderPhy.h(414,27): warning C4018: '<': signed/unsigned mismatch
  (compiling source file 'Game.cpp')
  
C:\Users\86180\Documents\OpenGL4d_20240329_114830\OpenGL4d\OpenGL2\colliderPhy.h(629,47): warning C4267: '=': conversion from 'size_t' to 'unsigned int', possible loss of data
  (compiling source file 'Game.cpp')
  
C:\Users\86180\Documents\OpenGL4d_20240329_114830\OpenGL4d\OpenGL2\colliderPhy.h(617,23): warning C4101: 'detectPos4D0': unreferenced local variable
  (compiling source file 'Game.cpp')
  
C:\Users\86180\Documents\OpenGL4d_20240329_114830\OpenGL4d\OpenGL2\colliderPhy.h(1101,134): warning C4244: 'argument': conversion from 'unsigned __int64' to 'float', possible loss of data
  (compiling source file 'Game.cpp')
  
C:\Users\86180\Documents\OpenGL4d_20240329_114830\OpenGL4d\OpenGL2\colliderPhy.h(1101,111): warning C4244: 'argument': conversion from 'unsigned __int64' to 'float', possible loss of data
  (compiling source file 'Game.cpp')
  
C:\Users\86180\Documents\OpenGL4d_20240329_114830\OpenGL4d\OpenGL2\colliderPhy.h(1108,134): warning C4244: 'argument': conversion from 'unsigned __int64' to 'float', possible loss of data
  (compiling source file 'Game.cpp')
  
C:\Users\86180\Documents\OpenGL4d_20240329_114830\OpenGL4d\OpenGL2\colliderPhy.h(1108,111): warning C4244: 'argument': conversion from 'unsigned __int64' to 'float', possible loss of data
  (compiling source file 'Game.cpp')
  
C:\Users\86180\Documents\OpenGL4d_20240329_114830\OpenGL4d\OpenGL2\colliderPhy.h(1115,161): warning C4244: 'argument': conversion from 'unsigned __int64' to 'float', possible loss of data
  (compiling source file 'Game.cpp')
  
C:\Users\86180\Documents\OpenGL4d_20240329_114830\OpenGL4d\OpenGL2\colliderPhy.h(1115,114): warning C4244: 'argument': conversion from 'unsigned __int64' to 'float', possible loss of data
  (compiling source file 'Game.cpp')
  
C:\Users\86180\Documents\OpenGL4d_20240329_114830\OpenGL4d\OpenGL2\colliderPhy.h(1119,161): warning C4244: 'argument': conversion from 'unsigned __int64' to 'float', possible loss of data
  (compiling source file 'Game.cpp')
  
C:\Users\86180\Documents\OpenGL4d_20240329_114830\OpenGL4d\OpenGL2\colliderPhy.h(1119,114): warning C4244: 'argument': conversion from 'unsigned __int64' to 'float', possible loss of data
  (compiling source file 'Game.cpp')
  
C:\Users\86180\Documents\OpenGL4d_20240329_114830\OpenGL4d\OpenGL2\colliderPhy.h(1159,51): warning C4267: '=': conversion from 'size_t' to 'unsigned int', possible loss of data
  (compiling source file 'Game.cpp')
  
C:\Users\86180\Documents\OpenGL4d_20240329_114830\OpenGL4d\OpenGL2\colliderPhy.h(1277,126): warning C4244: 'argument': conversion from 'unsigned __int64' to 'float', possible loss of data
  (compiling source file 'Game.cpp')
  
C:\Users\86180\Documents\OpenGL4d_20240329_114830\OpenGL4d\OpenGL2\colliderPhy.h(1277,103): warning C4244: 'argument': conversion from 'unsigned __int64' to 'float', possible loss of data
  (compiling source file 'Game.cpp')
  
C:\Users\86180\Documents\OpenGL4d_20240329_114830\OpenGL4d\OpenGL2\colliderPhy.h(1299,122): warning C4244: 'argument': conversion from 'unsigned __int64' to 'float', possible loss of data
  (compiling source file 'Game.cpp')
  
C:\Users\86180\Documents\OpenGL4d_20240329_114830\OpenGL4d\OpenGL2\colliderPhy.h(1299,99): warning C4244: 'argument': conversion from 'unsigned __int64' to 'float', possible loss of data
  (compiling source file 'Game.cpp')
  
C:\Users\86180\Documents\OpenGL4d_20240329_114830\OpenGL4d\OpenGL2\colliderPhy.h(1320,126): warning C4244: 'argument': conversion from 'unsigned __int64' to 'float', possible loss of data
  (compiling source file 'Game.cpp')
  
C:\Users\86180\Documents\OpenGL4d_20240329_114830\OpenGL4d\OpenGL2\colliderPhy.h(1320,103): warning C4244: 'argument': conversion from 'unsigned __int64' to 'float', possible loss of data
  (compiling source file 'Game.cpp')
  
C:\Users\86180\Documents\OpenGL4d_20240329_114830\OpenGL4d\OpenGL2\colliderPhy.h(1327,126): warning C4244: 'argument': conversion from 'unsigned __int64' to 'float', possible loss of data
  (compiling source file 'Game.cpp')
  
C:\Users\86180\Documents\OpenGL4d_20240329_114830\OpenGL4d\OpenGL2\colliderPhy.h(1327,103): warning C4244: 'argument': conversion from 'unsigned __int64' to 'float', possible loss of data
  (compiling source file 'Game.cpp')
  
C:\Users\86180\Documents\OpenGL4d_20240329_114830\OpenGL4d\OpenGL2\colliderPhy.h(1334,153): warning C4244: 'argument': conversion from 'unsigned __int64' to 'float', possible loss of data
  (compiling source file 'Game.cpp')
  
C:\Users\86180\Documents\OpenGL4d_20240329_114830\OpenGL4d\OpenGL2\colliderPhy.h(1334,106): warning C4244: 'argument': conversion from 'unsigned __int64' to 'float', possible loss of data
  (compiling source file 'Game.cpp')
  
C:\Users\86180\Documents\OpenGL4d_20240329_114830\OpenGL4d\OpenGL2\colliderPhy.h(1338,153): warning C4244: 'argument': conversion from 'unsigned __int64' to 'float', possible loss of data
  (compiling source file 'Game.cpp')
  
C:\Users\86180\Documents\OpenGL4d_20240329_114830\OpenGL4d\OpenGL2\colliderPhy.h(1338,106): warning C4244: 'argument': conversion from 'unsigned __int64' to 'float', possible loss of data
  (compiling source file 'Game.cpp')
  
C:\Users\86180\Documents\OpenGL4d_20240329_114830\OpenGL4d\OpenGL2\colliderPhy.h(1561,31): warning C4018: '<': signed/unsigned mismatch
  (compiling source file 'Game.cpp')
  
C:\Users\86180\Documents\OpenGL4d_20240329_114830\OpenGL4d\OpenGL2\colliderPhy.h(1574,51): warning C4267: '=': conversion from 'size_t' to 'unsigned int', possible loss of data
  (compiling source file 'Game.cpp')
  
C:\Users\86180\Documents\OpenGL4d_20240329_114830\OpenGL4d\OpenGL2\colliderPhy.h(1891,51): warning C4267: '=': conversion from 'size_t' to 'unsigned int', possible loss of data
  (compiling source file 'Game.cpp')
  
C:\Users\86180\Documents\OpenGL4d_20240329_114830\OpenGL4d\OpenGL2\colliderPhy.h(1879,27): warning C4101: 'detectPos4D0': unreferenced local variable
  (compiling source file 'Game.cpp')
  
C:\Users\86180\Documents\OpenGL4d_20240329_114830\OpenGL4d\OpenGL2\colliderPhy.h(2112,27): warning C4018: '<': signed/unsigned mismatch
  (compiling source file 'Game.cpp')
  
C:\Users\86180\Documents\OpenGL4d_20240329_114830\OpenGL4d\OpenGL2\colliderPhy.h(2138,31): warning C4018: '<': signed/unsigned mismatch
  (compiling source file 'Game.cpp')
  
C:\Users\86180\Documents\OpenGL4d_20240329_114830\OpenGL4d\OpenGL2\collision.h(13,2): warning C4091: 'static ': ignored on left of 'ContactState' when no variable is declared
  (compiling source file 'Game.cpp')
  
C:\Users\86180\Documents\OpenGL4d_20240329_114830\OpenGL4d\OpenGL2\collision.h(21,2): warning C4091: 'static ': ignored on left of 'CollisionConstraint' when no variable is declared
  (compiling source file 'Game.cpp')
  
C:\Users\86180\Documents\OpenGL4d_20240329_114830\OpenGL4d\OpenGL2\Phys4D.h(56,182): warning C4267: 'argument': conversion from 'size_t' to 'int', possible loss of data
  (compiling source file 'Game.cpp')
  
C:\Users\86180\Documents\OpenGL4d_20240329_114830\OpenGL4d\OpenGL2\Phys4D.h(58,43): warning C4267: '+=': conversion from 'size_t' to 'int', possible loss of data
  (compiling source file 'Game.cpp')
  
C:\Users\86180\Documents\OpenGL4d_20240329_114830\OpenGL4d\OpenGL2\Phys4D.h(65,164): warning C4267: 'argument': conversion from 'size_t' to 'int', possible loss of data
  (compiling source file 'Game.cpp')
  
C:\Users\86180\Documents\OpenGL4d_20240329_114830\OpenGL4d\OpenGL2\Phys4D.h(69,176): warning C4267: 'argument': conversion from 'size_t' to 'int', possible loss of data
  (compiling source file 'Game.cpp')
  
C:\Users\86180\Documents\OpenGL4d_20240329_114830\OpenGL4d\OpenGL2\Phys4D.h(142,154): warning C4267: 'argument': conversion from 'size_t' to 'int', possible loss of data
  (compiling source file 'Game.cpp')
  
C:\Users\86180\Documents\OpenGL4d_20240329_114830\OpenGL4d\OpenGL2\Phys4D.h(159,54): warning C4267: 'argument': conversion from 'size_t' to 'unsigned int', possible loss of data
  (compiling source file 'Game.cpp')
  
C:\Users\86180\Documents\OpenGL4d_20240329_114830\OpenGL4d\OpenGL2\Phys4D.h(163,56): warning C4267: 'argument': conversion from 'size_t' to 'unsigned int', possible loss of data
  (compiling source file 'Game.cpp')
  
C:\Users\86180\Documents\OpenGL4d_20240329_114830\OpenGL4d\OpenGL2\Phys4D.h(165,66): warning C4267: 'argument': conversion from 'size_t' to 'unsigned int', possible loss of data
  (compiling source file 'Game.cpp')
  
C:\Users\86180\Documents\OpenGL4d_20240329_114830\OpenGL4d\OpenGL2\Phys4D.h(165,129): warning C4267: 'argument': conversion from 'size_t' to 'unsigned int', possible loss of data
  (compiling source file 'Game.cpp')
  
C:\Users\86180\Documents\OpenGL4d_20240329_114830\OpenGL4d\OpenGL2\Phys4D.h(176,53): warning C4267: 'argument': conversion from 'size_t' to 'unsigned int', possible loss of data
  (compiling source file 'Game.cpp')
  
C:\Users\86180\Documents\OpenGL4d_20240329_114830\OpenGL4d\OpenGL2\Phys4D.h(177,53): warning C4267: 'argument': conversion from 'size_t' to 'unsigned int', possible loss of data
  (compiling source file 'Game.cpp')
  
C:\Users\86180\Documents\OpenGL4d_20240329_114830\OpenGL4d\OpenGL2\Phys4D.h(181,78): warning C4267: 'argument': conversion from 'size_t' to 'unsigned int', possible loss of data
  (compiling source file 'Game.cpp')
  
C:\Users\86180\Documents\OpenGL4d_20240329_114830\OpenGL4d\OpenGL2\Phys4D.h(233,141): warning C4267: 'argument': conversion from 'size_t' to 'int', possible loss of data
  (compiling source file 'Game.cpp')
  
C:\Users\86180\Documents\OpenGL4d_20240329_114830\OpenGL4d\OpenGL2\Phys4D.h(237,142): warning C4267: 'argument': conversion from 'size_t' to 'int', possible loss of data
  (compiling source file 'Game.cpp')
  
C:\Users\86180\Documents\OpenGL4d_20240329_114830\OpenGL4d\OpenGL2\Phys4D.h(248,142): warning C4267: 'argument': conversion from 'size_t' to 'int', possible loss of data
  (compiling source file 'Game.cpp')
  
C:\Users\86180\Documents\OpenGL4d_20240329_114830\OpenGL4d\OpenGL2\Phys4D.h(252,142): warning C4267: 'argument': conversion from 'size_t' to 'int', possible loss of data
  (compiling source file 'Game.cpp')
  
C:\Users\86180\Documents\OpenGL4d_20240329_114830\OpenGL4d\OpenGL2\Phys4D.h(297,142): warning C4267: 'argument': conversion from 'size_t' to 'int', possible loss of data
  (compiling source file 'Game.cpp')
  
C:\Users\86180\Documents\OpenGL4d_20240329_114830\OpenGL4d\OpenGL2\Phys4D.h(301,142): warning C4267: 'argument': conversion from 'size_t' to 'int', possible loss of data
  (compiling source file 'Game.cpp')
  
C:\Users\86180\Documents\OpenGL4d_20240329_114830\OpenGL4d\OpenGL2\Phys4D.h(312,142): warning C4267: 'argument': conversion from 'size_t' to 'int', possible loss of data
  (compiling source file 'Game.cpp')
  
C:\Users\86180\Documents\OpenGL4d_20240329_114830\OpenGL4d\OpenGL2\Phys4D.h(316,142): warning C4267: 'argument': conversion from 'size_t' to 'int', possible loss of data
  (compiling source file 'Game.cpp')
  
C:\Users\86180\Documents\OpenGL4d_20240329_114830\OpenGL4d\OpenGL2\Phys4D.h(418,86): warning C4267: 'argument': conversion from 'size_t' to 'int', possible loss of data
  (compiling source file 'Game.cpp')
  
C:\Users\86180\Documents\OpenGL4d_20240329_114830\OpenGL4d\OpenGL2\Phys4D.h(431,151): warning C4267: 'argument': conversion from 'size_t' to 'int', possible loss of data
  (compiling source file 'Game.cpp')
  
C:\Users\86180\Documents\OpenGL4d_20240329_114830\OpenGL4d\OpenGL2\Phys4D.h(438,87): warning C4267: 'argument': conversion from 'size_t' to 'int', possible loss of data
  (compiling source file 'Game.cpp')
  
C:\Users\86180\Documents\OpenGL4d_20240329_114830\OpenGL4d\OpenGL2\Phys4D.h(442,87): warning C4267: 'argument': conversion from 'size_t' to 'int', possible loss of data
  (compiling source file 'Game.cpp')
  
C:\Users\86180\Documents\OpenGL4d_20240329_114830\OpenGL4d\OpenGL2\Phys4D.h(442,195): warning C4267: 'argument': conversion from 'size_t' to 'int', possible loss of data
  (compiling source file 'Game.cpp')
  
C:\Users\86180\Documents\OpenGL4d_20240329_114830\OpenGL4d\OpenGL2\Phys4D.h(463,89): warning C4267: 'argument': conversion from 'size_t' to 'int', possible loss of data
  (compiling source file 'Game.cpp')
  
C:\Users\86180\Documents\OpenGL4d_20240329_114830\OpenGL4d\OpenGL2\Phys4D.h(476,156): warning C4267: 'argument': conversion from 'size_t' to 'int', possible loss of data
  (compiling source file 'Game.cpp')
  
C:\Users\86180\Documents\OpenGL4d_20240329_114830\OpenGL4d\OpenGL2\Phys4D.h(483,91): warning C4267: 'argument': conversion from 'size_t' to 'int', possible loss of data
  (compiling source file 'Game.cpp')
  
C:\Users\86180\Documents\OpenGL4d_20240329_114830\OpenGL4d\OpenGL2\Phys4D.h(487,91): warning C4267: 'argument': conversion from 'size_t' to 'int', possible loss of data
  (compiling source file 'Game.cpp')
  
C:\Users\86180\Documents\OpenGL4d_20240329_114830\OpenGL4d\OpenGL2\Phys4D.h(487,201): warning C4267: 'argument': conversion from 'size_t' to 'int', possible loss of data
  (compiling source file 'Game.cpp')
  
C:\Users\86180\Documents\OpenGL4d_20240329_114830\OpenGL4d\OpenGL2\DetectRay.h(24,25): warning C4267: '=': conversion from 'size_t' to 'int', possible loss of data
  (compiling source file 'Game.cpp')
  
C:\Users\86180\Documents\OpenGL4d_20240329_114830\OpenGL4d\OpenGL2\DetectRay.h(30,15): warning C4244: '=': conversion from 'double' to 'float', possible loss of data
  (compiling source file 'Game.cpp')
  
C:\Users\86180\Documents\OpenGL4d_20240329_114830\OpenGL4d\OpenGL2\DetectRay.h(31,15): warning C4244: '=': conversion from 'double' to 'float', possible loss of data
  (compiling source file 'Game.cpp')
  
C:\Users\86180\Documents\OpenGL4d_20240329_114830\OpenGL4d\OpenGL2\DetectRay.h(193,22): warning C4018: '<': signed/unsigned mismatch
  (compiling source file 'Game.cpp')
  
C:\Users\86180\Documents\OpenGL4d_20240329_114830\OpenGL4d\OpenGL2\DetectRay.h(321,18): warning C4267: '=': conversion from 'size_t' to 'int', possible loss of data
  (compiling source file 'Game.cpp')
  
C:\Users\86180\Documents\OpenGL4d_20240329_114830\OpenGL4d\OpenGL2\DetectRay.h(327,18): warning C4267: '=': conversion from 'size_t' to 'int', possible loss of data
  (compiling source file 'Game.cpp')
  
C:\Users\86180\Documents\OpenGL4d_20240329_114830\OpenGL4d\OpenGL2\DetectRay.h(346,20): warning C4267: '=': conversion from 'size_t' to 'int', possible loss of data
  (compiling source file 'Game.cpp')
  
C:\Users\86180\Documents\OpenGL4d_20240329_114830\OpenGL4d\OpenGL2\DetectRay.h(352,20): warning C4267: '=': conversion from 'size_t' to 'int', possible loss of data
  (compiling source file 'Game.cpp')
  
C:\Users\86180\Documents\OpenGL4d_20240329_114830\OpenGL4d\OpenGL2\DetectRay.h(362,42): warning C4267: 'argument': conversion from 'size_t' to 'int', possible loss of data
  (compiling source file 'Game.cpp')
  
C:\Users\86180\Documents\OpenGL4d_20240329_114830\OpenGL4d\OpenGL2\DetectRay.h(364,31): warning C4267: 'argument': conversion from 'size_t' to 'int', possible loss of data
  (compiling source file 'Game.cpp')
  
C:\Users\86180\Documents\OpenGL4d_20240329_114830\OpenGL4d\OpenGL2\DetectRay.h(366,53): warning C4267: 'argument': conversion from 'size_t' to 'int', possible loss of data
  (compiling source file 'Game.cpp')
  
C:\Users\86180\Documents\OpenGL4d_20240329_114830\OpenGL4d\OpenGL2\DetectRay.h(367,53): warning C4267: 'argument': conversion from 'size_t' to 'int', possible loss of data
  (compiling source file 'Game.cpp')
  
C:\Users\86180\Documents\OpenGL4d_20240329_114830\OpenGL4d\OpenGL2\DetectRay.h(368,65): warning C4267: 'argument': conversion from 'size_t' to 'int', possible loss of data
  (compiling source file 'Game.cpp')
  
C:\Users\86180\Documents\OpenGL4d_20240329_114830\OpenGL4d\OpenGL2\DetectRay.h(372,59): warning C4267: 'argument': conversion from 'size_t' to 'int', possible loss of data
  (compiling source file 'Game.cpp')
  
C:\Users\86180\Documents\OpenGL4d_20240329_114830\OpenGL4d\OpenGL2\DetectRay.h(377,23): warning C4267: '=': conversion from 'size_t' to 'int', possible loss of data
  (compiling source file 'Game.cpp')
  
C:\Users\86180\Documents\OpenGL4d_20240329_114830\OpenGL4d\OpenGL2\DetectRay.h(383,23): warning C4267: '=': conversion from 'size_t' to 'int', possible loss of data
  (compiling source file 'Game.cpp')
  
C:\Users\86180\Documents\OpenGL4d_20240329_114830\OpenGL4d\OpenGL2\DetectRay.h(404,21): warning C4267: '=': conversion from 'size_t' to 'int', possible loss of data
  (compiling source file 'Game.cpp')
  
C:\Users\86180\Documents\OpenGL4d_20240329_114830\OpenGL4d\OpenGL2\DetectRay.h(410,21): warning C4267: '=': conversion from 'size_t' to 'int', possible loss of data
  (compiling source file 'Game.cpp')
  
C:\Users\86180\Documents\OpenGL4d_20240329_114830\OpenGL4d\OpenGL2\DetectRay.h(429,21): warning C4267: '=': conversion from 'size_t' to 'int', possible loss of data
  (compiling source file 'Game.cpp')
  
C:\Users\86180\Documents\OpenGL4d_20240329_114830\OpenGL4d\OpenGL2\DetectRay.h(435,21): warning C4267: '=': conversion from 'size_t' to 'int', possible loss of data
  (compiling source file 'Game.cpp')
  
C:\Users\86180\Documents\OpenGL4d_20240329_114830\OpenGL4d\OpenGL2\DetectRay.h(446,46): warning C4267: 'argument': conversion from 'size_t' to 'int', possible loss of data
  (compiling source file 'Game.cpp')
  
C:\Users\86180\Documents\OpenGL4d_20240329_114830\OpenGL4d\OpenGL2\DetectRay.h(448,61): warning C4267: 'argument': conversion from 'size_t' to 'int', possible loss of data
  (compiling source file 'Game.cpp')
  
C:\Users\86180\Documents\OpenGL4d_20240329_114830\OpenGL4d\OpenGL2\DetectRay.h(453,22): warning C4267: '=': conversion from 'size_t' to 'int', possible loss of data
  (compiling source file 'Game.cpp')
  
C:\Users\86180\Documents\OpenGL4d_20240329_114830\OpenGL4d\OpenGL2\DetectRay.h(459,22): warning C4267: '=': conversion from 'size_t' to 'int', possible loss of data
  (compiling source file 'Game.cpp')
  
C:\Users\86180\Documents\OpenGL4d_20240329_114830\OpenGL4d\OpenGL2\Game_imgui.h(178,61): warning C4267: 'argument': conversion from 'size_t' to 'unsigned int', possible loss of data
  (compiling source file 'Game.cpp')
  
C:\Users\86180\Documents\OpenGL4d_20240329_114830\OpenGL4d\OpenGL2\Game_imgui.h(185,63): warning C4267: 'argument': conversion from 'size_t' to 'unsigned int', possible loss of data
  (compiling source file 'Game.cpp')
  
C:\Users\86180\Documents\OpenGL4d_20240329_114830\OpenGL4d\OpenGL2\Game_imgui.h(1507,40): warning C4267: '+=': conversion from 'size_t' to 'int', possible loss of data
  (compiling source file 'Game.cpp')
  
C:\Users\86180\Documents\OpenGL4d_20240329_114830\OpenGL4d\OpenGL2\Game_imgui.h(1526,107): warning C4267: 'argument': conversion from 'size_t' to 'unsigned int', possible loss of data
  (compiling source file 'Game.cpp')
  
C:\Users\86180\Documents\OpenGL4d_20240329_114830\OpenGL4d\OpenGL2\Game_imgui.h(1529,73): warning C4267: 'argument': conversion from 'size_t' to 'unsigned int', possible loss of data
  (compiling source file 'Game.cpp')
  
C:\Users\86180\Documents\OpenGL4d_20240329_114830\OpenGL4d\OpenGL2\Game_imgui.h(1532,76): warning C4267: 'argument': conversion from 'size_t' to 'unsigned int', possible loss of data
  (compiling source file 'Game.cpp')
  
C:\Users\86180\Documents\OpenGL4d_20240329_114830\OpenGL4d\OpenGL2\Game_imgui.h(1533,73): warning C4267: 'argument': conversion from 'size_t' to 'unsigned int', possible loss of data
  (compiling source file 'Game.cpp')
  
C:\Users\86180\Documents\OpenGL4d_20240329_114830\OpenGL4d\OpenGL2\Game_imgui.h(1534,80): warning C4267: 'argument': conversion from 'size_t' to 'unsigned int', possible loss of data
  (compiling source file 'Game.cpp')
  
C:\Users\86180\Documents\OpenGL4d_20240329_114830\OpenGL4d\OpenGL2\Game_imgui.h(1535,77): warning C4267: 'argument': conversion from 'size_t' to 'unsigned int', possible loss of data
  (compiling source file 'Game.cpp')
  
C:\Users\86180\Documents\OpenGL4d_20240329_114830\OpenGL4d\OpenGL2\Game_imgui.h(1536,97): warning C4267: 'argument': conversion from 'size_t' to 'int', possible loss of data
  (compiling source file 'Game.cpp')
  
C:\Users\86180\Documents\OpenGL4d_20240329_114830\OpenGL4d\OpenGL2\Game_imgui.h(1537,47): warning C4267: 'argument': conversion from 'size_t' to 'int', possible loss of data
  (compiling source file 'Game.cpp')
  
C:\Users\86180\Documents\OpenGL4d_20240329_114830\OpenGL4d\OpenGL2\Game_imgui.h(1538,67): warning C4267: 'argument': conversion from 'size_t' to 'unsigned int', possible loss of data
  (compiling source file 'Game.cpp')
  
C:\Users\86180\Documents\OpenGL4d_20240329_114830\OpenGL4d\OpenGL2\Game_imgui.h(1545,74): warning C4267: 'argument': conversion from 'size_t' to 'int', possible loss of data
  (compiling source file 'Game.cpp')
  
C:\Users\86180\Documents\OpenGL4d_20240329_114830\OpenGL4d\OpenGL2\Game_imgui.h(1548,34): warning C4267: 'argument': conversion from 'size_t' to 'int', possible loss of data
  (compiling source file 'Game.cpp')
  
C:\Users\86180\Documents\OpenGL4d_20240329_114830\OpenGL4d\OpenGL2\Game_imgui.h(1551,138): warning C4267: 'argument': conversion from 'size_t' to 'unsigned int', possible loss of data
  (compiling source file 'Game.cpp')
  
C:\Users\86180\Documents\OpenGL4d_20240329_114830\OpenGL4d\OpenGL2\Game_imgui.h(1552,135): warning C4267: 'argument': conversion from 'size_t' to 'unsigned int', possible loss of data
  (compiling source file 'Game.cpp')
  
C:\Users\86180\Documents\OpenGL4d_20240329_114830\OpenGL4d\OpenGL2\Game_imgui.h(1553,32): warning C4267: 'argument': conversion from 'size_t' to 'int', possible loss of data
  (compiling source file 'Game.cpp')
  
C:\Users\86180\Documents\OpenGL4d_20240329_114830\OpenGL4d\OpenGL2\Game_imgui.h(1565,152): warning C4267: 'argument': conversion from 'size_t' to 'unsigned int', possible loss of data
  (compiling source file 'Game.cpp')
  
C:\Users\86180\Documents\OpenGL4d_20240329_114830\OpenGL4d\OpenGL2\Game_imgui.h(1566,149): warning C4267: 'argument': conversion from 'size_t' to 'unsigned int', possible loss of data
  (compiling source file 'Game.cpp')
  
C:\Users\86180\Documents\OpenGL4d_20240329_114830\OpenGL4d\OpenGL2\Game_imgui.h(1577,166): warning C4267: 'argument': conversion from 'size_t' to 'unsigned int', possible loss of data
  (compiling source file 'Game.cpp')
  
C:\Users\86180\Documents\OpenGL4d_20240329_114830\OpenGL4d\OpenGL2\Game_imgui.h(1578,163): warning C4267: 'argument': conversion from 'size_t' to 'unsigned int', possible loss of data
  (compiling source file 'Game.cpp')
  
C:\Users\86180\Documents\OpenGL4d_20240329_114830\OpenGL4d\OpenGL2\Structures4D.h(173,31): warning C4305: 'initializing': truncation from 'double' to 'float'
  (compiling source file 'Game.cpp')
  
C:\Users\86180\Documents\OpenGL4d_20240329_114830\OpenGL4d\OpenGL2\Structures4D.h(456,127): warning C4244: 'argument': conversion from 'int' to 'T', possible loss of data
C:\Users\86180\Documents\OpenGL4d_20240329_114830\OpenGL4d\OpenGL2\Structures4D.h(456,127): warning C4244:         with
C:\Users\86180\Documents\OpenGL4d_20240329_114830\OpenGL4d\OpenGL2\Structures4D.h(456,127): warning C4244:         [
C:\Users\86180\Documents\OpenGL4d_20240329_114830\OpenGL4d\OpenGL2\Structures4D.h(456,127): warning C4244:             T=float
C:\Users\86180\Documents\OpenGL4d_20240329_114830\OpenGL4d\OpenGL2\Structures4D.h(456,127): warning C4244:         ]
  (compiling source file 'Game.cpp')
  
C:\Users\86180\Documents\OpenGL4d_20240329_114830\OpenGL4d\OpenGL2\StartObj.h(65,182): warning C4267: 'argument': conversion from 'size_t' to 'int', possible loss of data
  (compiling source file 'Game.cpp')
  
C:\Users\86180\Documents\OpenGL4d_20240329_114830\OpenGL4d\OpenGL2\StartObj.h(66,181): warning C4267: 'argument': conversion from 'size_t' to 'int', possible loss of data
  (compiling source file 'Game.cpp')
  
C:\Users\86180\Documents\OpenGL4d_20240329_114830\OpenGL4d\OpenGL2\StartObj.h(67,180): warning C4267: 'argument': conversion from 'size_t' to 'int', possible loss of data
  (compiling source file 'Game.cpp')
  
C:\Users\86180\Documents\OpenGL4d_20240329_114830\OpenGL4d\OpenGL2\StartObj.h(68,179): warning C4267: 'argument': conversion from 'size_t' to 'int', possible loss of data
  (compiling source file 'Game.cpp')
  
C:\Users\86180\Documents\OpenGL4d_20240329_114830\OpenGL4d\OpenGL2\Collider.h(56,63): warning C4267: 'argument': conversion from 'size_t' to 'unsigned int', possible loss of data
  (compiling source file 'Game.cpp')
  
C:\Users\86180\Documents\OpenGL4d_20240329_114830\OpenGL4d\OpenGL2\Collider.h(60,75): warning C4267: 'argument': conversion from 'size_t' to 'unsigned int', possible loss of data
  (compiling source file 'Game.cpp')
  
C:\Users\86180\Documents\OpenGL4d_20240329_114830\OpenGL4d\OpenGL2\Collider.h(60,147): warning C4267: 'argument': conversion from 'size_t' to 'unsigned int', possible loss of data
  (compiling source file 'Game.cpp')
  
C:\Users\86180\Documents\OpenGL4d_20240329_114830\OpenGL4d\OpenGL2\Collider.h(62,89): warning C4267: 'argument': conversion from 'size_t' to 'unsigned int', possible loss of data
  (compiling source file 'Game.cpp')
  
C:\Users\86180\Documents\OpenGL4d_20240329_114830\OpenGL4d\OpenGL2\Collider.h(62,161): warning C4267: 'argument': conversion from 'size_t' to 'unsigned int', possible loss of data
  (compiling source file 'Game.cpp')
  
C:\Users\86180\Documents\OpenGL4d_20240329_114830\OpenGL4d\OpenGL2\Collider.h(63,65): warning C4267: 'argument': conversion from 'size_t' to 'unsigned int', possible loss of data
  (compiling source file 'Game.cpp')
  
C:\Users\86180\Documents\OpenGL4d_20240329_114830\OpenGL4d\OpenGL2\Collider.h(63,199): warning C4267: 'argument': conversion from 'size_t' to 'unsigned int', possible loss of data
  (compiling source file 'Game.cpp')
  
C:\Users\86180\Documents\OpenGL4d_20240329_114830\OpenGL4d\OpenGL2\Collider.h(63,271): warning C4267: 'argument': conversion from 'size_t' to 'unsigned int', possible loss of data
  (compiling source file 'Game.cpp')
  
C:\Users\86180\Documents\OpenGL4d_20240329_114830\OpenGL4d\OpenGL2\Collider.h(70,73): warning C4267: 'argument': conversion from 'size_t' to 'unsigned int', possible loss of data
  (compiling source file 'Game.cpp')
  
C:\Users\86180\Documents\OpenGL4d_20240329_114830\OpenGL4d\OpenGL2\Collider.h(70,145): warning C4267: 'argument': conversion from 'size_t' to 'unsigned int', possible loss of data
  (compiling source file 'Game.cpp')
  
C:\Users\86180\Documents\OpenGL4d_20240329_114830\OpenGL4d\OpenGL2\Collider.h(72,63): warning C4267: 'argument': conversion from 'size_t' to 'unsigned int', possible loss of data
  (compiling source file 'Game.cpp')
  
C:\Users\86180\Documents\OpenGL4d_20240329_114830\OpenGL4d\OpenGL2\Collider.h(76,24): warning C4267: 'initializing': conversion from 'size_t' to 'unsigned int', possible loss of data
  (compiling source file 'Game.cpp')
  
C:\Users\86180\Documents\OpenGL4d_20240329_114830\OpenGL4d\OpenGL2\Collider.h(82,119): warning C4267: 'argument': conversion from 'size_t' to 'unsigned int', possible loss of data
  (compiling source file 'Game.cpp')
  
C:\Users\86180\Documents\OpenGL4d_20240329_114830\OpenGL4d\OpenGL2\Collider.h(84,80): warning C4267: 'argument': conversion from 'size_t' to 'unsigned int', possible loss of data
  (compiling source file 'Game.cpp')
  
C:\Users\86180\Documents\OpenGL4d_20240329_114830\OpenGL4d\OpenGL2\Collider.h(85,77): warning C4267: 'argument': conversion from 'size_t' to 'unsigned int', possible loss of data
  (compiling source file 'Game.cpp')
  
C:\Users\86180\Documents\OpenGL4d_20240329_114830\OpenGL4d\OpenGL2\Collider.h(86,83): warning C4267: 'argument': conversion from 'size_t' to 'unsigned int', possible loss of data
  (compiling source file 'Game.cpp')
  
C:\Users\86180\Documents\OpenGL4d_20240329_114830\OpenGL4d\OpenGL2\Collider.h(87,81): warning C4267: 'argument': conversion from 'size_t' to 'unsigned int', possible loss of data
  (compiling source file 'Game.cpp')
  
C:\Users\86180\Documents\OpenGL4d_20240329_114830\OpenGL4d\OpenGL2\Collider.h(88,101): warning C4267: 'argument': conversion from 'size_t' to 'int', possible loss of data
  (compiling source file 'Game.cpp')
  
C:\Users\86180\Documents\OpenGL4d_20240329_114830\OpenGL4d\OpenGL2\Collider.h(89,51): warning C4267: 'argument': conversion from 'size_t' to 'int', possible loss of data
  (compiling source file 'Game.cpp')
  
C:\Users\86180\Documents\OpenGL4d_20240329_114830\OpenGL4d\OpenGL2\Collider.h(95,24): warning C4267: 'initializing': conversion from 'size_t' to 'unsigned int', possible loss of data
  (compiling source file 'Game.cpp')
  
C:\Users\86180\Documents\OpenGL4d_20240329_114830\OpenGL4d\OpenGL2\Collider.h(99,37): warning C4267: 'argument': conversion from 'size_t' to 'int', possible loss of data
  (compiling source file 'Game.cpp')
  
C:\Users\86180\Documents\OpenGL4d_20240329_114830\OpenGL4d\OpenGL2\Collider.h(99,111): warning C4267: 'argument': conversion from 'size_t' to 'int', possible loss of data
  (compiling source file 'Game.cpp')
  
C:\Users\86180\Documents\OpenGL4d_20240329_114830\OpenGL4d\OpenGL2\Collider.h(101,46): warning C4267: 'argument': conversion from 'size_t' to 'int', possible loss of data
  (compiling source file 'Game.cpp')
  
C:\Users\86180\Documents\OpenGL4d_20240329_114830\OpenGL4d\OpenGL2\Collider.h(101,125): warning C4267: 'argument': conversion from 'size_t' to 'unsigned int', possible loss of data
  (compiling source file 'Game.cpp')
  
C:\Users\86180\Documents\OpenGL4d_20240329_114830\OpenGL4d\OpenGL2\Collider.h(103,92): warning C4267: 'argument': conversion from 'size_t' to 'unsigned int', possible loss of data
  (compiling source file 'Game.cpp')
  
C:\Users\86180\Documents\OpenGL4d_20240329_114830\OpenGL4d\OpenGL2\Collider.h(104,90): warning C4267: 'argument': conversion from 'size_t' to 'unsigned int', possible loss of data
  (compiling source file 'Game.cpp')
  
C:\Users\86180\Documents\OpenGL4d_20240329_114830\OpenGL4d\OpenGL2\Collider.h(105,37): warning C4267: 'argument': conversion from 'size_t' to 'int', possible loss of data
  (compiling source file 'Game.cpp')
  
C:\Users\86180\Documents\OpenGL4d_20240329_114830\OpenGL4d\OpenGL2\Collider.h(110,103): warning C4267: 'argument': conversion from 'size_t' to 'unsigned int', possible loss of data
  (compiling source file 'Game.cpp')
  
C:\Users\86180\Documents\OpenGL4d_20240329_114830\OpenGL4d\OpenGL2\Collider.h(111,69): warning C4267: 'argument': conversion from 'size_t' to 'unsigned int', possible loss of data
  (compiling source file 'Game.cpp')
  
C:\Users\86180\Documents\OpenGL4d_20240329_114830\OpenGL4d\OpenGL2\Collider.h(115,151): warning C4267: 'argument': conversion from 'size_t' to 'unsigned int', possible loss of data
  (compiling source file 'Game.cpp')
  
C:\Users\86180\Documents\OpenGL4d_20240329_114830\OpenGL4d\OpenGL2\Collider.h(116,149): warning C4267: 'argument': conversion from 'size_t' to 'unsigned int', possible loss of data
  (compiling source file 'Game.cpp')
  
C:\Users\86180\Documents\OpenGL4d_20240329_114830\OpenGL4d\OpenGL2\Collider.h(120,107): warning C4267: 'argument': conversion from 'size_t' to 'unsigned int', possible loss of data
  (compiling source file 'Game.cpp')
  
C:\Users\86180\Documents\OpenGL4d_20240329_114830\OpenGL4d\OpenGL2\Collider.h(121,104): warning C4267: 'argument': conversion from 'size_t' to 'unsigned int', possible loss of data
  (compiling source file 'Game.cpp')
  
C:\Users\86180\Documents\OpenGL4d_20240329_114830\OpenGL4d\OpenGL2\Collider.h(122,110): warning C4267: 'argument': conversion from 'size_t' to 'unsigned int', possible loss of data
  (compiling source file 'Game.cpp')
  
C:\Users\86180\Documents\OpenGL4d_20240329_114830\OpenGL4d\OpenGL2\Collider.h(123,108): warning C4267: 'argument': conversion from 'size_t' to 'unsigned int', possible loss of data
  (compiling source file 'Game.cpp')
  
C:\Users\86180\Documents\OpenGL4d_20240329_114830\OpenGL4d\OpenGL2\Collider.h(124,128): warning C4267: 'argument': conversion from 'size_t' to 'int', possible loss of data
  (compiling source file 'Game.cpp')
  
C:\Users\86180\Documents\OpenGL4d_20240329_114830\OpenGL4d\OpenGL2\Collider.h(125,78): warning C4267: 'argument': conversion from 'size_t' to 'int', possible loss of data
  (compiling source file 'Game.cpp')
  
C:\Users\86180\Documents\OpenGL4d_20240329_114830\OpenGL4d\OpenGL2\Collider.h(127,122): warning C4267: 'argument': conversion from 'size_t' to 'unsigned int', possible loss of data
  (compiling source file 'Game.cpp')
  
C:\Users\86180\Documents\OpenGL4d_20240329_114830\OpenGL4d\OpenGL2\Collider.h(128,63): warning C4267: 'argument': conversion from 'size_t' to 'unsigned int', possible loss of data
  (compiling source file 'Game.cpp')
  
C:\Users\86180\Documents\OpenGL4d_20240329_114830\OpenGL4d\OpenGL2\Collider.h(157,25): warning C4018: '<': signed/unsigned mismatch
  (compiling source file 'Game.cpp')
  
C:\Users\86180\Documents\OpenGL4d_20240329_114830\OpenGL4d\OpenGL2\Collider.h(168,199): warning C4244: 'argument': conversion from 'int' to 'T', possible loss of data
C:\Users\86180\Documents\OpenGL4d_20240329_114830\OpenGL4d\OpenGL2\Collider.h(168,199): warning C4244:         with
C:\Users\86180\Documents\OpenGL4d_20240329_114830\OpenGL4d\OpenGL2\Collider.h(168,199): warning C4244:         [
C:\Users\86180\Documents\OpenGL4d_20240329_114830\OpenGL4d\OpenGL2\Collider.h(168,199): warning C4244:             T=float
C:\Users\86180\Documents\OpenGL4d_20240329_114830\OpenGL4d\OpenGL2\Collider.h(168,199): warning C4244:         ]
  (compiling source file 'Game.cpp')
  
C:\Users\86180\Documents\OpenGL4d_20240329_114830\OpenGL4d\OpenGL2\Collider.h(173,199): warning C4244: 'argument': conversion from 'int' to 'T', possible loss of data
C:\Users\86180\Documents\OpenGL4d_20240329_114830\OpenGL4d\OpenGL2\Collider.h(173,199): warning C4244:         with
C:\Users\86180\Documents\OpenGL4d_20240329_114830\OpenGL4d\OpenGL2\Collider.h(173,199): warning C4244:         [
C:\Users\86180\Documents\OpenGL4d_20240329_114830\OpenGL4d\OpenGL2\Collider.h(173,199): warning C4244:             T=float
C:\Users\86180\Documents\OpenGL4d_20240329_114830\OpenGL4d\OpenGL2\Collider.h(173,199): warning C4244:         ]
  (compiling source file 'Game.cpp')
  
C:\Users\86180\Documents\OpenGL4d_20240329_114830\OpenGL4d\OpenGL2\Collider.h(228,25): warning C4018: '<': signed/unsigned mismatch
  (compiling source file 'Game.cpp')
  
C:\Users\86180\Documents\OpenGL4d_20240329_114830\OpenGL4d\OpenGL2\Keyboard.h(193,66): warning C4267: 'argument': conversion from 'size_t' to 'int', possible loss of data
  (compiling source file 'Game.cpp')
  
C:\Users\86180\Documents\OpenGL4d_20240329_114830\OpenGL4d\OpenGL2\Keyboard.h(197,65): warning C4267: 'argument': conversion from 'size_t' to 'int', possible loss of data
  (compiling source file 'Game.cpp')
  
C:\Users\86180\Documents\OpenGL4d_20240329_114830\OpenGL4d\OpenGL2\Keyboard.h(390,40): warning C4244: 'argument': conversion from 'int' to 'GLfloat', possible loss of data
  (compiling source file 'Game.cpp')
  
C:\Users\86180\Documents\OpenGL4d_20240329_114830\OpenGL4d\OpenGL2\Keyboard.h(435,133): warning C4267: 'argument': conversion from 'size_t' to 'unsigned int', possible loss of data
  (compiling source file 'Game.cpp')
  
C:\Users\86180\Documents\OpenGL4d_20240329_114830\OpenGL4d\OpenGL2\Keyboard.h(436,137): warning C4267: 'argument': conversion from 'size_t' to 'unsigned int', possible loss of data
  (compiling source file 'Game.cpp')
  
C:\Users\86180\Documents\OpenGL4d_20240329_114830\OpenGL4d\OpenGL2\Keyboard.h(459,98): warning C4267: 'argument': conversion from 'size_t' to 'unsigned int', possible loss of data
  (compiling source file 'Game.cpp')
  
C:\Users\86180\Documents\OpenGL4d_20240329_114830\OpenGL4d\OpenGL2\Keyboard.h(460,102): warning C4267: 'argument': conversion from 'size_t' to 'unsigned int', possible loss of data
  (compiling source file 'Game.cpp')
  
C:\Users\86180\Documents\OpenGL4d_20240329_114830\OpenGL4d\OpenGL2\Keyboard.h(479,128): warning C4267: 'argument': conversion from 'size_t' to 'int', possible loss of data
  (compiling source file 'Game.cpp')
  
C:\Users\86180\Documents\OpenGL4d_20240329_114830\OpenGL4d\OpenGL2\Keyboard.h(485,133): warning C4267: 'argument': conversion from 'size_t' to 'unsigned int', possible loss of data
  (compiling source file 'Game.cpp')
  
C:\Users\86180\Documents\OpenGL4d_20240329_114830\OpenGL4d\OpenGL2\Keyboard.h(486,137): warning C4267: 'argument': conversion from 'size_t' to 'unsigned int', possible loss of data
  (compiling source file 'Game.cpp')
  
C:\Users\86180\Documents\OpenGL4d_20240329_114830\OpenGL4d\OpenGL2\Keyboard.h(492,98): warning C4267: 'argument': conversion from 'size_t' to 'unsigned int', possible loss of data
  (compiling source file 'Game.cpp')
  
C:\Users\86180\Documents\OpenGL4d_20240329_114830\OpenGL4d\OpenGL2\Keyboard.h(493,102): warning C4267: 'argument': conversion from 'size_t' to 'unsigned int', possible loss of data
  (compiling source file 'Game.cpp')
  
C:\Users\86180\Documents\OpenGL4d_20240329_114830\OpenGL4d\OpenGL2\Keyboard.h(500,92): warning C4267: 'argument': conversion from 'size_t' to 'unsigned int', possible loss of data
  (compiling source file 'Game.cpp')
  
C:\Users\86180\Documents\OpenGL4d_20240329_114830\OpenGL4d\OpenGL2\Keyboard.h(501,96): warning C4267: 'argument': conversion from 'size_t' to 'unsigned int', possible loss of data
  (compiling source file 'Game.cpp')
  
C:\Users\86180\Documents\OpenGL4d_20240329_114830\OpenGL4d\OpenGL2\Keyboard.h(506,92): warning C4267: 'argument': conversion from 'size_t' to 'unsigned int', possible loss of data
  (compiling source file 'Game.cpp')
  
C:\Users\86180\Documents\OpenGL4d_20240329_114830\OpenGL4d\OpenGL2\Keyboard.h(507,96): warning C4267: 'argument': conversion from 'size_t' to 'unsigned int', possible loss of data
  (compiling source file 'Game.cpp')
  
C:\Users\86180\Documents\OpenGL4d_20240329_114830\OpenGL4d\OpenGL2\Keyboard.h(528,17): warning C4267: 'initializing': conversion from 'size_t' to 'int', possible loss of data
  (compiling source file 'Game.cpp')
  
C:\Users\86180\Documents\OpenGL4d_20240329_114830\OpenGL4d\OpenGL2\Keyboard.h(563,17): warning C4267: 'initializing': conversion from 'size_t' to 'int', possible loss of data
  (compiling source file 'Game.cpp')
  
C:\Users\86180\Documents\OpenGL4d_20240329_114830\OpenGL4d\OpenGL2\Keyboard.h(642,52): warning C4267: 'argument': conversion from 'size_t' to 'int', possible loss of data
  (compiling source file 'Game.cpp')
  
C:\Users\86180\Documents\OpenGL4d_20240329_114830\OpenGL4d\OpenGL2\Keyboard.h(646,50): warning C4267: 'argument': conversion from 'size_t' to 'int', possible loss of data
  (compiling source file 'Game.cpp')
  
C:\Users\86180\Documents\OpenGL4d_20240329_114830\OpenGL4d\OpenGL2\Keyboard.h(224,31): warning C4390: ';': empty controlled statement found; is this the intent?
  (compiling source file 'Game.cpp')
  
  main.cpp
C:\Users\86180\Documents\OpenGL4d_20240329_114830\OpenGL4d\OpenGL2\Texture.h(220,16): warning C4244: 'initializing': conversion from 'T' to 'int', possible loss of data
C:\Users\86180\Documents\OpenGL4d_20240329_114830\OpenGL4d\OpenGL2\Texture.h(220,16): warning C4244:         with
C:\Users\86180\Documents\OpenGL4d_20240329_114830\OpenGL4d\OpenGL2\Texture.h(220,16): warning C4244:         [
C:\Users\86180\Documents\OpenGL4d_20240329_114830\OpenGL4d\OpenGL2\Texture.h(220,16): warning C4244:             T=float
C:\Users\86180\Documents\OpenGL4d_20240329_114830\OpenGL4d\OpenGL2\Texture.h(220,16): warning C4244:         ]
  (compiling source file 'main.cpp')
  
C:\Users\86180\Documents\OpenGL4d_20240329_114830\OpenGL4d\OpenGL2\Texture.h(222,17): warning C4244: 'initializing': conversion from 'T' to 'int', possible loss of data
C:\Users\86180\Documents\OpenGL4d_20240329_114830\OpenGL4d\OpenGL2\Texture.h(222,17): warning C4244:         with
C:\Users\86180\Documents\OpenGL4d_20240329_114830\OpenGL4d\OpenGL2\Texture.h(222,17): warning C4244:         [
C:\Users\86180\Documents\OpenGL4d_20240329_114830\OpenGL4d\OpenGL2\Texture.h(222,17): warning C4244:             T=float
C:\Users\86180\Documents\OpenGL4d_20240329_114830\OpenGL4d\OpenGL2\Texture.h(222,17): warning C4244:         ]
  (compiling source file 'main.cpp')
  
C:\Users\86180\Documents\OpenGL4d_20240329_114830\OpenGL4d\OpenGL2\Texture.h(224,18): warning C4244: 'initializing': conversion from 'T' to 'int', possible loss of data
C:\Users\86180\Documents\OpenGL4d_20240329_114830\OpenGL4d\OpenGL2\Texture.h(224,18): warning C4244:         with
C:\Users\86180\Documents\OpenGL4d_20240329_114830\OpenGL4d\OpenGL2\Texture.h(224,18): warning C4244:         [
C:\Users\86180\Documents\OpenGL4d_20240329_114830\OpenGL4d\OpenGL2\Texture.h(224,18): warning C4244:             T=float
C:\Users\86180\Documents\OpenGL4d_20240329_114830\OpenGL4d\OpenGL2\Texture.h(224,18): warning C4244:         ]
  (compiling source file 'main.cpp')
  
C:\Users\86180\Documents\OpenGL4d_20240329_114830\OpenGL4d\OpenGL2\Texture.h(239,16): warning C4244: 'initializing': conversion from 'T' to 'int', possible loss of data
C:\Users\86180\Documents\OpenGL4d_20240329_114830\OpenGL4d\OpenGL2\Texture.h(239,16): warning C4244:         with
C:\Users\86180\Documents\OpenGL4d_20240329_114830\OpenGL4d\OpenGL2\Texture.h(239,16): warning C4244:         [
C:\Users\86180\Documents\OpenGL4d_20240329_114830\OpenGL4d\OpenGL2\Texture.h(239,16): warning C4244:             T=float
C:\Users\86180\Documents\OpenGL4d_20240329_114830\OpenGL4d\OpenGL2\Texture.h(239,16): warning C4244:         ]
  (compiling source file 'main.cpp')
  
C:\Users\86180\Documents\OpenGL4d_20240329_114830\OpenGL4d\OpenGL2\Texture.h(241,17): warning C4244: 'initializing': conversion from 'T' to 'int', possible loss of data
C:\Users\86180\Documents\OpenGL4d_20240329_114830\OpenGL4d\OpenGL2\Texture.h(241,17): warning C4244:         with
C:\Users\86180\Documents\OpenGL4d_20240329_114830\OpenGL4d\OpenGL2\Texture.h(241,17): warning C4244:         [
C:\Users\86180\Documents\OpenGL4d_20240329_114830\OpenGL4d\OpenGL2\Texture.h(241,17): warning C4244:             T=float
C:\Users\86180\Documents\OpenGL4d_20240329_114830\OpenGL4d\OpenGL2\Texture.h(241,17): warning C4244:         ]
  (compiling source file 'main.cpp')
  
C:\Users\86180\Documents\OpenGL4d_20240329_114830\OpenGL4d\OpenGL2\Texture.h(243,18): warning C4244: 'initializing': conversion from 'T' to 'int', possible loss of data
C:\Users\86180\Documents\OpenGL4d_20240329_114830\OpenGL4d\OpenGL2\Texture.h(243,18): warning C4244:         with
C:\Users\86180\Documents\OpenGL4d_20240329_114830\OpenGL4d\OpenGL2\Texture.h(243,18): warning C4244:         [
C:\Users\86180\Documents\OpenGL4d_20240329_114830\OpenGL4d\OpenGL2\Texture.h(243,18): warning C4244:             T=float
C:\Users\86180\Documents\OpenGL4d_20240329_114830\OpenGL4d\OpenGL2\Texture.h(243,18): warning C4244:         ]
  (compiling source file 'main.cpp')
  
C:\Users\86180\Documents\OpenGL4d_20240329_114830\OpenGL4d\OpenGL2\Texture.h(271,83): warning C4244: 'argument': conversion from 'float' to 'GLint', possible loss of data
  (compiling source file 'main.cpp')
  
C:\Users\86180\Documents\OpenGL4d_20240329_114830\OpenGL4d\OpenGL2\Texture.h(271,61): warning C4244: 'argument': conversion from 'float' to 'GLint', possible loss of data
  (compiling source file 'main.cpp')
  
C:\Users\86180\Documents\OpenGL4d_20240329_114830\OpenGL4d\OpenGL2\Texture.h(271,39): warning C4244: 'argument': conversion from 'float' to 'GLint', possible loss of data
  (compiling source file 'main.cpp')
  
C:\Users\86180\Documents\OpenGL4d_20240329_114830\OpenGL4d\OpenGL2\mod.h(113,18): warning C4244: 'initializing': conversion from 'double' to 'float', possible loss of data
  (compiling source file 'main.cpp')
  
C:\Users\86180\Documents\OpenGL4d_20240329_114830\OpenGL4d\OpenGL2\mod.h(114,19): warning C4244: 'initializing': conversion from 'double' to 'float', possible loss of data
  (compiling source file 'main.cpp')
  
C:\Users\86180\Documents\OpenGL4d_20240329_114830\OpenGL4d\OpenGL2\mod.h(116,21): warning C4244: 'initializing': conversion from 'double' to 'float', possible loss of data
  (compiling source file 'main.cpp')
  
C:\Users\86180\Documents\OpenGL4d_20240329_114830\OpenGL4d\OpenGL2\mod.h(117,22): warning C4244: 'initializing': conversion from 'double' to 'float', possible loss of data
  (compiling source file 'main.cpp')
  
C:\Users\86180\Documents\OpenGL4d_20240329_114830\OpenGL4d\OpenGL2\mod.h(125,38): warning C4244: 'argument': conversion from 'double' to 'float', possible loss of data
  (compiling source file 'main.cpp')
  
C:\Users\86180\Documents\OpenGL4d_20240329_114830\OpenGL4d\OpenGL2\mod.h(123,24): warning C4244: 'argument': conversion from 'double' to 'float', possible loss of data
  (compiling source file 'main.cpp')
  
C:\Users\86180\Documents\OpenGL4d_20240329_114830\OpenGL4d\OpenGL2\mod.h(223,19): warning C4244: 'argument': conversion from 'double' to 'float', possible loss of data
  (compiling source file 'main.cpp')
  
C:\Users\86180\Documents\OpenGL4d_20240329_114830\OpenGL4d\OpenGL2\mod.h(229,19): warning C4244: 'argument': conversion from 'double' to 'float', possible loss of data
  (compiling source file 'main.cpp')
  
C:\Users\86180\Documents\OpenGL4d_20240329_114830\OpenGL4d\OpenGL2\mod.h(250,16): warning C4244: 'initializing': conversion from 'double' to 'float', possible loss of data
  (compiling source file 'main.cpp')
  
C:\Users\86180\Documents\OpenGL4d_20240329_114830\OpenGL4d\OpenGL2\mod.h(255,17): warning C4244: 'initializing': conversion from 'double' to 'float', possible loss of data
  (compiling source file 'main.cpp')
  
C:\Users\86180\Documents\OpenGL4d_20240329_114830\OpenGL4d\OpenGL2\mod.h(262,20): warning C4244: 'initializing': conversion from 'double' to 'float', possible loss of data
  (compiling source file 'main.cpp')
  
C:\Users\86180\Documents\OpenGL4d_20240329_114830\OpenGL4d\OpenGL2\mod.h(278,21): warning C4244: 'initializing': conversion from 'double' to 'float', possible loss of data
  (compiling source file 'main.cpp')
  
C:\Users\86180\Documents\OpenGL4d_20240329_114830\OpenGL4d\OpenGL2\mod.h(335,3): warning C4244: 'return': conversion from 'double' to 'float', possible loss of data
  (compiling source file 'main.cpp')
  
C:\Users\86180\Documents\OpenGL4d_20240329_114830\OpenGL4d\OpenGL2\Primitives4D.h(1292,29): warning C4267: 'initializing': conversion from 'size_t' to 'unsigned int', possible loss of data
  (compiling source file 'main.cpp')
  
C:\Users\86180\Documents\OpenGL4d_20240329_114830\OpenGL4d\OpenGL2\Primitives4D.h(1311,14): warning C4267: 'initializing': conversion from 'size_t' to 'int', possible loss of data
  (compiling source file 'main.cpp')
  
C:\Users\86180\Documents\OpenGL4d_20240329_114830\OpenGL4d\OpenGL2\Primitives4D.h(1312,14): warning C4267: 'initializing': conversion from 'size_t' to 'int', possible loss of data
  (compiling source file 'main.cpp')
  
C:\Users\86180\Documents\OpenGL4d_20240329_114830\OpenGL4d\OpenGL2\Primitives4D.h(1313,14): warning C4267: 'initializing': conversion from 'size_t' to 'int', possible loss of data
  (compiling source file 'main.cpp')
  
C:\Users\86180\Documents\OpenGL4d_20240329_114830\OpenGL4d\OpenGL2\Mesh.h(598,53): warning C4267: '=': conversion from 'size_t' to 'unsigned int', possible loss of data
  (compiling source file 'main.cpp')
  
C:\Users\86180\Documents\OpenGL4d_20240329_114830\OpenGL4d\OpenGL2\Mesh.h(599,51): warning C4267: '=': conversion from 'size_t' to 'unsigned int', possible loss of data
  (compiling source file 'main.cpp')
  
C:\Users\86180\Documents\OpenGL4d_20240329_114830\OpenGL4d\OpenGL2\Line.h(242,39): warning C4018: '<': signed/unsigned mismatch
  (compiling source file 'main.cpp')
  
C:\Users\86180\Documents\OpenGL4d_20240329_114830\OpenGL4d\OpenGL2\Light.h(285,33): warning C4267: 'argument': conversion from 'size_t' to 'GLint', possible loss of data
  (compiling source file 'main.cpp')
  
C:\Users\86180\Documents\OpenGL4d_20240329_114830\OpenGL4d\OpenGL2\Light.h(287,33): warning C4267: 'argument': conversion from 'size_t' to 'GLint', possible loss of data
  (compiling source file 'main.cpp')
  
C:\Program Files (x86)\Windows Kits\10\Include\10.0.22000.0\shared\minwindef.h(130,1): warning C4005: 'APIENTRY': macro redefinition
  (compiling source file 'main.cpp')
  C:\Users\86180\Documents\OpenGL4d_20240329_114830\OpenGL4d\Dependencies_64x\GLFW\include\GLFW\glfw3.h(123,1):
  see previous definition of 'APIENTRY'
  
C:\Users\86180\Documents\OpenGL4d_20240329_114830\OpenGL4d\OpenGL2\Joint.h(237,2): warning C4091: 'static ': ignored on left of 'HingeConstraint4D' when no variable is declared
  (compiling source file 'main.cpp')
  
C:\Users\86180\Documents\OpenGL4d_20240329_114830\OpenGL4d\OpenGL2\ObjectLists.h(95,29): warning C4018: '>=': signed/unsigned mismatch
  (compiling source file 'main.cpp')
  
C:\Users\86180\Documents\OpenGL4d_20240329_114830\OpenGL4d\OpenGL2\ObjectLists.h(99,29): warning C4018: '>=': signed/unsigned mismatch
  (compiling source file 'main.cpp')
  
C:\Users\86180\Documents\OpenGL4d_20240329_114830\OpenGL4d\OpenGL2\ObjectLists.h(106,30): warning C4018: '>=': signed/unsigned mismatch
  (compiling source file 'main.cpp')
  
C:\Users\86180\Documents\OpenGL4d_20240329_114830\OpenGL4d\OpenGL2\ObjectLists.h(110,30): warning C4018: '>=': signed/unsigned mismatch
  (compiling source file 'main.cpp')
  
C:\Users\86180\Documents\OpenGL4d_20240329_114830\OpenGL4d\OpenGL2\ObjectLists.h(117,37): warning C4018: '>=': signed/unsigned mismatch
  (compiling source file 'main.cpp')
  
C:\Users\86180\Documents\OpenGL4d_20240329_114830\OpenGL4d\OpenGL2\ObjectLists.h(121,37): warning C4018: '>=': signed/unsigned mismatch
  (compiling source file 'main.cpp')
  
C:\Users\86180\Documents\OpenGL4d_20240329_114830\OpenGL4d\OpenGL2\ObjectLists.h(139,56): warning C4267: '+=': conversion from 'size_t' to 'int', possible loss of data
  (compiling source file 'main.cpp')
  
C:\Users\86180\Documents\OpenGL4d_20240329_114830\OpenGL4d\OpenGL2\ObjectLists.h(155,56): warning C4267: '+=': conversion from 'size_t' to 'int', possible loss of data
  (compiling source file 'main.cpp')
  
C:\Users\86180\Documents\OpenGL4d_20240329_114830\OpenGL4d\OpenGL2\ObjectLists.h(172,19): warning C4267: 'initializing': conversion from 'size_t' to 'unsigned int', possible loss of data
  (compiling source file 'main.cpp')
  
C:\Users\86180\Documents\OpenGL4d_20240329_114830\OpenGL4d\OpenGL2\ObjectLists.h(173,15): warning C4018: '<': signed/unsigned mismatch
  (compiling source file 'main.cpp')
  
C:\Users\86180\Documents\OpenGL4d_20240329_114830\OpenGL4d\OpenGL2\ObjectLists.h(184,60): warning C4267: '+=': conversion from 'size_t' to 'int', possible loss of data
  (compiling source file 'main.cpp')
  
C:\Users\86180\Documents\OpenGL4d_20240329_114830\OpenGL4d\OpenGL2\ObjectLists.h(205,62): warning C4267: '+=': conversion from 'size_t' to 'int', possible loss of data
  (compiling source file 'main.cpp')
  
C:\Users\86180\Documents\OpenGL4d_20240329_114830\OpenGL4d\OpenGL2\ObjectLists.h(222,56): warning C4267: '+=': conversion from 'size_t' to 'int', possible loss of data
  (compiling source file 'main.cpp')
  
C:\Users\86180\Documents\OpenGL4d_20240329_114830\OpenGL4d\OpenGL2\ObjectLists.h(246,62): warning C4267: '+=': conversion from 'size_t' to 'int', possible loss of data
  (compiling source file 'main.cpp')
  
C:\Users\86180\Documents\OpenGL4d_20240329_114830\OpenGL4d\OpenGL2\ObjectLists.h(293,60): warning C4267: '+=': conversion from 'size_t' to 'int', possible loss of data
  (compiling source file 'main.cpp')
  
C:\Users\86180\Documents\OpenGL4d_20240329_114830\OpenGL4d\OpenGL2\ObjectLists.h(316,60): warning C4267: '+=': conversion from 'size_t' to 'int', possible loss of data
  (compiling source file 'main.cpp')
  
C:\Users\86180\Documents\OpenGL4d_20240329_114830\OpenGL4d\OpenGL2\body.h(42,33): warning C4244: 'argument': conversion from 'double' to 'const float', possible loss of data
  (compiling source file 'main.cpp')
  
C:\Users\86180\Documents\OpenGL4d_20240329_114830\OpenGL4d\OpenGL2\Animation.h(248,22): warning C4018: '>=': signed/unsigned mismatch
  (compiling source file 'main.cpp')
  
C:\Users\86180\Documents\OpenGL4d_20240329_114830\OpenGL4d\OpenGL2\Animation.h(255,24): warning C4018: '>=': signed/unsigned mismatch
  (compiling source file 'main.cpp')
  
C:\Users\86180\Documents\OpenGL4d_20240329_114830\OpenGL4d\OpenGL2\Animation.h(259,24): warning C4018: '>=': signed/unsigned mismatch
  (compiling source file 'main.cpp')
  
C:\Users\86180\Documents\OpenGL4d_20240329_114830\OpenGL4d\OpenGL2\LoadAndSave.h(146,21): warning C4018: '<': signed/unsigned mismatch
  (compiling source file 'main.cpp')
  
C:\Users\86180\Documents\OpenGL4d_20240329_114830\OpenGL4d\OpenGL2\LoadAndSave.h(150,21): warning C4018: '<': signed/unsigned mismatch
  (compiling source file 'main.cpp')
  
C:\Users\86180\Documents\OpenGL4d_20240329_114830\OpenGL4d\OpenGL2\LoadAndSave.h(357,23): warning C4018: '<': signed/unsigned mismatch
  (compiling source file 'main.cpp')
  
C:\Users\86180\Documents\OpenGL4d_20240329_114830\OpenGL4d\OpenGL2\LoadAndSave.h(361,23): warning C4018: '<': signed/unsigned mismatch
  (compiling source file 'main.cpp')
  
C:\Users\86180\Documents\OpenGL4d_20240329_114830\OpenGL4d\OpenGL2\gjk.h(175,27): warning C4018: '<': signed/unsigned mismatch
  (compiling source file 'main.cpp')
  
C:\Users\86180\Documents\OpenGL4d_20240329_114830\OpenGL4d\OpenGL2\gjk.h(217,27): warning C4018: '<': signed/unsigned mismatch
  (compiling source file 'main.cpp')
  
C:\Users\86180\Documents\OpenGL4d_20240329_114830\OpenGL4d\OpenGL2\gjk.h(307,27): warning C4018: '<': signed/unsigned mismatch
  (compiling source file 'main.cpp')
  
C:\Users\86180\Documents\OpenGL4d_20240329_114830\OpenGL4d\OpenGL2\gjk.h(316,27): warning C4018: '<': signed/unsigned mismatch
  (compiling source file 'main.cpp')
  
C:\Users\86180\Documents\OpenGL4d_20240329_114830\OpenGL4d\OpenGL2\gjk.h(389,27): warning C4018: '<': signed/unsigned mismatch
  (compiling source file 'main.cpp')
  
C:\Users\86180\Documents\OpenGL4d_20240329_114830\OpenGL4d\OpenGL2\gjk.h(622,2): warning C4091: 'static ': ignored on left of 'Simplex' when no variable is declared
  (compiling source file 'main.cpp')
  
C:\Users\86180\Documents\OpenGL4d_20240329_114830\OpenGL4d\OpenGL2\gjk.h(477,24): warning C4267: 'initializing': conversion from 'size_t' to 'int', possible loss of data
  (compiling source file 'main.cpp')
  
C:\Users\86180\Documents\OpenGL4d_20240329_114830\OpenGL4d\OpenGL2\gjk.h(739,54): warning C4267: '=': conversion from 'size_t' to 'unsigned int', possible loss of data
  (compiling source file 'main.cpp')
  
C:\Users\86180\Documents\OpenGL4d_20240329_114830\OpenGL4d\OpenGL2\gjk.h(783,31): warning C4267: 'initializing': conversion from 'size_t' to 'unsigned int', possible loss of data
  (compiling source file 'main.cpp')
  
C:\Users\86180\Documents\OpenGL4d_20240329_114830\OpenGL4d\OpenGL2\gjk.h(784,40): warning C4267: 'initializing': conversion from 'size_t' to 'unsigned int', possible loss of data
  (compiling source file 'main.cpp')
  
C:\Users\86180\Documents\OpenGL4d_20240329_114830\OpenGL4d\OpenGL2\gjk.h(786,31): warning C4018: '<': signed/unsigned mismatch
  (compiling source file 'main.cpp')
  
C:\Users\86180\Documents\OpenGL4d_20240329_114830\OpenGL4d\OpenGL2\gjk.h(877,35): warning C4018: '<': signed/unsigned mismatch
  (compiling source file 'main.cpp')
  
C:\Users\86180\Documents\OpenGL4d_20240329_114830\OpenGL4d\OpenGL2\gjk.h(1012,28): warning C4267: 'initializing': conversion from 'size_t' to 'unsigned int', possible loss of data
  (compiling source file 'main.cpp')
  
C:\Users\86180\Documents\OpenGL4d_20240329_114830\OpenGL4d\OpenGL2\colliderPhy.h(12,2): warning C4091: 'static ': ignored on left of 'Collider' when no variable is declared
  (compiling source file 'main.cpp')
  
C:\Users\86180\Documents\OpenGL4d_20240329_114830\OpenGL4d\OpenGL2\colliderPhy.h(19,2): warning C4091: 'static ': ignored on left of 'CollisionManifold' when no variable is declared
  (compiling source file 'main.cpp')
  
C:\Users\86180\Documents\OpenGL4d_20240329_114830\OpenGL4d\OpenGL2\colliderPhy.h(38,2): warning C4091: 'static ': ignored on left of 'Collision' when no variable is declared
  (compiling source file 'main.cpp')
  
C:\Users\86180\Documents\OpenGL4d_20240329_114830\OpenGL4d\OpenGL2\colliderPhy.h(47,2): warning C4091: 'static ': ignored on left of 'VertexCellContact' when no variable is declared
  (compiling source file 'main.cpp')
  
C:\Users\86180\Documents\OpenGL4d_20240329_114830\OpenGL4d\OpenGL2\colliderPhy.h(58,2): warning C4091: 'static ': ignored on left of 'EdgeFaceContact' when no variable is declared
  (compiling source file 'main.cpp')
  
C:\Users\86180\Documents\OpenGL4d_20240329_114830\OpenGL4d\OpenGL2\colliderPhy.h(64,2): warning C4091: 'static ': ignored on left of 'ContactData' when no variable is declared
  (compiling source file 'main.cpp')
  
C:\Users\86180\Documents\OpenGL4d_20240329_114830\OpenGL4d\OpenGL2\colliderPhy.h(70,2): warning C4091: 'static ': ignored on left of 'ContactAxis' when no variable is declared
  (compiling source file 'main.cpp')
  
C:\Users\86180\Documents\OpenGL4d_20240329_114830\OpenGL4d\OpenGL2\colliderPhy.h(78,2): warning C4091: 'static ': ignored on left of 'AxisResult' when no variable is declared
  (compiling source file 'main.cpp')
  
C:\Users\86180\Documents\OpenGL4d_20240329_114830\OpenGL4d\OpenGL2\colliderPhy.h(414,27): warning C4018: '<': signed/unsigned mismatch
  (compiling source file 'main.cpp')
  
C:\Users\86180\Documents\OpenGL4d_20240329_114830\OpenGL4d\OpenGL2\colliderPhy.h(629,47): warning C4267: '=': conversion from 'size_t' to 'unsigned int', possible loss of data
  (compiling source file 'main.cpp')
  
C:\Users\86180\Documents\OpenGL4d_20240329_114830\OpenGL4d\OpenGL2\colliderPhy.h(617,23): warning C4101: 'detectPos4D0': unreferenced local variable
  (compiling source file 'main.cpp')
  
C:\Users\86180\Documents\OpenGL4d_20240329_114830\OpenGL4d\OpenGL2\colliderPhy.h(1101,134): warning C4244: 'argument': conversion from 'unsigned __int64' to 'float', possible loss of data
  (compiling source file 'main.cpp')
  
C:\Users\86180\Documents\OpenGL4d_20240329_114830\OpenGL4d\OpenGL2\colliderPhy.h(1101,111): warning C4244: 'argument': conversion from 'unsigned __int64' to 'float', possible loss of data
  (compiling source file 'main.cpp')
  
C:\Users\86180\Documents\OpenGL4d_20240329_114830\OpenGL4d\OpenGL2\colliderPhy.h(1108,134): warning C4244: 'argument': conversion from 'unsigned __int64' to 'float', possible loss of data
  (compiling source file 'main.cpp')
  
C:\Users\86180\Documents\OpenGL4d_20240329_114830\OpenGL4d\OpenGL2\colliderPhy.h(1108,111): warning C4244: 'argument': conversion from 'unsigned __int64' to 'float', possible loss of data
  (compiling source file 'main.cpp')
  
C:\Users\86180\Documents\OpenGL4d_20240329_114830\OpenGL4d\OpenGL2\colliderPhy.h(1115,161): warning C4244: 'argument': conversion from 'unsigned __int64' to 'float', possible loss of data
  (compiling source file 'main.cpp')
  
C:\Users\86180\Documents\OpenGL4d_20240329_114830\OpenGL4d\OpenGL2\colliderPhy.h(1115,114): warning C4244: 'argument': conversion from 'unsigned __int64' to 'float', possible loss of data
  (compiling source file 'main.cpp')
  
C:\Users\86180\Documents\OpenGL4d_20240329_114830\OpenGL4d\OpenGL2\colliderPhy.h(1119,161): warning C4244: 'argument': conversion from 'unsigned __int64' to 'float', possible loss of data
  (compiling source file 'main.cpp')
  
C:\Users\86180\Documents\OpenGL4d_20240329_114830\OpenGL4d\OpenGL2\colliderPhy.h(1119,114): warning C4244: 'argument': conversion from 'unsigned __int64' to 'float', possible loss of data
  (compiling source file 'main.cpp')
  
C:\Users\86180\Documents\OpenGL4d_20240329_114830\OpenGL4d\OpenGL2\colliderPhy.h(1159,51): warning C4267: '=': conversion from 'size_t' to 'unsigned int', possible loss of data
  (compiling source file 'main.cpp')
  
C:\Users\86180\Documents\OpenGL4d_20240329_114830\OpenGL4d\OpenGL2\colliderPhy.h(1277,126): warning C4244: 'argument': conversion from 'unsigned __int64' to 'float', possible loss of data
  (compiling source file 'main.cpp')
  
C:\Users\86180\Documents\OpenGL4d_20240329_114830\OpenGL4d\OpenGL2\colliderPhy.h(1277,103): warning C4244: 'argument': conversion from 'unsigned __int64' to 'float', possible loss of data
  (compiling source file 'main.cpp')
  
C:\Users\86180\Documents\OpenGL4d_20240329_114830\OpenGL4d\OpenGL2\colliderPhy.h(1299,122): warning C4244: 'argument': conversion from 'unsigned __int64' to 'float', possible loss of data
  (compiling source file 'main.cpp')
  
C:\Users\86180\Documents\OpenGL4d_20240329_114830\OpenGL4d\OpenGL2\colliderPhy.h(1299,99): warning C4244: 'argument': conversion from 'unsigned __int64' to 'float', possible loss of data
  (compiling source file 'main.cpp')
  
C:\Users\86180\Documents\OpenGL4d_20240329_114830\OpenGL4d\OpenGL2\colliderPhy.h(1320,126): warning C4244: 'argument': conversion from 'unsigned __int64' to 'float', possible loss of data
  (compiling source file 'main.cpp')
  
C:\Users\86180\Documents\OpenGL4d_20240329_114830\OpenGL4d\OpenGL2\colliderPhy.h(1320,103): warning C4244: 'argument': conversion from 'unsigned __int64' to 'float', possible loss of data
  (compiling source file 'main.cpp')
  
C:\Users\86180\Documents\OpenGL4d_20240329_114830\OpenGL4d\OpenGL2\colliderPhy.h(1327,126): warning C4244: 'argument': conversion from 'unsigned __int64' to 'float', possible loss of data
  (compiling source file 'main.cpp')
  
C:\Users\86180\Documents\OpenGL4d_20240329_114830\OpenGL4d\OpenGL2\colliderPhy.h(1327,103): warning C4244: 'argument': conversion from 'unsigned __int64' to 'float', possible loss of data
  (compiling source file 'main.cpp')
  
C:\Users\86180\Documents\OpenGL4d_20240329_114830\OpenGL4d\OpenGL2\colliderPhy.h(1334,153): warning C4244: 'argument': conversion from 'unsigned __int64' to 'float', possible loss of data
  (compiling source file 'main.cpp')
  
C:\Users\86180\Documents\OpenGL4d_20240329_114830\OpenGL4d\OpenGL2\colliderPhy.h(1334,106): warning C4244: 'argument': conversion from 'unsigned __int64' to 'float', possible loss of data
  (compiling source file 'main.cpp')
  
C:\Users\86180\Documents\OpenGL4d_20240329_114830\OpenGL4d\OpenGL2\colliderPhy.h(1338,153): warning C4244: 'argument': conversion from 'unsigned __int64' to 'float', possible loss of data
  (compiling source file 'main.cpp')
  
C:\Users\86180\Documents\OpenGL4d_20240329_114830\OpenGL4d\OpenGL2\colliderPhy.h(1338,106): warning C4244: 'argument': conversion from 'unsigned __int64' to 'float', possible loss of data
  (compiling source file 'main.cpp')
  
C:\Users\86180\Documents\OpenGL4d_20240329_114830\OpenGL4d\OpenGL2\colliderPhy.h(1561,31): warning C4018: '<': signed/unsigned mismatch
  (compiling source file 'main.cpp')
  
C:\Users\86180\Documents\OpenGL4d_20240329_114830\OpenGL4d\OpenGL2\colliderPhy.h(1574,51): warning C4267: '=': conversion from 'size_t' to 'unsigned int', possible loss of data
  (compiling source file 'main.cpp')
  
C:\Users\86180\Documents\OpenGL4d_20240329_114830\OpenGL4d\OpenGL2\colliderPhy.h(1891,51): warning C4267: '=': conversion from 'size_t' to 'unsigned int', possible loss of data
  (compiling source file 'main.cpp')
  
C:\Users\86180\Documents\OpenGL4d_20240329_114830\OpenGL4d\OpenGL2\colliderPhy.h(1879,27): warning C4101: 'detectPos4D0': unreferenced local variable
  (compiling source file 'main.cpp')
  
C:\Users\86180\Documents\OpenGL4d_20240329_114830\OpenGL4d\OpenGL2\colliderPhy.h(2112,27): warning C4018: '<': signed/unsigned mismatch
  (compiling source file 'main.cpp')
  
C:\Users\86180\Documents\OpenGL4d_20240329_114830\OpenGL4d\OpenGL2\colliderPhy.h(2138,31): warning C4018: '<': signed/unsigned mismatch
  (compiling source file 'main.cpp')
  
C:\Users\86180\Documents\OpenGL4d_20240329_114830\OpenGL4d\OpenGL2\collision.h(13,2): warning C4091: 'static ': ignored on left of 'ContactState' when no variable is declared
  (compiling source file 'main.cpp')
  
C:\Users\86180\Documents\OpenGL4d_20240329_114830\OpenGL4d\OpenGL2\collision.h(21,2): warning C4091: 'static ': ignored on left of 'CollisionConstraint' when no variable is declared
  (compiling source file 'main.cpp')
  
C:\Users\86180\Documents\OpenGL4d_20240329_114830\OpenGL4d\OpenGL2\Phys4D.h(56,182): warning C4267: 'argument': conversion from 'size_t' to 'int', possible loss of data
  (compiling source file 'main.cpp')
  
C:\Users\86180\Documents\OpenGL4d_20240329_114830\OpenGL4d\OpenGL2\Phys4D.h(58,43): warning C4267: '+=': conversion from 'size_t' to 'int', possible loss of data
  (compiling source file 'main.cpp')
  
C:\Users\86180\Documents\OpenGL4d_20240329_114830\OpenGL4d\OpenGL2\Phys4D.h(65,164): warning C4267: 'argument': conversion from 'size_t' to 'int', possible loss of data
  (compiling source file 'main.cpp')
  
C:\Users\86180\Documents\OpenGL4d_20240329_114830\OpenGL4d\OpenGL2\Phys4D.h(69,176): warning C4267: 'argument': conversion from 'size_t' to 'int', possible loss of data
  (compiling source file 'main.cpp')
  
C:\Users\86180\Documents\OpenGL4d_20240329_114830\OpenGL4d\OpenGL2\Phys4D.h(142,154): warning C4267: 'argument': conversion from 'size_t' to 'int', possible loss of data
  (compiling source file 'main.cpp')
  
C:\Users\86180\Documents\OpenGL4d_20240329_114830\OpenGL4d\OpenGL2\Phys4D.h(159,54): warning C4267: 'argument': conversion from 'size_t' to 'unsigned int', possible loss of data
  (compiling source file 'main.cpp')
  
C:\Users\86180\Documents\OpenGL4d_20240329_114830\OpenGL4d\OpenGL2\Phys4D.h(163,56): warning C4267: 'argument': conversion from 'size_t' to 'unsigned int', possible loss of data
  (compiling source file 'main.cpp')
  
C:\Users\86180\Documents\OpenGL4d_20240329_114830\OpenGL4d\OpenGL2\Phys4D.h(165,66): warning C4267: 'argument': conversion from 'size_t' to 'unsigned int', possible loss of data
  (compiling source file 'main.cpp')
  
C:\Users\86180\Documents\OpenGL4d_20240329_114830\OpenGL4d\OpenGL2\Phys4D.h(165,129): warning C4267: 'argument': conversion from 'size_t' to 'unsigned int', possible loss of data
  (compiling source file 'main.cpp')
  
C:\Users\86180\Documents\OpenGL4d_20240329_114830\OpenGL4d\OpenGL2\Phys4D.h(176,53): warning C4267: 'argument': conversion from 'size_t' to 'unsigned int', possible loss of data
  (compiling source file 'main.cpp')
  
C:\Users\86180\Documents\OpenGL4d_20240329_114830\OpenGL4d\OpenGL2\Phys4D.h(177,53): warning C4267: 'argument': conversion from 'size_t' to 'unsigned int', possible loss of data
  (compiling source file 'main.cpp')
  
C:\Users\86180\Documents\OpenGL4d_20240329_114830\OpenGL4d\OpenGL2\Phys4D.h(181,78): warning C4267: 'argument': conversion from 'size_t' to 'unsigned int', possible loss of data
  (compiling source file 'main.cpp')
  
C:\Users\86180\Documents\OpenGL4d_20240329_114830\OpenGL4d\OpenGL2\Phys4D.h(233,141): warning C4267: 'argument': conversion from 'size_t' to 'int', possible loss of data
  (compiling source file 'main.cpp')
  
C:\Users\86180\Documents\OpenGL4d_20240329_114830\OpenGL4d\OpenGL2\Phys4D.h(237,142): warning C4267: 'argument': conversion from 'size_t' to 'int', possible loss of data
  (compiling source file 'main.cpp')
  
C:\Users\86180\Documents\OpenGL4d_20240329_114830\OpenGL4d\OpenGL2\Phys4D.h(248,142): warning C4267: 'argument': conversion from 'size_t' to 'int', possible loss of data
  (compiling source file 'main.cpp')
  
C:\Users\86180\Documents\OpenGL4d_20240329_114830\OpenGL4d\OpenGL2\Phys4D.h(252,142): warning C4267: 'argument': conversion from 'size_t' to 'int', possible loss of data
  (compiling source file 'main.cpp')
  
C:\Users\86180\Documents\OpenGL4d_20240329_114830\OpenGL4d\OpenGL2\Phys4D.h(297,142): warning C4267: 'argument': conversion from 'size_t' to 'int', possible loss of data
  (compiling source file 'main.cpp')
  
C:\Users\86180\Documents\OpenGL4d_20240329_114830\OpenGL4d\OpenGL2\Phys4D.h(301,142): warning C4267: 'argument': conversion from 'size_t' to 'int', possible loss of data
  (compiling source file 'main.cpp')
  
C:\Users\86180\Documents\OpenGL4d_20240329_114830\OpenGL4d\OpenGL2\Phys4D.h(312,142): warning C4267: 'argument': conversion from 'size_t' to 'int', possible loss of data
  (compiling source file 'main.cpp')
  
C:\Users\86180\Documents\OpenGL4d_20240329_114830\OpenGL4d\OpenGL2\Phys4D.h(316,142): warning C4267: 'argument': conversion from 'size_t' to 'int', possible loss of data
  (compiling source file 'main.cpp')
  
C:\Users\86180\Documents\OpenGL4d_20240329_114830\OpenGL4d\OpenGL2\Phys4D.h(418,86): warning C4267: 'argument': conversion from 'size_t' to 'int', possible loss of data
  (compiling source file 'main.cpp')
  
C:\Users\86180\Documents\OpenGL4d_20240329_114830\OpenGL4d\OpenGL2\Phys4D.h(431,151): warning C4267: 'argument': conversion from 'size_t' to 'int', possible loss of data
  (compiling source file 'main.cpp')
  
C:\Users\86180\Documents\OpenGL4d_20240329_114830\OpenGL4d\OpenGL2\Phys4D.h(438,87): warning C4267: 'argument': conversion from 'size_t' to 'int', possible loss of data
  (compiling source file 'main.cpp')
  
C:\Users\86180\Documents\OpenGL4d_20240329_114830\OpenGL4d\OpenGL2\Phys4D.h(442,87): warning C4267: 'argument': conversion from 'size_t' to 'int', possible loss of data
  (compiling source file 'main.cpp')
  
C:\Users\86180\Documents\OpenGL4d_20240329_114830\OpenGL4d\OpenGL2\Phys4D.h(442,195): warning C4267: 'argument': conversion from 'size_t' to 'int', possible loss of data
  (compiling source file 'main.cpp')
  
C:\Users\86180\Documents\OpenGL4d_20240329_114830\OpenGL4d\OpenGL2\Phys4D.h(463,89): warning C4267: 'argument': conversion from 'size_t' to 'int', possible loss of data
  (compiling source file 'main.cpp')
  
C:\Users\86180\Documents\OpenGL4d_20240329_114830\OpenGL4d\OpenGL2\Phys4D.h(476,156): warning C4267: 'argument': conversion from 'size_t' to 'int', possible loss of data
  (compiling source file 'main.cpp')
  
C:\Users\86180\Documents\OpenGL4d_20240329_114830\OpenGL4d\OpenGL2\Phys4D.h(483,91): warning C4267: 'argument': conversion from 'size_t' to 'int', possible loss of data
  (compiling source file 'main.cpp')
  
C:\Users\86180\Documents\OpenGL4d_20240329_114830\OpenGL4d\OpenGL2\Phys4D.h(487,91): warning C4267: 'argument': conversion from 'size_t' to 'int', possible loss of data
  (compiling source file 'main.cpp')
  
C:\Users\86180\Documents\OpenGL4d_20240329_114830\OpenGL4d\OpenGL2\Phys4D.h(487,201): warning C4267: 'argument': conversion from 'size_t' to 'int', possible loss of data
  (compiling source file 'main.cpp')
  
C:\Users\86180\Documents\OpenGL4d_20240329_114830\OpenGL4d\OpenGL2\DetectRay.h(24,25): warning C4267: '=': conversion from 'size_t' to 'int', possible loss of data
  (compiling source file 'main.cpp')
  
C:\Users\86180\Documents\OpenGL4d_20240329_114830\OpenGL4d\OpenGL2\DetectRay.h(30,15): warning C4244: '=': conversion from 'double' to 'float', possible loss of data
  (compiling source file 'main.cpp')
  
C:\Users\86180\Documents\OpenGL4d_20240329_114830\OpenGL4d\OpenGL2\DetectRay.h(31,15): warning C4244: '=': conversion from 'double' to 'float', possible loss of data
  (compiling source file 'main.cpp')
  
C:\Users\86180\Documents\OpenGL4d_20240329_114830\OpenGL4d\OpenGL2\DetectRay.h(193,22): warning C4018: '<': signed/unsigned mismatch
  (compiling source file 'main.cpp')
  
C:\Users\86180\Documents\OpenGL4d_20240329_114830\OpenGL4d\OpenGL2\DetectRay.h(321,18): warning C4267: '=': conversion from 'size_t' to 'int', possible loss of data
  (compiling source file 'main.cpp')
  
C:\Users\86180\Documents\OpenGL4d_20240329_114830\OpenGL4d\OpenGL2\DetectRay.h(327,18): warning C4267: '=': conversion from 'size_t' to 'int', possible loss of data
  (compiling source file 'main.cpp')
  
C:\Users\86180\Documents\OpenGL4d_20240329_114830\OpenGL4d\OpenGL2\DetectRay.h(346,20): warning C4267: '=': conversion from 'size_t' to 'int', possible loss of data
  (compiling source file 'main.cpp')
  
C:\Users\86180\Documents\OpenGL4d_20240329_114830\OpenGL4d\OpenGL2\DetectRay.h(352,20): warning C4267: '=': conversion from 'size_t' to 'int', possible loss of data
  (compiling source file 'main.cpp')
  
C:\Users\86180\Documents\OpenGL4d_20240329_114830\OpenGL4d\OpenGL2\DetectRay.h(362,42): warning C4267: 'argument': conversion from 'size_t' to 'int', possible loss of data
  (compiling source file 'main.cpp')
  
C:\Users\86180\Documents\OpenGL4d_20240329_114830\OpenGL4d\OpenGL2\DetectRay.h(364,31): warning C4267: 'argument': conversion from 'size_t' to 'int', possible loss of data
  (compiling source file 'main.cpp')
  
C:\Users\86180\Documents\OpenGL4d_20240329_114830\OpenGL4d\OpenGL2\DetectRay.h(366,53): warning C4267: 'argument': conversion from 'size_t' to 'int', possible loss of data
  (compiling source file 'main.cpp')
  
C:\Users\86180\Documents\OpenGL4d_20240329_114830\OpenGL4d\OpenGL2\DetectRay.h(367,53): warning C4267: 'argument': conversion from 'size_t' to 'int', possible loss of data
  (compiling source file 'main.cpp')
  
C:\Users\86180\Documents\OpenGL4d_20240329_114830\OpenGL4d\OpenGL2\DetectRay.h(368,65): warning C4267: 'argument': conversion from 'size_t' to 'int', possible loss of data
  (compiling source file 'main.cpp')
  
C:\Users\86180\Documents\OpenGL4d_20240329_114830\OpenGL4d\OpenGL2\DetectRay.h(372,59): warning C4267: 'argument': conversion from 'size_t' to 'int', possible loss of data
  (compiling source file 'main.cpp')
  
C:\Users\86180\Documents\OpenGL4d_20240329_114830\OpenGL4d\OpenGL2\DetectRay.h(377,23): warning C4267: '=': conversion from 'size_t' to 'int', possible loss of data
  (compiling source file 'main.cpp')
  
C:\Users\86180\Documents\OpenGL4d_20240329_114830\OpenGL4d\OpenGL2\DetectRay.h(383,23): warning C4267: '=': conversion from 'size_t' to 'int', possible loss of data
  (compiling source file 'main.cpp')
  
C:\Users\86180\Documents\OpenGL4d_20240329_114830\OpenGL4d\OpenGL2\DetectRay.h(404,21): warning C4267: '=': conversion from 'size_t' to 'int', possible loss of data
  (compiling source file 'main.cpp')
  
C:\Users\86180\Documents\OpenGL4d_20240329_114830\OpenGL4d\OpenGL2\DetectRay.h(410,21): warning C4267: '=': conversion from 'size_t' to 'int', possible loss of data
  (compiling source file 'main.cpp')
  
C:\Users\86180\Documents\OpenGL4d_20240329_114830\OpenGL4d\OpenGL2\DetectRay.h(429,21): warning C4267: '=': conversion from 'size_t' to 'int', possible loss of data
  (compiling source file 'main.cpp')
  
C:\Users\86180\Documents\OpenGL4d_20240329_114830\OpenGL4d\OpenGL2\DetectRay.h(435,21): warning C4267: '=': conversion from 'size_t' to 'int', possible loss of data
  (compiling source file 'main.cpp')
  
C:\Users\86180\Documents\OpenGL4d_20240329_114830\OpenGL4d\OpenGL2\DetectRay.h(446,46): warning C4267: 'argument': conversion from 'size_t' to 'int', possible loss of data
  (compiling source file 'main.cpp')
  
C:\Users\86180\Documents\OpenGL4d_20240329_114830\OpenGL4d\OpenGL2\DetectRay.h(448,61): warning C4267: 'argument': conversion from 'size_t' to 'int', possible loss of data
  (compiling source file 'main.cpp')
  
C:\Users\86180\Documents\OpenGL4d_20240329_114830\OpenGL4d\OpenGL2\DetectRay.h(453,22): warning C4267: '=': conversion from 'size_t' to 'int', possible loss of data
  (compiling source file 'main.cpp')
  
C:\Users\86180\Documents\OpenGL4d_20240329_114830\OpenGL4d\OpenGL2\DetectRay.h(459,22): warning C4267: '=': conversion from 'size_t' to 'int', possible loss of data
  (compiling source file 'main.cpp')
  
C:\Users\86180\Documents\OpenGL4d_20240329_114830\OpenGL4d\OpenGL2\main.cpp(36,24): warning C4244: 'argument': conversion from 'double' to 'int', possible loss of data
soil2-debug.lib(SOIL2.obj) : warning LNK4075: ignoring '/EDITANDCONTINUE' due to '/OPT:ICF' specification
LINK : warning LNK4098: defaultlib 'LIBCMT' conflicts with use of other libs; use /NODEFAULTLIB:library
LINK : warning LNK4098: defaultlib 'MSVCRTD' conflicts with use of other libs; use /NODEFAULTLIB:library
  Generating code
  3 of 5425 functions (<0.1%) were compiled, the rest were copied from previous compilation.
    0 functions were new in current compilation
    101 functions had inline decision re-evaluated but remain unchanged
  Finished generating code
glew32s.lib(glew.obj) : warning LNK4099: PDB '' was not found with 'glew32s.lib(glew.obj)' or at ''; linking object as if no debug info
  OpenGL2.vcxproj -> C:\Users\86180\Documents\OpenGL4d_20240329_114830\OpenGL4d\x64\Release\NewEngine.exe
