C:\Program Files\Microsoft Visual Studio\2022\Community\MSBuild\Microsoft\VC\v170\Microsoft.CppBuild.targets(531,5): warning MSB8028: The intermediate directory (x64\Debug\) contains files shared from another project (OpenGL2.vcxproj).  This can lead to incorrect clean and rebuild behavior.
  Game.cpp
C:\Users\86180\Documents\OpenGL4d_20240328_114830\OpenGL4d\OpenGL2\Texture.h(220,16): warning C4244: 'initializing': conversion from 'T' to 'int', possible loss of data
C:\Users\86180\Documents\OpenGL4d_20240328_114830\OpenGL4d\OpenGL2\Texture.h(220,16): warning C4244:         with
C:\Users\86180\Documents\OpenGL4d_20240328_114830\OpenGL4d\OpenGL2\Texture.h(220,16): warning C4244:         [
C:\Users\86180\Documents\OpenGL4d_20240328_114830\OpenGL4d\OpenGL2\Texture.h(220,16): warning C4244:             T=float
C:\Users\86180\Documents\OpenGL4d_20240328_114830\OpenGL4d\OpenGL2\Texture.h(220,16): warning C4244:         ]
  (compiling source file 'Game.cpp')
  
C:\Users\86180\Documents\OpenGL4d_20240328_114830\OpenGL4d\OpenGL2\Texture.h(222,17): warning C4244: 'initializing': conversion from 'T' to 'int', possible loss of data
C:\Users\86180\Documents\OpenGL4d_20240328_114830\OpenGL4d\OpenGL2\Texture.h(222,17): warning C4244:         with
C:\Users\86180\Documents\OpenGL4d_20240328_114830\OpenGL4d\OpenGL2\Texture.h(222,17): warning C4244:         [
C:\Users\86180\Documents\OpenGL4d_20240328_114830\OpenGL4d\OpenGL2\Texture.h(222,17): warning C4244:             T=float
C:\Users\86180\Documents\OpenGL4d_20240328_114830\OpenGL4d\OpenGL2\Texture.h(222,17): warning C4244:         ]
  (compiling source file 'Game.cpp')
  
C:\Users\86180\Documents\OpenGL4d_20240328_114830\OpenGL4d\OpenGL2\Texture.h(224,18): warning C4244: 'initializing': conversion from 'T' to 'int', possible loss of data
C:\Users\86180\Documents\OpenGL4d_20240328_114830\OpenGL4d\OpenGL2\Texture.h(224,18): warning C4244:         with
C:\Users\86180\Documents\OpenGL4d_20240328_114830\OpenGL4d\OpenGL2\Texture.h(224,18): warning C4244:         [
C:\Users\86180\Documents\OpenGL4d_20240328_114830\OpenGL4d\OpenGL2\Texture.h(224,18): warning C4244:             T=float
C:\Users\86180\Documents\OpenGL4d_20240328_114830\OpenGL4d\OpenGL2\Texture.h(224,18): warning C4244:         ]
  (compiling source file 'Game.cpp')
  
C:\Users\86180\Documents\OpenGL4d_20240328_114830\OpenGL4d\OpenGL2\Texture.h(239,16): warning C4244: 'initializing': conversion from 'T' to 'int', possible loss of data
C:\Users\86180\Documents\OpenGL4d_20240328_114830\OpenGL4d\OpenGL2\Texture.h(239,16): warning C4244:         with
C:\Users\86180\Documents\OpenGL4d_20240328_114830\OpenGL4d\OpenGL2\Texture.h(239,16): warning C4244:         [
C:\Users\86180\Documents\OpenGL4d_20240328_114830\OpenGL4d\OpenGL2\Texture.h(239,16): warning C4244:             T=float
C:\Users\86180\Documents\OpenGL4d_20240328_114830\OpenGL4d\OpenGL2\Texture.h(239,16): warning C4244:         ]
  (compiling source file 'Game.cpp')
  
C:\Users\86180\Documents\OpenGL4d_20240328_114830\OpenGL4d\OpenGL2\Texture.h(241,17): warning C4244: 'initializing': conversion from 'T' to 'int', possible loss of data
C:\Users\86180\Documents\OpenGL4d_20240328_114830\OpenGL4d\OpenGL2\Texture.h(241,17): warning C4244:         with
C:\Users\86180\Documents\OpenGL4d_20240328_114830\OpenGL4d\OpenGL2\Texture.h(241,17): warning C4244:         [
C:\Users\86180\Documents\OpenGL4d_20240328_114830\OpenGL4d\OpenGL2\Texture.h(241,17): warning C4244:             T=float
C:\Users\86180\Documents\OpenGL4d_20240328_114830\OpenGL4d\OpenGL2\Texture.h(241,17): warning C4244:         ]
  (compiling source file 'Game.cpp')
  
C:\Users\86180\Documents\OpenGL4d_20240328_114830\OpenGL4d\OpenGL2\Texture.h(243,18): warning C4244: 'initializing': conversion from 'T' to 'int', possible loss of data
C:\Users\86180\Documents\OpenGL4d_20240328_114830\OpenGL4d\OpenGL2\Texture.h(243,18): warning C4244:         with
C:\Users\86180\Documents\OpenGL4d_20240328_114830\OpenGL4d\OpenGL2\Texture.h(243,18): warning C4244:         [
C:\Users\86180\Documents\OpenGL4d_20240328_114830\OpenGL4d\OpenGL2\Texture.h(243,18): warning C4244:             T=float
C:\Users\86180\Documents\OpenGL4d_20240328_114830\OpenGL4d\OpenGL2\Texture.h(243,18): warning C4244:         ]
  (compiling source file 'Game.cpp')
  
C:\Users\86180\Documents\OpenGL4d_20240328_114830\OpenGL4d\OpenGL2\Texture.h(271,83): warning C4244: 'argument': conversion from 'float' to 'GLint', possible loss of data
  (compiling source file 'Game.cpp')
  
C:\Users\86180\Documents\OpenGL4d_20240328_114830\OpenGL4d\OpenGL2\Texture.h(271,61): warning C4244: 'argument': conversion from 'float' to 'GLint', possible loss of data
  (compiling source file 'Game.cpp')
  
C:\Users\86180\Documents\OpenGL4d_20240328_114830\OpenGL4d\OpenGL2\Texture.h(271,39): warning C4244: 'argument': conversion from 'float' to 'GLint', possible loss of data
  (compiling source file 'Game.cpp')
  
C:\Users\86180\Documents\OpenGL4d_20240328_114830\OpenGL4d\OpenGL2\mod.h(113,18): warning C4244: 'initializing': conversion from 'double' to 'float', possible loss of data
  (compiling source file 'Game.cpp')
  
C:\Users\86180\Documents\OpenGL4d_20240328_114830\OpenGL4d\OpenGL2\mod.h(114,19): warning C4244: 'initializing': conversion from 'double' to 'float', possible loss of data
  (compiling source file 'Game.cpp')
  
C:\Users\86180\Documents\OpenGL4d_20240328_114830\OpenGL4d\OpenGL2\mod.h(116,21): warning C4244: 'initializing': conversion from 'double' to 'float', possible loss of data
  (compiling source file 'Game.cpp')
  
C:\Users\86180\Documents\OpenGL4d_20240328_114830\OpenGL4d\OpenGL2\mod.h(117,22): warning C4244: 'initializing': conversion from 'double' to 'float', possible loss of data
  (compiling source file 'Game.cpp')
  
C:\Users\86180\Documents\OpenGL4d_20240328_114830\OpenGL4d\OpenGL2\mod.h(125,38): warning C4244: 'argument': conversion from 'double' to 'float', possible loss of data
  (compiling source file 'Game.cpp')
  
C:\Users\86180\Documents\OpenGL4d_20240328_114830\OpenGL4d\OpenGL2\mod.h(123,24): warning C4244: 'argument': conversion from 'double' to 'float', possible loss of data
  (compiling source file 'Game.cpp')
  
C:\Users\86180\Documents\OpenGL4d_20240328_114830\OpenGL4d\OpenGL2\mod.h(223,19): warning C4244: 'argument': conversion from 'double' to 'float', possible loss of data
  (compiling source file 'Game.cpp')
  
C:\Users\86180\Documents\OpenGL4d_20240328_114830\OpenGL4d\OpenGL2\mod.h(229,19): warning C4244: 'argument': conversion from 'double' to 'float', possible loss of data
  (compiling source file 'Game.cpp')
  
C:\Users\86180\Documents\OpenGL4d_20240328_114830\OpenGL4d\OpenGL2\mod.h(250,16): warning C4244: 'initializing': conversion from 'double' to 'float', possible loss of data
  (compiling source file 'Game.cpp')
  
C:\Users\86180\Documents\OpenGL4d_20240328_114830\OpenGL4d\OpenGL2\mod.h(255,17): warning C4244: 'initializing': conversion from 'double' to 'float', possible loss of data
  (compiling source file 'Game.cpp')
  
C:\Users\86180\Documents\OpenGL4d_20240328_114830\OpenGL4d\OpenGL2\mod.h(262,20): warning C4244: 'initializing': conversion from 'double' to 'float', possible loss of data
  (compiling source file 'Game.cpp')
  
C:\Users\86180\Documents\OpenGL4d_20240328_114830\OpenGL4d\OpenGL2\mod.h(278,21): warning C4244: 'initializing': conversion from 'double' to 'float', possible loss of data
  (compiling source file 'Game.cpp')
  
C:\Users\86180\Documents\OpenGL4d_20240328_114830\OpenGL4d\OpenGL2\mod.h(335,3): warning C4244: 'return': conversion from 'double' to 'float', possible loss of data
  (compiling source file 'Game.cpp')
  
C:\Users\86180\Documents\OpenGL4d_20240328_114830\OpenGL4d\OpenGL2\Primitives4D.h(1292,29): warning C4267: 'initializing': conversion from 'size_t' to 'unsigned int', possible loss of data
  (compiling source file 'Game.cpp')
  
C:\Users\86180\Documents\OpenGL4d_20240328_114830\OpenGL4d\OpenGL2\Primitives4D.h(1311,14): warning C4267: 'initializing': conversion from 'size_t' to 'int', possible loss of data
  (compiling source file 'Game.cpp')
  
C:\Users\86180\Documents\OpenGL4d_20240328_114830\OpenGL4d\OpenGL2\Primitives4D.h(1312,14): warning C4267: 'initializing': conversion from 'size_t' to 'int', possible loss of data
  (compiling source file 'Game.cpp')
  
C:\Users\86180\Documents\OpenGL4d_20240328_114830\OpenGL4d\OpenGL2\Primitives4D.h(1313,14): warning C4267: 'initializing': conversion from 'size_t' to 'int', possible loss of data
  (compiling source file 'Game.cpp')
  
C:\Users\86180\Documents\OpenGL4d_20240328_114830\OpenGL4d\OpenGL2\Mesh.h(598,53): warning C4267: '=': conversion from 'size_t' to 'unsigned int', possible loss of data
  (compiling source file 'Game.cpp')
  
C:\Users\86180\Documents\OpenGL4d_20240328_114830\OpenGL4d\OpenGL2\Mesh.h(599,51): warning C4267: '=': conversion from 'size_t' to 'unsigned int', possible loss of data
  (compiling source file 'Game.cpp')
  
C:\Users\86180\Documents\OpenGL4d_20240328_114830\OpenGL4d\OpenGL2\Line.h(242,39): warning C4018: '<': signed/unsigned mismatch
  (compiling source file 'Game.cpp')
  
C:\Users\86180\Documents\OpenGL4d_20240328_114830\OpenGL4d\OpenGL2\Light.h(285,33): warning C4267: 'argument': conversion from 'size_t' to 'GLint', possible loss of data
  (compiling source file 'Game.cpp')
  
C:\Users\86180\Documents\OpenGL4d_20240328_114830\OpenGL4d\OpenGL2\Light.h(287,33): warning C4267: 'argument': conversion from 'size_t' to 'GLint', possible loss of data
  (compiling source file 'Game.cpp')
  
C:\Program Files (x86)\Windows Kits\10\Include\10.0.22000.0\shared\minwindef.h(130,1): warning C4005: 'APIENTRY': macro redefinition
  (compiling source file 'Game.cpp')
  C:\Users\86180\Documents\OpenGL4d_20240328_114830\OpenGL4d\Dependencies_64x\GLFW\include\GLFW\glfw3.h(123,1):
  see previous definition of 'APIENTRY'
  
C:\Users\86180\Documents\OpenGL4d_20240328_114830\OpenGL4d\OpenGL2\Joint.h(237,2): warning C4091: 'static ': ignored on left of 'HingeConstraint4D' when no variable is declared
  (compiling source file 'Game.cpp')
  
C:\Users\86180\Documents\OpenGL4d_20240328_114830\OpenGL4d\OpenGL2\ObjectLists.h(95,29): warning C4018: '>=': signed/unsigned mismatch
  (compiling source file 'Game.cpp')
  
C:\Users\86180\Documents\OpenGL4d_20240328_114830\OpenGL4d\OpenGL2\ObjectLists.h(99,29): warning C4018: '>=': signed/unsigned mismatch
  (compiling source file 'Game.cpp')
  
C:\Users\86180\Documents\OpenGL4d_20240328_114830\OpenGL4d\OpenGL2\ObjectLists.h(106,30): warning C4018: '>=': signed/unsigned mismatch
  (compiling source file 'Game.cpp')
  
C:\Users\86180\Documents\OpenGL4d_20240328_114830\OpenGL4d\OpenGL2\ObjectLists.h(110,30): warning C4018: '>=': signed/unsigned mismatch
  (compiling source file 'Game.cpp')
  
C:\Users\86180\Documents\OpenGL4d_20240328_114830\OpenGL4d\OpenGL2\ObjectLists.h(117,37): warning C4018: '>=': signed/unsigned mismatch
  (compiling source file 'Game.cpp')
  
C:\Users\86180\Documents\OpenGL4d_20240328_114830\OpenGL4d\OpenGL2\ObjectLists.h(121,37): warning C4018: '>=': signed/unsigned mismatch
  (compiling source file 'Game.cpp')
  
C:\Users\86180\Documents\OpenGL4d_20240328_114830\OpenGL4d\OpenGL2\ObjectLists.h(139,56): warning C4267: '+=': conversion from 'size_t' to 'int', possible loss of data
  (compiling source file 'Game.cpp')
  
C:\Users\86180\Documents\OpenGL4d_20240328_114830\OpenGL4d\OpenGL2\ObjectLists.h(155,56): warning C4267: '+=': conversion from 'size_t' to 'int', possible loss of data
  (compiling source file 'Game.cpp')
  
C:\Users\86180\Documents\OpenGL4d_20240328_114830\OpenGL4d\OpenGL2\ObjectLists.h(172,19): warning C4267: 'initializing': conversion from 'size_t' to 'unsigned int', possible loss of data
  (compiling source file 'Game.cpp')
  
C:\Users\86180\Documents\OpenGL4d_20240328_114830\OpenGL4d\OpenGL2\ObjectLists.h(173,15): warning C4018: '<': signed/unsigned mismatch
  (compiling source file 'Game.cpp')
  
C:\Users\86180\Documents\OpenGL4d_20240328_114830\OpenGL4d\OpenGL2\ObjectLists.h(184,60): warning C4267: '+=': conversion from 'size_t' to 'int', possible loss of data
  (compiling source file 'Game.cpp')
  
C:\Users\86180\Documents\OpenGL4d_20240328_114830\OpenGL4d\OpenGL2\ObjectLists.h(205,62): warning C4267: '+=': conversion from 'size_t' to 'int', possible loss of data
  (compiling source file 'Game.cpp')
  
C:\Users\86180\Documents\OpenGL4d_20240328_114830\OpenGL4d\OpenGL2\ObjectLists.h(222,56): warning C4267: '+=': conversion from 'size_t' to 'int', possible loss of data
  (compiling source file 'Game.cpp')
  
C:\Users\86180\Documents\OpenGL4d_20240328_114830\OpenGL4d\OpenGL2\ObjectLists.h(246,62): warning C4267: '+=': conversion from 'size_t' to 'int', possible loss of data
  (compiling source file 'Game.cpp')
  
C:\Users\86180\Documents\OpenGL4d_20240328_114830\OpenGL4d\OpenGL2\ObjectLists.h(293,60): warning C4267: '+=': conversion from 'size_t' to 'int', possible loss of data
  (compiling source file 'Game.cpp')
  
C:\Users\86180\Documents\OpenGL4d_20240328_114830\OpenGL4d\OpenGL2\ObjectLists.h(316,60): warning C4267: '+=': conversion from 'size_t' to 'int', possible loss of data
  (compiling source file 'Game.cpp')
  
C:\Users\86180\Documents\OpenGL4d_20240328_114830\OpenGL4d\OpenGL2\body.h(42,33): warning C4244: 'argument': conversion from 'double' to 'const float', possible loss of data
  (compiling source file 'Game.cpp')
  
C:\Users\86180\Documents\OpenGL4d_20240328_114830\OpenGL4d\OpenGL2\Animation.h(248,22): warning C4018: '>=': signed/unsigned mismatch
  (compiling source file 'Game.cpp')
  
C:\Users\86180\Documents\OpenGL4d_20240328_114830\OpenGL4d\OpenGL2\Animation.h(255,24): warning C4018: '>=': signed/unsigned mismatch
  (compiling source file 'Game.cpp')
  
C:\Users\86180\Documents\OpenGL4d_20240328_114830\OpenGL4d\OpenGL2\Animation.h(259,24): warning C4018: '>=': signed/unsigned mismatch
  (compiling source file 'Game.cpp')
  
C:\Users\86180\Documents\OpenGL4d_20240328_114830\OpenGL4d\OpenGL2\LoadAndSave.h(146,21): warning C4018: '<': signed/unsigned mismatch
  (compiling source file 'Game.cpp')
  
C:\Users\86180\Documents\OpenGL4d_20240328_114830\OpenGL4d\OpenGL2\LoadAndSave.h(150,21): warning C4018: '<': signed/unsigned mismatch
  (compiling source file 'Game.cpp')
  
C:\Users\86180\Documents\OpenGL4d_20240328_114830\OpenGL4d\OpenGL2\LoadAndSave.h(357,23): warning C4018: '<': signed/unsigned mismatch
  (compiling source file 'Game.cpp')
  
C:\Users\86180\Documents\OpenGL4d_20240328_114830\OpenGL4d\OpenGL2\LoadAndSave.h(361,23): warning C4018: '<': signed/unsigned mismatch
  (compiling source file 'Game.cpp')
  
