C:\Program Files\Microsoft Visual Studio\2022\Community\MSBuild\Microsoft\VC\v170\Microsoft.CppBuild.targets(531,5): warning MSB8028: The intermediate directory (x64\Debug\) contains files shared from another project (OpenGL2.vcxproj).  This can lead to incorrect clean and rebuild behavior.
  Game.cpp
C:\Users\86180\Documents\OpenGL4d_20241026_114830\OpenGL2\Line.h(129,34): warning C4018: '<': signed/unsigned mismatch
  (compiling source file 'Game.cpp')
  
C:\Program Files (x86)\Windows Kits\10\Include\10.0.22000.0\shared\minwindef.h(130,9): warning C4005: 'APIENTRY': macro redefinition
  (compiling source file 'Game.cpp')
      C:\Users\86180\Documents\OpenGL4d_20241026_114830\Dependencies_64x\GLFW\include\GLFW\glfw3.h(123,11):
      see previous definition of 'APIENTRY'
  
C:\Users\86180\Documents\OpenGL4d_20241026_114830\OpenGL2\Light.h(174,21): warning C4477: 'snprintf' : format string '%i' requires an argument of type 'int', but variadic argument 1 has type 'size_t'
  (compiling source file 'Game.cpp')
      C:\Users\86180\Documents\OpenGL4d_20241026_114830\OpenGL2\Light.h(174,21):
      consider using '%zi' in the format string
  
C:\Users\86180\Documents\OpenGL4d_20241026_114830\OpenGL2\Light.h(176,21): warning C4477: 'snprintf' : format string '%i' requires an argument of type 'int', but variadic argument 1 has type 'size_t'
  (compiling source file 'Game.cpp')
      C:\Users\86180\Documents\OpenGL4d_20241026_114830\OpenGL2\Light.h(176,21):
      consider using '%zi' in the format string
  
C:\Users\86180\Documents\OpenGL4d_20241026_114830\OpenGL2\Light.h(178,21): warning C4477: 'snprintf' : format string '%i' requires an argument of type 'int', but variadic argument 1 has type 'size_t'
  (compiling source file 'Game.cpp')
      C:\Users\86180\Documents\OpenGL4d_20241026_114830\OpenGL2\Light.h(178,21):
      consider using '%zi' in the format string
  
C:\Users\86180\Documents\OpenGL4d_20241026_114830\OpenGL2\Light.h(180,21): warning C4477: 'snprintf' : format string '%i' requires an argument of type 'int', but variadic argument 1 has type 'size_t'
  (compiling source file 'Game.cpp')
      C:\Users\86180\Documents\OpenGL4d_20241026_114830\OpenGL2\Light.h(180,21):
      consider using '%zi' in the format string
  
C:\Users\86180\Documents\OpenGL4d_20241026_114830\OpenGL2\Light.h(189,21): warning C4477: 'snprintf' : format string '%i' requires an argument of type 'int', but variadic argument 1 has type 'size_t'
  (compiling source file 'Game.cpp')
      C:\Users\86180\Documents\OpenGL4d_20241026_114830\OpenGL2\Light.h(189,21):
      consider using '%zi' in the format string
  
C:\Users\86180\Documents\OpenGL4d_20241026_114830\OpenGL2\Joint.h(188,15): warning C4091: 'static ': ignored on left of 'HingeConstraint4D' when no variable is declared
  (compiling source file 'Game.cpp')
  
C:\Users\86180\Documents\OpenGL4d_20241026_114830\OpenGL2\ObjectLists.h(465,15): warning C4091: 'static ': ignored on left of 'RenderIndex' when no variable is declared
  (compiling source file 'Game.cpp')
  
C:\Users\86180\Documents\OpenGL4d_20241026_114830\OpenGL2\ObjectLists.h(613,10): warning C4267: 'initializing': conversion from 'size_t' to 'int', possible loss of data
  (compiling source file 'Game.cpp')
  
C:\Users\86180\Documents\OpenGL4d_20241026_114830\OpenGL2\gjk.h(479,15): warning C4091: 'static ': ignored on left of 'Simplex' when no variable is declared
  (compiling source file 'Game.cpp')
  
C:\Users\86180\Documents\OpenGL4d_20241026_114830\OpenGL2\gjk.h(804,12): warning C4101: 'i': unreferenced local variable
  (compiling source file 'Game.cpp')
  
C:\Users\86180\Documents\OpenGL4d_20241026_114830\OpenGL2\gjk.h(968,28): warning C4267: 'initializing': conversion from 'size_t' to 'unsigned int', possible loss of data
  (compiling source file 'Game.cpp')
  
C:\Users\86180\Documents\OpenGL4d_20241026_114830\OpenGL2\gjk.h(992,15): warning C4101: 'contact0': unreferenced local variable
  (compiling source file 'Game.cpp')
  
C:\Users\86180\Documents\OpenGL4d_20241026_114830\OpenGL2\colliderPhy.h(12,15): warning C4091: 'static ': ignored on left of 'CollisionManifold' when no variable is declared
  (compiling source file 'Game.cpp')
  
C:\Users\86180\Documents\OpenGL4d_20241026_114830\OpenGL2\colliderPhy.h(20,15): warning C4091: 'static ': ignored on left of 'Collision' when no variable is declared
  (compiling source file 'Game.cpp')
  
C:\Users\86180\Documents\OpenGL4d_20241026_114830\OpenGL2\colliderPhy.h(74,59): warning C4267: 'argument': conversion from 'size_t' to 'int', possible loss of data
  (compiling source file 'Game.cpp')
  
C:\Users\86180\Documents\OpenGL4d_20241026_114830\OpenGL2\colliderPhy.h(74,48): warning C4267: 'argument': conversion from 'size_t' to 'int', possible loss of data
  (compiling source file 'Game.cpp')
  
C:\Users\86180\Documents\OpenGL4d_20241026_114830\OpenGL2\colliderPhy.h(86,69): warning C4267: 'argument': conversion from 'size_t' to 'int', possible loss of data
  (compiling source file 'Game.cpp')
  
C:\Users\86180\Documents\OpenGL4d_20241026_114830\OpenGL2\colliderPhy.h(86,58): warning C4267: 'argument': conversion from 'size_t' to 'int', possible loss of data
  (compiling source file 'Game.cpp')
  
C:\Users\86180\Documents\OpenGL4d_20241026_114830\OpenGL2\colliderPhy.h(88,59): warning C4267: 'argument': conversion from 'size_t' to 'int', possible loss of data
  (compiling source file 'Game.cpp')
  
C:\Users\86180\Documents\OpenGL4d_20241026_114830\OpenGL2\colliderPhy.h(88,48): warning C4267: 'argument': conversion from 'size_t' to 'int', possible loss of data
  (compiling source file 'Game.cpp')
  
C:\Users\86180\Documents\OpenGL4d_20241026_114830\OpenGL2\colliderPhy.h(143,27): warning C4101: 'contacts': unreferenced local variable
  (compiling source file 'Game.cpp')
  
C:\Users\86180\Documents\OpenGL4d_20241026_114830\OpenGL2\colliderPhy.h(565,47): warning C4267: '=': conversion from 'size_t' to 'unsigned int', possible loss of data
  (compiling source file 'Game.cpp')
  
C:\Users\86180\Documents\OpenGL4d_20241026_114830\OpenGL2\colliderPhy.h(554,23): warning C4101: 'detectPos4D0': unreferenced local variable
  (compiling source file 'Game.cpp')
  
C:\Users\86180\Documents\OpenGL4d_20241026_114830\OpenGL2\colliderPhy.h(1236,34): warning C4018: '<': signed/unsigned mismatch
  (compiling source file 'Game.cpp')
  
C:\Users\86180\Documents\OpenGL4d_20241026_114830\OpenGL2\colliderPhy.h(1831,27): warning C4101: 'detectPos4D0': unreferenced local variable
  (compiling source file 'Game.cpp')
  
C:\Users\86180\Documents\OpenGL4d_20241026_114830\OpenGL2\collision.h(5,15): warning C4091: 'static ': ignored on left of 'ContactState' when no variable is declared
  (compiling source file 'Game.cpp')
  
C:\Users\86180\Documents\OpenGL4d_20241026_114830\OpenGL2\collision.h(14,15): warning C4091: 'static ': ignored on left of 'CollisionConstraint' when no variable is declared
  (compiling source file 'Game.cpp')
  
C:\Users\86180\Documents\OpenGL4d_20241026_114830\OpenGL2\collision.h(33,15): warning C4091: 'static ': ignored on left of 'Constraint' when no variable is declared
  (compiling source file 'Game.cpp')
  
C:\Users\86180\Documents\OpenGL4d_20241026_114830\OpenGL2\PhyFunction.h(409,67): warning C4267: 'argument': conversion from 'size_t' to 'int', possible loss of data
  (compiling source file 'Game.cpp')
  
C:\Users\86180\Documents\OpenGL4d_20241026_114830\OpenGL2\PhyFunction.h(409,59): warning C4267: 'argument': conversion from 'size_t' to 'int', possible loss of data
  (compiling source file 'Game.cpp')
  
C:\Users\86180\Documents\OpenGL4d_20241026_114830\OpenGL2\PhyFunction.h(410,62): warning C4267: 'argument': conversion from 'size_t' to 'int', possible loss of data
  (compiling source file 'Game.cpp')
  
C:\Users\86180\Documents\OpenGL4d_20241026_114830\OpenGL2\PhyFunction.h(410,54): warning C4267: 'argument': conversion from 'size_t' to 'int', possible loss of data
  (compiling source file 'Game.cpp')
  
C:\Users\86180\Documents\OpenGL4d_20241026_114830\OpenGL2\PhyFunction.h(411,63): warning C4267: 'argument': conversion from 'size_t' to 'int', possible loss of data
  (compiling source file 'Game.cpp')
  
C:\Users\86180\Documents\OpenGL4d_20241026_114830\OpenGL2\PhyFunction.h(411,55): warning C4267: 'argument': conversion from 'size_t' to 'int', possible loss of data
  (compiling source file 'Game.cpp')
  
C:\Users\86180\Documents\OpenGL4d_20241026_114830\OpenGL2\PhyFunction.h(412,57): warning C4267: 'argument': conversion from 'size_t' to 'int', possible loss of data
  (compiling source file 'Game.cpp')
  
C:\Users\86180\Documents\OpenGL4d_20241026_114830\OpenGL2\PhyFunction.h(412,49): warning C4267: 'argument': conversion from 'size_t' to 'int', possible loss of data
  (compiling source file 'Game.cpp')
  
C:\Users\86180\Documents\OpenGL4d_20241026_114830\OpenGL2\PhyFunction.h(413,69): warning C4267: 'argument': conversion from 'size_t' to 'int', possible loss of data
  (compiling source file 'Game.cpp')
  
C:\Users\86180\Documents\OpenGL4d_20241026_114830\OpenGL2\PhyFunction.h(413,61): warning C4267: 'argument': conversion from 'size_t' to 'int', possible loss of data
  (compiling source file 'Game.cpp')
  
C:\Users\86180\Documents\OpenGL4d_20241026_114830\OpenGL2\PhyFunction.h(419,65): warning C4267: 'argument': conversion from 'size_t' to 'int', possible loss of data
  (compiling source file 'Game.cpp')
  
C:\Users\86180\Documents\OpenGL4d_20241026_114830\OpenGL2\PhyFunction.h(419,57): warning C4267: 'argument': conversion from 'size_t' to 'int', possible loss of data
  (compiling source file 'Game.cpp')
  
C:\Users\86180\Documents\OpenGL4d_20241026_114830\OpenGL2\PhyFunction.h(420,60): warning C4267: 'argument': conversion from 'size_t' to 'int', possible loss of data
  (compiling source file 'Game.cpp')
  
C:\Users\86180\Documents\OpenGL4d_20241026_114830\OpenGL2\PhyFunction.h(420,52): warning C4267: 'argument': conversion from 'size_t' to 'int', possible loss of data
  (compiling source file 'Game.cpp')
  
C:\Users\86180\Documents\OpenGL4d_20241026_114830\OpenGL2\PhyFunction.h(421,61): warning C4267: 'argument': conversion from 'size_t' to 'int', possible loss of data
  (compiling source file 'Game.cpp')
  
C:\Users\86180\Documents\OpenGL4d_20241026_114830\OpenGL2\PhyFunction.h(421,53): warning C4267: 'argument': conversion from 'size_t' to 'int', possible loss of data
  (compiling source file 'Game.cpp')
  
C:\Users\86180\Documents\OpenGL4d_20241026_114830\OpenGL2\PhyFunction.h(422,55): warning C4267: 'argument': conversion from 'size_t' to 'int', possible loss of data
  (compiling source file 'Game.cpp')
  
C:\Users\86180\Documents\OpenGL4d_20241026_114830\OpenGL2\PhyFunction.h(422,47): warning C4267: 'argument': conversion from 'size_t' to 'int', possible loss of data
  (compiling source file 'Game.cpp')
  
C:\Users\86180\Documents\OpenGL4d_20241026_114830\OpenGL2\PhyFunction.h(423,67): warning C4267: 'argument': conversion from 'size_t' to 'int', possible loss of data
  (compiling source file 'Game.cpp')
  
C:\Users\86180\Documents\OpenGL4d_20241026_114830\OpenGL2\PhyFunction.h(423,59): warning C4267: 'argument': conversion from 'size_t' to 'int', possible loss of data
  (compiling source file 'Game.cpp')
  
C:\Users\86180\Documents\OpenGL4d_20241026_114830\OpenGL2\PhyFunction.h(429,65): warning C4267: 'argument': conversion from 'size_t' to 'int', possible loss of data
  (compiling source file 'Game.cpp')
  
C:\Users\86180\Documents\OpenGL4d_20241026_114830\OpenGL2\PhyFunction.h(429,57): warning C4267: 'argument': conversion from 'size_t' to 'int', possible loss of data
  (compiling source file 'Game.cpp')
  
C:\Users\86180\Documents\OpenGL4d_20241026_114830\OpenGL2\PhyFunction.h(430,60): warning C4267: 'argument': conversion from 'size_t' to 'int', possible loss of data
  (compiling source file 'Game.cpp')
  
C:\Users\86180\Documents\OpenGL4d_20241026_114830\OpenGL2\PhyFunction.h(430,52): warning C4267: 'argument': conversion from 'size_t' to 'int', possible loss of data
  (compiling source file 'Game.cpp')
  
C:\Users\86180\Documents\OpenGL4d_20241026_114830\OpenGL2\PhyFunction.h(431,61): warning C4267: 'argument': conversion from 'size_t' to 'int', possible loss of data
  (compiling source file 'Game.cpp')
  
C:\Users\86180\Documents\OpenGL4d_20241026_114830\OpenGL2\PhyFunction.h(431,53): warning C4267: 'argument': conversion from 'size_t' to 'int', possible loss of data
  (compiling source file 'Game.cpp')
  
C:\Users\86180\Documents\OpenGL4d_20241026_114830\OpenGL2\PhyFunction.h(432,55): warning C4267: 'argument': conversion from 'size_t' to 'int', possible loss of data
  (compiling source file 'Game.cpp')
  
C:\Users\86180\Documents\OpenGL4d_20241026_114830\OpenGL2\PhyFunction.h(432,47): warning C4267: 'argument': conversion from 'size_t' to 'int', possible loss of data
  (compiling source file 'Game.cpp')
  
C:\Users\86180\Documents\OpenGL4d_20241026_114830\OpenGL2\PhyFunction.h(433,67): warning C4267: 'argument': conversion from 'size_t' to 'int', possible loss of data
  (compiling source file 'Game.cpp')
  
C:\Users\86180\Documents\OpenGL4d_20241026_114830\OpenGL2\PhyFunction.h(433,59): warning C4267: 'argument': conversion from 'size_t' to 'int', possible loss of data
  (compiling source file 'Game.cpp')
  
C:\Users\86180\Documents\OpenGL4d_20241026_114830\OpenGL2\PhyFunction.h(439,65): warning C4267: 'argument': conversion from 'size_t' to 'int', possible loss of data
  (compiling source file 'Game.cpp')
  
C:\Users\86180\Documents\OpenGL4d_20241026_114830\OpenGL2\PhyFunction.h(439,57): warning C4267: 'argument': conversion from 'size_t' to 'int', possible loss of data
  (compiling source file 'Game.cpp')
  
C:\Users\86180\Documents\OpenGL4d_20241026_114830\OpenGL2\PhyFunction.h(440,60): warning C4267: 'argument': conversion from 'size_t' to 'int', possible loss of data
  (compiling source file 'Game.cpp')
  
C:\Users\86180\Documents\OpenGL4d_20241026_114830\OpenGL2\PhyFunction.h(440,52): warning C4267: 'argument': conversion from 'size_t' to 'int', possible loss of data
  (compiling source file 'Game.cpp')
  
C:\Users\86180\Documents\OpenGL4d_20241026_114830\OpenGL2\PhyFunction.h(441,61): warning C4267: 'argument': conversion from 'size_t' to 'int', possible loss of data
  (compiling source file 'Game.cpp')
  
C:\Users\86180\Documents\OpenGL4d_20241026_114830\OpenGL2\PhyFunction.h(441,53): warning C4267: 'argument': conversion from 'size_t' to 'int', possible loss of data
  (compiling source file 'Game.cpp')
  
C:\Users\86180\Documents\OpenGL4d_20241026_114830\OpenGL2\PhyFunction.h(442,55): warning C4267: 'argument': conversion from 'size_t' to 'int', possible loss of data
  (compiling source file 'Game.cpp')
  
C:\Users\86180\Documents\OpenGL4d_20241026_114830\OpenGL2\PhyFunction.h(442,47): warning C4267: 'argument': conversion from 'size_t' to 'int', possible loss of data
  (compiling source file 'Game.cpp')
  
C:\Users\86180\Documents\OpenGL4d_20241026_114830\OpenGL2\PhyFunction.h(443,67): warning C4267: 'argument': conversion from 'size_t' to 'int', possible loss of data
  (compiling source file 'Game.cpp')
  
C:\Users\86180\Documents\OpenGL4d_20241026_114830\OpenGL2\PhyFunction.h(443,59): warning C4267: 'argument': conversion from 'size_t' to 'int', possible loss of data
  (compiling source file 'Game.cpp')
  
C:\Users\86180\Documents\OpenGL4d_20241026_114830\OpenGL2\PhyFunction.h(449,68): warning C4267: 'argument': conversion from 'size_t' to 'int', possible loss of data
  (compiling source file 'Game.cpp')
  
C:\Users\86180\Documents\OpenGL4d_20241026_114830\OpenGL2\PhyFunction.h(449,60): warning C4267: 'argument': conversion from 'size_t' to 'int', possible loss of data
  (compiling source file 'Game.cpp')
  
C:\Users\86180\Documents\OpenGL4d_20241026_114830\OpenGL2\PhyFunction.h(450,63): warning C4267: 'argument': conversion from 'size_t' to 'int', possible loss of data
  (compiling source file 'Game.cpp')
  
C:\Users\86180\Documents\OpenGL4d_20241026_114830\OpenGL2\PhyFunction.h(450,55): warning C4267: 'argument': conversion from 'size_t' to 'int', possible loss of data
  (compiling source file 'Game.cpp')
  
C:\Users\86180\Documents\OpenGL4d_20241026_114830\OpenGL2\PhyFunction.h(451,64): warning C4267: 'argument': conversion from 'size_t' to 'int', possible loss of data
  (compiling source file 'Game.cpp')
  
C:\Users\86180\Documents\OpenGL4d_20241026_114830\OpenGL2\PhyFunction.h(451,56): warning C4267: 'argument': conversion from 'size_t' to 'int', possible loss of data
  (compiling source file 'Game.cpp')
  
C:\Users\86180\Documents\OpenGL4d_20241026_114830\OpenGL2\PhyFunction.h(452,58): warning C4267: 'argument': conversion from 'size_t' to 'int', possible loss of data
  (compiling source file 'Game.cpp')
  
C:\Users\86180\Documents\OpenGL4d_20241026_114830\OpenGL2\PhyFunction.h(452,50): warning C4267: 'argument': conversion from 'size_t' to 'int', possible loss of data
  (compiling source file 'Game.cpp')
  
C:\Users\86180\Documents\OpenGL4d_20241026_114830\OpenGL2\PhyFunction.h(453,70): warning C4267: 'argument': conversion from 'size_t' to 'int', possible loss of data
  (compiling source file 'Game.cpp')
  
C:\Users\86180\Documents\OpenGL4d_20241026_114830\OpenGL2\PhyFunction.h(453,62): warning C4267: 'argument': conversion from 'size_t' to 'int', possible loss of data
  (compiling source file 'Game.cpp')
  
C:\Users\86180\Documents\OpenGL4d_20241026_114830\OpenGL2\PhyFunction.h(464,53): warning C4267: 'argument': conversion from 'size_t' to 'int', possible loss of data
  (compiling source file 'Game.cpp')
  
C:\Users\86180\Documents\OpenGL4d_20241026_114830\OpenGL2\PhyFunction.h(465,48): warning C4267: 'argument': conversion from 'size_t' to 'int', possible loss of data
  (compiling source file 'Game.cpp')
  
C:\Users\86180\Documents\OpenGL4d_20241026_114830\OpenGL2\PhyFunction.h(466,49): warning C4267: 'argument': conversion from 'size_t' to 'int', possible loss of data
  (compiling source file 'Game.cpp')
  
C:\Users\86180\Documents\OpenGL4d_20241026_114830\OpenGL2\PhyFunction.h(467,49): warning C4267: 'argument': conversion from 'size_t' to 'int', possible loss of data
  (compiling source file 'Game.cpp')
  
C:\Users\86180\Documents\OpenGL4d_20241026_114830\OpenGL2\PhyFunction.h(468,55): warning C4267: 'argument': conversion from 'size_t' to 'int', possible loss of data
  (compiling source file 'Game.cpp')
  
C:\Users\86180\Documents\OpenGL4d_20241026_114830\OpenGL2\PhyFunction.h(476,54): warning C4267: 'argument': conversion from 'size_t' to 'int', possible loss of data
  (compiling source file 'Game.cpp')
  
C:\Users\86180\Documents\OpenGL4d_20241026_114830\OpenGL2\PhyFunction.h(477,49): warning C4267: 'argument': conversion from 'size_t' to 'int', possible loss of data
  (compiling source file 'Game.cpp')
  
C:\Users\86180\Documents\OpenGL4d_20241026_114830\OpenGL2\PhyFunction.h(478,50): warning C4267: 'argument': conversion from 'size_t' to 'int', possible loss of data
  (compiling source file 'Game.cpp')
  
C:\Users\86180\Documents\OpenGL4d_20241026_114830\OpenGL2\PhyFunction.h(479,50): warning C4267: 'argument': conversion from 'size_t' to 'int', possible loss of data
  (compiling source file 'Game.cpp')
  
C:\Users\86180\Documents\OpenGL4d_20241026_114830\OpenGL2\PhyFunction.h(480,56): warning C4267: 'argument': conversion from 'size_t' to 'int', possible loss of data
  (compiling source file 'Game.cpp')
  
C:\Users\86180\Documents\OpenGL4d_20241026_114830\OpenGL2\DetectRay.h(18,20): warning C4267: 'initializing': conversion from 'size_t' to 'int', possible loss of data
  (compiling source file 'Game.cpp')
  
C:\Users\86180\Documents\OpenGL4d_20241026_114830\OpenGL2\DetectRay.h(24,16): warning C4244: 'initializing': conversion from 'double' to 'float', possible loss of data
  (compiling source file 'Game.cpp')
  
C:\Users\86180\Documents\OpenGL4d_20241026_114830\OpenGL2\DetectRay.h(25,16): warning C4244: 'initializing': conversion from 'double' to 'float', possible loss of data
  (compiling source file 'Game.cpp')
  
C:\Users\86180\Documents\OpenGL4d_20241026_114830\OpenGL2\DetectRay.h(186,21): warning C4018: '<': signed/unsigned mismatch
  (compiling source file 'Game.cpp')
  
C:\Users\86180\Documents\OpenGL4d_20241026_114830\OpenGL2\DetectRay.h(478,44): warning C4267: '=': conversion from 'size_t' to 'unsigned int', possible loss of data
  (compiling source file 'Game.cpp')
  
C:\Users\86180\Documents\OpenGL4d_20241026_114830\OpenGL2\DetectRay.h(493,38): warning C4267: 'argument': conversion from 'size_t' to 'GLsizei', possible loss of data
  (compiling source file 'Game.cpp')
  
C:\Users\86180\Documents\OpenGL4d_20241026_114830\OpenGL2\LoadAndSave.h(193,62): warning C4311: '<function-style-cast>': pointer truncation from 'size_t *' to 'int'
  (compiling source file 'Game.cpp')
  
C:\Users\86180\Documents\OpenGL4d_20241026_114830\OpenGL2\LoadAndSave.h(193,62): warning C4302: '<function-style-cast>': truncation from 'size_t *' to 'int'
  (compiling source file 'Game.cpp')
  
C:\Users\86180\Documents\OpenGL4d_20241026_114830\OpenGL2\LoadAndSave.h(289,183): warning C4267: 'argument': conversion from 'size_t' to 'unsigned int', possible loss of data
  (compiling source file 'Game.cpp')
  
C:\Users\86180\Documents\OpenGL4d_20241026_114830\OpenGL2\LoadAndSave.h(295,189): warning C4267: 'argument': conversion from 'size_t' to 'unsigned int', possible loss of data
  (compiling source file 'Game.cpp')
  
C:\Users\86180\Documents\OpenGL4d_20241026_114830\OpenGL2\Game_imgui.h(1624,91): warning C4244: 'argument': conversion from 'float' to 'int', possible loss of data
  (compiling source file 'Game.cpp')
  
C:\Users\86180\Documents\OpenGL4d_20241026_114830\OpenGL2\Game_imgui.h(1783,40): warning C4267: '+=': conversion from 'size_t' to 'int', possible loss of data
  (compiling source file 'Game.cpp')
  
C:\Users\86180\Documents\OpenGL4d_20241026_114830\OpenGL2\Game_imgui.h(1882,54): warning C4267: 'argument': conversion from 'size_t' to 'int', possible loss of data
  (compiling source file 'Game.cpp')
  
C:\Users\86180\Documents\OpenGL4d_20241026_114830\OpenGL2\Structures4D.h(56,7): warning C4244: '=': conversion from 'float' to 'int', possible loss of data
  (compiling source file 'Game.cpp')
  
C:\Users\86180\Documents\OpenGL4d_20241026_114830\OpenGL2\Structures4D.h(60,13): warning C4244: '=': conversion from 'float' to 'int', possible loss of data
  (compiling source file 'Game.cpp')
  
C:\Users\86180\Documents\OpenGL4d_20241026_114830\OpenGL2\Structures4D.h(174,29): warning C4305: 'initializing': truncation from 'double' to 'float'
  (compiling source file 'Game.cpp')
  
C:\Users\86180\Documents\OpenGL4d_20241026_114830\OpenGL2\Structures4D.h(181,8): warning C4244: '=': conversion from 'float' to 'int', possible loss of data
  (compiling source file 'Game.cpp')
  
C:\Users\86180\Documents\OpenGL4d_20241026_114830\OpenGL2\Structures4D.h(185,15): warning C4244: '=': conversion from 'float' to 'int', possible loss of data
  (compiling source file 'Game.cpp')
  
C:\Users\86180\Documents\OpenGL4d_20241026_114830\OpenGL2\Structures4D.h(289,8): warning C4244: '=': conversion from 'float' to 'int', possible loss of data
  (compiling source file 'Game.cpp')
  
C:\Users\86180\Documents\OpenGL4d_20241026_114830\OpenGL2\Structures4D.h(293,15): warning C4244: '=': conversion from 'float' to 'int', possible loss of data
  (compiling source file 'Game.cpp')
  
C:\Users\86180\Documents\OpenGL4d_20241026_114830\OpenGL2\Structures4D.h(340,15): warning C4244: 'initializing': conversion from 'float' to 'size_t', possible loss of data
  (compiling source file 'Game.cpp')
  
C:\Users\86180\Documents\OpenGL4d_20241026_114830\OpenGL2\Structures4D.h(462,12): warning C4244: 'initializing': conversion from 'float' to 'int', possible loss of data
  (compiling source file 'Game.cpp')
  
C:\Users\86180\Documents\OpenGL4d_20241026_114830\OpenGL2\Structures4D.h(463,13): warning C4244: 'initializing': conversion from 'float' to 'int', possible loss of data
  (compiling source file 'Game.cpp')
  
C:\Users\86180\Documents\OpenGL4d_20241026_114830\OpenGL2\Structures4D.h(464,14): warning C4244: 'initializing': conversion from 'float' to 'int', possible loss of data
  (compiling source file 'Game.cpp')
  
C:\Users\86180\Documents\OpenGL4d_20241026_114830\OpenGL2\Structures4D.h(465,123): warning C4244: 'argument': conversion from 'int' to 'T', possible loss of data
C:\Users\86180\Documents\OpenGL4d_20241026_114830\OpenGL2\Structures4D.h(465,123): warning C4244:         with
C:\Users\86180\Documents\OpenGL4d_20241026_114830\OpenGL2\Structures4D.h(465,123): warning C4244:         [
C:\Users\86180\Documents\OpenGL4d_20241026_114830\OpenGL2\Structures4D.h(465,123): warning C4244:             T=float
C:\Users\86180\Documents\OpenGL4d_20241026_114830\OpenGL2\Structures4D.h(465,123): warning C4244:         ]
  (compiling source file 'Game.cpp')
  
C:\Users\86180\Documents\OpenGL4d_20241026_114830\OpenGL2\Physics.h(230,24): warning C4018: '<': signed/unsigned mismatch
  (compiling source file 'Game.cpp')
  
C:\Users\86180\Documents\OpenGL4d_20241026_114830\OpenGL2\Physics.h(241,178): warning C4244: 'argument': conversion from 'int' to 'T', possible loss of data
C:\Users\86180\Documents\OpenGL4d_20241026_114830\OpenGL2\Physics.h(241,178): warning C4244:         with
C:\Users\86180\Documents\OpenGL4d_20241026_114830\OpenGL2\Physics.h(241,178): warning C4244:         [
C:\Users\86180\Documents\OpenGL4d_20241026_114830\OpenGL2\Physics.h(241,178): warning C4244:             T=float
C:\Users\86180\Documents\OpenGL4d_20241026_114830\OpenGL2\Physics.h(241,178): warning C4244:         ]
  (compiling source file 'Game.cpp')
  
C:\Users\86180\Documents\OpenGL4d_20241026_114830\OpenGL2\Physics.h(246,177): warning C4244: 'argument': conversion from 'int' to 'T', possible loss of data
C:\Users\86180\Documents\OpenGL4d_20241026_114830\OpenGL2\Physics.h(246,177): warning C4244:         with
C:\Users\86180\Documents\OpenGL4d_20241026_114830\OpenGL2\Physics.h(246,177): warning C4244:         [
C:\Users\86180\Documents\OpenGL4d_20241026_114830\OpenGL2\Physics.h(246,177): warning C4244:             T=float
C:\Users\86180\Documents\OpenGL4d_20241026_114830\OpenGL2\Physics.h(246,177): warning C4244:         ]
  (compiling source file 'Game.cpp')
  
C:\Users\86180\Documents\OpenGL4d_20241026_114830\OpenGL2\Physics.h(301,24): warning C4018: '<': signed/unsigned mismatch
  (compiling source file 'Game.cpp')
  
C:\Users\86180\Documents\OpenGL4d_20241026_114830\OpenGL2\Keyboard.h(76,44): warning C4305: '-=': truncation from 'double' to 'T'
C:\Users\86180\Documents\OpenGL4d_20241026_114830\OpenGL2\Keyboard.h(76,44): warning C4305:         with
C:\Users\86180\Documents\OpenGL4d_20241026_114830\OpenGL2\Keyboard.h(76,44): warning C4305:         [
C:\Users\86180\Documents\OpenGL4d_20241026_114830\OpenGL2\Keyboard.h(76,44): warning C4305:             T=float
C:\Users\86180\Documents\OpenGL4d_20241026_114830\OpenGL2\Keyboard.h(76,44): warning C4305:         ]
  (compiling source file 'Game.cpp')
  
C:\Users\86180\Documents\OpenGL4d_20241026_114830\OpenGL2\Keyboard.h(82,44): warning C4305: '+=': truncation from 'double' to 'T'
C:\Users\86180\Documents\OpenGL4d_20241026_114830\OpenGL2\Keyboard.h(82,44): warning C4305:         with
C:\Users\86180\Documents\OpenGL4d_20241026_114830\OpenGL2\Keyboard.h(82,44): warning C4305:         [
C:\Users\86180\Documents\OpenGL4d_20241026_114830\OpenGL2\Keyboard.h(82,44): warning C4305:             T=float
C:\Users\86180\Documents\OpenGL4d_20241026_114830\OpenGL2\Keyboard.h(82,44): warning C4305:         ]
  (compiling source file 'Game.cpp')
  
C:\Users\86180\Documents\OpenGL4d_20241026_114830\OpenGL2\Keyboard.h(240,73): warning C4267: 'argument': conversion from 'size_t' to 'int', possible loss of data
  (compiling source file 'Game.cpp')
  
C:\Users\86180\Documents\OpenGL4d_20241026_114830\OpenGL2\Keyboard.h(464,40): warning C4244: 'argument': conversion from 'int' to 'GLfloat', possible loss of data
  (compiling source file 'Game.cpp')
  
C:\Users\86180\Documents\OpenGL4d_20241026_114830\OpenGL2\Keyboard.h(473,23): warning C4244: 'argument': conversion from 'float' to 'const int', possible loss of data
  (compiling source file 'Game.cpp')
  
C:\Users\86180\Documents\OpenGL4d_20241026_114830\OpenGL2\Keyboard.h(652,17): warning C4267: 'initializing': conversion from 'size_t' to 'int', possible loss of data
  (compiling source file 'Game.cpp')
  
C:\Users\86180\Documents\OpenGL4d_20241026_114830\OpenGL2\Keyboard.h(694,17): warning C4267: 'initializing': conversion from 'size_t' to 'int', possible loss of data
  (compiling source file 'Game.cpp')
  
C:\Users\86180\Documents\OpenGL4d_20241026_114830\OpenGL2\Keyboard.h(804,73): warning C4267: 'argument': conversion from 'size_t' to 'int', possible loss of data
  (compiling source file 'Game.cpp')
  
C:\Users\86180\Documents\OpenGL4d_20241026_114830\OpenGL2\Game.cpp(374,32): warning C4267: 'argument': conversion from 'size_t' to 'const GLint', possible loss of data
C:\Users\86180\Documents\OpenGL4d_20241026_114830\OpenGL2\Game.cpp(1488,16): warning C4267: 'initializing': conversion from 'size_t' to 'int', possible loss of data
C:\Users\86180\Documents\OpenGL4d_20241026_114830\OpenGL2\Game.cpp(1608,58): warning C4267: 'argument': conversion from 'size_t' to 'GLint', possible loss of data
  main.cpp
C:\Users\86180\Documents\OpenGL4d_20241026_114830\OpenGL2\Line.h(129,34): warning C4018: '<': signed/unsigned mismatch
  (compiling source file 'main.cpp')
  
C:\Program Files (x86)\Windows Kits\10\Include\10.0.22000.0\shared\minwindef.h(130,9): warning C4005: 'APIENTRY': macro redefinition
  (compiling source file 'main.cpp')
      C:\Users\86180\Documents\OpenGL4d_20241026_114830\Dependencies_64x\GLFW\include\GLFW\glfw3.h(123,11):
      see previous definition of 'APIENTRY'
  
C:\Users\86180\Documents\OpenGL4d_20241026_114830\OpenGL2\Light.h(174,21): warning C4477: 'snprintf' : format string '%i' requires an argument of type 'int', but variadic argument 1 has type 'size_t'
  (compiling source file 'main.cpp')
      C:\Users\86180\Documents\OpenGL4d_20241026_114830\OpenGL2\Light.h(174,21):
      consider using '%zi' in the format string
  
C:\Users\86180\Documents\OpenGL4d_20241026_114830\OpenGL2\Light.h(176,21): warning C4477: 'snprintf' : format string '%i' requires an argument of type 'int', but variadic argument 1 has type 'size_t'
  (compiling source file 'main.cpp')
      C:\Users\86180\Documents\OpenGL4d_20241026_114830\OpenGL2\Light.h(176,21):
      consider using '%zi' in the format string
  
C:\Users\86180\Documents\OpenGL4d_20241026_114830\OpenGL2\Light.h(178,21): warning C4477: 'snprintf' : format string '%i' requires an argument of type 'int', but variadic argument 1 has type 'size_t'
  (compiling source file 'main.cpp')
      C:\Users\86180\Documents\OpenGL4d_20241026_114830\OpenGL2\Light.h(178,21):
      consider using '%zi' in the format string
  
C:\Users\86180\Documents\OpenGL4d_20241026_114830\OpenGL2\Light.h(180,21): warning C4477: 'snprintf' : format string '%i' requires an argument of type 'int', but variadic argument 1 has type 'size_t'
  (compiling source file 'main.cpp')
      C:\Users\86180\Documents\OpenGL4d_20241026_114830\OpenGL2\Light.h(180,21):
      consider using '%zi' in the format string
  
C:\Users\86180\Documents\OpenGL4d_20241026_114830\OpenGL2\Light.h(189,21): warning C4477: 'snprintf' : format string '%i' requires an argument of type 'int', but variadic argument 1 has type 'size_t'
  (compiling source file 'main.cpp')
      C:\Users\86180\Documents\OpenGL4d_20241026_114830\OpenGL2\Light.h(189,21):
      consider using '%zi' in the format string
  
C:\Users\86180\Documents\OpenGL4d_20241026_114830\OpenGL2\Joint.h(188,15): warning C4091: 'static ': ignored on left of 'HingeConstraint4D' when no variable is declared
  (compiling source file 'main.cpp')
  
C:\Users\86180\Documents\OpenGL4d_20241026_114830\OpenGL2\ObjectLists.h(465,15): warning C4091: 'static ': ignored on left of 'RenderIndex' when no variable is declared
  (compiling source file 'main.cpp')
  
C:\Users\86180\Documents\OpenGL4d_20241026_114830\OpenGL2\ObjectLists.h(613,10): warning C4267: 'initializing': conversion from 'size_t' to 'int', possible loss of data
  (compiling source file 'main.cpp')
  
C:\Users\86180\Documents\OpenGL4d_20241026_114830\OpenGL2\gjk.h(479,15): warning C4091: 'static ': ignored on left of 'Simplex' when no variable is declared
  (compiling source file 'main.cpp')
  
C:\Users\86180\Documents\OpenGL4d_20241026_114830\OpenGL2\gjk.h(804,12): warning C4101: 'i': unreferenced local variable
  (compiling source file 'main.cpp')
  
C:\Users\86180\Documents\OpenGL4d_20241026_114830\OpenGL2\gjk.h(968,28): warning C4267: 'initializing': conversion from 'size_t' to 'unsigned int', possible loss of data
  (compiling source file 'main.cpp')
  
C:\Users\86180\Documents\OpenGL4d_20241026_114830\OpenGL2\gjk.h(992,15): warning C4101: 'contact0': unreferenced local variable
  (compiling source file 'main.cpp')
  
C:\Users\86180\Documents\OpenGL4d_20241026_114830\OpenGL2\colliderPhy.h(12,15): warning C4091: 'static ': ignored on left of 'CollisionManifold' when no variable is declared
  (compiling source file 'main.cpp')
  
C:\Users\86180\Documents\OpenGL4d_20241026_114830\OpenGL2\colliderPhy.h(20,15): warning C4091: 'static ': ignored on left of 'Collision' when no variable is declared
  (compiling source file 'main.cpp')
  
C:\Users\86180\Documents\OpenGL4d_20241026_114830\OpenGL2\colliderPhy.h(74,59): warning C4267: 'argument': conversion from 'size_t' to 'int', possible loss of data
  (compiling source file 'main.cpp')
  
C:\Users\86180\Documents\OpenGL4d_20241026_114830\OpenGL2\colliderPhy.h(74,48): warning C4267: 'argument': conversion from 'size_t' to 'int', possible loss of data
  (compiling source file 'main.cpp')
  
C:\Users\86180\Documents\OpenGL4d_20241026_114830\OpenGL2\colliderPhy.h(86,69): warning C4267: 'argument': conversion from 'size_t' to 'int', possible loss of data
  (compiling source file 'main.cpp')
  
C:\Users\86180\Documents\OpenGL4d_20241026_114830\OpenGL2\colliderPhy.h(86,58): warning C4267: 'argument': conversion from 'size_t' to 'int', possible loss of data
  (compiling source file 'main.cpp')
  
C:\Users\86180\Documents\OpenGL4d_20241026_114830\OpenGL2\colliderPhy.h(88,59): warning C4267: 'argument': conversion from 'size_t' to 'int', possible loss of data
  (compiling source file 'main.cpp')
  
C:\Users\86180\Documents\OpenGL4d_20241026_114830\OpenGL2\colliderPhy.h(88,48): warning C4267: 'argument': conversion from 'size_t' to 'int', possible loss of data
  (compiling source file 'main.cpp')
  
C:\Users\86180\Documents\OpenGL4d_20241026_114830\OpenGL2\colliderPhy.h(143,27): warning C4101: 'contacts': unreferenced local variable
  (compiling source file 'main.cpp')
  
C:\Users\86180\Documents\OpenGL4d_20241026_114830\OpenGL2\colliderPhy.h(565,47): warning C4267: '=': conversion from 'size_t' to 'unsigned int', possible loss of data
  (compiling source file 'main.cpp')
  
C:\Users\86180\Documents\OpenGL4d_20241026_114830\OpenGL2\colliderPhy.h(554,23): warning C4101: 'detectPos4D0': unreferenced local variable
  (compiling source file 'main.cpp')
  
C:\Users\86180\Documents\OpenGL4d_20241026_114830\OpenGL2\colliderPhy.h(1236,34): warning C4018: '<': signed/unsigned mismatch
  (compiling source file 'main.cpp')
  
C:\Users\86180\Documents\OpenGL4d_20241026_114830\OpenGL2\colliderPhy.h(1831,27): warning C4101: 'detectPos4D0': unreferenced local variable
  (compiling source file 'main.cpp')
  
C:\Users\86180\Documents\OpenGL4d_20241026_114830\OpenGL2\collision.h(5,15): warning C4091: 'static ': ignored on left of 'ContactState' when no variable is declared
  (compiling source file 'main.cpp')
  
C:\Users\86180\Documents\OpenGL4d_20241026_114830\OpenGL2\collision.h(14,15): warning C4091: 'static ': ignored on left of 'CollisionConstraint' when no variable is declared
  (compiling source file 'main.cpp')
  
C:\Users\86180\Documents\OpenGL4d_20241026_114830\OpenGL2\collision.h(33,15): warning C4091: 'static ': ignored on left of 'Constraint' when no variable is declared
  (compiling source file 'main.cpp')
  
C:\Users\86180\Documents\OpenGL4d_20241026_114830\OpenGL2\PhyFunction.h(409,67): warning C4267: 'argument': conversion from 'size_t' to 'int', possible loss of data
  (compiling source file 'main.cpp')
  
C:\Users\86180\Documents\OpenGL4d_20241026_114830\OpenGL2\PhyFunction.h(409,59): warning C4267: 'argument': conversion from 'size_t' to 'int', possible loss of data
  (compiling source file 'main.cpp')
  
C:\Users\86180\Documents\OpenGL4d_20241026_114830\OpenGL2\PhyFunction.h(410,62): warning C4267: 'argument': conversion from 'size_t' to 'int', possible loss of data
  (compiling source file 'main.cpp')
  
C:\Users\86180\Documents\OpenGL4d_20241026_114830\OpenGL2\PhyFunction.h(410,54): warning C4267: 'argument': conversion from 'size_t' to 'int', possible loss of data
  (compiling source file 'main.cpp')
  
C:\Users\86180\Documents\OpenGL4d_20241026_114830\OpenGL2\PhyFunction.h(411,63): warning C4267: 'argument': conversion from 'size_t' to 'int', possible loss of data
  (compiling source file 'main.cpp')
  
C:\Users\86180\Documents\OpenGL4d_20241026_114830\OpenGL2\PhyFunction.h(411,55): warning C4267: 'argument': conversion from 'size_t' to 'int', possible loss of data
  (compiling source file 'main.cpp')
  
C:\Users\86180\Documents\OpenGL4d_20241026_114830\OpenGL2\PhyFunction.h(412,57): warning C4267: 'argument': conversion from 'size_t' to 'int', possible loss of data
  (compiling source file 'main.cpp')
  
C:\Users\86180\Documents\OpenGL4d_20241026_114830\OpenGL2\PhyFunction.h(412,49): warning C4267: 'argument': conversion from 'size_t' to 'int', possible loss of data
  (compiling source file 'main.cpp')
  
C:\Users\86180\Documents\OpenGL4d_20241026_114830\OpenGL2\PhyFunction.h(413,69): warning C4267: 'argument': conversion from 'size_t' to 'int', possible loss of data
  (compiling source file 'main.cpp')
  
C:\Users\86180\Documents\OpenGL4d_20241026_114830\OpenGL2\PhyFunction.h(413,61): warning C4267: 'argument': conversion from 'size_t' to 'int', possible loss of data
  (compiling source file 'main.cpp')
  
C:\Users\86180\Documents\OpenGL4d_20241026_114830\OpenGL2\PhyFunction.h(419,65): warning C4267: 'argument': conversion from 'size_t' to 'int', possible loss of data
  (compiling source file 'main.cpp')
  
C:\Users\86180\Documents\OpenGL4d_20241026_114830\OpenGL2\PhyFunction.h(419,57): warning C4267: 'argument': conversion from 'size_t' to 'int', possible loss of data
  (compiling source file 'main.cpp')
  
C:\Users\86180\Documents\OpenGL4d_20241026_114830\OpenGL2\PhyFunction.h(420,60): warning C4267: 'argument': conversion from 'size_t' to 'int', possible loss of data
  (compiling source file 'main.cpp')
  
C:\Users\86180\Documents\OpenGL4d_20241026_114830\OpenGL2\PhyFunction.h(420,52): warning C4267: 'argument': conversion from 'size_t' to 'int', possible loss of data
  (compiling source file 'main.cpp')
  
C:\Users\86180\Documents\OpenGL4d_20241026_114830\OpenGL2\PhyFunction.h(421,61): warning C4267: 'argument': conversion from 'size_t' to 'int', possible loss of data
  (compiling source file 'main.cpp')
  
C:\Users\86180\Documents\OpenGL4d_20241026_114830\OpenGL2\PhyFunction.h(421,53): warning C4267: 'argument': conversion from 'size_t' to 'int', possible loss of data
  (compiling source file 'main.cpp')
  
C:\Users\86180\Documents\OpenGL4d_20241026_114830\OpenGL2\PhyFunction.h(422,55): warning C4267: 'argument': conversion from 'size_t' to 'int', possible loss of data
  (compiling source file 'main.cpp')
  
C:\Users\86180\Documents\OpenGL4d_20241026_114830\OpenGL2\PhyFunction.h(422,47): warning C4267: 'argument': conversion from 'size_t' to 'int', possible loss of data
  (compiling source file 'main.cpp')
  
C:\Users\86180\Documents\OpenGL4d_20241026_114830\OpenGL2\PhyFunction.h(423,67): warning C4267: 'argument': conversion from 'size_t' to 'int', possible loss of data
  (compiling source file 'main.cpp')
  
C:\Users\86180\Documents\OpenGL4d_20241026_114830\OpenGL2\PhyFunction.h(423,59): warning C4267: 'argument': conversion from 'size_t' to 'int', possible loss of data
  (compiling source file 'main.cpp')
  
C:\Users\86180\Documents\OpenGL4d_20241026_114830\OpenGL2\PhyFunction.h(429,65): warning C4267: 'argument': conversion from 'size_t' to 'int', possible loss of data
  (compiling source file 'main.cpp')
  
C:\Users\86180\Documents\OpenGL4d_20241026_114830\OpenGL2\PhyFunction.h(429,57): warning C4267: 'argument': conversion from 'size_t' to 'int', possible loss of data
  (compiling source file 'main.cpp')
  
C:\Users\86180\Documents\OpenGL4d_20241026_114830\OpenGL2\PhyFunction.h(430,60): warning C4267: 'argument': conversion from 'size_t' to 'int', possible loss of data
  (compiling source file 'main.cpp')
  
C:\Users\86180\Documents\OpenGL4d_20241026_114830\OpenGL2\PhyFunction.h(430,52): warning C4267: 'argument': conversion from 'size_t' to 'int', possible loss of data
  (compiling source file 'main.cpp')
  
C:\Users\86180\Documents\OpenGL4d_20241026_114830\OpenGL2\PhyFunction.h(431,61): warning C4267: 'argument': conversion from 'size_t' to 'int', possible loss of data
  (compiling source file 'main.cpp')
  
C:\Users\86180\Documents\OpenGL4d_20241026_114830\OpenGL2\PhyFunction.h(431,53): warning C4267: 'argument': conversion from 'size_t' to 'int', possible loss of data
  (compiling source file 'main.cpp')
  
C:\Users\86180\Documents\OpenGL4d_20241026_114830\OpenGL2\PhyFunction.h(432,55): warning C4267: 'argument': conversion from 'size_t' to 'int', possible loss of data
  (compiling source file 'main.cpp')
  
C:\Users\86180\Documents\OpenGL4d_20241026_114830\OpenGL2\PhyFunction.h(432,47): warning C4267: 'argument': conversion from 'size_t' to 'int', possible loss of data
  (compiling source file 'main.cpp')
  
C:\Users\86180\Documents\OpenGL4d_20241026_114830\OpenGL2\PhyFunction.h(433,67): warning C4267: 'argument': conversion from 'size_t' to 'int', possible loss of data
  (compiling source file 'main.cpp')
  
C:\Users\86180\Documents\OpenGL4d_20241026_114830\OpenGL2\PhyFunction.h(433,59): warning C4267: 'argument': conversion from 'size_t' to 'int', possible loss of data
  (compiling source file 'main.cpp')
  
C:\Users\86180\Documents\OpenGL4d_20241026_114830\OpenGL2\PhyFunction.h(439,65): warning C4267: 'argument': conversion from 'size_t' to 'int', possible loss of data
  (compiling source file 'main.cpp')
  
C:\Users\86180\Documents\OpenGL4d_20241026_114830\OpenGL2\PhyFunction.h(439,57): warning C4267: 'argument': conversion from 'size_t' to 'int', possible loss of data
  (compiling source file 'main.cpp')
  
C:\Users\86180\Documents\OpenGL4d_20241026_114830\OpenGL2\PhyFunction.h(440,60): warning C4267: 'argument': conversion from 'size_t' to 'int', possible loss of data
  (compiling source file 'main.cpp')
  
C:\Users\86180\Documents\OpenGL4d_20241026_114830\OpenGL2\PhyFunction.h(440,52): warning C4267: 'argument': conversion from 'size_t' to 'int', possible loss of data
  (compiling source file 'main.cpp')
  
C:\Users\86180\Documents\OpenGL4d_20241026_114830\OpenGL2\PhyFunction.h(441,61): warning C4267: 'argument': conversion from 'size_t' to 'int', possible loss of data
  (compiling source file 'main.cpp')
  
C:\Users\86180\Documents\OpenGL4d_20241026_114830\OpenGL2\PhyFunction.h(441,53): warning C4267: 'argument': conversion from 'size_t' to 'int', possible loss of data
  (compiling source file 'main.cpp')
  
C:\Users\86180\Documents\OpenGL4d_20241026_114830\OpenGL2\PhyFunction.h(442,55): warning C4267: 'argument': conversion from 'size_t' to 'int', possible loss of data
  (compiling source file 'main.cpp')
  
C:\Users\86180\Documents\OpenGL4d_20241026_114830\OpenGL2\PhyFunction.h(442,47): warning C4267: 'argument': conversion from 'size_t' to 'int', possible loss of data
  (compiling source file 'main.cpp')
  
C:\Users\86180\Documents\OpenGL4d_20241026_114830\OpenGL2\PhyFunction.h(443,67): warning C4267: 'argument': conversion from 'size_t' to 'int', possible loss of data
  (compiling source file 'main.cpp')
  
C:\Users\86180\Documents\OpenGL4d_20241026_114830\OpenGL2\PhyFunction.h(443,59): warning C4267: 'argument': conversion from 'size_t' to 'int', possible loss of data
  (compiling source file 'main.cpp')
  
C:\Users\86180\Documents\OpenGL4d_20241026_114830\OpenGL2\PhyFunction.h(449,68): warning C4267: 'argument': conversion from 'size_t' to 'int', possible loss of data
  (compiling source file 'main.cpp')
  
C:\Users\86180\Documents\OpenGL4d_20241026_114830\OpenGL2\PhyFunction.h(449,60): warning C4267: 'argument': conversion from 'size_t' to 'int', possible loss of data
  (compiling source file 'main.cpp')
  
C:\Users\86180\Documents\OpenGL4d_20241026_114830\OpenGL2\PhyFunction.h(450,63): warning C4267: 'argument': conversion from 'size_t' to 'int', possible loss of data
  (compiling source file 'main.cpp')
  
C:\Users\86180\Documents\OpenGL4d_20241026_114830\OpenGL2\PhyFunction.h(450,55): warning C4267: 'argument': conversion from 'size_t' to 'int', possible loss of data
  (compiling source file 'main.cpp')
  
C:\Users\86180\Documents\OpenGL4d_20241026_114830\OpenGL2\PhyFunction.h(451,64): warning C4267: 'argument': conversion from 'size_t' to 'int', possible loss of data
  (compiling source file 'main.cpp')
  
C:\Users\86180\Documents\OpenGL4d_20241026_114830\OpenGL2\PhyFunction.h(451,56): warning C4267: 'argument': conversion from 'size_t' to 'int', possible loss of data
  (compiling source file 'main.cpp')
  
C:\Users\86180\Documents\OpenGL4d_20241026_114830\OpenGL2\PhyFunction.h(452,58): warning C4267: 'argument': conversion from 'size_t' to 'int', possible loss of data
  (compiling source file 'main.cpp')
  
C:\Users\86180\Documents\OpenGL4d_20241026_114830\OpenGL2\PhyFunction.h(452,50): warning C4267: 'argument': conversion from 'size_t' to 'int', possible loss of data
  (compiling source file 'main.cpp')
  
C:\Users\86180\Documents\OpenGL4d_20241026_114830\OpenGL2\PhyFunction.h(453,70): warning C4267: 'argument': conversion from 'size_t' to 'int', possible loss of data
  (compiling source file 'main.cpp')
  
C:\Users\86180\Documents\OpenGL4d_20241026_114830\OpenGL2\PhyFunction.h(453,62): warning C4267: 'argument': conversion from 'size_t' to 'int', possible loss of data
  (compiling source file 'main.cpp')
  
C:\Users\86180\Documents\OpenGL4d_20241026_114830\OpenGL2\PhyFunction.h(464,53): warning C4267: 'argument': conversion from 'size_t' to 'int', possible loss of data
  (compiling source file 'main.cpp')
  
C:\Users\86180\Documents\OpenGL4d_20241026_114830\OpenGL2\PhyFunction.h(465,48): warning C4267: 'argument': conversion from 'size_t' to 'int', possible loss of data
  (compiling source file 'main.cpp')
  
C:\Users\86180\Documents\OpenGL4d_20241026_114830\OpenGL2\PhyFunction.h(466,49): warning C4267: 'argument': conversion from 'size_t' to 'int', possible loss of data
  (compiling source file 'main.cpp')
  
C:\Users\86180\Documents\OpenGL4d_20241026_114830\OpenGL2\PhyFunction.h(467,49): warning C4267: 'argument': conversion from 'size_t' to 'int', possible loss of data
  (compiling source file 'main.cpp')
  
C:\Users\86180\Documents\OpenGL4d_20241026_114830\OpenGL2\PhyFunction.h(468,55): warning C4267: 'argument': conversion from 'size_t' to 'int', possible loss of data
  (compiling source file 'main.cpp')
  
C:\Users\86180\Documents\OpenGL4d_20241026_114830\OpenGL2\PhyFunction.h(476,54): warning C4267: 'argument': conversion from 'size_t' to 'int', possible loss of data
  (compiling source file 'main.cpp')
  
C:\Users\86180\Documents\OpenGL4d_20241026_114830\OpenGL2\PhyFunction.h(477,49): warning C4267: 'argument': conversion from 'size_t' to 'int', possible loss of data
  (compiling source file 'main.cpp')
  
C:\Users\86180\Documents\OpenGL4d_20241026_114830\OpenGL2\PhyFunction.h(478,50): warning C4267: 'argument': conversion from 'size_t' to 'int', possible loss of data
  (compiling source file 'main.cpp')
  
C:\Users\86180\Documents\OpenGL4d_20241026_114830\OpenGL2\PhyFunction.h(479,50): warning C4267: 'argument': conversion from 'size_t' to 'int', possible loss of data
  (compiling source file 'main.cpp')
  
C:\Users\86180\Documents\OpenGL4d_20241026_114830\OpenGL2\PhyFunction.h(480,56): warning C4267: 'argument': conversion from 'size_t' to 'int', possible loss of data
  (compiling source file 'main.cpp')
  
C:\Users\86180\Documents\OpenGL4d_20241026_114830\OpenGL2\DetectRay.h(18,20): warning C4267: 'initializing': conversion from 'size_t' to 'int', possible loss of data
  (compiling source file 'main.cpp')
  
C:\Users\86180\Documents\OpenGL4d_20241026_114830\OpenGL2\DetectRay.h(24,16): warning C4244: 'initializing': conversion from 'double' to 'float', possible loss of data
  (compiling source file 'main.cpp')
  
C:\Users\86180\Documents\OpenGL4d_20241026_114830\OpenGL2\DetectRay.h(25,16): warning C4244: 'initializing': conversion from 'double' to 'float', possible loss of data
  (compiling source file 'main.cpp')
  
C:\Users\86180\Documents\OpenGL4d_20241026_114830\OpenGL2\DetectRay.h(186,21): warning C4018: '<': signed/unsigned mismatch
  (compiling source file 'main.cpp')
  
C:\Users\86180\Documents\OpenGL4d_20241026_114830\OpenGL2\DetectRay.h(478,44): warning C4267: '=': conversion from 'size_t' to 'unsigned int', possible loss of data
  (compiling source file 'main.cpp')
  
C:\Users\86180\Documents\OpenGL4d_20241026_114830\OpenGL2\DetectRay.h(493,38): warning C4267: 'argument': conversion from 'size_t' to 'GLsizei', possible loss of data
  (compiling source file 'main.cpp')
  
C:\Users\86180\Documents\OpenGL4d_20241026_114830\OpenGL2\LoadAndSave.h(193,62): warning C4311: '<function-style-cast>': pointer truncation from 'size_t *' to 'int'
  (compiling source file 'main.cpp')
  
C:\Users\86180\Documents\OpenGL4d_20241026_114830\OpenGL2\LoadAndSave.h(193,62): warning C4302: '<function-style-cast>': truncation from 'size_t *' to 'int'
  (compiling source file 'main.cpp')
  
C:\Users\86180\Documents\OpenGL4d_20241026_114830\OpenGL2\LoadAndSave.h(289,183): warning C4267: 'argument': conversion from 'size_t' to 'unsigned int', possible loss of data
  (compiling source file 'main.cpp')
  
C:\Users\86180\Documents\OpenGL4d_20241026_114830\OpenGL2\LoadAndSave.h(295,189): warning C4267: 'argument': conversion from 'size_t' to 'unsigned int', possible loss of data
  (compiling source file 'main.cpp')
  
C:\Users\86180\Documents\OpenGL4d_20241026_114830\OpenGL2\main.cpp(35,24): warning C4244: 'argument': conversion from 'double' to 'int', possible loss of data
  Generating Code...
C:\Users\86180\Documents\OpenGL4d_20241026_114830\OpenGL2\InputLists.h(101,1): warning C4715: 'transformInput': not all control paths return a value
C:\Users\86180\Documents\OpenGL4d_20241026_114830\OpenGL2\body.h(163,1): warning C4715: 'get_cap_position4D': not all control paths return a value
C:\Users\86180\Documents\OpenGL4d_20241026_114830\OpenGL2\LoadAndSave.h(57,1): warning C4715: 'name_list': not all control paths return a value
C:\Users\86180\Documents\OpenGL4d_20241026_114830\OpenGL2\Geometry.h(138,1): warning C4715: 'texcoord_position2': not all control paths return a value
C:\Users\86180\Documents\OpenGL4d_20241026_114830\OpenGL2\gjk.h(196,1): warning C4715: 'support': not all control paths return a value
C:\Users\86180\Documents\OpenGL4d_20241026_114830\OpenGL2\gjk.h(396,1): warning C4715: 'support_distance': not all control paths return a value
C:\Users\86180\Documents\OpenGL4d_20241026_114830\OpenGL2\gjk.h(655,1): warning C4715: 'Simplex::nearest_simplex': not all control paths return a value
  OpenGL2.vcxproj -> C:\Users\86180\Documents\OpenGL4d_20241026_114830\x64\Debug\NewEngine.exe
