C:\Program Files\Microsoft Visual Studio\2022\Community\MSBuild\Microsoft\VC\v170\Microsoft.CppBuild.targets(531,5): warning MSB8028: The intermediate directory (x64\Release\) contains files shared from another project (OpenGL2.vcxproj).  This can lead to incorrect clean and rebuild behavior.
  Game.cpp
C:\Users\86180\Documents\OpenGL4d_20240509_114830\OpenGL4d\OpenGL2\Texture.h(219,16): warning C4244: 'initializing': conversion from 'T' to 'int', possible loss of data
C:\Users\86180\Documents\OpenGL4d_20240509_114830\OpenGL4d\OpenGL2\Texture.h(219,16): warning C4244:         with
C:\Users\86180\Documents\OpenGL4d_20240509_114830\OpenGL4d\OpenGL2\Texture.h(219,16): warning C4244:         [
C:\Users\86180\Documents\OpenGL4d_20240509_114830\OpenGL4d\OpenGL2\Texture.h(219,16): warning C4244:             T=float
C:\Users\86180\Documents\OpenGL4d_20240509_114830\OpenGL4d\OpenGL2\Texture.h(219,16): warning C4244:         ]
  (compiling source file 'Game.cpp')
  
C:\Users\86180\Documents\OpenGL4d_20240509_114830\OpenGL4d\OpenGL2\Texture.h(221,17): warning C4244: 'initializing': conversion from 'T' to 'int', possible loss of data
C:\Users\86180\Documents\OpenGL4d_20240509_114830\OpenGL4d\OpenGL2\Texture.h(221,17): warning C4244:         with
C:\Users\86180\Documents\OpenGL4d_20240509_114830\OpenGL4d\OpenGL2\Texture.h(221,17): warning C4244:         [
C:\Users\86180\Documents\OpenGL4d_20240509_114830\OpenGL4d\OpenGL2\Texture.h(221,17): warning C4244:             T=float
C:\Users\86180\Documents\OpenGL4d_20240509_114830\OpenGL4d\OpenGL2\Texture.h(221,17): warning C4244:         ]
  (compiling source file 'Game.cpp')
  
C:\Users\86180\Documents\OpenGL4d_20240509_114830\OpenGL4d\OpenGL2\Texture.h(223,18): warning C4244: 'initializing': conversion from 'T' to 'int', possible loss of data
C:\Users\86180\Documents\OpenGL4d_20240509_114830\OpenGL4d\OpenGL2\Texture.h(223,18): warning C4244:         with
C:\Users\86180\Documents\OpenGL4d_20240509_114830\OpenGL4d\OpenGL2\Texture.h(223,18): warning C4244:         [
C:\Users\86180\Documents\OpenGL4d_20240509_114830\OpenGL4d\OpenGL2\Texture.h(223,18): warning C4244:             T=float
C:\Users\86180\Documents\OpenGL4d_20240509_114830\OpenGL4d\OpenGL2\Texture.h(223,18): warning C4244:         ]
  (compiling source file 'Game.cpp')
  
C:\Users\86180\Documents\OpenGL4d_20240509_114830\OpenGL4d\OpenGL2\Texture.h(238,16): warning C4244: 'initializing': conversion from 'T' to 'int', possible loss of data
C:\Users\86180\Documents\OpenGL4d_20240509_114830\OpenGL4d\OpenGL2\Texture.h(238,16): warning C4244:         with
C:\Users\86180\Documents\OpenGL4d_20240509_114830\OpenGL4d\OpenGL2\Texture.h(238,16): warning C4244:         [
C:\Users\86180\Documents\OpenGL4d_20240509_114830\OpenGL4d\OpenGL2\Texture.h(238,16): warning C4244:             T=float
C:\Users\86180\Documents\OpenGL4d_20240509_114830\OpenGL4d\OpenGL2\Texture.h(238,16): warning C4244:         ]
  (compiling source file 'Game.cpp')
  
C:\Users\86180\Documents\OpenGL4d_20240509_114830\OpenGL4d\OpenGL2\Texture.h(240,17): warning C4244: 'initializing': conversion from 'T' to 'int', possible loss of data
C:\Users\86180\Documents\OpenGL4d_20240509_114830\OpenGL4d\OpenGL2\Texture.h(240,17): warning C4244:         with
C:\Users\86180\Documents\OpenGL4d_20240509_114830\OpenGL4d\OpenGL2\Texture.h(240,17): warning C4244:         [
C:\Users\86180\Documents\OpenGL4d_20240509_114830\OpenGL4d\OpenGL2\Texture.h(240,17): warning C4244:             T=float
C:\Users\86180\Documents\OpenGL4d_20240509_114830\OpenGL4d\OpenGL2\Texture.h(240,17): warning C4244:         ]
  (compiling source file 'Game.cpp')
  
C:\Users\86180\Documents\OpenGL4d_20240509_114830\OpenGL4d\OpenGL2\Texture.h(242,18): warning C4244: 'initializing': conversion from 'T' to 'int', possible loss of data
C:\Users\86180\Documents\OpenGL4d_20240509_114830\OpenGL4d\OpenGL2\Texture.h(242,18): warning C4244:         with
C:\Users\86180\Documents\OpenGL4d_20240509_114830\OpenGL4d\OpenGL2\Texture.h(242,18): warning C4244:         [
C:\Users\86180\Documents\OpenGL4d_20240509_114830\OpenGL4d\OpenGL2\Texture.h(242,18): warning C4244:             T=float
C:\Users\86180\Documents\OpenGL4d_20240509_114830\OpenGL4d\OpenGL2\Texture.h(242,18): warning C4244:         ]
  (compiling source file 'Game.cpp')
  
C:\Users\86180\Documents\OpenGL4d_20240509_114830\OpenGL4d\OpenGL2\Texture.h(270,83): warning C4244: 'argument': conversion from 'float' to 'GLint', possible loss of data
  (compiling source file 'Game.cpp')
  
C:\Users\86180\Documents\OpenGL4d_20240509_114830\OpenGL4d\OpenGL2\Texture.h(270,61): warning C4244: 'argument': conversion from 'float' to 'GLint', possible loss of data
  (compiling source file 'Game.cpp')
  
C:\Users\86180\Documents\OpenGL4d_20240509_114830\OpenGL4d\OpenGL2\Texture.h(270,39): warning C4244: 'argument': conversion from 'float' to 'GLint', possible loss of data
  (compiling source file 'Game.cpp')
  
C:\Users\86180\Documents\OpenGL4d_20240509_114830\OpenGL4d\OpenGL2\Primitives4D.h(810,28): warning C4267: 'initializing': conversion from 'size_t' to 'unsigned int', possible loss of data
  (compiling source file 'Game.cpp')
  
C:\Users\86180\Documents\OpenGL4d_20240509_114830\OpenGL4d\OpenGL2\Primitives4D.h(829,13): warning C4267: 'initializing': conversion from 'size_t' to 'int', possible loss of data
  (compiling source file 'Game.cpp')
  
C:\Users\86180\Documents\OpenGL4d_20240509_114830\OpenGL4d\OpenGL2\Primitives4D.h(830,13): warning C4267: 'initializing': conversion from 'size_t' to 'int', possible loss of data
  (compiling source file 'Game.cpp')
  
C:\Users\86180\Documents\OpenGL4d_20240509_114830\OpenGL4d\OpenGL2\Primitives4D.h(831,13): warning C4267: 'initializing': conversion from 'size_t' to 'int', possible loss of data
  (compiling source file 'Game.cpp')
  
C:\Users\86180\Documents\OpenGL4d_20240509_114830\OpenGL4d\OpenGL2\Line.h(112,38): warning C4018: '<': signed/unsigned mismatch
  (compiling source file 'Game.cpp')
  
C:\Program Files (x86)\Windows Kits\10\Include\10.0.22000.0\shared\minwindef.h(130,1): warning C4005: 'APIENTRY': macro redefinition
  (compiling source file 'Game.cpp')
  C:\Users\86180\Documents\OpenGL4d_20240509_114830\OpenGL4d\Dependencies_64x\GLFW\include\GLFW\glfw3.h(123,1):
  see previous definition of 'APIENTRY'
  
C:\Users\86180\Documents\OpenGL4d_20240509_114830\OpenGL4d\OpenGL2\Light.h(248,33): warning C4267: 'argument': conversion from 'size_t' to 'GLint', possible loss of data
  (compiling source file 'Game.cpp')
  
C:\Users\86180\Documents\OpenGL4d_20240509_114830\OpenGL4d\OpenGL2\Light.h(250,33): warning C4267: 'argument': conversion from 'size_t' to 'GLint', possible loss of data
  (compiling source file 'Game.cpp')
  
C:\Users\86180\Documents\OpenGL4d_20240509_114830\OpenGL4d\OpenGL2\Joint.h(233,2): warning C4091: 'static ': ignored on left of 'HingeConstraint4D' when no variable is declared
  (compiling source file 'Game.cpp')
  
C:\Users\86180\Documents\OpenGL4d_20240509_114830\OpenGL4d\OpenGL2\ObjectLists.h(72,29): warning C4018: '>=': signed/unsigned mismatch
  (compiling source file 'Game.cpp')
  
C:\Users\86180\Documents\OpenGL4d_20240509_114830\OpenGL4d\OpenGL2\ObjectLists.h(76,29): warning C4018: '>=': signed/unsigned mismatch
  (compiling source file 'Game.cpp')
  
C:\Users\86180\Documents\OpenGL4d_20240509_114830\OpenGL4d\OpenGL2\ObjectLists.h(83,30): warning C4018: '>=': signed/unsigned mismatch
  (compiling source file 'Game.cpp')
  
C:\Users\86180\Documents\OpenGL4d_20240509_114830\OpenGL4d\OpenGL2\ObjectLists.h(87,30): warning C4018: '>=': signed/unsigned mismatch
  (compiling source file 'Game.cpp')
  
C:\Users\86180\Documents\OpenGL4d_20240509_114830\OpenGL4d\OpenGL2\ObjectLists.h(94,37): warning C4018: '>=': signed/unsigned mismatch
  (compiling source file 'Game.cpp')
  
C:\Users\86180\Documents\OpenGL4d_20240509_114830\OpenGL4d\OpenGL2\ObjectLists.h(98,37): warning C4018: '>=': signed/unsigned mismatch
  (compiling source file 'Game.cpp')
  
C:\Users\86180\Documents\OpenGL4d_20240509_114830\OpenGL4d\OpenGL2\ObjectLists.h(133,18): warning C4267: 'initializing': conversion from 'size_t' to 'unsigned int', possible loss of data
  (compiling source file 'Game.cpp')
  
C:\Users\86180\Documents\OpenGL4d_20240509_114830\OpenGL4d\OpenGL2\ObjectLists.h(134,15): warning C4018: '<': signed/unsigned mismatch
  (compiling source file 'Game.cpp')
  
C:\Users\86180\Documents\OpenGL4d_20240509_114830\OpenGL4d\OpenGL2\ObjectLists.h(331,12): warning C4267: 'return': conversion from 'size_t' to 'int', possible loss of data
  (compiling source file 'Game.cpp')
  
C:\Users\86180\Documents\OpenGL4d_20240509_114830\OpenGL4d\OpenGL2\ObjectLists.h(438,64): warning C4267: 'argument': conversion from 'size_t' to 'int', possible loss of data
  (compiling source file 'Game.cpp')
  
C:\Users\86180\Documents\OpenGL4d_20240509_114830\OpenGL4d\OpenGL2\ObjectLists.h(445,92): warning C4267: 'argument': conversion from 'size_t' to 'int', possible loss of data
  (compiling source file 'Game.cpp')
  
C:\Users\86180\Documents\OpenGL4d_20240509_114830\OpenGL4d\OpenGL2\ObjectLists.h(446,51): warning C4267: 'argument': conversion from 'size_t' to 'int', possible loss of data
  (compiling source file 'Game.cpp')
  
C:\Users\86180\Documents\OpenGL4d_20240509_114830\OpenGL4d\OpenGL2\ObjectLists.h(460,2): warning C4091: 'static ': ignored on left of 'RenderIndex' when no variable is declared
  (compiling source file 'Game.cpp')
  
C:\Users\86180\Documents\OpenGL4d_20240509_114830\OpenGL4d\OpenGL2\ObjectLists.h(544,19): warning C4267: 'initializing': conversion from 'size_t' to 'int', possible loss of data
  (compiling source file 'Game.cpp')
  
C:\Users\86180\Documents\OpenGL4d_20240509_114830\OpenGL4d\OpenGL2\ObjectLists.h(563,10): warning C4267: 'initializing': conversion from 'size_t' to 'int', possible loss of data
  (compiling source file 'Game.cpp')
  
C:\Users\86180\Documents\OpenGL4d_20240509_114830\OpenGL4d\OpenGL2\gjk.h(160,26): warning C4018: '<': signed/unsigned mismatch
  (compiling source file 'Game.cpp')
  
C:\Users\86180\Documents\OpenGL4d_20240509_114830\OpenGL4d\OpenGL2\gjk.h(197,26): warning C4018: '<': signed/unsigned mismatch
  (compiling source file 'Game.cpp')
  
C:\Users\86180\Documents\OpenGL4d_20240509_114830\OpenGL4d\OpenGL2\gjk.h(275,27): warning C4018: '<': signed/unsigned mismatch
  (compiling source file 'Game.cpp')
  
C:\Users\86180\Documents\OpenGL4d_20240509_114830\OpenGL4d\OpenGL2\gjk.h(382,26): warning C4018: '<': signed/unsigned mismatch
  (compiling source file 'Game.cpp')
  
C:\Users\86180\Documents\OpenGL4d_20240509_114830\OpenGL4d\OpenGL2\gjk.h(419,26): warning C4018: '<': signed/unsigned mismatch
  (compiling source file 'Game.cpp')
  
C:\Users\86180\Documents\OpenGL4d_20240509_114830\OpenGL4d\OpenGL2\gjk.h(463,27): warning C4018: '<': signed/unsigned mismatch
  (compiling source file 'Game.cpp')
  
C:\Users\86180\Documents\OpenGL4d_20240509_114830\OpenGL4d\OpenGL2\gjk.h(696,2): warning C4091: 'static ': ignored on left of 'Simplex' when no variable is declared
  (compiling source file 'Game.cpp')
  
C:\Users\86180\Documents\OpenGL4d_20240509_114830\OpenGL4d\OpenGL2\gjk.h(551,23): warning C4267: 'initializing': conversion from 'size_t' to 'int', possible loss of data
  (compiling source file 'Game.cpp')
  
C:\Users\86180\Documents\OpenGL4d_20240509_114830\OpenGL4d\OpenGL2\gjk.h(829,32): warning C4267: 'initializing': conversion from 'size_t' to 'unsigned int', possible loss of data
  (compiling source file 'Game.cpp')
  
C:\Users\86180\Documents\OpenGL4d_20240509_114830\OpenGL4d\OpenGL2\gjk.h(896,22): warning C4267: '=': conversion from 'size_t' to 'unsigned int', possible loss of data
  (compiling source file 'Game.cpp')
  
C:\Users\86180\Documents\OpenGL4d_20240509_114830\OpenGL4d\OpenGL2\gjk.h(931,35): warning C4018: '<': signed/unsigned mismatch
  (compiling source file 'Game.cpp')
  
C:\Users\86180\Documents\OpenGL4d_20240509_114830\OpenGL4d\OpenGL2\gjk.h(1066,28): warning C4267: 'initializing': conversion from 'size_t' to 'unsigned int', possible loss of data
  (compiling source file 'Game.cpp')
  
C:\Users\86180\Documents\OpenGL4d_20240509_114830\OpenGL4d\OpenGL2\colliderPhy.h(18,2): warning C4091: 'static ': ignored on left of 'CollisionManifold' when no variable is declared
  (compiling source file 'Game.cpp')
  
C:\Users\86180\Documents\OpenGL4d_20240509_114830\OpenGL4d\OpenGL2\colliderPhy.h(37,2): warning C4091: 'static ': ignored on left of 'Collision' when no variable is declared
  (compiling source file 'Game.cpp')
  
C:\Users\86180\Documents\OpenGL4d_20240509_114830\OpenGL4d\OpenGL2\colliderPhy.h(302,26): warning C4018: '<': signed/unsigned mismatch
  (compiling source file 'Game.cpp')
  
C:\Users\86180\Documents\OpenGL4d_20240509_114830\OpenGL4d\OpenGL2\colliderPhy.h(512,47): warning C4267: '=': conversion from 'size_t' to 'unsigned int', possible loss of data
  (compiling source file 'Game.cpp')
  
C:\Users\86180\Documents\OpenGL4d_20240509_114830\OpenGL4d\OpenGL2\colliderPhy.h(500,23): warning C4101: 'detectPos4D0': unreferenced local variable
  (compiling source file 'Game.cpp')
  
C:\Users\86180\Documents\OpenGL4d_20240509_114830\OpenGL4d\OpenGL2\colliderPhy.h(835,94): warning C4244: '=': conversion from 'int' to 'float', possible loss of data
  (compiling source file 'Game.cpp')
  
C:\Users\86180\Documents\OpenGL4d_20240509_114830\OpenGL4d\OpenGL2\colliderPhy.h(836,94): warning C4244: '=': conversion from 'int' to 'float', possible loss of data
  (compiling source file 'Game.cpp')
  
C:\Users\86180\Documents\OpenGL4d_20240509_114830\OpenGL4d\OpenGL2\colliderPhy.h(878,38): warning C4018: '<': signed/unsigned mismatch
  (compiling source file 'Game.cpp')
  
C:\Users\86180\Documents\OpenGL4d_20240509_114830\OpenGL4d\OpenGL2\colliderPhy.h(903,38): warning C4018: '<': signed/unsigned mismatch
  (compiling source file 'Game.cpp')
  
C:\Users\86180\Documents\OpenGL4d_20240509_114830\OpenGL4d\OpenGL2\colliderPhy.h(943,38): warning C4018: '<': signed/unsigned mismatch
  (compiling source file 'Game.cpp')
  
C:\Users\86180\Documents\OpenGL4d_20240509_114830\OpenGL4d\OpenGL2\colliderPhy.h(990,38): warning C4018: '<': signed/unsigned mismatch
  (compiling source file 'Game.cpp')
  
C:\Users\86180\Documents\OpenGL4d_20240509_114830\OpenGL4d\OpenGL2\colliderPhy.h(1070,96): warning C4244: '=': conversion from 'int' to 'float', possible loss of data
  (compiling source file 'Game.cpp')
  
C:\Users\86180\Documents\OpenGL4d_20240509_114830\OpenGL4d\OpenGL2\colliderPhy.h(1071,96): warning C4244: '=': conversion from 'int' to 'float', possible loss of data
  (compiling source file 'Game.cpp')
  
C:\Users\86180\Documents\OpenGL4d_20240509_114830\OpenGL4d\OpenGL2\colliderPhy.h(1105,51): warning C4267: '=': conversion from 'size_t' to 'unsigned int', possible loss of data
  (compiling source file 'Game.cpp')
  
C:\Users\86180\Documents\OpenGL4d_20240509_114830\OpenGL4d\OpenGL2\colliderPhy.h(1188,34): warning C4018: '<': signed/unsigned mismatch
  (compiling source file 'Game.cpp')
  
C:\Users\86180\Documents\OpenGL4d_20240509_114830\OpenGL4d\OpenGL2\colliderPhy.h(1205,34): warning C4018: '<': signed/unsigned mismatch
  (compiling source file 'Game.cpp')
  
C:\Users\86180\Documents\OpenGL4d_20240509_114830\OpenGL4d\OpenGL2\colliderPhy.h(1222,34): warning C4018: '<': signed/unsigned mismatch
  (compiling source file 'Game.cpp')
  
C:\Users\86180\Documents\OpenGL4d_20240509_114830\OpenGL4d\OpenGL2\colliderPhy.h(1252,34): warning C4018: '<': signed/unsigned mismatch
  (compiling source file 'Game.cpp')
  
C:\Users\86180\Documents\OpenGL4d_20240509_114830\OpenGL4d\OpenGL2\colliderPhy.h(1282,34): warning C4018: '<': signed/unsigned mismatch
  (compiling source file 'Game.cpp')
  
C:\Users\86180\Documents\OpenGL4d_20240509_114830\OpenGL4d\OpenGL2\colliderPhy.h(1317,34): warning C4018: '<': signed/unsigned mismatch
  (compiling source file 'Game.cpp')
  
C:\Users\86180\Documents\OpenGL4d_20240509_114830\OpenGL4d\OpenGL2\colliderPhy.h(1352,34): warning C4018: '<': signed/unsigned mismatch
  (compiling source file 'Game.cpp')
  
C:\Users\86180\Documents\OpenGL4d_20240509_114830\OpenGL4d\OpenGL2\colliderPhy.h(1366,34): warning C4018: '<': signed/unsigned mismatch
  (compiling source file 'Game.cpp')
  
C:\Users\86180\Documents\OpenGL4d_20240509_114830\OpenGL4d\OpenGL2\colliderPhy.h(1447,92): warning C4244: '=': conversion from 'int' to 'float', possible loss of data
  (compiling source file 'Game.cpp')
  
C:\Users\86180\Documents\OpenGL4d_20240509_114830\OpenGL4d\OpenGL2\colliderPhy.h(1448,92): warning C4244: '=': conversion from 'int' to 'float', possible loss of data
  (compiling source file 'Game.cpp')
  
C:\Users\86180\Documents\OpenGL4d_20240509_114830\OpenGL4d\OpenGL2\colliderPhy.h(1469,30): warning C4018: '<': signed/unsigned mismatch
  (compiling source file 'Game.cpp')
  
C:\Users\86180\Documents\OpenGL4d_20240509_114830\OpenGL4d\OpenGL2\colliderPhy.h(1482,51): warning C4267: '=': conversion from 'size_t' to 'unsigned int', possible loss of data
  (compiling source file 'Game.cpp')
  
C:\Users\86180\Documents\OpenGL4d_20240509_114830\OpenGL4d\OpenGL2\colliderPhy.h(1785,51): warning C4267: '=': conversion from 'size_t' to 'unsigned int', possible loss of data
  (compiling source file 'Game.cpp')
  
C:\Users\86180\Documents\OpenGL4d_20240509_114830\OpenGL4d\OpenGL2\colliderPhy.h(1773,27): warning C4101: 'detectPos4D0': unreferenced local variable
  (compiling source file 'Game.cpp')
  
C:\Users\86180\Documents\OpenGL4d_20240509_114830\OpenGL4d\OpenGL2\colliderPhy.h(2009,26): warning C4018: '<': signed/unsigned mismatch
  (compiling source file 'Game.cpp')
  
C:\Users\86180\Documents\OpenGL4d_20240509_114830\OpenGL4d\OpenGL2\colliderPhy.h(2035,30): warning C4018: '<': signed/unsigned mismatch
  (compiling source file 'Game.cpp')
  
C:\Users\86180\Documents\OpenGL4d_20240509_114830\OpenGL4d\OpenGL2\collision.h(13,2): warning C4091: 'static ': ignored on left of 'ContactState' when no variable is declared
  (compiling source file 'Game.cpp')
  
C:\Users\86180\Documents\OpenGL4d_20240509_114830\OpenGL4d\OpenGL2\collision.h(29,2): warning C4091: 'static ': ignored on left of 'Tangents' when no variable is declared
  (compiling source file 'Game.cpp')
  
C:\Users\86180\Documents\OpenGL4d_20240509_114830\OpenGL4d\OpenGL2\collision.h(49,2): warning C4091: 'static ': ignored on left of 'CollisionConstraint' when no variable is declared
  (compiling source file 'Game.cpp')
  
C:\Users\86180\Documents\OpenGL4d_20240509_114830\OpenGL4d\OpenGL2\collision.h(62,2): warning C4091: 'static ': ignored on left of 'Constraint' when no variable is declared
  (compiling source file 'Game.cpp')
  
C:\Users\86180\Documents\OpenGL4d_20240509_114830\OpenGL4d\OpenGL2\Phys4D.h(149,138): warning C4267: 'argument': conversion from 'size_t' to 'int', possible loss of data
  (compiling source file 'Game.cpp')
  
C:\Users\86180\Documents\OpenGL4d_20240509_114830\OpenGL4d\OpenGL2\Phys4D.h(158,120): warning C4267: 'argument': conversion from 'size_t' to 'int', possible loss of data
  (compiling source file 'Game.cpp')
  
C:\Users\86180\Documents\OpenGL4d_20240509_114830\OpenGL4d\OpenGL2\Phys4D.h(162,133): warning C4267: 'argument': conversion from 'size_t' to 'int', possible loss of data
  (compiling source file 'Game.cpp')
  
C:\Users\86180\Documents\OpenGL4d_20240509_114830\OpenGL4d\OpenGL2\Phys4D.h(238,118): warning C4267: 'argument': conversion from 'size_t' to 'int', possible loss of data
  (compiling source file 'Game.cpp')
  
C:\Users\86180\Documents\OpenGL4d_20240509_114830\OpenGL4d\OpenGL2\Phys4D.h(276,92): warning C4267: 'argument': conversion from 'size_t' to 'int', possible loss of data
  (compiling source file 'Game.cpp')
  
C:\Users\86180\Documents\OpenGL4d_20240509_114830\OpenGL4d\OpenGL2\Phys4D.h(289,65): warning C4267: 'argument': conversion from 'size_t' to 'unsigned int', possible loss of data
  (compiling source file 'Game.cpp')
  
C:\Users\86180\Documents\OpenGL4d_20240509_114830\OpenGL4d\OpenGL2\Phys4D.h(294,67): warning C4267: 'argument': conversion from 'size_t' to 'unsigned int', possible loss of data
  (compiling source file 'Game.cpp')
  
C:\Users\86180\Documents\OpenGL4d_20240509_114830\OpenGL4d\OpenGL2\Phys4D.h(360,69): warning C4267: 'argument': conversion from 'size_t' to 'int', possible loss of data
  (compiling source file 'Game.cpp')
  
C:\Users\86180\Documents\OpenGL4d_20240509_114830\OpenGL4d\OpenGL2\Phys4D.h(370,69): warning C4267: 'argument': conversion from 'size_t' to 'int', possible loss of data
  (compiling source file 'Game.cpp')
  
C:\Users\86180\Documents\OpenGL4d_20240509_114830\OpenGL4d\OpenGL2\Phys4D.h(407,69): warning C4267: 'argument': conversion from 'size_t' to 'int', possible loss of data
  (compiling source file 'Game.cpp')
  
C:\Users\86180\Documents\OpenGL4d_20240509_114830\OpenGL4d\OpenGL2\Phys4D.h(417,69): warning C4267: 'argument': conversion from 'size_t' to 'int', possible loss of data
  (compiling source file 'Game.cpp')
  
C:\Users\86180\Documents\OpenGL4d_20240509_114830\OpenGL4d\OpenGL2\Phys4D.h(542,86): warning C4267: 'argument': conversion from 'size_t' to 'int', possible loss of data
  (compiling source file 'Game.cpp')
  
C:\Users\86180\Documents\OpenGL4d_20240509_114830\OpenGL4d\OpenGL2\Phys4D.h(555,151): warning C4267: 'argument': conversion from 'size_t' to 'int', possible loss of data
  (compiling source file 'Game.cpp')
  
C:\Users\86180\Documents\OpenGL4d_20240509_114830\OpenGL4d\OpenGL2\Phys4D.h(562,87): warning C4267: 'argument': conversion from 'size_t' to 'int', possible loss of data
  (compiling source file 'Game.cpp')
  
C:\Users\86180\Documents\OpenGL4d_20240509_114830\OpenGL4d\OpenGL2\Phys4D.h(566,87): warning C4267: 'argument': conversion from 'size_t' to 'int', possible loss of data
  (compiling source file 'Game.cpp')
  
C:\Users\86180\Documents\OpenGL4d_20240509_114830\OpenGL4d\OpenGL2\Phys4D.h(566,195): warning C4267: 'argument': conversion from 'size_t' to 'int', possible loss of data
  (compiling source file 'Game.cpp')
  
C:\Users\86180\Documents\OpenGL4d_20240509_114830\OpenGL4d\OpenGL2\Phys4D.h(587,89): warning C4267: 'argument': conversion from 'size_t' to 'int', possible loss of data
  (compiling source file 'Game.cpp')
  
C:\Users\86180\Documents\OpenGL4d_20240509_114830\OpenGL4d\OpenGL2\Phys4D.h(600,156): warning C4267: 'argument': conversion from 'size_t' to 'int', possible loss of data
  (compiling source file 'Game.cpp')
  
C:\Users\86180\Documents\OpenGL4d_20240509_114830\OpenGL4d\OpenGL2\Phys4D.h(607,91): warning C4267: 'argument': conversion from 'size_t' to 'int', possible loss of data
  (compiling source file 'Game.cpp')
  
C:\Users\86180\Documents\OpenGL4d_20240509_114830\OpenGL4d\OpenGL2\Phys4D.h(611,91): warning C4267: 'argument': conversion from 'size_t' to 'int', possible loss of data
  (compiling source file 'Game.cpp')
  
C:\Users\86180\Documents\OpenGL4d_20240509_114830\OpenGL4d\OpenGL2\Phys4D.h(611,201): warning C4267: 'argument': conversion from 'size_t' to 'int', possible loss of data
  (compiling source file 'Game.cpp')
  
C:\Users\86180\Documents\OpenGL4d_20240509_114830\OpenGL4d\OpenGL2\DetectRay.h(19,20): warning C4267: 'initializing': conversion from 'size_t' to 'int', possible loss of data
  (compiling source file 'Game.cpp')
  
C:\Users\86180\Documents\OpenGL4d_20240509_114830\OpenGL4d\OpenGL2\DetectRay.h(25,16): warning C4244: 'initializing': conversion from 'double' to 'float', possible loss of data
  (compiling source file 'Game.cpp')
  
C:\Users\86180\Documents\OpenGL4d_20240509_114830\OpenGL4d\OpenGL2\DetectRay.h(26,16): warning C4244: 'initializing': conversion from 'double' to 'float', possible loss of data
  (compiling source file 'Game.cpp')
  
C:\Users\86180\Documents\OpenGL4d_20240509_114830\OpenGL4d\OpenGL2\DetectRay.h(187,21): warning C4018: '<': signed/unsigned mismatch
  (compiling source file 'Game.cpp')
  
C:\Users\86180\Documents\OpenGL4d_20240509_114830\OpenGL4d\OpenGL2\DetectRay.h(307,62): warning C4267: 'argument': conversion from 'size_t' to 'unsigned int', possible loss of data
  (compiling source file 'Game.cpp')
  
C:\Users\86180\Documents\OpenGL4d_20240509_114830\OpenGL4d\OpenGL2\DetectRay.h(319,18): warning C4267: '=': conversion from 'size_t' to 'int', possible loss of data
  (compiling source file 'Game.cpp')
  
C:\Users\86180\Documents\OpenGL4d_20240509_114830\OpenGL4d\OpenGL2\DetectRay.h(325,18): warning C4267: '=': conversion from 'size_t' to 'int', possible loss of data
  (compiling source file 'Game.cpp')
  
C:\Users\86180\Documents\OpenGL4d_20240509_114830\OpenGL4d\OpenGL2\DetectRay.h(335,42): warning C4267: 'argument': conversion from 'size_t' to 'int', possible loss of data
  (compiling source file 'Game.cpp')
  
C:\Users\86180\Documents\OpenGL4d_20240509_114830\OpenGL4d\OpenGL2\DetectRay.h(337,36): warning C4267: 'argument': conversion from 'size_t' to 'int', possible loss of data
  (compiling source file 'Game.cpp')
  
C:\Users\86180\Documents\OpenGL4d_20240509_114830\OpenGL4d\OpenGL2\DetectRay.h(351,23): warning C4267: '=': conversion from 'size_t' to 'int', possible loss of data
  (compiling source file 'Game.cpp')
  
C:\Users\86180\Documents\OpenGL4d_20240509_114830\OpenGL4d\OpenGL2\DetectRay.h(357,23): warning C4267: '=': conversion from 'size_t' to 'int', possible loss of data
  (compiling source file 'Game.cpp')
  
C:\Users\86180\Documents\OpenGL4d_20240509_114830\OpenGL4d\OpenGL2\DetectRay.h(367,51): warning C4267: 'argument': conversion from 'size_t' to 'int', possible loss of data
  (compiling source file 'Game.cpp')
  
C:\Users\86180\Documents\OpenGL4d_20240509_114830\OpenGL4d\OpenGL2\DetectRay.h(379,21): warning C4267: '=': conversion from 'size_t' to 'int', possible loss of data
  (compiling source file 'Game.cpp')
  
C:\Users\86180\Documents\OpenGL4d_20240509_114830\OpenGL4d\OpenGL2\DetectRay.h(385,21): warning C4267: '=': conversion from 'size_t' to 'int', possible loss of data
  (compiling source file 'Game.cpp')
  
C:\Users\86180\Documents\OpenGL4d_20240509_114830\OpenGL4d\OpenGL2\DetectRay.h(397,50): warning C4267: 'argument': conversion from 'size_t' to 'int', possible loss of data
  (compiling source file 'Game.cpp')
  
C:\Users\86180\Documents\OpenGL4d_20240509_114830\OpenGL4d\OpenGL2\DetectRay.h(409,21): warning C4267: '=': conversion from 'size_t' to 'int', possible loss of data
  (compiling source file 'Game.cpp')
  
C:\Users\86180\Documents\OpenGL4d_20240509_114830\OpenGL4d\OpenGL2\DetectRay.h(415,21): warning C4267: '=': conversion from 'size_t' to 'int', possible loss of data
  (compiling source file 'Game.cpp')
  
C:\Users\86180\Documents\OpenGL4d_20240509_114830\OpenGL4d\OpenGL2\DetectRay.h(427,45): warning C4267: 'argument': conversion from 'size_t' to 'int', possible loss of data
  (compiling source file 'Game.cpp')
  
C:\Users\86180\Documents\OpenGL4d_20240509_114830\OpenGL4d\OpenGL2\DetectRay.h(429,60): warning C4267: 'argument': conversion from 'size_t' to 'int', possible loss of data
  (compiling source file 'Game.cpp')
  
C:\Users\86180\Documents\OpenGL4d_20240509_114830\OpenGL4d\OpenGL2\DetectRay.h(434,118): warning C4267: '=': conversion from 'size_t' to 'int', possible loss of data
  (compiling source file 'Game.cpp')
  
C:\Users\86180\Documents\OpenGL4d_20240509_114830\OpenGL4d\OpenGL2\DetectRay.h(440,118): warning C4267: '=': conversion from 'size_t' to 'int', possible loss of data
  (compiling source file 'Game.cpp')
  
C:\Users\86180\Documents\OpenGL4d_20240509_114830\OpenGL4d\OpenGL2\Animation.h(246,22): warning C4018: '>=': signed/unsigned mismatch
  (compiling source file 'Game.cpp')
  
C:\Users\86180\Documents\OpenGL4d_20240509_114830\OpenGL4d\OpenGL2\Animation.h(253,24): warning C4018: '>=': signed/unsigned mismatch
  (compiling source file 'Game.cpp')
  
C:\Users\86180\Documents\OpenGL4d_20240509_114830\OpenGL4d\OpenGL2\Animation.h(257,24): warning C4018: '>=': signed/unsigned mismatch
  (compiling source file 'Game.cpp')
  
C:\Users\86180\Documents\OpenGL4d_20240509_114830\OpenGL4d\OpenGL2\LoadAndSave.h(15,11): warning C4267: 'return': conversion from 'size_t' to 'unsigned int', possible loss of data
  (compiling source file 'Game.cpp')
  
C:\Users\86180\Documents\OpenGL4d_20240509_114830\OpenGL4d\OpenGL2\LoadAndSave.h(26,11): warning C4267: 'return': conversion from 'size_t' to 'unsigned int', possible loss of data
  (compiling source file 'Game.cpp')
  
C:\Users\86180\Documents\OpenGL4d_20240509_114830\OpenGL4d\OpenGL2\LoadAndSave.h(67,64): warning C4267: 'argument': conversion from 'size_t' to 'unsigned int', possible loss of data
  (compiling source file 'Game.cpp')
  
C:\Users\86180\Documents\OpenGL4d_20240509_114830\OpenGL4d\OpenGL2\LoadAndSave.h(88,54): warning C4267: 'argument': conversion from 'size_t' to 'int', possible loss of data
  (compiling source file 'Game.cpp')
  
C:\Users\86180\Documents\OpenGL4d_20240509_114830\OpenGL4d\OpenGL2\LoadAndSave.h(149,21): warning C4018: '<': signed/unsigned mismatch
  (compiling source file 'Game.cpp')
  
C:\Users\86180\Documents\OpenGL4d_20240509_114830\OpenGL4d\OpenGL2\LoadAndSave.h(153,21): warning C4018: '<': signed/unsigned mismatch
  (compiling source file 'Game.cpp')
  
C:\Users\86180\Documents\OpenGL4d_20240509_114830\OpenGL4d\OpenGL2\LoadAndSave.h(299,22): warning C4018: '<': signed/unsigned mismatch
  (compiling source file 'Game.cpp')
  
C:\Users\86180\Documents\OpenGL4d_20240509_114830\OpenGL4d\OpenGL2\LoadAndSave.h(303,22): warning C4018: '<': signed/unsigned mismatch
  (compiling source file 'Game.cpp')
  
C:\Users\86180\Documents\OpenGL4d_20240509_114830\OpenGL4d\OpenGL2\Game_imgui.h(175,61): warning C4267: 'argument': conversion from 'size_t' to 'unsigned int', possible loss of data
  (compiling source file 'Game.cpp')
  
C:\Users\86180\Documents\OpenGL4d_20240509_114830\OpenGL4d\OpenGL2\Game_imgui.h(176,63): warning C4267: 'argument': conversion from 'size_t' to 'unsigned int', possible loss of data
  (compiling source file 'Game.cpp')
  
C:\Users\86180\Documents\OpenGL4d_20240509_114830\OpenGL4d\OpenGL2\Game_imgui.h(183,63): warning C4267: 'argument': conversion from 'size_t' to 'unsigned int', possible loss of data
  (compiling source file 'Game.cpp')
  
C:\Users\86180\Documents\OpenGL4d_20240509_114830\OpenGL4d\OpenGL2\Game_imgui.h(1187,94): warning C4267: 'argument': conversion from 'size_t' to 'int', possible loss of data
  (compiling source file 'Game.cpp')
  
C:\Users\86180\Documents\OpenGL4d_20240509_114830\OpenGL4d\OpenGL2\Game_imgui.h(1188,46): warning C4267: 'argument': conversion from 'size_t' to 'int', possible loss of data
  (compiling source file 'Game.cpp')
  
C:\Users\86180\Documents\OpenGL4d_20240509_114830\OpenGL4d\OpenGL2\Game_imgui.h(1531,40): warning C4267: '+=': conversion from 'size_t' to 'int', possible loss of data
  (compiling source file 'Game.cpp')
  
C:\Users\86180\Documents\OpenGL4d_20240509_114830\OpenGL4d\OpenGL2\Game_imgui.h(1573,105): warning C4267: 'argument': conversion from 'size_t' to 'unsigned int', possible loss of data
  (compiling source file 'Game.cpp')
  
C:\Users\86180\Documents\OpenGL4d_20240509_114830\OpenGL4d\OpenGL2\Game_imgui.h(1576,73): warning C4267: 'argument': conversion from 'size_t' to 'unsigned int', possible loss of data
  (compiling source file 'Game.cpp')
  
C:\Users\86180\Documents\OpenGL4d_20240509_114830\OpenGL4d\OpenGL2\Game_imgui.h(1579,76): warning C4267: 'argument': conversion from 'size_t' to 'unsigned int', possible loss of data
  (compiling source file 'Game.cpp')
  
C:\Users\86180\Documents\OpenGL4d_20240509_114830\OpenGL4d\OpenGL2\Game_imgui.h(1580,73): warning C4267: 'argument': conversion from 'size_t' to 'unsigned int', possible loss of data
  (compiling source file 'Game.cpp')
  
C:\Users\86180\Documents\OpenGL4d_20240509_114830\OpenGL4d\OpenGL2\Game_imgui.h(1581,80): warning C4267: 'argument': conversion from 'size_t' to 'unsigned int', possible loss of data
  (compiling source file 'Game.cpp')
  
C:\Users\86180\Documents\OpenGL4d_20240509_114830\OpenGL4d\OpenGL2\Game_imgui.h(1582,77): warning C4267: 'argument': conversion from 'size_t' to 'unsigned int', possible loss of data
  (compiling source file 'Game.cpp')
  
C:\Users\86180\Documents\OpenGL4d_20240509_114830\OpenGL4d\OpenGL2\Game_imgui.h(1583,97): warning C4267: 'argument': conversion from 'size_t' to 'int', possible loss of data
  (compiling source file 'Game.cpp')
  
C:\Users\86180\Documents\OpenGL4d_20240509_114830\OpenGL4d\OpenGL2\Game_imgui.h(1584,47): warning C4267: 'argument': conversion from 'size_t' to 'int', possible loss of data
  (compiling source file 'Game.cpp')
  
C:\Users\86180\Documents\OpenGL4d_20240509_114830\OpenGL4d\OpenGL2\Game_imgui.h(1585,67): warning C4267: 'argument': conversion from 'size_t' to 'unsigned int', possible loss of data
  (compiling source file 'Game.cpp')
  
C:\Users\86180\Documents\OpenGL4d_20240509_114830\OpenGL4d\OpenGL2\Game_imgui.h(1592,72): warning C4267: 'argument': conversion from 'size_t' to 'int', possible loss of data
  (compiling source file 'Game.cpp')
  
C:\Users\86180\Documents\OpenGL4d_20240509_114830\OpenGL4d\OpenGL2\Game_imgui.h(1595,34): warning C4267: 'argument': conversion from 'size_t' to 'int', possible loss of data
  (compiling source file 'Game.cpp')
  
C:\Users\86180\Documents\OpenGL4d_20240509_114830\OpenGL4d\OpenGL2\Game_imgui.h(1598,138): warning C4267: 'argument': conversion from 'size_t' to 'unsigned int', possible loss of data
  (compiling source file 'Game.cpp')
  
C:\Users\86180\Documents\OpenGL4d_20240509_114830\OpenGL4d\OpenGL2\Game_imgui.h(1599,135): warning C4267: 'argument': conversion from 'size_t' to 'unsigned int', possible loss of data
  (compiling source file 'Game.cpp')
  
C:\Users\86180\Documents\OpenGL4d_20240509_114830\OpenGL4d\OpenGL2\Game_imgui.h(1600,32): warning C4267: 'argument': conversion from 'size_t' to 'int', possible loss of data
  (compiling source file 'Game.cpp')
  
C:\Users\86180\Documents\OpenGL4d_20240509_114830\OpenGL4d\OpenGL2\Game_imgui.h(1612,152): warning C4267: 'argument': conversion from 'size_t' to 'unsigned int', possible loss of data
  (compiling source file 'Game.cpp')
  
C:\Users\86180\Documents\OpenGL4d_20240509_114830\OpenGL4d\OpenGL2\Game_imgui.h(1613,149): warning C4267: 'argument': conversion from 'size_t' to 'unsigned int', possible loss of data
  (compiling source file 'Game.cpp')
  
C:\Users\86180\Documents\OpenGL4d_20240509_114830\OpenGL4d\OpenGL2\Game_imgui.h(1624,166): warning C4267: 'argument': conversion from 'size_t' to 'unsigned int', possible loss of data
  (compiling source file 'Game.cpp')
  
C:\Users\86180\Documents\OpenGL4d_20240509_114830\OpenGL4d\OpenGL2\Game_imgui.h(1625,163): warning C4267: 'argument': conversion from 'size_t' to 'unsigned int', possible loss of data
  (compiling source file 'Game.cpp')
  
C:\Users\86180\Documents\OpenGL4d_20240509_114830\OpenGL4d\OpenGL2\Game_imgui.h(1632,61): warning C4267: 'argument': conversion from 'size_t' to 'int', possible loss of data
  (compiling source file 'Game.cpp')
  
C:\Users\86180\Documents\OpenGL4d_20240509_114830\OpenGL4d\OpenGL2\Game_imgui.h(1636,54): warning C4267: 'argument': conversion from 'size_t' to 'unsigned int', possible loss of data
  (compiling source file 'Game.cpp')
  
C:\Users\86180\Documents\OpenGL4d_20240509_114830\OpenGL4d\OpenGL2\Structures4D.h(173,29): warning C4305: 'initializing': truncation from 'double' to 'float'
  (compiling source file 'Game.cpp')
  
C:\Users\86180\Documents\OpenGL4d_20240509_114830\OpenGL4d\OpenGL2\Structures4D.h(456,127): warning C4244: 'argument': conversion from 'int' to 'T', possible loss of data
C:\Users\86180\Documents\OpenGL4d_20240509_114830\OpenGL4d\OpenGL2\Structures4D.h(456,127): warning C4244:         with
C:\Users\86180\Documents\OpenGL4d_20240509_114830\OpenGL4d\OpenGL2\Structures4D.h(456,127): warning C4244:         [
C:\Users\86180\Documents\OpenGL4d_20240509_114830\OpenGL4d\OpenGL2\Structures4D.h(456,127): warning C4244:             T=float
C:\Users\86180\Documents\OpenGL4d_20240509_114830\OpenGL4d\OpenGL2\Structures4D.h(456,127): warning C4244:         ]
  (compiling source file 'Game.cpp')
  
C:\Users\86180\Documents\OpenGL4d_20240509_114830\OpenGL4d\OpenGL2\StartObj.h(73,182): warning C4267: 'argument': conversion from 'size_t' to 'int', possible loss of data
  (compiling source file 'Game.cpp')
  
C:\Users\86180\Documents\OpenGL4d_20240509_114830\OpenGL4d\OpenGL2\StartObj.h(74,181): warning C4267: 'argument': conversion from 'size_t' to 'int', possible loss of data
  (compiling source file 'Game.cpp')
  
C:\Users\86180\Documents\OpenGL4d_20240509_114830\OpenGL4d\OpenGL2\StartObj.h(75,180): warning C4267: 'argument': conversion from 'size_t' to 'int', possible loss of data
  (compiling source file 'Game.cpp')
  
C:\Users\86180\Documents\OpenGL4d_20240509_114830\OpenGL4d\OpenGL2\StartObj.h(76,179): warning C4267: 'argument': conversion from 'size_t' to 'int', possible loss of data
  (compiling source file 'Game.cpp')
  
C:\Users\86180\Documents\OpenGL4d_20240509_114830\OpenGL4d\OpenGL2\Collider.h(63,63): warning C4267: 'argument': conversion from 'size_t' to 'unsigned int', possible loss of data
  (compiling source file 'Game.cpp')
  
C:\Users\86180\Documents\OpenGL4d_20240509_114830\OpenGL4d\OpenGL2\Collider.h(67,75): warning C4267: 'argument': conversion from 'size_t' to 'unsigned int', possible loss of data
  (compiling source file 'Game.cpp')
  
C:\Users\86180\Documents\OpenGL4d_20240509_114830\OpenGL4d\OpenGL2\Collider.h(67,147): warning C4267: 'argument': conversion from 'size_t' to 'unsigned int', possible loss of data
  (compiling source file 'Game.cpp')
  
C:\Users\86180\Documents\OpenGL4d_20240509_114830\OpenGL4d\OpenGL2\Collider.h(69,87): warning C4267: 'argument': conversion from 'size_t' to 'unsigned int', possible loss of data
  (compiling source file 'Game.cpp')
  
C:\Users\86180\Documents\OpenGL4d_20240509_114830\OpenGL4d\OpenGL2\Collider.h(69,159): warning C4267: 'argument': conversion from 'size_t' to 'unsigned int', possible loss of data
  (compiling source file 'Game.cpp')
  
C:\Users\86180\Documents\OpenGL4d_20240509_114830\OpenGL4d\OpenGL2\Collider.h(70,65): warning C4267: 'argument': conversion from 'size_t' to 'unsigned int', possible loss of data
  (compiling source file 'Game.cpp')
  
C:\Users\86180\Documents\OpenGL4d_20240509_114830\OpenGL4d\OpenGL2\Collider.h(70,189): warning C4267: 'argument': conversion from 'size_t' to 'unsigned int', possible loss of data
  (compiling source file 'Game.cpp')
  
C:\Users\86180\Documents\OpenGL4d_20240509_114830\OpenGL4d\OpenGL2\Collider.h(70,261): warning C4267: 'argument': conversion from 'size_t' to 'unsigned int', possible loss of data
  (compiling source file 'Game.cpp')
  
C:\Users\86180\Documents\OpenGL4d_20240509_114830\OpenGL4d\OpenGL2\Collider.h(77,73): warning C4267: 'argument': conversion from 'size_t' to 'unsigned int', possible loss of data
  (compiling source file 'Game.cpp')
  
C:\Users\86180\Documents\OpenGL4d_20240509_114830\OpenGL4d\OpenGL2\Collider.h(77,145): warning C4267: 'argument': conversion from 'size_t' to 'unsigned int', possible loss of data
  (compiling source file 'Game.cpp')
  
C:\Users\86180\Documents\OpenGL4d_20240509_114830\OpenGL4d\OpenGL2\Collider.h(79,63): warning C4267: 'argument': conversion from 'size_t' to 'unsigned int', possible loss of data
  (compiling source file 'Game.cpp')
  
C:\Users\86180\Documents\OpenGL4d_20240509_114830\OpenGL4d\OpenGL2\Collider.h(87,110): warning C4267: 'argument': conversion from 'size_t' to 'unsigned int', possible loss of data
  (compiling source file 'Game.cpp')
  
C:\Users\86180\Documents\OpenGL4d_20240509_114830\OpenGL4d\OpenGL2\Collider.h(89,78): warning C4267: 'argument': conversion from 'size_t' to 'unsigned int', possible loss of data
  (compiling source file 'Game.cpp')
  
C:\Users\86180\Documents\OpenGL4d_20240509_114830\OpenGL4d\OpenGL2\Collider.h(90,75): warning C4267: 'argument': conversion from 'size_t' to 'unsigned int', possible loss of data
  (compiling source file 'Game.cpp')
  
C:\Users\86180\Documents\OpenGL4d_20240509_114830\OpenGL4d\OpenGL2\Collider.h(91,81): warning C4267: 'argument': conversion from 'size_t' to 'unsigned int', possible loss of data
  (compiling source file 'Game.cpp')
  
C:\Users\86180\Documents\OpenGL4d_20240509_114830\OpenGL4d\OpenGL2\Collider.h(92,79): warning C4267: 'argument': conversion from 'size_t' to 'unsigned int', possible loss of data
  (compiling source file 'Game.cpp')
  
C:\Users\86180\Documents\OpenGL4d_20240509_114830\OpenGL4d\OpenGL2\Collider.h(93,99): warning C4267: 'argument': conversion from 'size_t' to 'int', possible loss of data
  (compiling source file 'Game.cpp')
  
C:\Users\86180\Documents\OpenGL4d_20240509_114830\OpenGL4d\OpenGL2\Collider.h(94,49): warning C4267: 'argument': conversion from 'size_t' to 'int', possible loss of data
  (compiling source file 'Game.cpp')
  
C:\Users\86180\Documents\OpenGL4d_20240509_114830\OpenGL4d\OpenGL2\Collider.h(104,116): warning C4267: 'argument': conversion from 'size_t' to 'unsigned int', possible loss of data
  (compiling source file 'Game.cpp')
  
C:\Users\86180\Documents\OpenGL4d_20240509_114830\OpenGL4d\OpenGL2\Collider.h(106,83): warning C4267: 'argument': conversion from 'size_t' to 'unsigned int', possible loss of data
  (compiling source file 'Game.cpp')
  
C:\Users\86180\Documents\OpenGL4d_20240509_114830\OpenGL4d\OpenGL2\Collider.h(107,81): warning C4267: 'argument': conversion from 'size_t' to 'unsigned int', possible loss of data
  (compiling source file 'Game.cpp')
  
C:\Users\86180\Documents\OpenGL4d_20240509_114830\OpenGL4d\OpenGL2\Collider.h(113,103): warning C4267: 'argument': conversion from 'size_t' to 'unsigned int', possible loss of data
  (compiling source file 'Game.cpp')
  
C:\Users\86180\Documents\OpenGL4d_20240509_114830\OpenGL4d\OpenGL2\Collider.h(116,151): warning C4267: 'argument': conversion from 'size_t' to 'unsigned int', possible loss of data
  (compiling source file 'Game.cpp')
  
C:\Users\86180\Documents\OpenGL4d_20240509_114830\OpenGL4d\OpenGL2\Collider.h(117,149): warning C4267: 'argument': conversion from 'size_t' to 'unsigned int', possible loss of data
  (compiling source file 'Game.cpp')
  
C:\Users\86180\Documents\OpenGL4d_20240509_114830\OpenGL4d\OpenGL2\Collider.h(121,107): warning C4267: 'argument': conversion from 'size_t' to 'unsigned int', possible loss of data
  (compiling source file 'Game.cpp')
  
C:\Users\86180\Documents\OpenGL4d_20240509_114830\OpenGL4d\OpenGL2\Collider.h(122,104): warning C4267: 'argument': conversion from 'size_t' to 'unsigned int', possible loss of data
  (compiling source file 'Game.cpp')
  
C:\Users\86180\Documents\OpenGL4d_20240509_114830\OpenGL4d\OpenGL2\Collider.h(123,110): warning C4267: 'argument': conversion from 'size_t' to 'unsigned int', possible loss of data
  (compiling source file 'Game.cpp')
  
C:\Users\86180\Documents\OpenGL4d_20240509_114830\OpenGL4d\OpenGL2\Collider.h(124,108): warning C4267: 'argument': conversion from 'size_t' to 'unsigned int', possible loss of data
  (compiling source file 'Game.cpp')
  
C:\Users\86180\Documents\OpenGL4d_20240509_114830\OpenGL4d\OpenGL2\Collider.h(125,128): warning C4267: 'argument': conversion from 'size_t' to 'int', possible loss of data
  (compiling source file 'Game.cpp')
  
C:\Users\86180\Documents\OpenGL4d_20240509_114830\OpenGL4d\OpenGL2\Collider.h(126,78): warning C4267: 'argument': conversion from 'size_t' to 'int', possible loss of data
  (compiling source file 'Game.cpp')
  
C:\Users\86180\Documents\OpenGL4d_20240509_114830\OpenGL4d\OpenGL2\Collider.h(128,122): warning C4267: 'argument': conversion from 'size_t' to 'unsigned int', possible loss of data
  (compiling source file 'Game.cpp')
  
C:\Users\86180\Documents\OpenGL4d_20240509_114830\OpenGL4d\OpenGL2\Collider.h(129,63): warning C4267: 'argument': conversion from 'size_t' to 'unsigned int', possible loss of data
  (compiling source file 'Game.cpp')
  
C:\Users\86180\Documents\OpenGL4d_20240509_114830\OpenGL4d\OpenGL2\Collider.h(159,24): warning C4018: '<': signed/unsigned mismatch
  (compiling source file 'Game.cpp')
  
C:\Users\86180\Documents\OpenGL4d_20240509_114830\OpenGL4d\OpenGL2\Collider.h(170,199): warning C4244: 'argument': conversion from 'int' to 'T', possible loss of data
C:\Users\86180\Documents\OpenGL4d_20240509_114830\OpenGL4d\OpenGL2\Collider.h(170,199): warning C4244:         with
C:\Users\86180\Documents\OpenGL4d_20240509_114830\OpenGL4d\OpenGL2\Collider.h(170,199): warning C4244:         [
C:\Users\86180\Documents\OpenGL4d_20240509_114830\OpenGL4d\OpenGL2\Collider.h(170,199): warning C4244:             T=float
C:\Users\86180\Documents\OpenGL4d_20240509_114830\OpenGL4d\OpenGL2\Collider.h(170,199): warning C4244:         ]
  (compiling source file 'Game.cpp')
  
C:\Users\86180\Documents\OpenGL4d_20240509_114830\OpenGL4d\OpenGL2\Collider.h(175,199): warning C4244: 'argument': conversion from 'int' to 'T', possible loss of data
C:\Users\86180\Documents\OpenGL4d_20240509_114830\OpenGL4d\OpenGL2\Collider.h(175,199): warning C4244:         with
C:\Users\86180\Documents\OpenGL4d_20240509_114830\OpenGL4d\OpenGL2\Collider.h(175,199): warning C4244:         [
C:\Users\86180\Documents\OpenGL4d_20240509_114830\OpenGL4d\OpenGL2\Collider.h(175,199): warning C4244:             T=float
C:\Users\86180\Documents\OpenGL4d_20240509_114830\OpenGL4d\OpenGL2\Collider.h(175,199): warning C4244:         ]
  (compiling source file 'Game.cpp')
  
C:\Users\86180\Documents\OpenGL4d_20240509_114830\OpenGL4d\OpenGL2\Collider.h(230,24): warning C4018: '<': signed/unsigned mismatch
  (compiling source file 'Game.cpp')
  
C:\Users\86180\Documents\OpenGL4d_20240509_114830\OpenGL4d\OpenGL2\Keyboard.h(201,66): warning C4267: 'argument': conversion from 'size_t' to 'int', possible loss of data
  (compiling source file 'Game.cpp')
  
C:\Users\86180\Documents\OpenGL4d_20240509_114830\OpenGL4d\OpenGL2\Keyboard.h(205,65): warning C4267: 'argument': conversion from 'size_t' to 'int', possible loss of data
  (compiling source file 'Game.cpp')
  
C:\Users\86180\Documents\OpenGL4d_20240509_114830\OpenGL4d\OpenGL2\Keyboard.h(218,71): warning C4267: 'argument': conversion from 'size_t' to 'unsigned int', possible loss of data
  (compiling source file 'Game.cpp')
  
C:\Users\86180\Documents\OpenGL4d_20240509_114830\OpenGL4d\OpenGL2\Keyboard.h(406,40): warning C4244: 'argument': conversion from 'int' to 'GLfloat', possible loss of data
  (compiling source file 'Game.cpp')
  
C:\Users\86180\Documents\OpenGL4d_20240509_114830\OpenGL4d\OpenGL2\Keyboard.h(451,133): warning C4267: 'argument': conversion from 'size_t' to 'unsigned int', possible loss of data
  (compiling source file 'Game.cpp')
  
C:\Users\86180\Documents\OpenGL4d_20240509_114830\OpenGL4d\OpenGL2\Keyboard.h(452,137): warning C4267: 'argument': conversion from 'size_t' to 'unsigned int', possible loss of data
  (compiling source file 'Game.cpp')
  
C:\Users\86180\Documents\OpenGL4d_20240509_114830\OpenGL4d\OpenGL2\Keyboard.h(475,98): warning C4267: 'argument': conversion from 'size_t' to 'unsigned int', possible loss of data
  (compiling source file 'Game.cpp')
  
C:\Users\86180\Documents\OpenGL4d_20240509_114830\OpenGL4d\OpenGL2\Keyboard.h(476,102): warning C4267: 'argument': conversion from 'size_t' to 'unsigned int', possible loss of data
  (compiling source file 'Game.cpp')
  
C:\Users\86180\Documents\OpenGL4d_20240509_114830\OpenGL4d\OpenGL2\Keyboard.h(495,128): warning C4267: 'argument': conversion from 'size_t' to 'int', possible loss of data
  (compiling source file 'Game.cpp')
  
C:\Users\86180\Documents\OpenGL4d_20240509_114830\OpenGL4d\OpenGL2\Keyboard.h(501,133): warning C4267: 'argument': conversion from 'size_t' to 'unsigned int', possible loss of data
  (compiling source file 'Game.cpp')
  
C:\Users\86180\Documents\OpenGL4d_20240509_114830\OpenGL4d\OpenGL2\Keyboard.h(502,137): warning C4267: 'argument': conversion from 'size_t' to 'unsigned int', possible loss of data
  (compiling source file 'Game.cpp')
  
C:\Users\86180\Documents\OpenGL4d_20240509_114830\OpenGL4d\OpenGL2\Keyboard.h(508,98): warning C4267: 'argument': conversion from 'size_t' to 'unsigned int', possible loss of data
  (compiling source file 'Game.cpp')
  
C:\Users\86180\Documents\OpenGL4d_20240509_114830\OpenGL4d\OpenGL2\Keyboard.h(509,102): warning C4267: 'argument': conversion from 'size_t' to 'unsigned int', possible loss of data
  (compiling source file 'Game.cpp')
  
C:\Users\86180\Documents\OpenGL4d_20240509_114830\OpenGL4d\OpenGL2\Keyboard.h(516,92): warning C4267: 'argument': conversion from 'size_t' to 'unsigned int', possible loss of data
  (compiling source file 'Game.cpp')
  
C:\Users\86180\Documents\OpenGL4d_20240509_114830\OpenGL4d\OpenGL2\Keyboard.h(517,96): warning C4267: 'argument': conversion from 'size_t' to 'unsigned int', possible loss of data
  (compiling source file 'Game.cpp')
  
C:\Users\86180\Documents\OpenGL4d_20240509_114830\OpenGL4d\OpenGL2\Keyboard.h(522,92): warning C4267: 'argument': conversion from 'size_t' to 'unsigned int', possible loss of data
  (compiling source file 'Game.cpp')
  
C:\Users\86180\Documents\OpenGL4d_20240509_114830\OpenGL4d\OpenGL2\Keyboard.h(523,96): warning C4267: 'argument': conversion from 'size_t' to 'unsigned int', possible loss of data
  (compiling source file 'Game.cpp')
  
C:\Users\86180\Documents\OpenGL4d_20240509_114830\OpenGL4d\OpenGL2\Keyboard.h(545,16): warning C4267: 'initializing': conversion from 'size_t' to 'int', possible loss of data
  (compiling source file 'Game.cpp')
  
C:\Users\86180\Documents\OpenGL4d_20240509_114830\OpenGL4d\OpenGL2\Keyboard.h(581,16): warning C4267: 'initializing': conversion from 'size_t' to 'int', possible loss of data
  (compiling source file 'Game.cpp')
  
C:\Users\86180\Documents\OpenGL4d_20240509_114830\OpenGL4d\OpenGL2\Keyboard.h(662,52): warning C4267: 'argument': conversion from 'size_t' to 'int', possible loss of data
  (compiling source file 'Game.cpp')
  
C:\Users\86180\Documents\OpenGL4d_20240509_114830\OpenGL4d\OpenGL2\Keyboard.h(666,50): warning C4267: 'argument': conversion from 'size_t' to 'int', possible loss of data
  (compiling source file 'Game.cpp')
  
C:\Users\86180\Documents\OpenGL4d_20240509_114830\OpenGL4d\OpenGL2\Keyboard.h(689,72): warning C4267: 'argument': conversion from 'size_t' to 'unsigned int', possible loss of data
  (compiling source file 'Game.cpp')
  
C:\Users\86180\Documents\OpenGL4d_20240509_114830\OpenGL4d\OpenGL2\Game.cpp(651,205): warning C4267: 'argument': conversion from 'size_t' to 'unsigned int', possible loss of data
C:\Users\86180\Documents\OpenGL4d_20240509_114830\OpenGL4d\OpenGL2\Game.cpp(1341,16): warning C4267: 'initializing': conversion from 'size_t' to 'int', possible loss of data
  main.cpp
C:\Users\86180\Documents\OpenGL4d_20240509_114830\OpenGL4d\OpenGL2\Texture.h(219,16): warning C4244: 'initializing': conversion from 'T' to 'int', possible loss of data
C:\Users\86180\Documents\OpenGL4d_20240509_114830\OpenGL4d\OpenGL2\Texture.h(219,16): warning C4244:         with
C:\Users\86180\Documents\OpenGL4d_20240509_114830\OpenGL4d\OpenGL2\Texture.h(219,16): warning C4244:         [
C:\Users\86180\Documents\OpenGL4d_20240509_114830\OpenGL4d\OpenGL2\Texture.h(219,16): warning C4244:             T=float
C:\Users\86180\Documents\OpenGL4d_20240509_114830\OpenGL4d\OpenGL2\Texture.h(219,16): warning C4244:         ]
  (compiling source file 'main.cpp')
  
C:\Users\86180\Documents\OpenGL4d_20240509_114830\OpenGL4d\OpenGL2\Texture.h(221,17): warning C4244: 'initializing': conversion from 'T' to 'int', possible loss of data
C:\Users\86180\Documents\OpenGL4d_20240509_114830\OpenGL4d\OpenGL2\Texture.h(221,17): warning C4244:         with
C:\Users\86180\Documents\OpenGL4d_20240509_114830\OpenGL4d\OpenGL2\Texture.h(221,17): warning C4244:         [
C:\Users\86180\Documents\OpenGL4d_20240509_114830\OpenGL4d\OpenGL2\Texture.h(221,17): warning C4244:             T=float
C:\Users\86180\Documents\OpenGL4d_20240509_114830\OpenGL4d\OpenGL2\Texture.h(221,17): warning C4244:         ]
  (compiling source file 'main.cpp')
  
C:\Users\86180\Documents\OpenGL4d_20240509_114830\OpenGL4d\OpenGL2\Texture.h(223,18): warning C4244: 'initializing': conversion from 'T' to 'int', possible loss of data
C:\Users\86180\Documents\OpenGL4d_20240509_114830\OpenGL4d\OpenGL2\Texture.h(223,18): warning C4244:         with
C:\Users\86180\Documents\OpenGL4d_20240509_114830\OpenGL4d\OpenGL2\Texture.h(223,18): warning C4244:         [
C:\Users\86180\Documents\OpenGL4d_20240509_114830\OpenGL4d\OpenGL2\Texture.h(223,18): warning C4244:             T=float
C:\Users\86180\Documents\OpenGL4d_20240509_114830\OpenGL4d\OpenGL2\Texture.h(223,18): warning C4244:         ]
  (compiling source file 'main.cpp')
  
C:\Users\86180\Documents\OpenGL4d_20240509_114830\OpenGL4d\OpenGL2\Texture.h(238,16): warning C4244: 'initializing': conversion from 'T' to 'int', possible loss of data
C:\Users\86180\Documents\OpenGL4d_20240509_114830\OpenGL4d\OpenGL2\Texture.h(238,16): warning C4244:         with
C:\Users\86180\Documents\OpenGL4d_20240509_114830\OpenGL4d\OpenGL2\Texture.h(238,16): warning C4244:         [
C:\Users\86180\Documents\OpenGL4d_20240509_114830\OpenGL4d\OpenGL2\Texture.h(238,16): warning C4244:             T=float
C:\Users\86180\Documents\OpenGL4d_20240509_114830\OpenGL4d\OpenGL2\Texture.h(238,16): warning C4244:         ]
  (compiling source file 'main.cpp')
  
C:\Users\86180\Documents\OpenGL4d_20240509_114830\OpenGL4d\OpenGL2\Texture.h(240,17): warning C4244: 'initializing': conversion from 'T' to 'int', possible loss of data
C:\Users\86180\Documents\OpenGL4d_20240509_114830\OpenGL4d\OpenGL2\Texture.h(240,17): warning C4244:         with
C:\Users\86180\Documents\OpenGL4d_20240509_114830\OpenGL4d\OpenGL2\Texture.h(240,17): warning C4244:         [
C:\Users\86180\Documents\OpenGL4d_20240509_114830\OpenGL4d\OpenGL2\Texture.h(240,17): warning C4244:             T=float
C:\Users\86180\Documents\OpenGL4d_20240509_114830\OpenGL4d\OpenGL2\Texture.h(240,17): warning C4244:         ]
  (compiling source file 'main.cpp')
  
C:\Users\86180\Documents\OpenGL4d_20240509_114830\OpenGL4d\OpenGL2\Texture.h(242,18): warning C4244: 'initializing': conversion from 'T' to 'int', possible loss of data
C:\Users\86180\Documents\OpenGL4d_20240509_114830\OpenGL4d\OpenGL2\Texture.h(242,18): warning C4244:         with
C:\Users\86180\Documents\OpenGL4d_20240509_114830\OpenGL4d\OpenGL2\Texture.h(242,18): warning C4244:         [
C:\Users\86180\Documents\OpenGL4d_20240509_114830\OpenGL4d\OpenGL2\Texture.h(242,18): warning C4244:             T=float
C:\Users\86180\Documents\OpenGL4d_20240509_114830\OpenGL4d\OpenGL2\Texture.h(242,18): warning C4244:         ]
  (compiling source file 'main.cpp')
  
C:\Users\86180\Documents\OpenGL4d_20240509_114830\OpenGL4d\OpenGL2\Texture.h(270,83): warning C4244: 'argument': conversion from 'float' to 'GLint', possible loss of data
  (compiling source file 'main.cpp')
  
C:\Users\86180\Documents\OpenGL4d_20240509_114830\OpenGL4d\OpenGL2\Texture.h(270,61): warning C4244: 'argument': conversion from 'float' to 'GLint', possible loss of data
  (compiling source file 'main.cpp')
  
C:\Users\86180\Documents\OpenGL4d_20240509_114830\OpenGL4d\OpenGL2\Texture.h(270,39): warning C4244: 'argument': conversion from 'float' to 'GLint', possible loss of data
  (compiling source file 'main.cpp')
  
C:\Users\86180\Documents\OpenGL4d_20240509_114830\OpenGL4d\OpenGL2\Primitives4D.h(810,28): warning C4267: 'initializing': conversion from 'size_t' to 'unsigned int', possible loss of data
  (compiling source file 'main.cpp')
  
C:\Users\86180\Documents\OpenGL4d_20240509_114830\OpenGL4d\OpenGL2\Primitives4D.h(829,13): warning C4267: 'initializing': conversion from 'size_t' to 'int', possible loss of data
  (compiling source file 'main.cpp')
  
C:\Users\86180\Documents\OpenGL4d_20240509_114830\OpenGL4d\OpenGL2\Primitives4D.h(830,13): warning C4267: 'initializing': conversion from 'size_t' to 'int', possible loss of data
  (compiling source file 'main.cpp')
  
C:\Users\86180\Documents\OpenGL4d_20240509_114830\OpenGL4d\OpenGL2\Primitives4D.h(831,13): warning C4267: 'initializing': conversion from 'size_t' to 'int', possible loss of data
  (compiling source file 'main.cpp')
  
C:\Users\86180\Documents\OpenGL4d_20240509_114830\OpenGL4d\OpenGL2\Line.h(112,38): warning C4018: '<': signed/unsigned mismatch
  (compiling source file 'main.cpp')
  
C:\Program Files (x86)\Windows Kits\10\Include\10.0.22000.0\shared\minwindef.h(130,1): warning C4005: 'APIENTRY': macro redefinition
  (compiling source file 'main.cpp')
  C:\Users\86180\Documents\OpenGL4d_20240509_114830\OpenGL4d\Dependencies_64x\GLFW\include\GLFW\glfw3.h(123,1):
  see previous definition of 'APIENTRY'
  
C:\Users\86180\Documents\OpenGL4d_20240509_114830\OpenGL4d\OpenGL2\Light.h(248,33): warning C4267: 'argument': conversion from 'size_t' to 'GLint', possible loss of data
  (compiling source file 'main.cpp')
  
C:\Users\86180\Documents\OpenGL4d_20240509_114830\OpenGL4d\OpenGL2\Light.h(250,33): warning C4267: 'argument': conversion from 'size_t' to 'GLint', possible loss of data
  (compiling source file 'main.cpp')
  
C:\Users\86180\Documents\OpenGL4d_20240509_114830\OpenGL4d\OpenGL2\Joint.h(233,2): warning C4091: 'static ': ignored on left of 'HingeConstraint4D' when no variable is declared
  (compiling source file 'main.cpp')
  
C:\Users\86180\Documents\OpenGL4d_20240509_114830\OpenGL4d\OpenGL2\ObjectLists.h(72,29): warning C4018: '>=': signed/unsigned mismatch
  (compiling source file 'main.cpp')
  
C:\Users\86180\Documents\OpenGL4d_20240509_114830\OpenGL4d\OpenGL2\ObjectLists.h(76,29): warning C4018: '>=': signed/unsigned mismatch
  (compiling source file 'main.cpp')
  
C:\Users\86180\Documents\OpenGL4d_20240509_114830\OpenGL4d\OpenGL2\ObjectLists.h(83,30): warning C4018: '>=': signed/unsigned mismatch
  (compiling source file 'main.cpp')
  
C:\Users\86180\Documents\OpenGL4d_20240509_114830\OpenGL4d\OpenGL2\ObjectLists.h(87,30): warning C4018: '>=': signed/unsigned mismatch
  (compiling source file 'main.cpp')
  
C:\Users\86180\Documents\OpenGL4d_20240509_114830\OpenGL4d\OpenGL2\ObjectLists.h(94,37): warning C4018: '>=': signed/unsigned mismatch
  (compiling source file 'main.cpp')
  
C:\Users\86180\Documents\OpenGL4d_20240509_114830\OpenGL4d\OpenGL2\ObjectLists.h(98,37): warning C4018: '>=': signed/unsigned mismatch
  (compiling source file 'main.cpp')
  
C:\Users\86180\Documents\OpenGL4d_20240509_114830\OpenGL4d\OpenGL2\ObjectLists.h(133,18): warning C4267: 'initializing': conversion from 'size_t' to 'unsigned int', possible loss of data
  (compiling source file 'main.cpp')
  
C:\Users\86180\Documents\OpenGL4d_20240509_114830\OpenGL4d\OpenGL2\ObjectLists.h(134,15): warning C4018: '<': signed/unsigned mismatch
  (compiling source file 'main.cpp')
  
C:\Users\86180\Documents\OpenGL4d_20240509_114830\OpenGL4d\OpenGL2\ObjectLists.h(331,12): warning C4267: 'return': conversion from 'size_t' to 'int', possible loss of data
  (compiling source file 'main.cpp')
  
C:\Users\86180\Documents\OpenGL4d_20240509_114830\OpenGL4d\OpenGL2\ObjectLists.h(438,64): warning C4267: 'argument': conversion from 'size_t' to 'int', possible loss of data
  (compiling source file 'main.cpp')
  
C:\Users\86180\Documents\OpenGL4d_20240509_114830\OpenGL4d\OpenGL2\ObjectLists.h(445,92): warning C4267: 'argument': conversion from 'size_t' to 'int', possible loss of data
  (compiling source file 'main.cpp')
  
C:\Users\86180\Documents\OpenGL4d_20240509_114830\OpenGL4d\OpenGL2\ObjectLists.h(446,51): warning C4267: 'argument': conversion from 'size_t' to 'int', possible loss of data
  (compiling source file 'main.cpp')
  
C:\Users\86180\Documents\OpenGL4d_20240509_114830\OpenGL4d\OpenGL2\ObjectLists.h(460,2): warning C4091: 'static ': ignored on left of 'RenderIndex' when no variable is declared
  (compiling source file 'main.cpp')
  
C:\Users\86180\Documents\OpenGL4d_20240509_114830\OpenGL4d\OpenGL2\ObjectLists.h(544,19): warning C4267: 'initializing': conversion from 'size_t' to 'int', possible loss of data
  (compiling source file 'main.cpp')
  
C:\Users\86180\Documents\OpenGL4d_20240509_114830\OpenGL4d\OpenGL2\ObjectLists.h(563,10): warning C4267: 'initializing': conversion from 'size_t' to 'int', possible loss of data
  (compiling source file 'main.cpp')
  
C:\Users\86180\Documents\OpenGL4d_20240509_114830\OpenGL4d\OpenGL2\gjk.h(160,26): warning C4018: '<': signed/unsigned mismatch
  (compiling source file 'main.cpp')
  
C:\Users\86180\Documents\OpenGL4d_20240509_114830\OpenGL4d\OpenGL2\gjk.h(197,26): warning C4018: '<': signed/unsigned mismatch
  (compiling source file 'main.cpp')
  
C:\Users\86180\Documents\OpenGL4d_20240509_114830\OpenGL4d\OpenGL2\gjk.h(275,27): warning C4018: '<': signed/unsigned mismatch
  (compiling source file 'main.cpp')
  
C:\Users\86180\Documents\OpenGL4d_20240509_114830\OpenGL4d\OpenGL2\gjk.h(382,26): warning C4018: '<': signed/unsigned mismatch
  (compiling source file 'main.cpp')
  
C:\Users\86180\Documents\OpenGL4d_20240509_114830\OpenGL4d\OpenGL2\gjk.h(419,26): warning C4018: '<': signed/unsigned mismatch
  (compiling source file 'main.cpp')
  
C:\Users\86180\Documents\OpenGL4d_20240509_114830\OpenGL4d\OpenGL2\gjk.h(463,27): warning C4018: '<': signed/unsigned mismatch
  (compiling source file 'main.cpp')
  
C:\Users\86180\Documents\OpenGL4d_20240509_114830\OpenGL4d\OpenGL2\gjk.h(696,2): warning C4091: 'static ': ignored on left of 'Simplex' when no variable is declared
  (compiling source file 'main.cpp')
  
C:\Users\86180\Documents\OpenGL4d_20240509_114830\OpenGL4d\OpenGL2\gjk.h(551,23): warning C4267: 'initializing': conversion from 'size_t' to 'int', possible loss of data
  (compiling source file 'main.cpp')
  
C:\Users\86180\Documents\OpenGL4d_20240509_114830\OpenGL4d\OpenGL2\gjk.h(829,32): warning C4267: 'initializing': conversion from 'size_t' to 'unsigned int', possible loss of data
  (compiling source file 'main.cpp')
  
C:\Users\86180\Documents\OpenGL4d_20240509_114830\OpenGL4d\OpenGL2\gjk.h(896,22): warning C4267: '=': conversion from 'size_t' to 'unsigned int', possible loss of data
  (compiling source file 'main.cpp')
  
C:\Users\86180\Documents\OpenGL4d_20240509_114830\OpenGL4d\OpenGL2\gjk.h(931,35): warning C4018: '<': signed/unsigned mismatch
  (compiling source file 'main.cpp')
  
C:\Users\86180\Documents\OpenGL4d_20240509_114830\OpenGL4d\OpenGL2\gjk.h(1066,28): warning C4267: 'initializing': conversion from 'size_t' to 'unsigned int', possible loss of data
  (compiling source file 'main.cpp')
  
C:\Users\86180\Documents\OpenGL4d_20240509_114830\OpenGL4d\OpenGL2\colliderPhy.h(18,2): warning C4091: 'static ': ignored on left of 'CollisionManifold' when no variable is declared
  (compiling source file 'main.cpp')
  
C:\Users\86180\Documents\OpenGL4d_20240509_114830\OpenGL4d\OpenGL2\colliderPhy.h(37,2): warning C4091: 'static ': ignored on left of 'Collision' when no variable is declared
  (compiling source file 'main.cpp')
  
C:\Users\86180\Documents\OpenGL4d_20240509_114830\OpenGL4d\OpenGL2\colliderPhy.h(302,26): warning C4018: '<': signed/unsigned mismatch
  (compiling source file 'main.cpp')
  
C:\Users\86180\Documents\OpenGL4d_20240509_114830\OpenGL4d\OpenGL2\colliderPhy.h(512,47): warning C4267: '=': conversion from 'size_t' to 'unsigned int', possible loss of data
  (compiling source file 'main.cpp')
  
C:\Users\86180\Documents\OpenGL4d_20240509_114830\OpenGL4d\OpenGL2\colliderPhy.h(500,23): warning C4101: 'detectPos4D0': unreferenced local variable
  (compiling source file 'main.cpp')
  
C:\Users\86180\Documents\OpenGL4d_20240509_114830\OpenGL4d\OpenGL2\colliderPhy.h(835,94): warning C4244: '=': conversion from 'int' to 'float', possible loss of data
  (compiling source file 'main.cpp')
  
C:\Users\86180\Documents\OpenGL4d_20240509_114830\OpenGL4d\OpenGL2\colliderPhy.h(836,94): warning C4244: '=': conversion from 'int' to 'float', possible loss of data
  (compiling source file 'main.cpp')
  
C:\Users\86180\Documents\OpenGL4d_20240509_114830\OpenGL4d\OpenGL2\colliderPhy.h(878,38): warning C4018: '<': signed/unsigned mismatch
  (compiling source file 'main.cpp')
  
C:\Users\86180\Documents\OpenGL4d_20240509_114830\OpenGL4d\OpenGL2\colliderPhy.h(903,38): warning C4018: '<': signed/unsigned mismatch
  (compiling source file 'main.cpp')
  
C:\Users\86180\Documents\OpenGL4d_20240509_114830\OpenGL4d\OpenGL2\colliderPhy.h(943,38): warning C4018: '<': signed/unsigned mismatch
  (compiling source file 'main.cpp')
  
C:\Users\86180\Documents\OpenGL4d_20240509_114830\OpenGL4d\OpenGL2\colliderPhy.h(990,38): warning C4018: '<': signed/unsigned mismatch
  (compiling source file 'main.cpp')
  
C:\Users\86180\Documents\OpenGL4d_20240509_114830\OpenGL4d\OpenGL2\colliderPhy.h(1070,96): warning C4244: '=': conversion from 'int' to 'float', possible loss of data
  (compiling source file 'main.cpp')
  
C:\Users\86180\Documents\OpenGL4d_20240509_114830\OpenGL4d\OpenGL2\colliderPhy.h(1071,96): warning C4244: '=': conversion from 'int' to 'float', possible loss of data
  (compiling source file 'main.cpp')
  
C:\Users\86180\Documents\OpenGL4d_20240509_114830\OpenGL4d\OpenGL2\colliderPhy.h(1105,51): warning C4267: '=': conversion from 'size_t' to 'unsigned int', possible loss of data
  (compiling source file 'main.cpp')
  
C:\Users\86180\Documents\OpenGL4d_20240509_114830\OpenGL4d\OpenGL2\colliderPhy.h(1188,34): warning C4018: '<': signed/unsigned mismatch
  (compiling source file 'main.cpp')
  
C:\Users\86180\Documents\OpenGL4d_20240509_114830\OpenGL4d\OpenGL2\colliderPhy.h(1205,34): warning C4018: '<': signed/unsigned mismatch
  (compiling source file 'main.cpp')
  
C:\Users\86180\Documents\OpenGL4d_20240509_114830\OpenGL4d\OpenGL2\colliderPhy.h(1222,34): warning C4018: '<': signed/unsigned mismatch
  (compiling source file 'main.cpp')
  
C:\Users\86180\Documents\OpenGL4d_20240509_114830\OpenGL4d\OpenGL2\colliderPhy.h(1252,34): warning C4018: '<': signed/unsigned mismatch
  (compiling source file 'main.cpp')
  
C:\Users\86180\Documents\OpenGL4d_20240509_114830\OpenGL4d\OpenGL2\colliderPhy.h(1282,34): warning C4018: '<': signed/unsigned mismatch
  (compiling source file 'main.cpp')
  
C:\Users\86180\Documents\OpenGL4d_20240509_114830\OpenGL4d\OpenGL2\colliderPhy.h(1317,34): warning C4018: '<': signed/unsigned mismatch
  (compiling source file 'main.cpp')
  
C:\Users\86180\Documents\OpenGL4d_20240509_114830\OpenGL4d\OpenGL2\colliderPhy.h(1352,34): warning C4018: '<': signed/unsigned mismatch
  (compiling source file 'main.cpp')
  
C:\Users\86180\Documents\OpenGL4d_20240509_114830\OpenGL4d\OpenGL2\colliderPhy.h(1366,34): warning C4018: '<': signed/unsigned mismatch
  (compiling source file 'main.cpp')
  
C:\Users\86180\Documents\OpenGL4d_20240509_114830\OpenGL4d\OpenGL2\colliderPhy.h(1447,92): warning C4244: '=': conversion from 'int' to 'float', possible loss of data
  (compiling source file 'main.cpp')
  
C:\Users\86180\Documents\OpenGL4d_20240509_114830\OpenGL4d\OpenGL2\colliderPhy.h(1448,92): warning C4244: '=': conversion from 'int' to 'float', possible loss of data
  (compiling source file 'main.cpp')
  
C:\Users\86180\Documents\OpenGL4d_20240509_114830\OpenGL4d\OpenGL2\colliderPhy.h(1469,30): warning C4018: '<': signed/unsigned mismatch
  (compiling source file 'main.cpp')
  
C:\Users\86180\Documents\OpenGL4d_20240509_114830\OpenGL4d\OpenGL2\colliderPhy.h(1482,51): warning C4267: '=': conversion from 'size_t' to 'unsigned int', possible loss of data
  (compiling source file 'main.cpp')
  
C:\Users\86180\Documents\OpenGL4d_20240509_114830\OpenGL4d\OpenGL2\colliderPhy.h(1785,51): warning C4267: '=': conversion from 'size_t' to 'unsigned int', possible loss of data
  (compiling source file 'main.cpp')
  
C:\Users\86180\Documents\OpenGL4d_20240509_114830\OpenGL4d\OpenGL2\colliderPhy.h(1773,27): warning C4101: 'detectPos4D0': unreferenced local variable
  (compiling source file 'main.cpp')
  
C:\Users\86180\Documents\OpenGL4d_20240509_114830\OpenGL4d\OpenGL2\colliderPhy.h(2009,26): warning C4018: '<': signed/unsigned mismatch
  (compiling source file 'main.cpp')
  
C:\Users\86180\Documents\OpenGL4d_20240509_114830\OpenGL4d\OpenGL2\colliderPhy.h(2035,30): warning C4018: '<': signed/unsigned mismatch
  (compiling source file 'main.cpp')
  
C:\Users\86180\Documents\OpenGL4d_20240509_114830\OpenGL4d\OpenGL2\collision.h(13,2): warning C4091: 'static ': ignored on left of 'ContactState' when no variable is declared
  (compiling source file 'main.cpp')
  
C:\Users\86180\Documents\OpenGL4d_20240509_114830\OpenGL4d\OpenGL2\collision.h(29,2): warning C4091: 'static ': ignored on left of 'Tangents' when no variable is declared
  (compiling source file 'main.cpp')
  
C:\Users\86180\Documents\OpenGL4d_20240509_114830\OpenGL4d\OpenGL2\collision.h(49,2): warning C4091: 'static ': ignored on left of 'CollisionConstraint' when no variable is declared
  (compiling source file 'main.cpp')
  
C:\Users\86180\Documents\OpenGL4d_20240509_114830\OpenGL4d\OpenGL2\collision.h(62,2): warning C4091: 'static ': ignored on left of 'Constraint' when no variable is declared
  (compiling source file 'main.cpp')
  
C:\Users\86180\Documents\OpenGL4d_20240509_114830\OpenGL4d\OpenGL2\Phys4D.h(149,138): warning C4267: 'argument': conversion from 'size_t' to 'int', possible loss of data
  (compiling source file 'main.cpp')
  
C:\Users\86180\Documents\OpenGL4d_20240509_114830\OpenGL4d\OpenGL2\Phys4D.h(158,120): warning C4267: 'argument': conversion from 'size_t' to 'int', possible loss of data
  (compiling source file 'main.cpp')
  
C:\Users\86180\Documents\OpenGL4d_20240509_114830\OpenGL4d\OpenGL2\Phys4D.h(162,133): warning C4267: 'argument': conversion from 'size_t' to 'int', possible loss of data
  (compiling source file 'main.cpp')
  
C:\Users\86180\Documents\OpenGL4d_20240509_114830\OpenGL4d\OpenGL2\Phys4D.h(238,118): warning C4267: 'argument': conversion from 'size_t' to 'int', possible loss of data
  (compiling source file 'main.cpp')
  
C:\Users\86180\Documents\OpenGL4d_20240509_114830\OpenGL4d\OpenGL2\Phys4D.h(276,92): warning C4267: 'argument': conversion from 'size_t' to 'int', possible loss of data
  (compiling source file 'main.cpp')
  
C:\Users\86180\Documents\OpenGL4d_20240509_114830\OpenGL4d\OpenGL2\Phys4D.h(289,65): warning C4267: 'argument': conversion from 'size_t' to 'unsigned int', possible loss of data
  (compiling source file 'main.cpp')
  
C:\Users\86180\Documents\OpenGL4d_20240509_114830\OpenGL4d\OpenGL2\Phys4D.h(294,67): warning C4267: 'argument': conversion from 'size_t' to 'unsigned int', possible loss of data
  (compiling source file 'main.cpp')
  
C:\Users\86180\Documents\OpenGL4d_20240509_114830\OpenGL4d\OpenGL2\Phys4D.h(360,69): warning C4267: 'argument': conversion from 'size_t' to 'int', possible loss of data
  (compiling source file 'main.cpp')
  
C:\Users\86180\Documents\OpenGL4d_20240509_114830\OpenGL4d\OpenGL2\Phys4D.h(370,69): warning C4267: 'argument': conversion from 'size_t' to 'int', possible loss of data
  (compiling source file 'main.cpp')
  
C:\Users\86180\Documents\OpenGL4d_20240509_114830\OpenGL4d\OpenGL2\Phys4D.h(407,69): warning C4267: 'argument': conversion from 'size_t' to 'int', possible loss of data
  (compiling source file 'main.cpp')
  
C:\Users\86180\Documents\OpenGL4d_20240509_114830\OpenGL4d\OpenGL2\Phys4D.h(417,69): warning C4267: 'argument': conversion from 'size_t' to 'int', possible loss of data
  (compiling source file 'main.cpp')
  
C:\Users\86180\Documents\OpenGL4d_20240509_114830\OpenGL4d\OpenGL2\Phys4D.h(542,86): warning C4267: 'argument': conversion from 'size_t' to 'int', possible loss of data
  (compiling source file 'main.cpp')
  
C:\Users\86180\Documents\OpenGL4d_20240509_114830\OpenGL4d\OpenGL2\Phys4D.h(555,151): warning C4267: 'argument': conversion from 'size_t' to 'int', possible loss of data
  (compiling source file 'main.cpp')
  
C:\Users\86180\Documents\OpenGL4d_20240509_114830\OpenGL4d\OpenGL2\Phys4D.h(562,87): warning C4267: 'argument': conversion from 'size_t' to 'int', possible loss of data
  (compiling source file 'main.cpp')
  
C:\Users\86180\Documents\OpenGL4d_20240509_114830\OpenGL4d\OpenGL2\Phys4D.h(566,87): warning C4267: 'argument': conversion from 'size_t' to 'int', possible loss of data
  (compiling source file 'main.cpp')
  
C:\Users\86180\Documents\OpenGL4d_20240509_114830\OpenGL4d\OpenGL2\Phys4D.h(566,195): warning C4267: 'argument': conversion from 'size_t' to 'int', possible loss of data
  (compiling source file 'main.cpp')
  
C:\Users\86180\Documents\OpenGL4d_20240509_114830\OpenGL4d\OpenGL2\Phys4D.h(587,89): warning C4267: 'argument': conversion from 'size_t' to 'int', possible loss of data
  (compiling source file 'main.cpp')
  
C:\Users\86180\Documents\OpenGL4d_20240509_114830\OpenGL4d\OpenGL2\Phys4D.h(600,156): warning C4267: 'argument': conversion from 'size_t' to 'int', possible loss of data
  (compiling source file 'main.cpp')
  
C:\Users\86180\Documents\OpenGL4d_20240509_114830\OpenGL4d\OpenGL2\Phys4D.h(607,91): warning C4267: 'argument': conversion from 'size_t' to 'int', possible loss of data
  (compiling source file 'main.cpp')
  
C:\Users\86180\Documents\OpenGL4d_20240509_114830\OpenGL4d\OpenGL2\Phys4D.h(611,91): warning C4267: 'argument': conversion from 'size_t' to 'int', possible loss of data
  (compiling source file 'main.cpp')
  
C:\Users\86180\Documents\OpenGL4d_20240509_114830\OpenGL4d\OpenGL2\Phys4D.h(611,201): warning C4267: 'argument': conversion from 'size_t' to 'int', possible loss of data
  (compiling source file 'main.cpp')
  
C:\Users\86180\Documents\OpenGL4d_20240509_114830\OpenGL4d\OpenGL2\DetectRay.h(19,20): warning C4267: 'initializing': conversion from 'size_t' to 'int', possible loss of data
  (compiling source file 'main.cpp')
  
C:\Users\86180\Documents\OpenGL4d_20240509_114830\OpenGL4d\OpenGL2\DetectRay.h(25,16): warning C4244: 'initializing': conversion from 'double' to 'float', possible loss of data
  (compiling source file 'main.cpp')
  
C:\Users\86180\Documents\OpenGL4d_20240509_114830\OpenGL4d\OpenGL2\DetectRay.h(26,16): warning C4244: 'initializing': conversion from 'double' to 'float', possible loss of data
  (compiling source file 'main.cpp')
  
C:\Users\86180\Documents\OpenGL4d_20240509_114830\OpenGL4d\OpenGL2\DetectRay.h(187,21): warning C4018: '<': signed/unsigned mismatch
  (compiling source file 'main.cpp')
  
C:\Users\86180\Documents\OpenGL4d_20240509_114830\OpenGL4d\OpenGL2\DetectRay.h(307,62): warning C4267: 'argument': conversion from 'size_t' to 'unsigned int', possible loss of data
  (compiling source file 'main.cpp')
  
C:\Users\86180\Documents\OpenGL4d_20240509_114830\OpenGL4d\OpenGL2\DetectRay.h(319,18): warning C4267: '=': conversion from 'size_t' to 'int', possible loss of data
  (compiling source file 'main.cpp')
  
C:\Users\86180\Documents\OpenGL4d_20240509_114830\OpenGL4d\OpenGL2\DetectRay.h(325,18): warning C4267: '=': conversion from 'size_t' to 'int', possible loss of data
  (compiling source file 'main.cpp')
  
C:\Users\86180\Documents\OpenGL4d_20240509_114830\OpenGL4d\OpenGL2\DetectRay.h(335,42): warning C4267: 'argument': conversion from 'size_t' to 'int', possible loss of data
  (compiling source file 'main.cpp')
  
C:\Users\86180\Documents\OpenGL4d_20240509_114830\OpenGL4d\OpenGL2\DetectRay.h(337,36): warning C4267: 'argument': conversion from 'size_t' to 'int', possible loss of data
  (compiling source file 'main.cpp')
  
C:\Users\86180\Documents\OpenGL4d_20240509_114830\OpenGL4d\OpenGL2\DetectRay.h(351,23): warning C4267: '=': conversion from 'size_t' to 'int', possible loss of data
  (compiling source file 'main.cpp')
  
C:\Users\86180\Documents\OpenGL4d_20240509_114830\OpenGL4d\OpenGL2\DetectRay.h(357,23): warning C4267: '=': conversion from 'size_t' to 'int', possible loss of data
  (compiling source file 'main.cpp')
  
C:\Users\86180\Documents\OpenGL4d_20240509_114830\OpenGL4d\OpenGL2\DetectRay.h(367,51): warning C4267: 'argument': conversion from 'size_t' to 'int', possible loss of data
  (compiling source file 'main.cpp')
  
C:\Users\86180\Documents\OpenGL4d_20240509_114830\OpenGL4d\OpenGL2\DetectRay.h(379,21): warning C4267: '=': conversion from 'size_t' to 'int', possible loss of data
  (compiling source file 'main.cpp')
  
C:\Users\86180\Documents\OpenGL4d_20240509_114830\OpenGL4d\OpenGL2\DetectRay.h(385,21): warning C4267: '=': conversion from 'size_t' to 'int', possible loss of data
  (compiling source file 'main.cpp')
  
C:\Users\86180\Documents\OpenGL4d_20240509_114830\OpenGL4d\OpenGL2\DetectRay.h(397,50): warning C4267: 'argument': conversion from 'size_t' to 'int', possible loss of data
  (compiling source file 'main.cpp')
  
C:\Users\86180\Documents\OpenGL4d_20240509_114830\OpenGL4d\OpenGL2\DetectRay.h(409,21): warning C4267: '=': conversion from 'size_t' to 'int', possible loss of data
  (compiling source file 'main.cpp')
  
C:\Users\86180\Documents\OpenGL4d_20240509_114830\OpenGL4d\OpenGL2\DetectRay.h(415,21): warning C4267: '=': conversion from 'size_t' to 'int', possible loss of data
  (compiling source file 'main.cpp')
  
C:\Users\86180\Documents\OpenGL4d_20240509_114830\OpenGL4d\OpenGL2\DetectRay.h(427,45): warning C4267: 'argument': conversion from 'size_t' to 'int', possible loss of data
  (compiling source file 'main.cpp')
  
C:\Users\86180\Documents\OpenGL4d_20240509_114830\OpenGL4d\OpenGL2\DetectRay.h(429,60): warning C4267: 'argument': conversion from 'size_t' to 'int', possible loss of data
  (compiling source file 'main.cpp')
  
C:\Users\86180\Documents\OpenGL4d_20240509_114830\OpenGL4d\OpenGL2\DetectRay.h(434,118): warning C4267: '=': conversion from 'size_t' to 'int', possible loss of data
  (compiling source file 'main.cpp')
  
C:\Users\86180\Documents\OpenGL4d_20240509_114830\OpenGL4d\OpenGL2\DetectRay.h(440,118): warning C4267: '=': conversion from 'size_t' to 'int', possible loss of data
  (compiling source file 'main.cpp')
  
C:\Users\86180\Documents\OpenGL4d_20240509_114830\OpenGL4d\OpenGL2\Animation.h(246,22): warning C4018: '>=': signed/unsigned mismatch
  (compiling source file 'main.cpp')
  
C:\Users\86180\Documents\OpenGL4d_20240509_114830\OpenGL4d\OpenGL2\Animation.h(253,24): warning C4018: '>=': signed/unsigned mismatch
  (compiling source file 'main.cpp')
  
C:\Users\86180\Documents\OpenGL4d_20240509_114830\OpenGL4d\OpenGL2\Animation.h(257,24): warning C4018: '>=': signed/unsigned mismatch
  (compiling source file 'main.cpp')
  
C:\Users\86180\Documents\OpenGL4d_20240509_114830\OpenGL4d\OpenGL2\LoadAndSave.h(15,11): warning C4267: 'return': conversion from 'size_t' to 'unsigned int', possible loss of data
  (compiling source file 'main.cpp')
  
C:\Users\86180\Documents\OpenGL4d_20240509_114830\OpenGL4d\OpenGL2\LoadAndSave.h(26,11): warning C4267: 'return': conversion from 'size_t' to 'unsigned int', possible loss of data
  (compiling source file 'main.cpp')
  
C:\Users\86180\Documents\OpenGL4d_20240509_114830\OpenGL4d\OpenGL2\LoadAndSave.h(67,64): warning C4267: 'argument': conversion from 'size_t' to 'unsigned int', possible loss of data
  (compiling source file 'main.cpp')
  
C:\Users\86180\Documents\OpenGL4d_20240509_114830\OpenGL4d\OpenGL2\LoadAndSave.h(88,54): warning C4267: 'argument': conversion from 'size_t' to 'int', possible loss of data
  (compiling source file 'main.cpp')
  
C:\Users\86180\Documents\OpenGL4d_20240509_114830\OpenGL4d\OpenGL2\LoadAndSave.h(149,21): warning C4018: '<': signed/unsigned mismatch
  (compiling source file 'main.cpp')
  
C:\Users\86180\Documents\OpenGL4d_20240509_114830\OpenGL4d\OpenGL2\LoadAndSave.h(153,21): warning C4018: '<': signed/unsigned mismatch
  (compiling source file 'main.cpp')
  
C:\Users\86180\Documents\OpenGL4d_20240509_114830\OpenGL4d\OpenGL2\LoadAndSave.h(299,22): warning C4018: '<': signed/unsigned mismatch
  (compiling source file 'main.cpp')
  
C:\Users\86180\Documents\OpenGL4d_20240509_114830\OpenGL4d\OpenGL2\LoadAndSave.h(303,22): warning C4018: '<': signed/unsigned mismatch
  (compiling source file 'main.cpp')
  
C:\Users\86180\Documents\OpenGL4d_20240509_114830\OpenGL4d\OpenGL2\main.cpp(37,24): warning C4244: 'argument': conversion from 'double' to 'int', possible loss of data
soil2-debug.lib(SOIL2.obj) : warning LNK4075: ignoring '/EDITANDCONTINUE' due to '/OPT:ICF' specification
LINK : warning LNK4098: defaultlib 'LIBCMT' conflicts with use of other libs; use /NODEFAULTLIB:library
LINK : warning LNK4098: defaultlib 'MSVCRTD' conflicts with use of other libs; use /NODEFAULTLIB:library
  Generating code
  1 of 5651 functions (<0.1%) were compiled, the rest were copied from previous compilation.
    0 functions were new in current compilation
    101 functions had inline decision re-evaluated but remain unchanged
  Finished generating code
glew32s.lib(glew.obj) : warning LNK4099: PDB '' was not found with 'glew32s.lib(glew.obj)' or at ''; linking object as if no debug info
  OpenGL2.vcxproj -> C:\Users\86180\Documents\OpenGL4d_20240509_114830\OpenGL4d\x64\Release\NewEngine.exe
