c:\users\86180\documents\opengl4d_20231123_114830\opengl4d\opengl2\x64\debug\vc143.pdb
c:\users\86180\documents\opengl4d_20231123_114830\opengl4d\opengl2\x64\debug\vc143.idb
c:\users\86180\documents\opengl4d_20240312_114830\opengl4d\opengl2\x64\debug\vc143.pdb
c:\users\86180\documents\opengl4d_20240312_114830\opengl4d\opengl2\x64\debug\vc143.idb
c:\users\86180\documents\opengl4d_20240328_114830\opengl4d\opengl2\x64\debug\vc143.pdb
c:\users\86180\documents\opengl4d_20240328_114830\opengl4d\opengl2\x64\debug\vc143.idb
c:\users\86180\documents\opengl4d_20240516_114830\opengl2\x64\debug\vc143.pdb
c:\users\86180\documents\opengl4d_20240516_114830\opengl2\x64\debug\vc143.idb
c:\users\86180\documents\opengl4d_20240516_114830\opengl2\x64\debug\main.obj
c:\users\86180\documents\opengl4d_20240516_114830\opengl2\x64\debug\imgui_widgets.obj
c:\users\86180\documents\opengl4d_20240516_114830\opengl2\x64\debug\imgui_tables.obj
c:\users\86180\documents\opengl4d_20240516_114830\opengl2\x64\debug\imgui_impl_opengl3.obj
c:\users\86180\documents\opengl4d_20240516_114830\opengl2\x64\debug\imgui_impl_glfw.obj
c:\users\86180\documents\opengl4d_20240516_114830\opengl2\x64\debug\imgui_draw.obj
c:\users\86180\documents\opengl4d_20240516_114830\opengl2\x64\debug\imgui_demo.obj
c:\users\86180\documents\opengl4d_20240516_114830\opengl2\x64\debug\imgui.obj
c:\users\86180\documents\opengl4d_20240516_114830\opengl2\x64\debug\game.obj
c:\users\86180\documents\opengl4d_20240516_114830\x64\debug\newengine.exe
c:\users\86180\documents\opengl4d_20240516_114830\x64\debug\newengine.pdb
c:\users\86180\documents\opengl4d_20240516_114830\opengl2\x64\debug\newengine1.res
c:\users\lenovo\documents\opengl4d_20230704_114830\opengl4d\opengl2\x64\debug\std.compat.ixx.module.json
c:\users\lenovo\documents\opengl4d_20230704_114830\opengl4d\opengl2\x64\debug\std.ixx.module.json
c:\users\86180\documents\opengl4d_20230903_114830\opengl4d\opengl2\x64\debug\std.compat.ixx.module.json
c:\users\86180\documents\opengl4d_20230903_114830\opengl4d\opengl2\x64\debug\std.ixx.module.json
c:\users\86180\documents\opengl4d_20240516_114830\opengl2\x64\debug\newengine.ilk
c:\users\86180\documents\opengl4d_20240516_114830\opengl2\x64\debug\main2.obj
c:\users\86180\documents\opengl4d_20240516_114830\opengl2\x64\debug\std.compat.ixx.obj
c:\users\86180\documents\opengl4d_20240516_114830\opengl2\x64\debug\std.ixx.obj
c:\users\86180\documents\opengl4d_20240516_114830\opengl2\x64\debug\opengl2.ilk
c:\users\86180\documents\opengl4d_20240516_114830\opengl2\x64\debug\newengine.tlog\cl.command.1.tlog
c:\users\86180\documents\opengl4d_20240516_114830\opengl2\x64\debug\newengine.tlog\cl.items.tlog
c:\users\86180\documents\opengl4d_20240516_114830\opengl2\x64\debug\newengine.tlog\cl.read.1.tlog
c:\users\86180\documents\opengl4d_20240516_114830\opengl2\x64\debug\newengine.tlog\cl.write.1.tlog
c:\users\86180\documents\opengl4d_20240516_114830\opengl2\x64\debug\newengine.tlog\link.command.1.tlog
c:\users\86180\documents\opengl4d_20240516_114830\opengl2\x64\debug\newengine.tlog\link.read.1.tlog
c:\users\86180\documents\opengl4d_20240516_114830\opengl2\x64\debug\newengine.tlog\link.secondary.1.tlog
c:\users\86180\documents\opengl4d_20240516_114830\opengl2\x64\debug\newengine.tlog\link.write.1.tlog
c:\users\86180\documents\opengl4d_20240516_114830\opengl2\x64\debug\newengine.tlog\rc.command.1.tlog
c:\users\86180\documents\opengl4d_20240516_114830\opengl2\x64\debug\newengine.tlog\rc.read.1.tlog
c:\users\86180\documents\opengl4d_20240516_114830\opengl2\x64\debug\newengine.tlog\rc.write.1.tlog
c:\users\86180\documents\opengl4d_20240516_114830\opengl2\x64\debug\newengine_md.tlog\cl.command.1.tlog
c:\users\86180\documents\opengl4d_20240516_114830\opengl2\x64\debug\newengine_md.tlog\microsoft.build.cpptasks.cl.read.1.tlog
c:\users\86180\documents\opengl4d_20240516_114830\opengl2\x64\debug\newengine_md.tlog\microsoft.build.cpptasks.cl.write.1.tlog
