C:\Program Files\Microsoft Visual Studio\2022\Community\MSBuild\Microsoft\VC\v170\Microsoft.CppBuild.targets(531,5): warning MSB8028: The intermediate directory (x64\Debug\) contains files shared from another project (OpenGL2.vcxproj).  This can lead to incorrect clean and rebuild behavior.
  Game.cpp
C:\Users\86180\Documents\OpenGL4d_20240728_114830\OpenGL2\Texture.h(322,16): warning C4244: 'initializing': conversion from 'T' to 'int', possible loss of data
C:\Users\86180\Documents\OpenGL4d_20240728_114830\OpenGL2\Texture.h(322,16): warning C4244:         with
C:\Users\86180\Documents\OpenGL4d_20240728_114830\OpenGL2\Texture.h(322,16): warning C4244:         [
C:\Users\86180\Documents\OpenGL4d_20240728_114830\OpenGL2\Texture.h(322,16): warning C4244:             T=float
C:\Users\86180\Documents\OpenGL4d_20240728_114830\OpenGL2\Texture.h(322,16): warning C4244:         ]
C:\Users\86180\Documents\OpenGL4d_20240728_114830\OpenGL2\Texture.h(324,17): warning C4244: 'initializing': conversion from 'T' to 'int', possible loss of data
C:\Users\86180\Documents\OpenGL4d_20240728_114830\OpenGL2\Texture.h(324,17): warning C4244:         with
C:\Users\86180\Documents\OpenGL4d_20240728_114830\OpenGL2\Texture.h(324,17): warning C4244:         [
C:\Users\86180\Documents\OpenGL4d_20240728_114830\OpenGL2\Texture.h(324,17): warning C4244:             T=float
C:\Users\86180\Documents\OpenGL4d_20240728_114830\OpenGL2\Texture.h(324,17): warning C4244:         ]
C:\Users\86180\Documents\OpenGL4d_20240728_114830\OpenGL2\Texture.h(326,18): warning C4244: 'initializing': conversion from 'T' to 'int', possible loss of data
C:\Users\86180\Documents\OpenGL4d_20240728_114830\OpenGL2\Texture.h(326,18): warning C4244:         with
C:\Users\86180\Documents\OpenGL4d_20240728_114830\OpenGL2\Texture.h(326,18): warning C4244:         [
C:\Users\86180\Documents\OpenGL4d_20240728_114830\OpenGL2\Texture.h(326,18): warning C4244:             T=float
C:\Users\86180\Documents\OpenGL4d_20240728_114830\OpenGL2\Texture.h(326,18): warning C4244:         ]
C:\Users\86180\Documents\OpenGL4d_20240728_114830\OpenGL2\Texture.h(341,16): warning C4244: 'initializing': conversion from 'T' to 'int', possible loss of data
C:\Users\86180\Documents\OpenGL4d_20240728_114830\OpenGL2\Texture.h(341,16): warning C4244:         with
C:\Users\86180\Documents\OpenGL4d_20240728_114830\OpenGL2\Texture.h(341,16): warning C4244:         [
C:\Users\86180\Documents\OpenGL4d_20240728_114830\OpenGL2\Texture.h(341,16): warning C4244:             T=float
C:\Users\86180\Documents\OpenGL4d_20240728_114830\OpenGL2\Texture.h(341,16): warning C4244:         ]
C:\Users\86180\Documents\OpenGL4d_20240728_114830\OpenGL2\Texture.h(343,17): warning C4244: 'initializing': conversion from 'T' to 'int', possible loss of data
C:\Users\86180\Documents\OpenGL4d_20240728_114830\OpenGL2\Texture.h(343,17): warning C4244:         with
C:\Users\86180\Documents\OpenGL4d_20240728_114830\OpenGL2\Texture.h(343,17): warning C4244:         [
C:\Users\86180\Documents\OpenGL4d_20240728_114830\OpenGL2\Texture.h(343,17): warning C4244:             T=float
C:\Users\86180\Documents\OpenGL4d_20240728_114830\OpenGL2\Texture.h(343,17): warning C4244:         ]
C:\Users\86180\Documents\OpenGL4d_20240728_114830\OpenGL2\Texture.h(345,18): warning C4244: 'initializing': conversion from 'T' to 'int', possible loss of data
C:\Users\86180\Documents\OpenGL4d_20240728_114830\OpenGL2\Texture.h(345,18): warning C4244:         with
C:\Users\86180\Documents\OpenGL4d_20240728_114830\OpenGL2\Texture.h(345,18): warning C4244:         [
C:\Users\86180\Documents\OpenGL4d_20240728_114830\OpenGL2\Texture.h(345,18): warning C4244:             T=float
C:\Users\86180\Documents\OpenGL4d_20240728_114830\OpenGL2\Texture.h(345,18): warning C4244:         ]
C:\Users\86180\Documents\OpenGL4d_20240728_114830\OpenGL2\Texture.h(373,85): warning C4244: 'argument': conversion from 'float' to 'GLint', possible loss of data
C:\Users\86180\Documents\OpenGL4d_20240728_114830\OpenGL2\Texture.h(373,63): warning C4244: 'argument': conversion from 'float' to 'GLint', possible loss of data
C:\Users\86180\Documents\OpenGL4d_20240728_114830\OpenGL2\Texture.h(373,41): warning C4244: 'argument': conversion from 'float' to 'GLint', possible loss of data
C:\Users\86180\Documents\OpenGL4d_20240728_114830\OpenGL2\Primitives4D.h(808,28): warning C4267: 'initializing': conversion from 'size_t' to 'unsigned int', possible loss of data
C:\Users\86180\Documents\OpenGL4d_20240728_114830\OpenGL2\Primitives4D.h(827,13): warning C4267: 'initializing': conversion from 'size_t' to 'int', possible loss of data
C:\Users\86180\Documents\OpenGL4d_20240728_114830\OpenGL2\Primitives4D.h(828,13): warning C4267: 'initializing': conversion from 'size_t' to 'int', possible loss of data
C:\Users\86180\Documents\OpenGL4d_20240728_114830\OpenGL2\Primitives4D.h(829,13): warning C4267: 'initializing': conversion from 'size_t' to 'int', possible loss of data
C:\Users\86180\Documents\OpenGL4d_20240728_114830\OpenGL2\Line.h(129,34): warning C4018: '<': signed/unsigned mismatch
C:\Program Files (x86)\Windows Kits\10\Include\10.0.22000.0\shared\minwindef.h(130,9): warning C4005: 'APIENTRY': macro redefinition
C:\Users\86180\Documents\OpenGL4d_20240728_114830\OpenGL2\Light.h(246,33): warning C4267: 'argument': conversion from 'size_t' to 'GLint', possible loss of data
C:\Users\86180\Documents\OpenGL4d_20240728_114830\OpenGL2\Light.h(248,33): warning C4267: 'argument': conversion from 'size_t' to 'GLint', possible loss of data
C:\Users\86180\Documents\OpenGL4d_20240728_114830\OpenGL2\Joint.h(184,15): warning C4091: 'static ': ignored on left of 'HingeConstraint4D' when no variable is declared
C:\Users\86180\Documents\OpenGL4d_20240728_114830\OpenGL2\ObjectLists.h(189,12): warning C4267: 'return': conversion from 'size_t' to 'int', possible loss of data
C:\Users\86180\Documents\OpenGL4d_20240728_114830\OpenGL2\ObjectLists.h(197,41): warning C4267: '+=': conversion from 'size_t' to 'int', possible loss of data
C:\Users\86180\Documents\OpenGL4d_20240728_114830\OpenGL2\ObjectLists.h(307,64): warning C4267: 'argument': conversion from 'size_t' to 'int', possible loss of data
C:\Users\86180\Documents\OpenGL4d_20240728_114830\OpenGL2\ObjectLists.h(314,92): warning C4267: 'argument': conversion from 'size_t' to 'int', possible loss of data
C:\Users\86180\Documents\OpenGL4d_20240728_114830\OpenGL2\ObjectLists.h(315,57): warning C4267: 'argument': conversion from 'size_t' to 'int', possible loss of data
C:\Users\86180\Documents\OpenGL4d_20240728_114830\OpenGL2\ObjectLists.h(388,29): warning C4018: '>=': signed/unsigned mismatch
C:\Users\86180\Documents\OpenGL4d_20240728_114830\OpenGL2\ObjectLists.h(392,29): warning C4018: '>=': signed/unsigned mismatch
C:\Users\86180\Documents\OpenGL4d_20240728_114830\OpenGL2\ObjectLists.h(399,30): warning C4018: '>=': signed/unsigned mismatch
C:\Users\86180\Documents\OpenGL4d_20240728_114830\OpenGL2\ObjectLists.h(403,30): warning C4018: '>=': signed/unsigned mismatch
C:\Users\86180\Documents\OpenGL4d_20240728_114830\OpenGL2\ObjectLists.h(410,40): warning C4018: '>=': signed/unsigned mismatch
C:\Users\86180\Documents\OpenGL4d_20240728_114830\OpenGL2\ObjectLists.h(417,40): warning C4018: '>=': signed/unsigned mismatch
C:\Users\86180\Documents\OpenGL4d_20240728_114830\OpenGL2\ObjectLists.h(445,18): warning C4267: 'initializing': conversion from 'size_t' to 'unsigned int', possible loss of data
C:\Users\86180\Documents\OpenGL4d_20240728_114830\OpenGL2\ObjectLists.h(446,15): warning C4018: '<': signed/unsigned mismatch
C:\Users\86180\Documents\OpenGL4d_20240728_114830\OpenGL2\ObjectLists.h(471,72): warning C4267: 'argument': conversion from 'size_t' to 'unsigned int', possible loss of data
C:\Users\86180\Documents\OpenGL4d_20240728_114830\OpenGL2\ObjectLists.h(480,81): warning C4267: 'argument': conversion from 'size_t' to 'unsigned int', possible loss of data
C:\Users\86180\Documents\OpenGL4d_20240728_114830\OpenGL2\ObjectLists.h(486,56): warning C4267: 'argument': conversion from 'size_t' to '_Ty', possible loss of data
C:\Users\86180\Documents\OpenGL4d_20240728_114830\OpenGL2\ObjectLists.h(486,56): warning C4267:         with
C:\Users\86180\Documents\OpenGL4d_20240728_114830\OpenGL2\ObjectLists.h(486,56): warning C4267:         [
C:\Users\86180\Documents\OpenGL4d_20240728_114830\OpenGL2\ObjectLists.h(486,56): warning C4267:             _Ty=GLint
C:\Users\86180\Documents\OpenGL4d_20240728_114830\OpenGL2\ObjectLists.h(486,56): warning C4267:         ]
C:\Users\86180\Documents\OpenGL4d_20240728_114830\OpenGL2\ObjectLists.h(500,70): warning C4267: 'initializing': conversion from 'size_t' to 'int', possible loss of data
C:\Users\86180\Documents\OpenGL4d_20240728_114830\OpenGL2\ObjectLists.h(500,73): warning C4267: 'initializing': conversion from 'size_t' to 'int', possible loss of data
C:\Users\86180\Documents\OpenGL4d_20240728_114830\OpenGL2\ObjectLists.h(507,63): warning C4267: 'argument': conversion from 'size_t' to 'int', possible loss of data
C:\Users\86180\Documents\OpenGL4d_20240728_114830\OpenGL2\ObjectLists.h(511,47): warning C4267: 'argument': conversion from 'size_t' to '_Ty', possible loss of data
C:\Users\86180\Documents\OpenGL4d_20240728_114830\OpenGL2\ObjectLists.h(511,47): warning C4267:         with
C:\Users\86180\Documents\OpenGL4d_20240728_114830\OpenGL2\ObjectLists.h(511,47): warning C4267:         [
C:\Users\86180\Documents\OpenGL4d_20240728_114830\OpenGL2\ObjectLists.h(511,47): warning C4267:             _Ty=GLint
C:\Users\86180\Documents\OpenGL4d_20240728_114830\OpenGL2\ObjectLists.h(511,47): warning C4267:         ]
C:\Users\86180\Documents\OpenGL4d_20240728_114830\OpenGL2\ObjectLists.h(518,15): warning C4091: 'static ': ignored on left of 'RenderIndex' when no variable is declared
C:\Users\86180\Documents\OpenGL4d_20240728_114830\OpenGL2\ObjectLists.h(603,67): warning C4267: 'argument': conversion from 'size_t' to 'int', possible loss of data
C:\Users\86180\Documents\OpenGL4d_20240728_114830\OpenGL2\ObjectLists.h(607,67): warning C4267: 'argument': conversion from 'size_t' to 'int', possible loss of data
C:\Users\86180\Documents\OpenGL4d_20240728_114830\OpenGL2\ObjectLists.h(619,67): warning C4267: 'argument': conversion from 'size_t' to 'int', possible loss of data
C:\Users\86180\Documents\OpenGL4d_20240728_114830\OpenGL2\ObjectLists.h(623,67): warning C4267: 'argument': conversion from 'size_t' to 'int', possible loss of data
C:\Users\86180\Documents\OpenGL4d_20240728_114830\OpenGL2\ObjectLists.h(690,10): warning C4267: 'initializing': conversion from 'size_t' to 'int', possible loss of data
C:\Users\86180\Documents\OpenGL4d_20240728_114830\OpenGL2\gjk.h(160,26): warning C4018: '<': signed/unsigned mismatch
C:\Users\86180\Documents\OpenGL4d_20240728_114830\OpenGL2\gjk.h(197,26): warning C4018: '<': signed/unsigned mismatch
C:\Users\86180\Documents\OpenGL4d_20240728_114830\OpenGL2\gjk.h(275,27): warning C4018: '<': signed/unsigned mismatch
C:\Users\86180\Documents\OpenGL4d_20240728_114830\OpenGL2\gjk.h(382,26): warning C4018: '<': signed/unsigned mismatch
C:\Users\86180\Documents\OpenGL4d_20240728_114830\OpenGL2\gjk.h(419,26): warning C4018: '<': signed/unsigned mismatch
C:\Users\86180\Documents\OpenGL4d_20240728_114830\OpenGL2\gjk.h(463,27): warning C4018: '<': signed/unsigned mismatch
C:\Users\86180\Documents\OpenGL4d_20240728_114830\OpenGL2\gjk.h(518,15): warning C4091: 'static ': ignored on left of 'Simplex' when no variable is declared
C:\Users\86180\Documents\OpenGL4d_20240728_114830\OpenGL2\gjk.h(551,23): warning C4267: 'initializing': conversion from 'size_t' to 'int', possible loss of data
C:\Users\86180\Documents\OpenGL4d_20240728_114830\OpenGL2\gjk.h(829,32): warning C4267: 'initializing': conversion from 'size_t' to 'unsigned int', possible loss of data
C:\Users\86180\Documents\OpenGL4d_20240728_114830\OpenGL2\gjk.h(895,22): warning C4267: '=': conversion from 'size_t' to 'unsigned int', possible loss of data
C:\Users\86180\Documents\OpenGL4d_20240728_114830\OpenGL2\gjk.h(930,35): warning C4018: '<': signed/unsigned mismatch
C:\Users\86180\Documents\OpenGL4d_20240728_114830\OpenGL2\gjk.h(1065,28): warning C4267: 'initializing': conversion from 'size_t' to 'unsigned int', possible loss of data
C:\Users\86180\Documents\OpenGL4d_20240728_114830\OpenGL2\colliderPhy.h(13,15): warning C4091: 'static ': ignored on left of 'CollisionManifold' when no variable is declared
C:\Users\86180\Documents\OpenGL4d_20240728_114830\OpenGL2\colliderPhy.h(21,15): warning C4091: 'static ': ignored on left of 'Collision' when no variable is declared
C:\Users\86180\Documents\OpenGL4d_20240728_114830\OpenGL2\colliderPhy.h(92,27): warning C4101: 'contacts': unreferenced local variable
C:\Users\86180\Documents\OpenGL4d_20240728_114830\OpenGL2\colliderPhy.h(301,26): warning C4018: '<': signed/unsigned mismatch
C:\Users\86180\Documents\OpenGL4d_20240728_114830\OpenGL2\colliderPhy.h(512,47): warning C4267: '=': conversion from 'size_t' to 'unsigned int', possible loss of data
C:\Users\86180\Documents\OpenGL4d_20240728_114830\OpenGL2\colliderPhy.h(500,23): warning C4101: 'detectPos4D0': unreferenced local variable
C:\Users\86180\Documents\OpenGL4d_20240728_114830\OpenGL2\colliderPhy.h(896,38): warning C4018: '<': signed/unsigned mismatch
C:\Users\86180\Documents\OpenGL4d_20240728_114830\OpenGL2\colliderPhy.h(1079,51): warning C4267: '=': conversion from 'size_t' to 'unsigned int', possible loss of data
C:\Users\86180\Documents\OpenGL4d_20240728_114830\OpenGL2\colliderPhy.h(1084,47): warning C4101: 'contactPosA': unreferenced local variable
C:\Users\86180\Documents\OpenGL4d_20240728_114830\OpenGL2\colliderPhy.h(1149,34): warning C4018: '<': signed/unsigned mismatch
C:\Users\86180\Documents\OpenGL4d_20240728_114830\OpenGL2\colliderPhy.h(1177,34): warning C4018: '<': signed/unsigned mismatch
C:\Users\86180\Documents\OpenGL4d_20240728_114830\OpenGL2\colliderPhy.h(1287,30): warning C4018: '<': signed/unsigned mismatch
C:\Users\86180\Documents\OpenGL4d_20240728_114830\OpenGL2\colliderPhy.h(1300,51): warning C4267: '=': conversion from 'size_t' to 'unsigned int', possible loss of data
C:\Users\86180\Documents\OpenGL4d_20240728_114830\OpenGL2\colliderPhy.h(1305,47): warning C4101: 'contactPosA': unreferenced local variable
C:\Users\86180\Documents\OpenGL4d_20240728_114830\OpenGL2\colliderPhy.h(1604,51): warning C4267: '=': conversion from 'size_t' to 'unsigned int', possible loss of data
C:\Users\86180\Documents\OpenGL4d_20240728_114830\OpenGL2\colliderPhy.h(1592,27): warning C4101: 'detectPos4D0': unreferenced local variable
C:\Users\86180\Documents\OpenGL4d_20240728_114830\OpenGL2\colliderPhy.h(1799,26): warning C4018: '<': signed/unsigned mismatch
C:\Users\86180\Documents\OpenGL4d_20240728_114830\OpenGL2\collision.h(5,15): warning C4091: 'static ': ignored on left of 'ContactState' when no variable is declared
C:\Users\86180\Documents\OpenGL4d_20240728_114830\OpenGL2\collision.h(16,15): warning C4091: 'static ': ignored on left of 'Tangents' when no variable is declared
C:\Users\86180\Documents\OpenGL4d_20240728_114830\OpenGL2\collision.h(32,15): warning C4091: 'static ': ignored on left of 'CollisionConstraint' when no variable is declared
C:\Users\86180\Documents\OpenGL4d_20240728_114830\OpenGL2\collision.h(52,15): warning C4091: 'static ': ignored on left of 'Constraint' when no variable is declared
C:\Users\86180\Documents\OpenGL4d_20240728_114830\OpenGL2\Phys4D.h(89,65): warning C4267: 'argument': conversion from 'size_t' to 'unsigned int', possible loss of data
C:\Users\86180\Documents\OpenGL4d_20240728_114830\OpenGL2\Phys4D.h(94,67): warning C4267: 'argument': conversion from 'size_t' to 'unsigned int', possible loss of data
C:\Users\86180\Documents\OpenGL4d_20240728_114830\OpenGL2\Phys4D.h(123,65): warning C4267: 'argument': conversion from 'size_t' to 'unsigned int', possible loss of data
C:\Users\86180\Documents\OpenGL4d_20240728_114830\OpenGL2\Phys4D.h(138,58): warning C4267: 'argument': conversion from 'size_t' to 'int', possible loss of data
C:\Users\86180\Documents\OpenGL4d_20240728_114830\OpenGL2\Phys4D.h(144,58): warning C4267: 'argument': conversion from 'size_t' to 'int', possible loss of data
C:\Users\86180\Documents\OpenGL4d_20240728_114830\OpenGL2\Phys4D.h(166,49): warning C4267: 'argument': conversion from 'size_t' to 'int', possible loss of data
C:\Users\86180\Documents\OpenGL4d_20240728_114830\OpenGL2\Phys4D.h(166,46): warning C4267: 'argument': conversion from 'size_t' to 'int', possible loss of data
C:\Users\86180\Documents\OpenGL4d_20240728_114830\OpenGL2\Phys4D.h(167,126): warning C4267: 'argument': conversion from 'size_t' to 'int', possible loss of data
C:\Users\86180\Documents\OpenGL4d_20240728_114830\OpenGL2\Phys4D.h(167,76): warning C4267: 'argument': conversion from 'size_t' to 'int', possible loss of data
C:\Users\86180\Documents\OpenGL4d_20240728_114830\OpenGL2\Phys4D.h(171,57): warning C4267: 'argument': conversion from 'size_t' to 'int', possible loss of data
C:\Users\86180\Documents\OpenGL4d_20240728_114830\OpenGL2\Phys4D.h(177,86): warning C4267: 'argument': conversion from 'size_t' to 'int', possible loss of data
C:\Users\86180\Documents\OpenGL4d_20240728_114830\OpenGL2\Phys4D.h(177,148): warning C4267: 'argument': conversion from 'size_t' to 'int', possible loss of data
C:\Users\86180\Documents\OpenGL4d_20240728_114830\OpenGL2\Phys4D.h(177,90): warning C4267: 'argument': conversion from 'size_t' to 'int', possible loss of data
C:\Users\86180\Documents\OpenGL4d_20240728_114830\OpenGL2\Phys4D.h(183,48): warning C4267: 'argument': conversion from 'size_t' to 'int', possible loss of data
C:\Users\86180\Documents\OpenGL4d_20240728_114830\OpenGL2\Phys4D.h(190,17): warning C4244: 'initializing': conversion from 'float' to 'size_t', possible loss of data
C:\Users\86180\Documents\OpenGL4d_20240728_114830\OpenGL2\Phys4D.h(191,17): warning C4244: 'initializing': conversion from 'float' to 'size_t', possible loss of data
C:\Users\86180\Documents\OpenGL4d_20240728_114830\OpenGL2\Phys4D.h(234,81): warning C4267: 'argument': conversion from 'size_t' to 'int', possible loss of data
C:\Users\86180\Documents\OpenGL4d_20240728_114830\OpenGL2\Phys4D.h(268,96): warning C4267: 'argument': conversion from 'size_t' to 'int', possible loss of data
C:\Users\86180\Documents\OpenGL4d_20240728_114830\OpenGL2\Phys4D.h(315,69): warning C4267: 'argument': conversion from 'size_t' to 'int', possible loss of data
C:\Users\86180\Documents\OpenGL4d_20240728_114830\OpenGL2\Phys4D.h(324,69): warning C4267: 'argument': conversion from 'size_t' to 'int', possible loss of data
C:\Users\86180\Documents\OpenGL4d_20240728_114830\OpenGL2\Phys4D.h(359,69): warning C4267: 'argument': conversion from 'size_t' to 'int', possible loss of data
C:\Users\86180\Documents\OpenGL4d_20240728_114830\OpenGL2\Phys4D.h(368,69): warning C4267: 'argument': conversion from 'size_t' to 'int', possible loss of data
C:\Users\86180\Documents\OpenGL4d_20240728_114830\OpenGL2\Phys4D.h(486,86): warning C4267: 'argument': conversion from 'size_t' to 'int', possible loss of data
C:\Users\86180\Documents\OpenGL4d_20240728_114830\OpenGL2\Phys4D.h(499,151): warning C4267: 'argument': conversion from 'size_t' to 'int', possible loss of data
C:\Users\86180\Documents\OpenGL4d_20240728_114830\OpenGL2\Phys4D.h(506,87): warning C4267: 'argument': conversion from 'size_t' to 'int', possible loss of data
C:\Users\86180\Documents\OpenGL4d_20240728_114830\OpenGL2\Phys4D.h(510,87): warning C4267: 'argument': conversion from 'size_t' to 'int', possible loss of data
C:\Users\86180\Documents\OpenGL4d_20240728_114830\OpenGL2\Phys4D.h(510,195): warning C4267: 'argument': conversion from 'size_t' to 'int', possible loss of data
C:\Users\86180\Documents\OpenGL4d_20240728_114830\OpenGL2\Phys4D.h(531,89): warning C4267: 'argument': conversion from 'size_t' to 'int', possible loss of data
C:\Users\86180\Documents\OpenGL4d_20240728_114830\OpenGL2\Phys4D.h(544,156): warning C4267: 'argument': conversion from 'size_t' to 'int', possible loss of data
C:\Users\86180\Documents\OpenGL4d_20240728_114830\OpenGL2\Phys4D.h(551,91): warning C4267: 'argument': conversion from 'size_t' to 'int', possible loss of data
C:\Users\86180\Documents\OpenGL4d_20240728_114830\OpenGL2\Phys4D.h(555,91): warning C4267: 'argument': conversion from 'size_t' to 'int', possible loss of data
C:\Users\86180\Documents\OpenGL4d_20240728_114830\OpenGL2\Phys4D.h(555,201): warning C4267: 'argument': conversion from 'size_t' to 'int', possible loss of data
C:\Users\86180\Documents\OpenGL4d_20240728_114830\OpenGL2\DetectRay.h(19,20): warning C4267: 'initializing': conversion from 'size_t' to 'int', possible loss of data
C:\Users\86180\Documents\OpenGL4d_20240728_114830\OpenGL2\DetectRay.h(25,16): warning C4244: 'initializing': conversion from 'double' to 'float', possible loss of data
C:\Users\86180\Documents\OpenGL4d_20240728_114830\OpenGL2\DetectRay.h(26,16): warning C4244: 'initializing': conversion from 'double' to 'float', possible loss of data
C:\Users\86180\Documents\OpenGL4d_20240728_114830\OpenGL2\DetectRay.h(189,21): warning C4018: '<': signed/unsigned mismatch
C:\Users\86180\Documents\OpenGL4d_20240728_114830\OpenGL2\DetectRay.h(314,65): warning C4267: 'argument': conversion from 'size_t' to 'unsigned int', possible loss of data
C:\Users\86180\Documents\OpenGL4d_20240728_114830\OpenGL2\DetectRay.h(329,19): warning C4267: '=': conversion from 'size_t' to 'int', possible loss of data
C:\Users\86180\Documents\OpenGL4d_20240728_114830\OpenGL2\DetectRay.h(359,38): warning C4267: '=': conversion from 'size_t' to 'int', possible loss of data
C:\Users\86180\Documents\OpenGL4d_20240728_114830\OpenGL2\DetectRay.h(370,49): warning C4267: 'argument': conversion from 'size_t' to 'int', possible loss of data
C:\Users\86180\Documents\OpenGL4d_20240728_114830\OpenGL2\DetectRay.h(385,22): warning C4267: '=': conversion from 'size_t' to 'int', possible loss of data
C:\Users\86180\Documents\OpenGL4d_20240728_114830\OpenGL2\DetectRay.h(398,50): warning C4267: 'argument': conversion from 'size_t' to 'int', possible loss of data
C:\Users\86180\Documents\OpenGL4d_20240728_114830\OpenGL2\DetectRay.h(411,21): warning C4267: '=': conversion from 'size_t' to 'int', possible loss of data
C:\Users\86180\Documents\OpenGL4d_20240728_114830\OpenGL2\DetectRay.h(423,45): warning C4267: 'argument': conversion from 'size_t' to 'int', possible loss of data
C:\Users\86180\Documents\OpenGL4d_20240728_114830\OpenGL2\DetectRay.h(425,60): warning C4267: 'argument': conversion from 'size_t' to 'int', possible loss of data
C:\Users\86180\Documents\OpenGL4d_20240728_114830\OpenGL2\DetectRay.h(431,118): warning C4267: '=': conversion from 'size_t' to 'int', possible loss of data
C:\Users\86180\Documents\OpenGL4d_20240728_114830\OpenGL2\DetectRay.h(495,38): warning C4267: '=': conversion from 'size_t' to 'unsigned int', possible loss of data
C:\Users\86180\Documents\OpenGL4d_20240728_114830\OpenGL2\Animation.h(246,22): warning C4018: '>=': signed/unsigned mismatch
C:\Users\86180\Documents\OpenGL4d_20240728_114830\OpenGL2\Animation.h(253,24): warning C4018: '>=': signed/unsigned mismatch
C:\Users\86180\Documents\OpenGL4d_20240728_114830\OpenGL2\Animation.h(257,24): warning C4018: '>=': signed/unsigned mismatch
C:\Users\86180\Documents\OpenGL4d_20240728_114830\OpenGL2\LoadAndSave.h(67,64): warning C4267: 'argument': conversion from 'size_t' to 'unsigned int', possible loss of data
C:\Users\86180\Documents\OpenGL4d_20240728_114830\OpenGL2\LoadAndSave.h(89,54): warning C4267: 'argument': conversion from 'size_t' to 'int', possible loss of data
C:\Users\86180\Documents\OpenGL4d_20240728_114830\OpenGL2\LoadAndSave.h(151,21): warning C4018: '<': signed/unsigned mismatch
C:\Users\86180\Documents\OpenGL4d_20240728_114830\OpenGL2\LoadAndSave.h(155,21): warning C4018: '<': signed/unsigned mismatch
C:\Users\86180\Documents\OpenGL4d_20240728_114830\OpenGL2\LoadAndSave.h(324,22): warning C4018: '<': signed/unsigned mismatch
C:\Users\86180\Documents\OpenGL4d_20240728_114830\OpenGL2\LoadAndSave.h(328,22): warning C4018: '<': signed/unsigned mismatch
C:\Users\86180\Documents\OpenGL4d_20240728_114830\OpenGL2\Game_imgui.h(196,61): warning C4267: 'argument': conversion from 'size_t' to 'unsigned int', possible loss of data
C:\Users\86180\Documents\OpenGL4d_20240728_114830\OpenGL2\Game_imgui.h(197,63): warning C4267: 'argument': conversion from 'size_t' to 'unsigned int', possible loss of data
C:\Users\86180\Documents\OpenGL4d_20240728_114830\OpenGL2\Game_imgui.h(204,63): warning C4267: 'argument': conversion from 'size_t' to 'unsigned int', possible loss of data
C:\Users\86180\Documents\OpenGL4d_20240728_114830\OpenGL2\Game_imgui.h(947,94): warning C4267: 'argument': conversion from 'size_t' to 'int', possible loss of data
C:\Users\86180\Documents\OpenGL4d_20240728_114830\OpenGL2\Game_imgui.h(948,46): warning C4267: 'argument': conversion from 'size_t' to 'int', possible loss of data
C:\Users\86180\Documents\OpenGL4d_20240728_114830\OpenGL2\Game_imgui.h(1574,91): warning C4244: 'argument': conversion from 'float' to 'int', possible loss of data
C:\Users\86180\Documents\OpenGL4d_20240728_114830\OpenGL2\Game_imgui.h(1707,40): warning C4267: '+=': conversion from 'size_t' to 'int', possible loss of data
C:\Users\86180\Documents\OpenGL4d_20240728_114830\OpenGL2\Game_imgui.h(1754,105): warning C4267: 'argument': conversion from 'size_t' to 'unsigned int', possible loss of data
C:\Users\86180\Documents\OpenGL4d_20240728_114830\OpenGL2\Game_imgui.h(1757,73): warning C4267: 'argument': conversion from 'size_t' to 'unsigned int', possible loss of data
C:\Users\86180\Documents\OpenGL4d_20240728_114830\OpenGL2\Game_imgui.h(1760,76): warning C4267: 'argument': conversion from 'size_t' to 'unsigned int', possible loss of data
C:\Users\86180\Documents\OpenGL4d_20240728_114830\OpenGL2\Game_imgui.h(1761,73): warning C4267: 'argument': conversion from 'size_t' to 'unsigned int', possible loss of data
C:\Users\86180\Documents\OpenGL4d_20240728_114830\OpenGL2\Game_imgui.h(1762,83): warning C4267: 'argument': conversion from 'size_t' to 'unsigned int', possible loss of data
C:\Users\86180\Documents\OpenGL4d_20240728_114830\OpenGL2\Game_imgui.h(1763,81): warning C4267: 'argument': conversion from 'size_t' to 'unsigned int', possible loss of data
C:\Users\86180\Documents\OpenGL4d_20240728_114830\OpenGL2\Game_imgui.h(1764,97): warning C4267: 'argument': conversion from 'size_t' to 'int', possible loss of data
C:\Users\86180\Documents\OpenGL4d_20240728_114830\OpenGL2\Game_imgui.h(1765,47): warning C4267: 'argument': conversion from 'size_t' to 'int', possible loss of data
C:\Users\86180\Documents\OpenGL4d_20240728_114830\OpenGL2\Game_imgui.h(1766,67): warning C4267: 'argument': conversion from 'size_t' to 'unsigned int', possible loss of data
C:\Users\86180\Documents\OpenGL4d_20240728_114830\OpenGL2\Game_imgui.h(1773,72): warning C4267: 'argument': conversion from 'size_t' to 'int', possible loss of data
C:\Users\86180\Documents\OpenGL4d_20240728_114830\OpenGL2\Game_imgui.h(1776,34): warning C4267: 'argument': conversion from 'size_t' to 'int', possible loss of data
C:\Users\86180\Documents\OpenGL4d_20240728_114830\OpenGL2\Game_imgui.h(1779,141): warning C4267: 'argument': conversion from 'size_t' to 'unsigned int', possible loss of data
C:\Users\86180\Documents\OpenGL4d_20240728_114830\OpenGL2\Game_imgui.h(1780,139): warning C4267: 'argument': conversion from 'size_t' to 'unsigned int', possible loss of data
C:\Users\86180\Documents\OpenGL4d_20240728_114830\OpenGL2\Game_imgui.h(1781,32): warning C4267: 'argument': conversion from 'size_t' to 'int', possible loss of data
C:\Users\86180\Documents\OpenGL4d_20240728_114830\OpenGL2\Game_imgui.h(1793,155): warning C4267: 'argument': conversion from 'size_t' to 'unsigned int', possible loss of data
C:\Users\86180\Documents\OpenGL4d_20240728_114830\OpenGL2\Game_imgui.h(1794,153): warning C4267: 'argument': conversion from 'size_t' to 'unsigned int', possible loss of data
C:\Users\86180\Documents\OpenGL4d_20240728_114830\OpenGL2\Game_imgui.h(1805,169): warning C4267: 'argument': conversion from 'size_t' to 'unsigned int', possible loss of data
C:\Users\86180\Documents\OpenGL4d_20240728_114830\OpenGL2\Game_imgui.h(1806,167): warning C4267: 'argument': conversion from 'size_t' to 'unsigned int', possible loss of data
C:\Users\86180\Documents\OpenGL4d_20240728_114830\OpenGL2\Game_imgui.h(1813,61): warning C4267: 'argument': conversion from 'size_t' to 'int', possible loss of data
C:\Users\86180\Documents\OpenGL4d_20240728_114830\OpenGL2\Game_imgui.h(1817,54): warning C4267: 'argument': conversion from 'size_t' to 'unsigned int', possible loss of data
C:\Users\86180\Documents\OpenGL4d_20240728_114830\OpenGL2\Structures4D.h(55,7): warning C4244: '=': conversion from 'float' to 'int', possible loss of data
C:\Users\86180\Documents\OpenGL4d_20240728_114830\OpenGL2\Structures4D.h(59,13): warning C4244: '=': conversion from 'float' to 'int', possible loss of data
C:\Users\86180\Documents\OpenGL4d_20240728_114830\OpenGL2\Structures4D.h(173,29): warning C4305: 'initializing': truncation from 'double' to 'float'
C:\Users\86180\Documents\OpenGL4d_20240728_114830\OpenGL2\Structures4D.h(180,8): warning C4244: '=': conversion from 'float' to 'int', possible loss of data
C:\Users\86180\Documents\OpenGL4d_20240728_114830\OpenGL2\Structures4D.h(184,15): warning C4244: '=': conversion from 'float' to 'int', possible loss of data
C:\Users\86180\Documents\OpenGL4d_20240728_114830\OpenGL2\Structures4D.h(288,8): warning C4244: '=': conversion from 'float' to 'int', possible loss of data
C:\Users\86180\Documents\OpenGL4d_20240728_114830\OpenGL2\Structures4D.h(292,15): warning C4244: '=': conversion from 'float' to 'int', possible loss of data
C:\Users\86180\Documents\OpenGL4d_20240728_114830\OpenGL2\Structures4D.h(339,15): warning C4244: 'initializing': conversion from 'float' to 'size_t', possible loss of data
C:\Users\86180\Documents\OpenGL4d_20240728_114830\OpenGL2\Structures4D.h(453,12): warning C4244: 'initializing': conversion from 'float' to 'int', possible loss of data
C:\Users\86180\Documents\OpenGL4d_20240728_114830\OpenGL2\Structures4D.h(454,13): warning C4244: 'initializing': conversion from 'float' to 'int', possible loss of data
C:\Users\86180\Documents\OpenGL4d_20240728_114830\OpenGL2\Structures4D.h(455,14): warning C4244: 'initializing': conversion from 'float' to 'int', possible loss of data
C:\Users\86180\Documents\OpenGL4d_20240728_114830\OpenGL2\Structures4D.h(456,129): warning C4244: 'argument': conversion from 'int' to 'T', possible loss of data
C:\Users\86180\Documents\OpenGL4d_20240728_114830\OpenGL2\Structures4D.h(456,129): warning C4244:         with
C:\Users\86180\Documents\OpenGL4d_20240728_114830\OpenGL2\Structures4D.h(456,129): warning C4244:         [
C:\Users\86180\Documents\OpenGL4d_20240728_114830\OpenGL2\Structures4D.h(456,129): warning C4244:             T=float
C:\Users\86180\Documents\OpenGL4d_20240728_114830\OpenGL2\Structures4D.h(456,129): warning C4244:         ]
C:\Users\86180\Documents\OpenGL4d_20240728_114830\OpenGL2\StartObj.h(51,158): warning C4267: 'argument': conversion from 'size_t' to 'int', possible loss of data
C:\Users\86180\Documents\OpenGL4d_20240728_114830\OpenGL2\StartObj.h(52,157): warning C4267: 'argument': conversion from 'size_t' to 'int', possible loss of data
C:\Users\86180\Documents\OpenGL4d_20240728_114830\OpenGL2\StartObj.h(53,156): warning C4267: 'argument': conversion from 'size_t' to 'int', possible loss of data
C:\Users\86180\Documents\OpenGL4d_20240728_114830\OpenGL2\StartObj.h(54,155): warning C4267: 'argument': conversion from 'size_t' to 'int', possible loss of data
C:\Users\86180\Documents\OpenGL4d_20240728_114830\OpenGL2\Collider.h(69,63): warning C4267: 'argument': conversion from 'size_t' to 'unsigned int', possible loss of data
C:\Users\86180\Documents\OpenGL4d_20240728_114830\OpenGL2\Collider.h(73,75): warning C4267: 'argument': conversion from 'size_t' to 'unsigned int', possible loss of data
C:\Users\86180\Documents\OpenGL4d_20240728_114830\OpenGL2\Collider.h(73,147): warning C4267: 'argument': conversion from 'size_t' to 'unsigned int', possible loss of data
C:\Users\86180\Documents\OpenGL4d_20240728_114830\OpenGL2\Collider.h(75,87): warning C4267: 'argument': conversion from 'size_t' to 'unsigned int', possible loss of data
C:\Users\86180\Documents\OpenGL4d_20240728_114830\OpenGL2\Collider.h(75,159): warning C4267: 'argument': conversion from 'size_t' to 'unsigned int', possible loss of data
C:\Users\86180\Documents\OpenGL4d_20240728_114830\OpenGL2\Collider.h(76,65): warning C4267: 'argument': conversion from 'size_t' to 'unsigned int', possible loss of data
C:\Users\86180\Documents\OpenGL4d_20240728_114830\OpenGL2\Collider.h(76,189): warning C4267: 'argument': conversion from 'size_t' to 'unsigned int', possible loss of data
C:\Users\86180\Documents\OpenGL4d_20240728_114830\OpenGL2\Collider.h(76,261): warning C4267: 'argument': conversion from 'size_t' to 'unsigned int', possible loss of data
C:\Users\86180\Documents\OpenGL4d_20240728_114830\OpenGL2\Collider.h(83,73): warning C4267: 'argument': conversion from 'size_t' to 'unsigned int', possible loss of data
C:\Users\86180\Documents\OpenGL4d_20240728_114830\OpenGL2\Collider.h(83,145): warning C4267: 'argument': conversion from 'size_t' to 'unsigned int', possible loss of data
C:\Users\86180\Documents\OpenGL4d_20240728_114830\OpenGL2\Collider.h(85,63): warning C4267: 'argument': conversion from 'size_t' to 'unsigned int', possible loss of data
C:\Users\86180\Documents\OpenGL4d_20240728_114830\OpenGL2\Collider.h(93,110): warning C4267: 'argument': conversion from 'size_t' to 'unsigned int', possible loss of data
C:\Users\86180\Documents\OpenGL4d_20240728_114830\OpenGL2\Collider.h(95,78): warning C4267: 'argument': conversion from 'size_t' to 'unsigned int', possible loss of data
C:\Users\86180\Documents\OpenGL4d_20240728_114830\OpenGL2\Collider.h(96,75): warning C4267: 'argument': conversion from 'size_t' to 'unsigned int', possible loss of data
C:\Users\86180\Documents\OpenGL4d_20240728_114830\OpenGL2\Collider.h(97,84): warning C4267: 'argument': conversion from 'size_t' to 'unsigned int', possible loss of data
C:\Users\86180\Documents\OpenGL4d_20240728_114830\OpenGL2\Collider.h(98,83): warning C4267: 'argument': conversion from 'size_t' to 'unsigned int', possible loss of data
C:\Users\86180\Documents\OpenGL4d_20240728_114830\OpenGL2\Collider.h(99,99): warning C4267: 'argument': conversion from 'size_t' to 'int', possible loss of data
C:\Users\86180\Documents\OpenGL4d_20240728_114830\OpenGL2\Collider.h(100,49): warning C4267: 'argument': conversion from 'size_t' to 'int', possible loss of data
C:\Users\86180\Documents\OpenGL4d_20240728_114830\OpenGL2\Collider.h(112,116): warning C4267: 'argument': conversion from 'size_t' to 'unsigned int', possible loss of data
C:\Users\86180\Documents\OpenGL4d_20240728_114830\OpenGL2\Collider.h(114,86): warning C4267: 'argument': conversion from 'size_t' to 'unsigned int', possible loss of data
C:\Users\86180\Documents\OpenGL4d_20240728_114830\OpenGL2\Collider.h(115,85): warning C4267: 'argument': conversion from 'size_t' to 'unsigned int', possible loss of data
C:\Users\86180\Documents\OpenGL4d_20240728_114830\OpenGL2\Collider.h(123,103): warning C4267: 'argument': conversion from 'size_t' to 'unsigned int', possible loss of data
C:\Users\86180\Documents\OpenGL4d_20240728_114830\OpenGL2\Collider.h(126,154): warning C4267: 'argument': conversion from 'size_t' to 'unsigned int', possible loss of data
C:\Users\86180\Documents\OpenGL4d_20240728_114830\OpenGL2\Collider.h(127,153): warning C4267: 'argument': conversion from 'size_t' to 'unsigned int', possible loss of data
C:\Users\86180\Documents\OpenGL4d_20240728_114830\OpenGL2\Collider.h(131,107): warning C4267: 'argument': conversion from 'size_t' to 'unsigned int', possible loss of data
C:\Users\86180\Documents\OpenGL4d_20240728_114830\OpenGL2\Collider.h(132,104): warning C4267: 'argument': conversion from 'size_t' to 'unsigned int', possible loss of data
C:\Users\86180\Documents\OpenGL4d_20240728_114830\OpenGL2\Collider.h(133,113): warning C4267: 'argument': conversion from 'size_t' to 'unsigned int', possible loss of data
C:\Users\86180\Documents\OpenGL4d_20240728_114830\OpenGL2\Collider.h(134,112): warning C4267: 'argument': conversion from 'size_t' to 'unsigned int', possible loss of data
C:\Users\86180\Documents\OpenGL4d_20240728_114830\OpenGL2\Collider.h(135,128): warning C4267: 'argument': conversion from 'size_t' to 'int', possible loss of data
C:\Users\86180\Documents\OpenGL4d_20240728_114830\OpenGL2\Collider.h(136,78): warning C4267: 'argument': conversion from 'size_t' to 'int', possible loss of data
C:\Users\86180\Documents\OpenGL4d_20240728_114830\OpenGL2\Collider.h(138,122): warning C4267: 'argument': conversion from 'size_t' to 'unsigned int', possible loss of data
C:\Users\86180\Documents\OpenGL4d_20240728_114830\OpenGL2\Collider.h(139,63): warning C4267: 'argument': conversion from 'size_t' to 'unsigned int', possible loss of data
C:\Users\86180\Documents\OpenGL4d_20240728_114830\OpenGL2\Collider.h(171,24): warning C4018: '<': signed/unsigned mismatch
C:\Users\86180\Documents\OpenGL4d_20240728_114830\OpenGL2\Collider.h(182,177): warning C4244: 'argument': conversion from 'int' to 'T', possible loss of data
C:\Users\86180\Documents\OpenGL4d_20240728_114830\OpenGL2\Collider.h(182,177): warning C4244:         with
C:\Users\86180\Documents\OpenGL4d_20240728_114830\OpenGL2\Collider.h(182,177): warning C4244:         [
C:\Users\86180\Documents\OpenGL4d_20240728_114830\OpenGL2\Collider.h(182,177): warning C4244:             T=float
C:\Users\86180\Documents\OpenGL4d_20240728_114830\OpenGL2\Collider.h(182,177): warning C4244:         ]
C:\Users\86180\Documents\OpenGL4d_20240728_114830\OpenGL2\Collider.h(187,177): warning C4244: 'argument': conversion from 'int' to 'T', possible loss of data
C:\Users\86180\Documents\OpenGL4d_20240728_114830\OpenGL2\Collider.h(187,177): warning C4244:         with
C:\Users\86180\Documents\OpenGL4d_20240728_114830\OpenGL2\Collider.h(187,177): warning C4244:         [
C:\Users\86180\Documents\OpenGL4d_20240728_114830\OpenGL2\Collider.h(187,177): warning C4244:             T=float
C:\Users\86180\Documents\OpenGL4d_20240728_114830\OpenGL2\Collider.h(187,177): warning C4244:         ]
C:\Users\86180\Documents\OpenGL4d_20240728_114830\OpenGL2\Collider.h(242,24): warning C4018: '<': signed/unsigned mismatch
C:\Users\86180\Documents\OpenGL4d_20240728_114830\OpenGL2\Keyboard.h(76,44): warning C4305: '-=': truncation from 'double' to 'T'
C:\Users\86180\Documents\OpenGL4d_20240728_114830\OpenGL2\Keyboard.h(76,44): warning C4305:         with
C:\Users\86180\Documents\OpenGL4d_20240728_114830\OpenGL2\Keyboard.h(76,44): warning C4305:         [
C:\Users\86180\Documents\OpenGL4d_20240728_114830\OpenGL2\Keyboard.h(76,44): warning C4305:             T=float
C:\Users\86180\Documents\OpenGL4d_20240728_114830\OpenGL2\Keyboard.h(76,44): warning C4305:         ]
C:\Users\86180\Documents\OpenGL4d_20240728_114830\OpenGL2\Keyboard.h(82,44): warning C4305: '+=': truncation from 'double' to 'T'
C:\Users\86180\Documents\OpenGL4d_20240728_114830\OpenGL2\Keyboard.h(82,44): warning C4305:         with
C:\Users\86180\Documents\OpenGL4d_20240728_114830\OpenGL2\Keyboard.h(82,44): warning C4305:         [
C:\Users\86180\Documents\OpenGL4d_20240728_114830\OpenGL2\Keyboard.h(82,44): warning C4305:             T=float
C:\Users\86180\Documents\OpenGL4d_20240728_114830\OpenGL2\Keyboard.h(82,44): warning C4305:         ]
C:\Users\86180\Documents\OpenGL4d_20240728_114830\OpenGL2\Keyboard.h(212,67): warning C4267: 'argument': conversion from 'size_t' to 'int', possible loss of data
C:\Users\86180\Documents\OpenGL4d_20240728_114830\OpenGL2\Keyboard.h(216,66): warning C4267: 'argument': conversion from 'size_t' to 'int', possible loss of data
C:\Users\86180\Documents\OpenGL4d_20240728_114830\OpenGL2\Keyboard.h(231,72): warning C4267: 'argument': conversion from 'size_t' to 'unsigned int', possible loss of data
C:\Users\86180\Documents\OpenGL4d_20240728_114830\OpenGL2\Keyboard.h(437,40): warning C4244: 'argument': conversion from 'int' to 'GLfloat', possible loss of data
C:\Users\86180\Documents\OpenGL4d_20240728_114830\OpenGL2\Keyboard.h(491,133): warning C4267: 'argument': conversion from 'size_t' to 'unsigned int', possible loss of data
C:\Users\86180\Documents\OpenGL4d_20240728_114830\OpenGL2\Keyboard.h(492,141): warning C4267: 'argument': conversion from 'size_t' to 'unsigned int', possible loss of data
C:\Users\86180\Documents\OpenGL4d_20240728_114830\OpenGL2\Keyboard.h(515,98): warning C4267: 'argument': conversion from 'size_t' to 'unsigned int', possible loss of data
C:\Users\86180\Documents\OpenGL4d_20240728_114830\OpenGL2\Keyboard.h(516,106): warning C4267: 'argument': conversion from 'size_t' to 'unsigned int', possible loss of data
C:\Users\86180\Documents\OpenGL4d_20240728_114830\OpenGL2\Keyboard.h(537,106): warning C4267: 'argument': conversion from 'size_t' to 'int', possible loss of data
C:\Users\86180\Documents\OpenGL4d_20240728_114830\OpenGL2\Keyboard.h(545,133): warning C4267: 'argument': conversion from 'size_t' to 'unsigned int', possible loss of data
C:\Users\86180\Documents\OpenGL4d_20240728_114830\OpenGL2\Keyboard.h(546,141): warning C4267: 'argument': conversion from 'size_t' to 'unsigned int', possible loss of data
C:\Users\86180\Documents\OpenGL4d_20240728_114830\OpenGL2\Keyboard.h(554,98): warning C4267: 'argument': conversion from 'size_t' to 'unsigned int', possible loss of data
C:\Users\86180\Documents\OpenGL4d_20240728_114830\OpenGL2\Keyboard.h(555,106): warning C4267: 'argument': conversion from 'size_t' to 'unsigned int', possible loss of data
C:\Users\86180\Documents\OpenGL4d_20240728_114830\OpenGL2\Keyboard.h(564,92): warning C4267: 'argument': conversion from 'size_t' to 'unsigned int', possible loss of data
C:\Users\86180\Documents\OpenGL4d_20240728_114830\OpenGL2\Keyboard.h(565,100): warning C4267: 'argument': conversion from 'size_t' to 'unsigned int', possible loss of data
C:\Users\86180\Documents\OpenGL4d_20240728_114830\OpenGL2\Keyboard.h(571,92): warning C4267: 'argument': conversion from 'size_t' to 'unsigned int', possible loss of data
C:\Users\86180\Documents\OpenGL4d_20240728_114830\OpenGL2\Keyboard.h(572,100): warning C4267: 'argument': conversion from 'size_t' to 'unsigned int', possible loss of data
C:\Users\86180\Documents\OpenGL4d_20240728_114830\OpenGL2\Keyboard.h(599,17): warning C4267: 'initializing': conversion from 'size_t' to 'int', possible loss of data
C:\Users\86180\Documents\OpenGL4d_20240728_114830\OpenGL2\Keyboard.h(641,17): warning C4267: 'initializing': conversion from 'size_t' to 'int', possible loss of data
C:\Users\86180\Documents\OpenGL4d_20240728_114830\OpenGL2\Keyboard.h(733,52): warning C4267: 'argument': conversion from 'size_t' to 'int', possible loss of data
C:\Users\86180\Documents\OpenGL4d_20240728_114830\OpenGL2\Keyboard.h(737,50): warning C4267: 'argument': conversion from 'size_t' to 'int', possible loss of data
C:\Users\86180\Documents\OpenGL4d_20240728_114830\OpenGL2\Keyboard.h(769,72): warning C4267: 'argument': conversion from 'size_t' to 'unsigned int', possible loss of data
C:\Users\86180\Documents\OpenGL4d_20240728_114830\OpenGL2\Game.cpp(176,123): warning C4244: 'argument': conversion from 'double' to 'unsigned int', possible loss of data
C:\Users\86180\Documents\OpenGL4d_20240728_114830\OpenGL2\Game.cpp(176,82): warning C4244: 'argument': conversion from 'double' to 'unsigned int', possible loss of data
C:\Users\86180\Documents\OpenGL4d_20240728_114830\OpenGL2\Game.cpp(536,119): warning C4244: 'argument': conversion from 'double' to 'unsigned int', possible loss of data
C:\Users\86180\Documents\OpenGL4d_20240728_114830\OpenGL2\Game.cpp(536,78): warning C4244: 'argument': conversion from 'double' to 'unsigned int', possible loss of data
C:\Users\86180\Documents\OpenGL4d_20240728_114830\OpenGL2\Game.cpp(708,205): warning C4267: 'argument': conversion from 'size_t' to 'unsigned int', possible loss of data
C:\Users\86180\Documents\OpenGL4d_20240728_114830\OpenGL2\Game.cpp(1430,16): warning C4267: 'initializing': conversion from 'size_t' to 'int', possible loss of data
C:\Users\86180\Documents\OpenGL4d_20240728_114830\OpenGL2\Game.cpp(1544,19): warning C4244: 'initializing': conversion from 'double' to 'float', possible loss of data
C:\Users\86180\Documents\OpenGL4d_20240728_114830\OpenGL2\Game.cpp(1545,81): warning C4244: 'argument': conversion from 'float' to 'GLsizei', possible loss of data
C:\Users\86180\Documents\OpenGL4d_20240728_114830\OpenGL2\Game.cpp(1545,45): warning C4244: 'argument': conversion from 'float' to 'GLsizei', possible loss of data
  imgui.cpp
  imgui_demo.cpp
  imgui_draw.cpp
  imgui_impl_glfw.cpp
  imgui_impl_opengl3.cpp
  imgui_tables.cpp
  imgui_widgets.cpp
  main.cpp
C:\Users\86180\Documents\OpenGL4d_20240728_114830\OpenGL2\Texture.h(322,16): warning C4244: 'initializing': conversion from 'T' to 'int', possible loss of data
C:\Users\86180\Documents\OpenGL4d_20240728_114830\OpenGL2\Texture.h(322,16): warning C4244:         with
C:\Users\86180\Documents\OpenGL4d_20240728_114830\OpenGL2\Texture.h(322,16): warning C4244:         [
C:\Users\86180\Documents\OpenGL4d_20240728_114830\OpenGL2\Texture.h(322,16): warning C4244:             T=float
C:\Users\86180\Documents\OpenGL4d_20240728_114830\OpenGL2\Texture.h(322,16): warning C4244:         ]
C:\Users\86180\Documents\OpenGL4d_20240728_114830\OpenGL2\Texture.h(324,17): warning C4244: 'initializing': conversion from 'T' to 'int', possible loss of data
C:\Users\86180\Documents\OpenGL4d_20240728_114830\OpenGL2\Texture.h(324,17): warning C4244:         with
C:\Users\86180\Documents\OpenGL4d_20240728_114830\OpenGL2\Texture.h(324,17): warning C4244:         [
C:\Users\86180\Documents\OpenGL4d_20240728_114830\OpenGL2\Texture.h(324,17): warning C4244:             T=float
C:\Users\86180\Documents\OpenGL4d_20240728_114830\OpenGL2\Texture.h(324,17): warning C4244:         ]
C:\Users\86180\Documents\OpenGL4d_20240728_114830\OpenGL2\Texture.h(326,18): warning C4244: 'initializing': conversion from 'T' to 'int', possible loss of data
C:\Users\86180\Documents\OpenGL4d_20240728_114830\OpenGL2\Texture.h(326,18): warning C4244:         with
C:\Users\86180\Documents\OpenGL4d_20240728_114830\OpenGL2\Texture.h(326,18): warning C4244:         [
C:\Users\86180\Documents\OpenGL4d_20240728_114830\OpenGL2\Texture.h(326,18): warning C4244:             T=float
C:\Users\86180\Documents\OpenGL4d_20240728_114830\OpenGL2\Texture.h(326,18): warning C4244:         ]
C:\Users\86180\Documents\OpenGL4d_20240728_114830\OpenGL2\Texture.h(341,16): warning C4244: 'initializing': conversion from 'T' to 'int', possible loss of data
C:\Users\86180\Documents\OpenGL4d_20240728_114830\OpenGL2\Texture.h(341,16): warning C4244:         with
C:\Users\86180\Documents\OpenGL4d_20240728_114830\OpenGL2\Texture.h(341,16): warning C4244:         [
C:\Users\86180\Documents\OpenGL4d_20240728_114830\OpenGL2\Texture.h(341,16): warning C4244:             T=float
C:\Users\86180\Documents\OpenGL4d_20240728_114830\OpenGL2\Texture.h(341,16): warning C4244:         ]
C:\Users\86180\Documents\OpenGL4d_20240728_114830\OpenGL2\Texture.h(343,17): warning C4244: 'initializing': conversion from 'T' to 'int', possible loss of data
C:\Users\86180\Documents\OpenGL4d_20240728_114830\OpenGL2\Texture.h(343,17): warning C4244:         with
C:\Users\86180\Documents\OpenGL4d_20240728_114830\OpenGL2\Texture.h(343,17): warning C4244:         [
C:\Users\86180\Documents\OpenGL4d_20240728_114830\OpenGL2\Texture.h(343,17): warning C4244:             T=float
C:\Users\86180\Documents\OpenGL4d_20240728_114830\OpenGL2\Texture.h(343,17): warning C4244:         ]
C:\Users\86180\Documents\OpenGL4d_20240728_114830\OpenGL2\Texture.h(345,18): warning C4244: 'initializing': conversion from 'T' to 'int', possible loss of data
C:\Users\86180\Documents\OpenGL4d_20240728_114830\OpenGL2\Texture.h(345,18): warning C4244:         with
C:\Users\86180\Documents\OpenGL4d_20240728_114830\OpenGL2\Texture.h(345,18): warning C4244:         [
C:\Users\86180\Documents\OpenGL4d_20240728_114830\OpenGL2\Texture.h(345,18): warning C4244:             T=float
C:\Users\86180\Documents\OpenGL4d_20240728_114830\OpenGL2\Texture.h(345,18): warning C4244:         ]
C:\Users\86180\Documents\OpenGL4d_20240728_114830\OpenGL2\Texture.h(373,85): warning C4244: 'argument': conversion from 'float' to 'GLint', possible loss of data
C:\Users\86180\Documents\OpenGL4d_20240728_114830\OpenGL2\Texture.h(373,63): warning C4244: 'argument': conversion from 'float' to 'GLint', possible loss of data
C:\Users\86180\Documents\OpenGL4d_20240728_114830\OpenGL2\Texture.h(373,41): warning C4244: 'argument': conversion from 'float' to 'GLint', possible loss of data
C:\Users\86180\Documents\OpenGL4d_20240728_114830\OpenGL2\Primitives4D.h(808,28): warning C4267: 'initializing': conversion from 'size_t' to 'unsigned int', possible loss of data
C:\Users\86180\Documents\OpenGL4d_20240728_114830\OpenGL2\Primitives4D.h(827,13): warning C4267: 'initializing': conversion from 'size_t' to 'int', possible loss of data
C:\Users\86180\Documents\OpenGL4d_20240728_114830\OpenGL2\Primitives4D.h(828,13): warning C4267: 'initializing': conversion from 'size_t' to 'int', possible loss of data
C:\Users\86180\Documents\OpenGL4d_20240728_114830\OpenGL2\Primitives4D.h(829,13): warning C4267: 'initializing': conversion from 'size_t' to 'int', possible loss of data
C:\Users\86180\Documents\OpenGL4d_20240728_114830\OpenGL2\Line.h(129,34): warning C4018: '<': signed/unsigned mismatch
C:\Program Files (x86)\Windows Kits\10\Include\10.0.22000.0\shared\minwindef.h(130,9): warning C4005: 'APIENTRY': macro redefinition
C:\Users\86180\Documents\OpenGL4d_20240728_114830\OpenGL2\Light.h(246,33): warning C4267: 'argument': conversion from 'size_t' to 'GLint', possible loss of data
C:\Users\86180\Documents\OpenGL4d_20240728_114830\OpenGL2\Light.h(248,33): warning C4267: 'argument': conversion from 'size_t' to 'GLint', possible loss of data
C:\Users\86180\Documents\OpenGL4d_20240728_114830\OpenGL2\Joint.h(184,15): warning C4091: 'static ': ignored on left of 'HingeConstraint4D' when no variable is declared
C:\Users\86180\Documents\OpenGL4d_20240728_114830\OpenGL2\ObjectLists.h(189,12): warning C4267: 'return': conversion from 'size_t' to 'int', possible loss of data
C:\Users\86180\Documents\OpenGL4d_20240728_114830\OpenGL2\ObjectLists.h(197,41): warning C4267: '+=': conversion from 'size_t' to 'int', possible loss of data
C:\Users\86180\Documents\OpenGL4d_20240728_114830\OpenGL2\ObjectLists.h(307,64): warning C4267: 'argument': conversion from 'size_t' to 'int', possible loss of data
C:\Users\86180\Documents\OpenGL4d_20240728_114830\OpenGL2\ObjectLists.h(314,92): warning C4267: 'argument': conversion from 'size_t' to 'int', possible loss of data
C:\Users\86180\Documents\OpenGL4d_20240728_114830\OpenGL2\ObjectLists.h(315,57): warning C4267: 'argument': conversion from 'size_t' to 'int', possible loss of data
C:\Users\86180\Documents\OpenGL4d_20240728_114830\OpenGL2\ObjectLists.h(388,29): warning C4018: '>=': signed/unsigned mismatch
C:\Users\86180\Documents\OpenGL4d_20240728_114830\OpenGL2\ObjectLists.h(392,29): warning C4018: '>=': signed/unsigned mismatch
C:\Users\86180\Documents\OpenGL4d_20240728_114830\OpenGL2\ObjectLists.h(399,30): warning C4018: '>=': signed/unsigned mismatch
C:\Users\86180\Documents\OpenGL4d_20240728_114830\OpenGL2\ObjectLists.h(403,30): warning C4018: '>=': signed/unsigned mismatch
C:\Users\86180\Documents\OpenGL4d_20240728_114830\OpenGL2\ObjectLists.h(410,40): warning C4018: '>=': signed/unsigned mismatch
C:\Users\86180\Documents\OpenGL4d_20240728_114830\OpenGL2\ObjectLists.h(417,40): warning C4018: '>=': signed/unsigned mismatch
C:\Users\86180\Documents\OpenGL4d_20240728_114830\OpenGL2\ObjectLists.h(445,18): warning C4267: 'initializing': conversion from 'size_t' to 'unsigned int', possible loss of data
C:\Users\86180\Documents\OpenGL4d_20240728_114830\OpenGL2\ObjectLists.h(446,15): warning C4018: '<': signed/unsigned mismatch
C:\Users\86180\Documents\OpenGL4d_20240728_114830\OpenGL2\ObjectLists.h(471,72): warning C4267: 'argument': conversion from 'size_t' to 'unsigned int', possible loss of data
C:\Users\86180\Documents\OpenGL4d_20240728_114830\OpenGL2\ObjectLists.h(480,81): warning C4267: 'argument': conversion from 'size_t' to 'unsigned int', possible loss of data
C:\Users\86180\Documents\OpenGL4d_20240728_114830\OpenGL2\ObjectLists.h(486,56): warning C4267: 'argument': conversion from 'size_t' to '_Ty', possible loss of data
C:\Users\86180\Documents\OpenGL4d_20240728_114830\OpenGL2\ObjectLists.h(486,56): warning C4267:         with
C:\Users\86180\Documents\OpenGL4d_20240728_114830\OpenGL2\ObjectLists.h(486,56): warning C4267:         [
C:\Users\86180\Documents\OpenGL4d_20240728_114830\OpenGL2\ObjectLists.h(486,56): warning C4267:             _Ty=GLint
C:\Users\86180\Documents\OpenGL4d_20240728_114830\OpenGL2\ObjectLists.h(486,56): warning C4267:         ]
C:\Users\86180\Documents\OpenGL4d_20240728_114830\OpenGL2\ObjectLists.h(500,70): warning C4267: 'initializing': conversion from 'size_t' to 'int', possible loss of data
C:\Users\86180\Documents\OpenGL4d_20240728_114830\OpenGL2\ObjectLists.h(500,73): warning C4267: 'initializing': conversion from 'size_t' to 'int', possible loss of data
C:\Users\86180\Documents\OpenGL4d_20240728_114830\OpenGL2\ObjectLists.h(507,63): warning C4267: 'argument': conversion from 'size_t' to 'int', possible loss of data
C:\Users\86180\Documents\OpenGL4d_20240728_114830\OpenGL2\ObjectLists.h(511,47): warning C4267: 'argument': conversion from 'size_t' to '_Ty', possible loss of data
C:\Users\86180\Documents\OpenGL4d_20240728_114830\OpenGL2\ObjectLists.h(511,47): warning C4267:         with
C:\Users\86180\Documents\OpenGL4d_20240728_114830\OpenGL2\ObjectLists.h(511,47): warning C4267:         [
C:\Users\86180\Documents\OpenGL4d_20240728_114830\OpenGL2\ObjectLists.h(511,47): warning C4267:             _Ty=GLint
C:\Users\86180\Documents\OpenGL4d_20240728_114830\OpenGL2\ObjectLists.h(511,47): warning C4267:         ]
C:\Users\86180\Documents\OpenGL4d_20240728_114830\OpenGL2\ObjectLists.h(518,15): warning C4091: 'static ': ignored on left of 'RenderIndex' when no variable is declared
C:\Users\86180\Documents\OpenGL4d_20240728_114830\OpenGL2\ObjectLists.h(603,67): warning C4267: 'argument': conversion from 'size_t' to 'int', possible loss of data
C:\Users\86180\Documents\OpenGL4d_20240728_114830\OpenGL2\ObjectLists.h(607,67): warning C4267: 'argument': conversion from 'size_t' to 'int', possible loss of data
C:\Users\86180\Documents\OpenGL4d_20240728_114830\OpenGL2\ObjectLists.h(619,67): warning C4267: 'argument': conversion from 'size_t' to 'int', possible loss of data
C:\Users\86180\Documents\OpenGL4d_20240728_114830\OpenGL2\ObjectLists.h(623,67): warning C4267: 'argument': conversion from 'size_t' to 'int', possible loss of data
C:\Users\86180\Documents\OpenGL4d_20240728_114830\OpenGL2\ObjectLists.h(690,10): warning C4267: 'initializing': conversion from 'size_t' to 'int', possible loss of data
C:\Users\86180\Documents\OpenGL4d_20240728_114830\OpenGL2\gjk.h(160,26): warning C4018: '<': signed/unsigned mismatch
C:\Users\86180\Documents\OpenGL4d_20240728_114830\OpenGL2\gjk.h(197,26): warning C4018: '<': signed/unsigned mismatch
C:\Users\86180\Documents\OpenGL4d_20240728_114830\OpenGL2\gjk.h(275,27): warning C4018: '<': signed/unsigned mismatch
C:\Users\86180\Documents\OpenGL4d_20240728_114830\OpenGL2\gjk.h(382,26): warning C4018: '<': signed/unsigned mismatch
C:\Users\86180\Documents\OpenGL4d_20240728_114830\OpenGL2\gjk.h(419,26): warning C4018: '<': signed/unsigned mismatch
C:\Users\86180\Documents\OpenGL4d_20240728_114830\OpenGL2\gjk.h(463,27): warning C4018: '<': signed/unsigned mismatch
C:\Users\86180\Documents\OpenGL4d_20240728_114830\OpenGL2\gjk.h(518,15): warning C4091: 'static ': ignored on left of 'Simplex' when no variable is declared
C:\Users\86180\Documents\OpenGL4d_20240728_114830\OpenGL2\gjk.h(551,23): warning C4267: 'initializing': conversion from 'size_t' to 'int', possible loss of data
C:\Users\86180\Documents\OpenGL4d_20240728_114830\OpenGL2\gjk.h(829,32): warning C4267: 'initializing': conversion from 'size_t' to 'unsigned int', possible loss of data
C:\Users\86180\Documents\OpenGL4d_20240728_114830\OpenGL2\gjk.h(895,22): warning C4267: '=': conversion from 'size_t' to 'unsigned int', possible loss of data
C:\Users\86180\Documents\OpenGL4d_20240728_114830\OpenGL2\gjk.h(930,35): warning C4018: '<': signed/unsigned mismatch
C:\Users\86180\Documents\OpenGL4d_20240728_114830\OpenGL2\gjk.h(1065,28): warning C4267: 'initializing': conversion from 'size_t' to 'unsigned int', possible loss of data
C:\Users\86180\Documents\OpenGL4d_20240728_114830\OpenGL2\colliderPhy.h(13,15): warning C4091: 'static ': ignored on left of 'CollisionManifold' when no variable is declared
C:\Users\86180\Documents\OpenGL4d_20240728_114830\OpenGL2\colliderPhy.h(21,15): warning C4091: 'static ': ignored on left of 'Collision' when no variable is declared
C:\Users\86180\Documents\OpenGL4d_20240728_114830\OpenGL2\colliderPhy.h(92,27): warning C4101: 'contacts': unreferenced local variable
C:\Users\86180\Documents\OpenGL4d_20240728_114830\OpenGL2\colliderPhy.h(301,26): warning C4018: '<': signed/unsigned mismatch
C:\Users\86180\Documents\OpenGL4d_20240728_114830\OpenGL2\colliderPhy.h(512,47): warning C4267: '=': conversion from 'size_t' to 'unsigned int', possible loss of data
C:\Users\86180\Documents\OpenGL4d_20240728_114830\OpenGL2\colliderPhy.h(500,23): warning C4101: 'detectPos4D0': unreferenced local variable
C:\Users\86180\Documents\OpenGL4d_20240728_114830\OpenGL2\colliderPhy.h(896,38): warning C4018: '<': signed/unsigned mismatch
C:\Users\86180\Documents\OpenGL4d_20240728_114830\OpenGL2\colliderPhy.h(1079,51): warning C4267: '=': conversion from 'size_t' to 'unsigned int', possible loss of data
C:\Users\86180\Documents\OpenGL4d_20240728_114830\OpenGL2\colliderPhy.h(1084,47): warning C4101: 'contactPosA': unreferenced local variable
C:\Users\86180\Documents\OpenGL4d_20240728_114830\OpenGL2\colliderPhy.h(1149,34): warning C4018: '<': signed/unsigned mismatch
C:\Users\86180\Documents\OpenGL4d_20240728_114830\OpenGL2\colliderPhy.h(1177,34): warning C4018: '<': signed/unsigned mismatch
C:\Users\86180\Documents\OpenGL4d_20240728_114830\OpenGL2\colliderPhy.h(1287,30): warning C4018: '<': signed/unsigned mismatch
C:\Users\86180\Documents\OpenGL4d_20240728_114830\OpenGL2\colliderPhy.h(1300,51): warning C4267: '=': conversion from 'size_t' to 'unsigned int', possible loss of data
C:\Users\86180\Documents\OpenGL4d_20240728_114830\OpenGL2\colliderPhy.h(1305,47): warning C4101: 'contactPosA': unreferenced local variable
C:\Users\86180\Documents\OpenGL4d_20240728_114830\OpenGL2\colliderPhy.h(1604,51): warning C4267: '=': conversion from 'size_t' to 'unsigned int', possible loss of data
C:\Users\86180\Documents\OpenGL4d_20240728_114830\OpenGL2\colliderPhy.h(1592,27): warning C4101: 'detectPos4D0': unreferenced local variable
C:\Users\86180\Documents\OpenGL4d_20240728_114830\OpenGL2\colliderPhy.h(1799,26): warning C4018: '<': signed/unsigned mismatch
C:\Users\86180\Documents\OpenGL4d_20240728_114830\OpenGL2\collision.h(5,15): warning C4091: 'static ': ignored on left of 'ContactState' when no variable is declared
C:\Users\86180\Documents\OpenGL4d_20240728_114830\OpenGL2\collision.h(16,15): warning C4091: 'static ': ignored on left of 'Tangents' when no variable is declared
C:\Users\86180\Documents\OpenGL4d_20240728_114830\OpenGL2\collision.h(32,15): warning C4091: 'static ': ignored on left of 'CollisionConstraint' when no variable is declared
C:\Users\86180\Documents\OpenGL4d_20240728_114830\OpenGL2\collision.h(52,15): warning C4091: 'static ': ignored on left of 'Constraint' when no variable is declared
C:\Users\86180\Documents\OpenGL4d_20240728_114830\OpenGL2\Phys4D.h(89,65): warning C4267: 'argument': conversion from 'size_t' to 'unsigned int', possible loss of data
C:\Users\86180\Documents\OpenGL4d_20240728_114830\OpenGL2\Phys4D.h(94,67): warning C4267: 'argument': conversion from 'size_t' to 'unsigned int', possible loss of data
C:\Users\86180\Documents\OpenGL4d_20240728_114830\OpenGL2\Phys4D.h(123,65): warning C4267: 'argument': conversion from 'size_t' to 'unsigned int', possible loss of data
C:\Users\86180\Documents\OpenGL4d_20240728_114830\OpenGL2\Phys4D.h(138,58): warning C4267: 'argument': conversion from 'size_t' to 'int', possible loss of data
C:\Users\86180\Documents\OpenGL4d_20240728_114830\OpenGL2\Phys4D.h(144,58): warning C4267: 'argument': conversion from 'size_t' to 'int', possible loss of data
C:\Users\86180\Documents\OpenGL4d_20240728_114830\OpenGL2\Phys4D.h(166,49): warning C4267: 'argument': conversion from 'size_t' to 'int', possible loss of data
C:\Users\86180\Documents\OpenGL4d_20240728_114830\OpenGL2\Phys4D.h(166,46): warning C4267: 'argument': conversion from 'size_t' to 'int', possible loss of data
C:\Users\86180\Documents\OpenGL4d_20240728_114830\OpenGL2\Phys4D.h(167,126): warning C4267: 'argument': conversion from 'size_t' to 'int', possible loss of data
C:\Users\86180\Documents\OpenGL4d_20240728_114830\OpenGL2\Phys4D.h(167,76): warning C4267: 'argument': conversion from 'size_t' to 'int', possible loss of data
C:\Users\86180\Documents\OpenGL4d_20240728_114830\OpenGL2\Phys4D.h(171,57): warning C4267: 'argument': conversion from 'size_t' to 'int', possible loss of data
C:\Users\86180\Documents\OpenGL4d_20240728_114830\OpenGL2\Phys4D.h(177,86): warning C4267: 'argument': conversion from 'size_t' to 'int', possible loss of data
C:\Users\86180\Documents\OpenGL4d_20240728_114830\OpenGL2\Phys4D.h(177,148): warning C4267: 'argument': conversion from 'size_t' to 'int', possible loss of data
C:\Users\86180\Documents\OpenGL4d_20240728_114830\OpenGL2\Phys4D.h(177,90): warning C4267: 'argument': conversion from 'size_t' to 'int', possible loss of data
C:\Users\86180\Documents\OpenGL4d_20240728_114830\OpenGL2\Phys4D.h(183,48): warning C4267: 'argument': conversion from 'size_t' to 'int', possible loss of data
C:\Users\86180\Documents\OpenGL4d_20240728_114830\OpenGL2\Phys4D.h(190,17): warning C4244: 'initializing': conversion from 'float' to 'size_t', possible loss of data
C:\Users\86180\Documents\OpenGL4d_20240728_114830\OpenGL2\Phys4D.h(191,17): warning C4244: 'initializing': conversion from 'float' to 'size_t', possible loss of data
C:\Users\86180\Documents\OpenGL4d_20240728_114830\OpenGL2\Phys4D.h(234,81): warning C4267: 'argument': conversion from 'size_t' to 'int', possible loss of data
C:\Users\86180\Documents\OpenGL4d_20240728_114830\OpenGL2\Phys4D.h(268,96): warning C4267: 'argument': conversion from 'size_t' to 'int', possible loss of data
C:\Users\86180\Documents\OpenGL4d_20240728_114830\OpenGL2\Phys4D.h(315,69): warning C4267: 'argument': conversion from 'size_t' to 'int', possible loss of data
C:\Users\86180\Documents\OpenGL4d_20240728_114830\OpenGL2\Phys4D.h(324,69): warning C4267: 'argument': conversion from 'size_t' to 'int', possible loss of data
C:\Users\86180\Documents\OpenGL4d_20240728_114830\OpenGL2\Phys4D.h(359,69): warning C4267: 'argument': conversion from 'size_t' to 'int', possible loss of data
C:\Users\86180\Documents\OpenGL4d_20240728_114830\OpenGL2\Phys4D.h(368,69): warning C4267: 'argument': conversion from 'size_t' to 'int', possible loss of data
C:\Users\86180\Documents\OpenGL4d_20240728_114830\OpenGL2\Phys4D.h(486,86): warning C4267: 'argument': conversion from 'size_t' to 'int', possible loss of data
C:\Users\86180\Documents\OpenGL4d_20240728_114830\OpenGL2\Phys4D.h(499,151): warning C4267: 'argument': conversion from 'size_t' to 'int', possible loss of data
C:\Users\86180\Documents\OpenGL4d_20240728_114830\OpenGL2\Phys4D.h(506,87): warning C4267: 'argument': conversion from 'size_t' to 'int', possible loss of data
C:\Users\86180\Documents\OpenGL4d_20240728_114830\OpenGL2\Phys4D.h(510,87): warning C4267: 'argument': conversion from 'size_t' to 'int', possible loss of data
C:\Users\86180\Documents\OpenGL4d_20240728_114830\OpenGL2\Phys4D.h(510,195): warning C4267: 'argument': conversion from 'size_t' to 'int', possible loss of data
C:\Users\86180\Documents\OpenGL4d_20240728_114830\OpenGL2\Phys4D.h(531,89): warning C4267: 'argument': conversion from 'size_t' to 'int', possible loss of data
C:\Users\86180\Documents\OpenGL4d_20240728_114830\OpenGL2\Phys4D.h(544,156): warning C4267: 'argument': conversion from 'size_t' to 'int', possible loss of data
C:\Users\86180\Documents\OpenGL4d_20240728_114830\OpenGL2\Phys4D.h(551,91): warning C4267: 'argument': conversion from 'size_t' to 'int', possible loss of data
C:\Users\86180\Documents\OpenGL4d_20240728_114830\OpenGL2\Phys4D.h(555,91): warning C4267: 'argument': conversion from 'size_t' to 'int', possible loss of data
C:\Users\86180\Documents\OpenGL4d_20240728_114830\OpenGL2\Phys4D.h(555,201): warning C4267: 'argument': conversion from 'size_t' to 'int', possible loss of data
C:\Users\86180\Documents\OpenGL4d_20240728_114830\OpenGL2\DetectRay.h(19,20): warning C4267: 'initializing': conversion from 'size_t' to 'int', possible loss of data
C:\Users\86180\Documents\OpenGL4d_20240728_114830\OpenGL2\DetectRay.h(25,16): warning C4244: 'initializing': conversion from 'double' to 'float', possible loss of data
C:\Users\86180\Documents\OpenGL4d_20240728_114830\OpenGL2\DetectRay.h(26,16): warning C4244: 'initializing': conversion from 'double' to 'float', possible loss of data
C:\Users\86180\Documents\OpenGL4d_20240728_114830\OpenGL2\DetectRay.h(189,21): warning C4018: '<': signed/unsigned mismatch
C:\Users\86180\Documents\OpenGL4d_20240728_114830\OpenGL2\DetectRay.h(314,65): warning C4267: 'argument': conversion from 'size_t' to 'unsigned int', possible loss of data
C:\Users\86180\Documents\OpenGL4d_20240728_114830\OpenGL2\DetectRay.h(329,19): warning C4267: '=': conversion from 'size_t' to 'int', possible loss of data
C:\Users\86180\Documents\OpenGL4d_20240728_114830\OpenGL2\DetectRay.h(359,38): warning C4267: '=': conversion from 'size_t' to 'int', possible loss of data
C:\Users\86180\Documents\OpenGL4d_20240728_114830\OpenGL2\DetectRay.h(370,49): warning C4267: 'argument': conversion from 'size_t' to 'int', possible loss of data
C:\Users\86180\Documents\OpenGL4d_20240728_114830\OpenGL2\DetectRay.h(385,22): warning C4267: '=': conversion from 'size_t' to 'int', possible loss of data
C:\Users\86180\Documents\OpenGL4d_20240728_114830\OpenGL2\DetectRay.h(398,50): warning C4267: 'argument': conversion from 'size_t' to 'int', possible loss of data
C:\Users\86180\Documents\OpenGL4d_20240728_114830\OpenGL2\DetectRay.h(411,21): warning C4267: '=': conversion from 'size_t' to 'int', possible loss of data
C:\Users\86180\Documents\OpenGL4d_20240728_114830\OpenGL2\DetectRay.h(423,45): warning C4267: 'argument': conversion from 'size_t' to 'int', possible loss of data
C:\Users\86180\Documents\OpenGL4d_20240728_114830\OpenGL2\DetectRay.h(425,60): warning C4267: 'argument': conversion from 'size_t' to 'int', possible loss of data
C:\Users\86180\Documents\OpenGL4d_20240728_114830\OpenGL2\DetectRay.h(431,118): warning C4267: '=': conversion from 'size_t' to 'int', possible loss of data
C:\Users\86180\Documents\OpenGL4d_20240728_114830\OpenGL2\DetectRay.h(495,38): warning C4267: '=': conversion from 'size_t' to 'unsigned int', possible loss of data
C:\Users\86180\Documents\OpenGL4d_20240728_114830\OpenGL2\Animation.h(246,22): warning C4018: '>=': signed/unsigned mismatch
C:\Users\86180\Documents\OpenGL4d_20240728_114830\OpenGL2\Animation.h(253,24): warning C4018: '>=': signed/unsigned mismatch
C:\Users\86180\Documents\OpenGL4d_20240728_114830\OpenGL2\Animation.h(257,24): warning C4018: '>=': signed/unsigned mismatch
C:\Users\86180\Documents\OpenGL4d_20240728_114830\OpenGL2\LoadAndSave.h(67,64): warning C4267: 'argument': conversion from 'size_t' to 'unsigned int', possible loss of data
C:\Users\86180\Documents\OpenGL4d_20240728_114830\OpenGL2\LoadAndSave.h(89,54): warning C4267: 'argument': conversion from 'size_t' to 'int', possible loss of data
C:\Users\86180\Documents\OpenGL4d_20240728_114830\OpenGL2\LoadAndSave.h(151,21): warning C4018: '<': signed/unsigned mismatch
C:\Users\86180\Documents\OpenGL4d_20240728_114830\OpenGL2\LoadAndSave.h(155,21): warning C4018: '<': signed/unsigned mismatch
C:\Users\86180\Documents\OpenGL4d_20240728_114830\OpenGL2\LoadAndSave.h(324,22): warning C4018: '<': signed/unsigned mismatch
C:\Users\86180\Documents\OpenGL4d_20240728_114830\OpenGL2\LoadAndSave.h(328,22): warning C4018: '<': signed/unsigned mismatch
C:\Users\86180\Documents\OpenGL4d_20240728_114830\OpenGL2\main.cpp(35,24): warning C4244: 'argument': conversion from 'double' to 'int', possible loss of data
  Generating Code...
C:\Users\86180\Documents\OpenGL4d_20240728_114830\OpenGL2\InputLists.h(101,1): warning C4715: 'transformInput': not all control paths return a value
C:\Users\86180\Documents\OpenGL4d_20240728_114830\OpenGL2\ObjectLists.h(295,1): warning C4715: 'find_wall4d': not all control paths return a value
C:\Users\86180\Documents\OpenGL4d_20240728_114830\OpenGL2\body.h(126,1): warning C4715: 'get_cap_position4D': not all control paths return a value
C:\Users\86180\Documents\OpenGL4d_20240728_114830\OpenGL2\ObjectLists.h(283,1): warning C4715: 'find_wall4d': not all control paths return a value
C:\Users\86180\Documents\OpenGL4d_20240728_114830\OpenGL2\LoadAndSave.h(57,1): warning C4715: 'name_list': not all control paths return a value
C:\Users\86180\Documents\OpenGL4d_20240728_114830\OpenGL2\Geometry.h(138,1): warning C4715: 'texcoord_position2': not all control paths return a value
C:\Users\86180\Documents\OpenGL4d_20240728_114830\OpenGL2\gjk.h(213,1): warning C4715: 'support': not all control paths return a value
C:\Users\86180\Documents\OpenGL4d_20240728_114830\OpenGL2\collision.h(29,1): warning C4715: 'Tangents::tangent': not all control paths return a value
C:\Users\86180\Documents\OpenGL4d_20240728_114830\OpenGL2\gjk.h(435,1): warning C4715: 'support_distance': not all control paths return a value
C:\Users\86180\Documents\OpenGL4d_20240728_114830\OpenGL2\gjk.h(695,1): warning C4715: 'Simplex::nearest_simplex': not all control paths return a value
glew32s.lib(glew.obj) : warning LNK4099: PDB '' was not found with 'glew32s.lib(glew.obj)' or at ''; linking object as if no debug info
LINK : warning LNK4098: defaultlib 'LIBCMT' conflicts with use of other libs; use /NODEFAULTLIB:library
LINK : warning LNK4098: defaultlib 'MSVCRT' conflicts with use of other libs; use /NODEFAULTLIB:library
  OpenGL2.vcxproj -> C:\Users\86180\Documents\OpenGL4d_20240728_114830\x64\Debug\NewEngine.exe
