C:\Program Files\Microsoft Visual Studio\2022\Community\MSBuild\Microsoft\VC\v170\Microsoft.CppBuild.targets(531,5): warning MSB8028: The intermediate directory (x64\Debug\) contains files shared from another project (OpenGL2.vcxproj).  This can lead to incorrect clean and rebuild behavior.
  Game.cpp
C:\Users\86180\Documents\OpenGL4d_20240521_114830\OpenGL2\Texture.h(224,16): warning C4244: 'initializing': conversion from 'T' to 'int', possible loss of data
C:\Users\86180\Documents\OpenGL4d_20240521_114830\OpenGL2\Texture.h(224,16): warning C4244:         with
C:\Users\86180\Documents\OpenGL4d_20240521_114830\OpenGL2\Texture.h(224,16): warning C4244:         [
C:\Users\86180\Documents\OpenGL4d_20240521_114830\OpenGL2\Texture.h(224,16): warning C4244:             T=float
C:\Users\86180\Documents\OpenGL4d_20240521_114830\OpenGL2\Texture.h(224,16): warning C4244:         ]
  (compiling source file 'Game.cpp')
  
C:\Users\86180\Documents\OpenGL4d_20240521_114830\OpenGL2\Texture.h(226,17): warning C4244: 'initializing': conversion from 'T' to 'int', possible loss of data
C:\Users\86180\Documents\OpenGL4d_20240521_114830\OpenGL2\Texture.h(226,17): warning C4244:         with
C:\Users\86180\Documents\OpenGL4d_20240521_114830\OpenGL2\Texture.h(226,17): warning C4244:         [
C:\Users\86180\Documents\OpenGL4d_20240521_114830\OpenGL2\Texture.h(226,17): warning C4244:             T=float
C:\Users\86180\Documents\OpenGL4d_20240521_114830\OpenGL2\Texture.h(226,17): warning C4244:         ]
  (compiling source file 'Game.cpp')
  
C:\Users\86180\Documents\OpenGL4d_20240521_114830\OpenGL2\Texture.h(228,18): warning C4244: 'initializing': conversion from 'T' to 'int', possible loss of data
C:\Users\86180\Documents\OpenGL4d_20240521_114830\OpenGL2\Texture.h(228,18): warning C4244:         with
C:\Users\86180\Documents\OpenGL4d_20240521_114830\OpenGL2\Texture.h(228,18): warning C4244:         [
C:\Users\86180\Documents\OpenGL4d_20240521_114830\OpenGL2\Texture.h(228,18): warning C4244:             T=float
C:\Users\86180\Documents\OpenGL4d_20240521_114830\OpenGL2\Texture.h(228,18): warning C4244:         ]
  (compiling source file 'Game.cpp')
  
C:\Users\86180\Documents\OpenGL4d_20240521_114830\OpenGL2\Texture.h(243,16): warning C4244: 'initializing': conversion from 'T' to 'int', possible loss of data
C:\Users\86180\Documents\OpenGL4d_20240521_114830\OpenGL2\Texture.h(243,16): warning C4244:         with
C:\Users\86180\Documents\OpenGL4d_20240521_114830\OpenGL2\Texture.h(243,16): warning C4244:         [
C:\Users\86180\Documents\OpenGL4d_20240521_114830\OpenGL2\Texture.h(243,16): warning C4244:             T=float
C:\Users\86180\Documents\OpenGL4d_20240521_114830\OpenGL2\Texture.h(243,16): warning C4244:         ]
  (compiling source file 'Game.cpp')
  
C:\Users\86180\Documents\OpenGL4d_20240521_114830\OpenGL2\Texture.h(245,17): warning C4244: 'initializing': conversion from 'T' to 'int', possible loss of data
C:\Users\86180\Documents\OpenGL4d_20240521_114830\OpenGL2\Texture.h(245,17): warning C4244:         with
C:\Users\86180\Documents\OpenGL4d_20240521_114830\OpenGL2\Texture.h(245,17): warning C4244:         [
C:\Users\86180\Documents\OpenGL4d_20240521_114830\OpenGL2\Texture.h(245,17): warning C4244:             T=float
C:\Users\86180\Documents\OpenGL4d_20240521_114830\OpenGL2\Texture.h(245,17): warning C4244:         ]
  (compiling source file 'Game.cpp')
  
C:\Users\86180\Documents\OpenGL4d_20240521_114830\OpenGL2\Texture.h(247,18): warning C4244: 'initializing': conversion from 'T' to 'int', possible loss of data
C:\Users\86180\Documents\OpenGL4d_20240521_114830\OpenGL2\Texture.h(247,18): warning C4244:         with
C:\Users\86180\Documents\OpenGL4d_20240521_114830\OpenGL2\Texture.h(247,18): warning C4244:         [
C:\Users\86180\Documents\OpenGL4d_20240521_114830\OpenGL2\Texture.h(247,18): warning C4244:             T=float
C:\Users\86180\Documents\OpenGL4d_20240521_114830\OpenGL2\Texture.h(247,18): warning C4244:         ]
  (compiling source file 'Game.cpp')
  
C:\Users\86180\Documents\OpenGL4d_20240521_114830\OpenGL2\Texture.h(275,83): warning C4244: 'argument': conversion from 'float' to 'GLint', possible loss of data
  (compiling source file 'Game.cpp')
  
C:\Users\86180\Documents\OpenGL4d_20240521_114830\OpenGL2\Texture.h(275,61): warning C4244: 'argument': conversion from 'float' to 'GLint', possible loss of data
  (compiling source file 'Game.cpp')
  
C:\Users\86180\Documents\OpenGL4d_20240521_114830\OpenGL2\Texture.h(275,39): warning C4244: 'argument': conversion from 'float' to 'GLint', possible loss of data
  (compiling source file 'Game.cpp')
  
C:\Users\86180\Documents\OpenGL4d_20240521_114830\OpenGL2\Primitives4D.h(810,28): warning C4267: 'initializing': conversion from 'size_t' to 'unsigned int', possible loss of data
  (compiling source file 'Game.cpp')
  
C:\Users\86180\Documents\OpenGL4d_20240521_114830\OpenGL2\Primitives4D.h(829,13): warning C4267: 'initializing': conversion from 'size_t' to 'int', possible loss of data
  (compiling source file 'Game.cpp')
  
C:\Users\86180\Documents\OpenGL4d_20240521_114830\OpenGL2\Primitives4D.h(830,13): warning C4267: 'initializing': conversion from 'size_t' to 'int', possible loss of data
  (compiling source file 'Game.cpp')
  
C:\Users\86180\Documents\OpenGL4d_20240521_114830\OpenGL2\Primitives4D.h(831,13): warning C4267: 'initializing': conversion from 'size_t' to 'int', possible loss of data
  (compiling source file 'Game.cpp')
  
C:\Users\86180\Documents\OpenGL4d_20240521_114830\OpenGL2\Line.h(112,38): warning C4018: '<': signed/unsigned mismatch
  (compiling source file 'Game.cpp')
  
C:\Program Files (x86)\Windows Kits\10\Include\10.0.22000.0\shared\minwindef.h(130,1): warning C4005: 'APIENTRY': macro redefinition
  (compiling source file 'Game.cpp')
  C:\Users\86180\Documents\OpenGL4d_20240521_114830\Dependencies_64x\GLFW\include\GLFW\glfw3.h(123,1):
  see previous definition of 'APIENTRY'
  
C:\Users\86180\Documents\OpenGL4d_20240521_114830\OpenGL2\Light.h(246,33): warning C4267: 'argument': conversion from 'size_t' to 'GLint', possible loss of data
  (compiling source file 'Game.cpp')
  
C:\Users\86180\Documents\OpenGL4d_20240521_114830\OpenGL2\Light.h(248,33): warning C4267: 'argument': conversion from 'size_t' to 'GLint', possible loss of data
  (compiling source file 'Game.cpp')
  
C:\Users\86180\Documents\OpenGL4d_20240521_114830\OpenGL2\Joint.h(198,2): warning C4091: 'static ': ignored on left of 'HingeConstraint4D' when no variable is declared
  (compiling source file 'Game.cpp')
  
C:\Users\86180\Documents\OpenGL4d_20240521_114830\OpenGL2\ObjectLists.h(72,29): warning C4018: '>=': signed/unsigned mismatch
  (compiling source file 'Game.cpp')
  
C:\Users\86180\Documents\OpenGL4d_20240521_114830\OpenGL2\ObjectLists.h(76,29): warning C4018: '>=': signed/unsigned mismatch
  (compiling source file 'Game.cpp')
  
C:\Users\86180\Documents\OpenGL4d_20240521_114830\OpenGL2\ObjectLists.h(83,30): warning C4018: '>=': signed/unsigned mismatch
  (compiling source file 'Game.cpp')
  
C:\Users\86180\Documents\OpenGL4d_20240521_114830\OpenGL2\ObjectLists.h(87,30): warning C4018: '>=': signed/unsigned mismatch
  (compiling source file 'Game.cpp')
  
C:\Users\86180\Documents\OpenGL4d_20240521_114830\OpenGL2\ObjectLists.h(94,37): warning C4018: '>=': signed/unsigned mismatch
  (compiling source file 'Game.cpp')
  
C:\Users\86180\Documents\OpenGL4d_20240521_114830\OpenGL2\ObjectLists.h(98,37): warning C4018: '>=': signed/unsigned mismatch
  (compiling source file 'Game.cpp')
  
C:\Users\86180\Documents\OpenGL4d_20240521_114830\OpenGL2\ObjectLists.h(133,18): warning C4267: 'initializing': conversion from 'size_t' to 'unsigned int', possible loss of data
  (compiling source file 'Game.cpp')
  
C:\Users\86180\Documents\OpenGL4d_20240521_114830\OpenGL2\ObjectLists.h(134,15): warning C4018: '<': signed/unsigned mismatch
  (compiling source file 'Game.cpp')
  
C:\Users\86180\Documents\OpenGL4d_20240521_114830\OpenGL2\ObjectLists.h(331,12): warning C4267: 'return': conversion from 'size_t' to 'int', possible loss of data
  (compiling source file 'Game.cpp')
  
C:\Users\86180\Documents\OpenGL4d_20240521_114830\OpenGL2\ObjectLists.h(339,41): warning C4267: '+=': conversion from 'size_t' to 'int', possible loss of data
  (compiling source file 'Game.cpp')
  
C:\Users\86180\Documents\OpenGL4d_20240521_114830\OpenGL2\ObjectLists.h(449,64): warning C4267: 'argument': conversion from 'size_t' to 'int', possible loss of data
  (compiling source file 'Game.cpp')
  
C:\Users\86180\Documents\OpenGL4d_20240521_114830\OpenGL2\ObjectLists.h(456,92): warning C4267: 'argument': conversion from 'size_t' to 'int', possible loss of data
  (compiling source file 'Game.cpp')
  
C:\Users\86180\Documents\OpenGL4d_20240521_114830\OpenGL2\ObjectLists.h(457,51): warning C4267: 'argument': conversion from 'size_t' to 'int', possible loss of data
  (compiling source file 'Game.cpp')
  
C:\Users\86180\Documents\OpenGL4d_20240521_114830\OpenGL2\ObjectLists.h(464,72): warning C4267: 'argument': conversion from 'size_t' to 'unsigned int', possible loss of data
  (compiling source file 'Game.cpp')
  
C:\Users\86180\Documents\OpenGL4d_20240521_114830\OpenGL2\ObjectLists.h(473,81): warning C4267: 'argument': conversion from 'size_t' to 'unsigned int', possible loss of data
  (compiling source file 'Game.cpp')
  
C:\Users\86180\Documents\OpenGL4d_20240521_114830\OpenGL2\ObjectLists.h(479,56): warning C4267: 'argument': conversion from 'size_t' to '_Ty', possible loss of data
C:\Users\86180\Documents\OpenGL4d_20240521_114830\OpenGL2\ObjectLists.h(479,56): warning C4267:         with
C:\Users\86180\Documents\OpenGL4d_20240521_114830\OpenGL2\ObjectLists.h(479,56): warning C4267:         [
C:\Users\86180\Documents\OpenGL4d_20240521_114830\OpenGL2\ObjectLists.h(479,56): warning C4267:             _Ty=GLint
C:\Users\86180\Documents\OpenGL4d_20240521_114830\OpenGL2\ObjectLists.h(479,56): warning C4267:         ]
  (compiling source file 'Game.cpp')
  
C:\Users\86180\Documents\OpenGL4d_20240521_114830\OpenGL2\ObjectLists.h(493,70): warning C4267: 'initializing': conversion from 'size_t' to 'int', possible loss of data
  (compiling source file 'Game.cpp')
  
C:\Users\86180\Documents\OpenGL4d_20240521_114830\OpenGL2\ObjectLists.h(493,73): warning C4267: 'initializing': conversion from 'size_t' to 'int', possible loss of data
  (compiling source file 'Game.cpp')
  
C:\Users\86180\Documents\OpenGL4d_20240521_114830\OpenGL2\ObjectLists.h(500,63): warning C4267: 'argument': conversion from 'size_t' to 'int', possible loss of data
  (compiling source file 'Game.cpp')
  
C:\Users\86180\Documents\OpenGL4d_20240521_114830\OpenGL2\ObjectLists.h(504,47): warning C4267: 'argument': conversion from 'size_t' to '_Ty', possible loss of data
C:\Users\86180\Documents\OpenGL4d_20240521_114830\OpenGL2\ObjectLists.h(504,47): warning C4267:         with
C:\Users\86180\Documents\OpenGL4d_20240521_114830\OpenGL2\ObjectLists.h(504,47): warning C4267:         [
C:\Users\86180\Documents\OpenGL4d_20240521_114830\OpenGL2\ObjectLists.h(504,47): warning C4267:             _Ty=GLint
C:\Users\86180\Documents\OpenGL4d_20240521_114830\OpenGL2\ObjectLists.h(504,47): warning C4267:         ]
  (compiling source file 'Game.cpp')
  
C:\Users\86180\Documents\OpenGL4d_20240521_114830\OpenGL2\ObjectLists.h(522,2): warning C4091: 'static ': ignored on left of 'RenderIndex' when no variable is declared
  (compiling source file 'Game.cpp')
  
C:\Users\86180\Documents\OpenGL4d_20240521_114830\OpenGL2\ObjectLists.h(606,19): warning C4267: 'initializing': conversion from 'size_t' to 'int', possible loss of data
  (compiling source file 'Game.cpp')
  
C:\Users\86180\Documents\OpenGL4d_20240521_114830\OpenGL2\ObjectLists.h(625,10): warning C4267: 'initializing': conversion from 'size_t' to 'int', possible loss of data
  (compiling source file 'Game.cpp')
  
C:\Users\86180\Documents\OpenGL4d_20240521_114830\OpenGL2\gjk.h(160,26): warning C4018: '<': signed/unsigned mismatch
  (compiling source file 'Game.cpp')
  
C:\Users\86180\Documents\OpenGL4d_20240521_114830\OpenGL2\gjk.h(197,26): warning C4018: '<': signed/unsigned mismatch
  (compiling source file 'Game.cpp')
  
C:\Users\86180\Documents\OpenGL4d_20240521_114830\OpenGL2\gjk.h(275,27): warning C4018: '<': signed/unsigned mismatch
  (compiling source file 'Game.cpp')
  
C:\Users\86180\Documents\OpenGL4d_20240521_114830\OpenGL2\gjk.h(382,26): warning C4018: '<': signed/unsigned mismatch
  (compiling source file 'Game.cpp')
  
C:\Users\86180\Documents\OpenGL4d_20240521_114830\OpenGL2\gjk.h(419,26): warning C4018: '<': signed/unsigned mismatch
  (compiling source file 'Game.cpp')
  
C:\Users\86180\Documents\OpenGL4d_20240521_114830\OpenGL2\gjk.h(463,27): warning C4018: '<': signed/unsigned mismatch
  (compiling source file 'Game.cpp')
  
C:\Users\86180\Documents\OpenGL4d_20240521_114830\OpenGL2\gjk.h(696,2): warning C4091: 'static ': ignored on left of 'Simplex' when no variable is declared
  (compiling source file 'Game.cpp')
  
C:\Users\86180\Documents\OpenGL4d_20240521_114830\OpenGL2\gjk.h(551,23): warning C4267: 'initializing': conversion from 'size_t' to 'int', possible loss of data
  (compiling source file 'Game.cpp')
  
C:\Users\86180\Documents\OpenGL4d_20240521_114830\OpenGL2\gjk.h(829,32): warning C4267: 'initializing': conversion from 'size_t' to 'unsigned int', possible loss of data
  (compiling source file 'Game.cpp')
  
C:\Users\86180\Documents\OpenGL4d_20240521_114830\OpenGL2\gjk.h(896,22): warning C4267: '=': conversion from 'size_t' to 'unsigned int', possible loss of data
  (compiling source file 'Game.cpp')
  
C:\Users\86180\Documents\OpenGL4d_20240521_114830\OpenGL2\gjk.h(931,35): warning C4018: '<': signed/unsigned mismatch
  (compiling source file 'Game.cpp')
  
C:\Users\86180\Documents\OpenGL4d_20240521_114830\OpenGL2\gjk.h(1066,28): warning C4267: 'initializing': conversion from 'size_t' to 'unsigned int', possible loss of data
  (compiling source file 'Game.cpp')
  
C:\Users\86180\Documents\OpenGL4d_20240521_114830\OpenGL2\colliderPhy.h(18,2): warning C4091: 'static ': ignored on left of 'CollisionManifold' when no variable is declared
  (compiling source file 'Game.cpp')
  
C:\Users\86180\Documents\OpenGL4d_20240521_114830\OpenGL2\colliderPhy.h(37,2): warning C4091: 'static ': ignored on left of 'Collision' when no variable is declared
  (compiling source file 'Game.cpp')
  
C:\Users\86180\Documents\OpenGL4d_20240521_114830\OpenGL2\colliderPhy.h(302,26): warning C4018: '<': signed/unsigned mismatch
  (compiling source file 'Game.cpp')
  
C:\Users\86180\Documents\OpenGL4d_20240521_114830\OpenGL2\colliderPhy.h(512,47): warning C4267: '=': conversion from 'size_t' to 'unsigned int', possible loss of data
  (compiling source file 'Game.cpp')
  
C:\Users\86180\Documents\OpenGL4d_20240521_114830\OpenGL2\colliderPhy.h(500,23): warning C4101: 'detectPos4D0': unreferenced local variable
  (compiling source file 'Game.cpp')
  
C:\Users\86180\Documents\OpenGL4d_20240521_114830\OpenGL2\colliderPhy.h(872,94): warning C4244: '=': conversion from 'int' to 'float', possible loss of data
  (compiling source file 'Game.cpp')
  
C:\Users\86180\Documents\OpenGL4d_20240521_114830\OpenGL2\colliderPhy.h(873,94): warning C4244: '=': conversion from 'int' to 'float', possible loss of data
  (compiling source file 'Game.cpp')
  
C:\Users\86180\Documents\OpenGL4d_20240521_114830\OpenGL2\colliderPhy.h(917,38): warning C4018: '<': signed/unsigned mismatch
  (compiling source file 'Game.cpp')
  
C:\Users\86180\Documents\OpenGL4d_20240521_114830\OpenGL2\colliderPhy.h(1073,96): warning C4244: '=': conversion from 'int' to 'float', possible loss of data
  (compiling source file 'Game.cpp')
  
C:\Users\86180\Documents\OpenGL4d_20240521_114830\OpenGL2\colliderPhy.h(1074,96): warning C4244: '=': conversion from 'int' to 'float', possible loss of data
  (compiling source file 'Game.cpp')
  
C:\Users\86180\Documents\OpenGL4d_20240521_114830\OpenGL2\colliderPhy.h(1108,51): warning C4267: '=': conversion from 'size_t' to 'unsigned int', possible loss of data
  (compiling source file 'Game.cpp')
  
C:\Users\86180\Documents\OpenGL4d_20240521_114830\OpenGL2\colliderPhy.h(1191,34): warning C4018: '<': signed/unsigned mismatch
  (compiling source file 'Game.cpp')
  
C:\Users\86180\Documents\OpenGL4d_20240521_114830\OpenGL2\colliderPhy.h(1219,34): warning C4018: '<': signed/unsigned mismatch
  (compiling source file 'Game.cpp')
  
C:\Users\86180\Documents\OpenGL4d_20240521_114830\OpenGL2\colliderPhy.h(1314,92): warning C4244: '=': conversion from 'int' to 'float', possible loss of data
  (compiling source file 'Game.cpp')
  
C:\Users\86180\Documents\OpenGL4d_20240521_114830\OpenGL2\colliderPhy.h(1315,92): warning C4244: '=': conversion from 'int' to 'float', possible loss of data
  (compiling source file 'Game.cpp')
  
C:\Users\86180\Documents\OpenGL4d_20240521_114830\OpenGL2\colliderPhy.h(1336,30): warning C4018: '<': signed/unsigned mismatch
  (compiling source file 'Game.cpp')
  
C:\Users\86180\Documents\OpenGL4d_20240521_114830\OpenGL2\colliderPhy.h(1349,51): warning C4267: '=': conversion from 'size_t' to 'unsigned int', possible loss of data
  (compiling source file 'Game.cpp')
  
C:\Users\86180\Documents\OpenGL4d_20240521_114830\OpenGL2\colliderPhy.h(1652,51): warning C4267: '=': conversion from 'size_t' to 'unsigned int', possible loss of data
  (compiling source file 'Game.cpp')
  
C:\Users\86180\Documents\OpenGL4d_20240521_114830\OpenGL2\colliderPhy.h(1640,27): warning C4101: 'detectPos4D0': unreferenced local variable
  (compiling source file 'Game.cpp')
  
C:\Users\86180\Documents\OpenGL4d_20240521_114830\OpenGL2\colliderPhy.h(1874,26): warning C4018: '<': signed/unsigned mismatch
  (compiling source file 'Game.cpp')
  
C:\Users\86180\Documents\OpenGL4d_20240521_114830\OpenGL2\colliderPhy.h(1900,30): warning C4018: '<': signed/unsigned mismatch
  (compiling source file 'Game.cpp')
  
C:\Users\86180\Documents\OpenGL4d_20240521_114830\OpenGL2\collision.h(13,2): warning C4091: 'static ': ignored on left of 'ContactState' when no variable is declared
  (compiling source file 'Game.cpp')
  
C:\Users\86180\Documents\OpenGL4d_20240521_114830\OpenGL2\collision.h(29,2): warning C4091: 'static ': ignored on left of 'Tangents' when no variable is declared
  (compiling source file 'Game.cpp')
  
C:\Users\86180\Documents\OpenGL4d_20240521_114830\OpenGL2\collision.h(49,2): warning C4091: 'static ': ignored on left of 'CollisionConstraint' when no variable is declared
  (compiling source file 'Game.cpp')
  
C:\Users\86180\Documents\OpenGL4d_20240521_114830\OpenGL2\collision.h(62,2): warning C4091: 'static ': ignored on left of 'Constraint' when no variable is declared
  (compiling source file 'Game.cpp')
  
C:\Users\86180\Documents\OpenGL4d_20240521_114830\OpenGL2\Phys4D.h(89,65): warning C4267: 'argument': conversion from 'size_t' to 'unsigned int', possible loss of data
  (compiling source file 'Game.cpp')
  
C:\Users\86180\Documents\OpenGL4d_20240521_114830\OpenGL2\Phys4D.h(104,55): warning C4267: 'argument': conversion from 'size_t' to 'int', possible loss of data
  (compiling source file 'Game.cpp')
  
C:\Users\86180\Documents\OpenGL4d_20240521_114830\OpenGL2\Phys4D.h(110,55): warning C4267: 'argument': conversion from 'size_t' to 'int', possible loss of data
  (compiling source file 'Game.cpp')
  
C:\Users\86180\Documents\OpenGL4d_20240521_114830\OpenGL2\Phys4D.h(132,49): warning C4267: 'argument': conversion from 'size_t' to 'int', possible loss of data
  (compiling source file 'Game.cpp')
  
C:\Users\86180\Documents\OpenGL4d_20240521_114830\OpenGL2\Phys4D.h(132,46): warning C4267: 'argument': conversion from 'size_t' to 'int', possible loss of data
  (compiling source file 'Game.cpp')
  
C:\Users\86180\Documents\OpenGL4d_20240521_114830\OpenGL2\Phys4D.h(133,123): warning C4267: 'argument': conversion from 'size_t' to 'int', possible loss of data
  (compiling source file 'Game.cpp')
  
C:\Users\86180\Documents\OpenGL4d_20240521_114830\OpenGL2\Phys4D.h(133,73): warning C4267: 'argument': conversion from 'size_t' to 'int', possible loss of data
  (compiling source file 'Game.cpp')
  
C:\Users\86180\Documents\OpenGL4d_20240521_114830\OpenGL2\Phys4D.h(137,54): warning C4267: 'argument': conversion from 'size_t' to 'int', possible loss of data
  (compiling source file 'Game.cpp')
  
C:\Users\86180\Documents\OpenGL4d_20240521_114830\OpenGL2\Phys4D.h(143,83): warning C4267: 'argument': conversion from 'size_t' to 'int', possible loss of data
  (compiling source file 'Game.cpp')
  
C:\Users\86180\Documents\OpenGL4d_20240521_114830\OpenGL2\Phys4D.h(143,145): warning C4267: 'argument': conversion from 'size_t' to 'int', possible loss of data
  (compiling source file 'Game.cpp')
  
C:\Users\86180\Documents\OpenGL4d_20240521_114830\OpenGL2\Phys4D.h(143,87): warning C4267: 'argument': conversion from 'size_t' to 'int', possible loss of data
  (compiling source file 'Game.cpp')
  
C:\Users\86180\Documents\OpenGL4d_20240521_114830\OpenGL2\Phys4D.h(149,45): warning C4267: 'argument': conversion from 'size_t' to 'int', possible loss of data
  (compiling source file 'Game.cpp')
  
C:\Users\86180\Documents\OpenGL4d_20240521_114830\OpenGL2\Phys4D.h(219,118): warning C4267: 'argument': conversion from 'size_t' to 'int', possible loss of data
  (compiling source file 'Game.cpp')
  
C:\Users\86180\Documents\OpenGL4d_20240521_114830\OpenGL2\Phys4D.h(252,92): warning C4267: 'argument': conversion from 'size_t' to 'int', possible loss of data
  (compiling source file 'Game.cpp')
  
C:\Users\86180\Documents\OpenGL4d_20240521_114830\OpenGL2\Phys4D.h(264,65): warning C4267: 'argument': conversion from 'size_t' to 'unsigned int', possible loss of data
  (compiling source file 'Game.cpp')
  
C:\Users\86180\Documents\OpenGL4d_20240521_114830\OpenGL2\Phys4D.h(269,67): warning C4267: 'argument': conversion from 'size_t' to 'unsigned int', possible loss of data
  (compiling source file 'Game.cpp')
  
C:\Users\86180\Documents\OpenGL4d_20240521_114830\OpenGL2\Phys4D.h(332,69): warning C4267: 'argument': conversion from 'size_t' to 'int', possible loss of data
  (compiling source file 'Game.cpp')
  
C:\Users\86180\Documents\OpenGL4d_20240521_114830\OpenGL2\Phys4D.h(341,69): warning C4267: 'argument': conversion from 'size_t' to 'int', possible loss of data
  (compiling source file 'Game.cpp')
  
C:\Users\86180\Documents\OpenGL4d_20240521_114830\OpenGL2\Phys4D.h(376,69): warning C4267: 'argument': conversion from 'size_t' to 'int', possible loss of data
  (compiling source file 'Game.cpp')
  
C:\Users\86180\Documents\OpenGL4d_20240521_114830\OpenGL2\Phys4D.h(385,69): warning C4267: 'argument': conversion from 'size_t' to 'int', possible loss of data
  (compiling source file 'Game.cpp')
  
C:\Users\86180\Documents\OpenGL4d_20240521_114830\OpenGL2\Phys4D.h(502,86): warning C4267: 'argument': conversion from 'size_t' to 'int', possible loss of data
  (compiling source file 'Game.cpp')
  
C:\Users\86180\Documents\OpenGL4d_20240521_114830\OpenGL2\Phys4D.h(515,151): warning C4267: 'argument': conversion from 'size_t' to 'int', possible loss of data
  (compiling source file 'Game.cpp')
  
C:\Users\86180\Documents\OpenGL4d_20240521_114830\OpenGL2\Phys4D.h(522,87): warning C4267: 'argument': conversion from 'size_t' to 'int', possible loss of data
  (compiling source file 'Game.cpp')
  
C:\Users\86180\Documents\OpenGL4d_20240521_114830\OpenGL2\Phys4D.h(526,87): warning C4267: 'argument': conversion from 'size_t' to 'int', possible loss of data
  (compiling source file 'Game.cpp')
  
C:\Users\86180\Documents\OpenGL4d_20240521_114830\OpenGL2\Phys4D.h(526,195): warning C4267: 'argument': conversion from 'size_t' to 'int', possible loss of data
  (compiling source file 'Game.cpp')
  
C:\Users\86180\Documents\OpenGL4d_20240521_114830\OpenGL2\Phys4D.h(547,89): warning C4267: 'argument': conversion from 'size_t' to 'int', possible loss of data
  (compiling source file 'Game.cpp')
  
C:\Users\86180\Documents\OpenGL4d_20240521_114830\OpenGL2\Phys4D.h(560,156): warning C4267: 'argument': conversion from 'size_t' to 'int', possible loss of data
  (compiling source file 'Game.cpp')
  
C:\Users\86180\Documents\OpenGL4d_20240521_114830\OpenGL2\Phys4D.h(567,91): warning C4267: 'argument': conversion from 'size_t' to 'int', possible loss of data
  (compiling source file 'Game.cpp')
  
C:\Users\86180\Documents\OpenGL4d_20240521_114830\OpenGL2\Phys4D.h(571,91): warning C4267: 'argument': conversion from 'size_t' to 'int', possible loss of data
  (compiling source file 'Game.cpp')
  
C:\Users\86180\Documents\OpenGL4d_20240521_114830\OpenGL2\Phys4D.h(571,201): warning C4267: 'argument': conversion from 'size_t' to 'int', possible loss of data
  (compiling source file 'Game.cpp')
  
C:\Users\86180\Documents\OpenGL4d_20240521_114830\OpenGL2\DetectRay.h(19,20): warning C4267: 'initializing': conversion from 'size_t' to 'int', possible loss of data
  (compiling source file 'Game.cpp')
  
C:\Users\86180\Documents\OpenGL4d_20240521_114830\OpenGL2\DetectRay.h(25,16): warning C4244: 'initializing': conversion from 'double' to 'float', possible loss of data
  (compiling source file 'Game.cpp')
  
C:\Users\86180\Documents\OpenGL4d_20240521_114830\OpenGL2\DetectRay.h(26,16): warning C4244: 'initializing': conversion from 'double' to 'float', possible loss of data
  (compiling source file 'Game.cpp')
  
C:\Users\86180\Documents\OpenGL4d_20240521_114830\OpenGL2\DetectRay.h(187,21): warning C4018: '<': signed/unsigned mismatch
  (compiling source file 'Game.cpp')
  
C:\Users\86180\Documents\OpenGL4d_20240521_114830\OpenGL2\DetectRay.h(307,62): warning C4267: 'argument': conversion from 'size_t' to 'unsigned int', possible loss of data
  (compiling source file 'Game.cpp')
  
C:\Users\86180\Documents\OpenGL4d_20240521_114830\OpenGL2\DetectRay.h(319,18): warning C4267: '=': conversion from 'size_t' to 'int', possible loss of data
  (compiling source file 'Game.cpp')
  
C:\Users\86180\Documents\OpenGL4d_20240521_114830\OpenGL2\DetectRay.h(325,18): warning C4267: '=': conversion from 'size_t' to 'int', possible loss of data
  (compiling source file 'Game.cpp')
  
C:\Users\86180\Documents\OpenGL4d_20240521_114830\OpenGL2\DetectRay.h(335,42): warning C4267: 'argument': conversion from 'size_t' to 'int', possible loss of data
  (compiling source file 'Game.cpp')
  
C:\Users\86180\Documents\OpenGL4d_20240521_114830\OpenGL2\DetectRay.h(337,36): warning C4267: 'argument': conversion from 'size_t' to 'int', possible loss of data
  (compiling source file 'Game.cpp')
  
C:\Users\86180\Documents\OpenGL4d_20240521_114830\OpenGL2\DetectRay.h(351,23): warning C4267: '=': conversion from 'size_t' to 'int', possible loss of data
  (compiling source file 'Game.cpp')
  
C:\Users\86180\Documents\OpenGL4d_20240521_114830\OpenGL2\DetectRay.h(357,23): warning C4267: '=': conversion from 'size_t' to 'int', possible loss of data
  (compiling source file 'Game.cpp')
  
C:\Users\86180\Documents\OpenGL4d_20240521_114830\OpenGL2\DetectRay.h(367,51): warning C4267: 'argument': conversion from 'size_t' to 'int', possible loss of data
  (compiling source file 'Game.cpp')
  
C:\Users\86180\Documents\OpenGL4d_20240521_114830\OpenGL2\DetectRay.h(379,21): warning C4267: '=': conversion from 'size_t' to 'int', possible loss of data
  (compiling source file 'Game.cpp')
  
C:\Users\86180\Documents\OpenGL4d_20240521_114830\OpenGL2\DetectRay.h(385,21): warning C4267: '=': conversion from 'size_t' to 'int', possible loss of data
  (compiling source file 'Game.cpp')
  
C:\Users\86180\Documents\OpenGL4d_20240521_114830\OpenGL2\DetectRay.h(397,50): warning C4267: 'argument': conversion from 'size_t' to 'int', possible loss of data
  (compiling source file 'Game.cpp')
  
C:\Users\86180\Documents\OpenGL4d_20240521_114830\OpenGL2\DetectRay.h(409,21): warning C4267: '=': conversion from 'size_t' to 'int', possible loss of data
  (compiling source file 'Game.cpp')
  
C:\Users\86180\Documents\OpenGL4d_20240521_114830\OpenGL2\DetectRay.h(415,21): warning C4267: '=': conversion from 'size_t' to 'int', possible loss of data
  (compiling source file 'Game.cpp')
  
C:\Users\86180\Documents\OpenGL4d_20240521_114830\OpenGL2\DetectRay.h(427,45): warning C4267: 'argument': conversion from 'size_t' to 'int', possible loss of data
  (compiling source file 'Game.cpp')
  
C:\Users\86180\Documents\OpenGL4d_20240521_114830\OpenGL2\DetectRay.h(429,60): warning C4267: 'argument': conversion from 'size_t' to 'int', possible loss of data
  (compiling source file 'Game.cpp')
  
C:\Users\86180\Documents\OpenGL4d_20240521_114830\OpenGL2\DetectRay.h(434,118): warning C4267: '=': conversion from 'size_t' to 'int', possible loss of data
  (compiling source file 'Game.cpp')
  
C:\Users\86180\Documents\OpenGL4d_20240521_114830\OpenGL2\DetectRay.h(440,118): warning C4267: '=': conversion from 'size_t' to 'int', possible loss of data
  (compiling source file 'Game.cpp')
  
C:\Users\86180\Documents\OpenGL4d_20240521_114830\OpenGL2\Animation.h(246,22): warning C4018: '>=': signed/unsigned mismatch
  (compiling source file 'Game.cpp')
  
C:\Users\86180\Documents\OpenGL4d_20240521_114830\OpenGL2\Animation.h(253,24): warning C4018: '>=': signed/unsigned mismatch
  (compiling source file 'Game.cpp')
  
C:\Users\86180\Documents\OpenGL4d_20240521_114830\OpenGL2\Animation.h(257,24): warning C4018: '>=': signed/unsigned mismatch
  (compiling source file 'Game.cpp')
  
C:\Users\86180\Documents\OpenGL4d_20240521_114830\OpenGL2\LoadAndSave.h(67,64): warning C4267: 'argument': conversion from 'size_t' to 'unsigned int', possible loss of data
  (compiling source file 'Game.cpp')
  
C:\Users\86180\Documents\OpenGL4d_20240521_114830\OpenGL2\LoadAndSave.h(88,54): warning C4267: 'argument': conversion from 'size_t' to 'int', possible loss of data
  (compiling source file 'Game.cpp')
  
C:\Users\86180\Documents\OpenGL4d_20240521_114830\OpenGL2\LoadAndSave.h(149,21): warning C4018: '<': signed/unsigned mismatch
  (compiling source file 'Game.cpp')
  
C:\Users\86180\Documents\OpenGL4d_20240521_114830\OpenGL2\LoadAndSave.h(153,21): warning C4018: '<': signed/unsigned mismatch
  (compiling source file 'Game.cpp')
  
C:\Users\86180\Documents\OpenGL4d_20240521_114830\OpenGL2\LoadAndSave.h(310,22): warning C4018: '<': signed/unsigned mismatch
  (compiling source file 'Game.cpp')
  
C:\Users\86180\Documents\OpenGL4d_20240521_114830\OpenGL2\LoadAndSave.h(314,22): warning C4018: '<': signed/unsigned mismatch
  (compiling source file 'Game.cpp')
  
C:\Users\86180\Documents\OpenGL4d_20240521_114830\OpenGL2\Game_imgui.h(177,61): warning C4267: 'argument': conversion from 'size_t' to 'unsigned int', possible loss of data
  (compiling source file 'Game.cpp')
  
C:\Users\86180\Documents\OpenGL4d_20240521_114830\OpenGL2\Game_imgui.h(178,63): warning C4267: 'argument': conversion from 'size_t' to 'unsigned int', possible loss of data
  (compiling source file 'Game.cpp')
  
C:\Users\86180\Documents\OpenGL4d_20240521_114830\OpenGL2\Game_imgui.h(185,63): warning C4267: 'argument': conversion from 'size_t' to 'unsigned int', possible loss of data
  (compiling source file 'Game.cpp')
  
C:\Users\86180\Documents\OpenGL4d_20240521_114830\OpenGL2\Game_imgui.h(781,94): warning C4267: 'argument': conversion from 'size_t' to 'int', possible loss of data
  (compiling source file 'Game.cpp')
  
C:\Users\86180\Documents\OpenGL4d_20240521_114830\OpenGL2\Game_imgui.h(782,46): warning C4267: 'argument': conversion from 'size_t' to 'int', possible loss of data
  (compiling source file 'Game.cpp')
  
C:\Users\86180\Documents\OpenGL4d_20240521_114830\OpenGL2\Game_imgui.h(1555,40): warning C4267: '+=': conversion from 'size_t' to 'int', possible loss of data
  (compiling source file 'Game.cpp')
  
C:\Users\86180\Documents\OpenGL4d_20240521_114830\OpenGL2\Game_imgui.h(1597,105): warning C4267: 'argument': conversion from 'size_t' to 'unsigned int', possible loss of data
  (compiling source file 'Game.cpp')
  
C:\Users\86180\Documents\OpenGL4d_20240521_114830\OpenGL2\Game_imgui.h(1600,73): warning C4267: 'argument': conversion from 'size_t' to 'unsigned int', possible loss of data
  (compiling source file 'Game.cpp')
  
C:\Users\86180\Documents\OpenGL4d_20240521_114830\OpenGL2\Game_imgui.h(1603,76): warning C4267: 'argument': conversion from 'size_t' to 'unsigned int', possible loss of data
  (compiling source file 'Game.cpp')
  
C:\Users\86180\Documents\OpenGL4d_20240521_114830\OpenGL2\Game_imgui.h(1604,73): warning C4267: 'argument': conversion from 'size_t' to 'unsigned int', possible loss of data
  (compiling source file 'Game.cpp')
  
C:\Users\86180\Documents\OpenGL4d_20240521_114830\OpenGL2\Game_imgui.h(1605,80): warning C4267: 'argument': conversion from 'size_t' to 'unsigned int', possible loss of data
  (compiling source file 'Game.cpp')
  
C:\Users\86180\Documents\OpenGL4d_20240521_114830\OpenGL2\Game_imgui.h(1606,77): warning C4267: 'argument': conversion from 'size_t' to 'unsigned int', possible loss of data
  (compiling source file 'Game.cpp')
  
C:\Users\86180\Documents\OpenGL4d_20240521_114830\OpenGL2\Game_imgui.h(1607,97): warning C4267: 'argument': conversion from 'size_t' to 'int', possible loss of data
  (compiling source file 'Game.cpp')
  
C:\Users\86180\Documents\OpenGL4d_20240521_114830\OpenGL2\Game_imgui.h(1608,47): warning C4267: 'argument': conversion from 'size_t' to 'int', possible loss of data
  (compiling source file 'Game.cpp')
  
C:\Users\86180\Documents\OpenGL4d_20240521_114830\OpenGL2\Game_imgui.h(1609,67): warning C4267: 'argument': conversion from 'size_t' to 'unsigned int', possible loss of data
  (compiling source file 'Game.cpp')
  
C:\Users\86180\Documents\OpenGL4d_20240521_114830\OpenGL2\Game_imgui.h(1616,72): warning C4267: 'argument': conversion from 'size_t' to 'int', possible loss of data
  (compiling source file 'Game.cpp')
  
C:\Users\86180\Documents\OpenGL4d_20240521_114830\OpenGL2\Game_imgui.h(1619,34): warning C4267: 'argument': conversion from 'size_t' to 'int', possible loss of data
  (compiling source file 'Game.cpp')
  
C:\Users\86180\Documents\OpenGL4d_20240521_114830\OpenGL2\Game_imgui.h(1622,138): warning C4267: 'argument': conversion from 'size_t' to 'unsigned int', possible loss of data
  (compiling source file 'Game.cpp')
  
C:\Users\86180\Documents\OpenGL4d_20240521_114830\OpenGL2\Game_imgui.h(1623,135): warning C4267: 'argument': conversion from 'size_t' to 'unsigned int', possible loss of data
  (compiling source file 'Game.cpp')
  
C:\Users\86180\Documents\OpenGL4d_20240521_114830\OpenGL2\Game_imgui.h(1624,32): warning C4267: 'argument': conversion from 'size_t' to 'int', possible loss of data
  (compiling source file 'Game.cpp')
  
C:\Users\86180\Documents\OpenGL4d_20240521_114830\OpenGL2\Game_imgui.h(1636,152): warning C4267: 'argument': conversion from 'size_t' to 'unsigned int', possible loss of data
  (compiling source file 'Game.cpp')
  
C:\Users\86180\Documents\OpenGL4d_20240521_114830\OpenGL2\Game_imgui.h(1637,149): warning C4267: 'argument': conversion from 'size_t' to 'unsigned int', possible loss of data
  (compiling source file 'Game.cpp')
  
C:\Users\86180\Documents\OpenGL4d_20240521_114830\OpenGL2\Game_imgui.h(1648,166): warning C4267: 'argument': conversion from 'size_t' to 'unsigned int', possible loss of data
  (compiling source file 'Game.cpp')
  
C:\Users\86180\Documents\OpenGL4d_20240521_114830\OpenGL2\Game_imgui.h(1649,163): warning C4267: 'argument': conversion from 'size_t' to 'unsigned int', possible loss of data
  (compiling source file 'Game.cpp')
  
C:\Users\86180\Documents\OpenGL4d_20240521_114830\OpenGL2\Game_imgui.h(1656,61): warning C4267: 'argument': conversion from 'size_t' to 'int', possible loss of data
  (compiling source file 'Game.cpp')
  
C:\Users\86180\Documents\OpenGL4d_20240521_114830\OpenGL2\Game_imgui.h(1660,54): warning C4267: 'argument': conversion from 'size_t' to 'unsigned int', possible loss of data
  (compiling source file 'Game.cpp')
  
C:\Users\86180\Documents\OpenGL4d_20240521_114830\OpenGL2\Structures4D.h(173,29): warning C4305: 'initializing': truncation from 'double' to 'float'
  (compiling source file 'Game.cpp')
  
C:\Users\86180\Documents\OpenGL4d_20240521_114830\OpenGL2\Structures4D.h(456,127): warning C4244: 'argument': conversion from 'int' to 'T', possible loss of data
C:\Users\86180\Documents\OpenGL4d_20240521_114830\OpenGL2\Structures4D.h(456,127): warning C4244:         with
C:\Users\86180\Documents\OpenGL4d_20240521_114830\OpenGL2\Structures4D.h(456,127): warning C4244:         [
C:\Users\86180\Documents\OpenGL4d_20240521_114830\OpenGL2\Structures4D.h(456,127): warning C4244:             T=float
C:\Users\86180\Documents\OpenGL4d_20240521_114830\OpenGL2\Structures4D.h(456,127): warning C4244:         ]
  (compiling source file 'Game.cpp')
  
C:\Users\86180\Documents\OpenGL4d_20240521_114830\OpenGL2\StartObj.h(73,182): warning C4267: 'argument': conversion from 'size_t' to 'int', possible loss of data
  (compiling source file 'Game.cpp')
  
C:\Users\86180\Documents\OpenGL4d_20240521_114830\OpenGL2\StartObj.h(74,181): warning C4267: 'argument': conversion from 'size_t' to 'int', possible loss of data
  (compiling source file 'Game.cpp')
  
C:\Users\86180\Documents\OpenGL4d_20240521_114830\OpenGL2\StartObj.h(75,180): warning C4267: 'argument': conversion from 'size_t' to 'int', possible loss of data
  (compiling source file 'Game.cpp')
  
C:\Users\86180\Documents\OpenGL4d_20240521_114830\OpenGL2\StartObj.h(76,179): warning C4267: 'argument': conversion from 'size_t' to 'int', possible loss of data
  (compiling source file 'Game.cpp')
  
C:\Users\86180\Documents\OpenGL4d_20240521_114830\OpenGL2\Collider.h(69,63): warning C4267: 'argument': conversion from 'size_t' to 'unsigned int', possible loss of data
  (compiling source file 'Game.cpp')
  
C:\Users\86180\Documents\OpenGL4d_20240521_114830\OpenGL2\Collider.h(73,75): warning C4267: 'argument': conversion from 'size_t' to 'unsigned int', possible loss of data
  (compiling source file 'Game.cpp')
  
C:\Users\86180\Documents\OpenGL4d_20240521_114830\OpenGL2\Collider.h(73,147): warning C4267: 'argument': conversion from 'size_t' to 'unsigned int', possible loss of data
  (compiling source file 'Game.cpp')
  
C:\Users\86180\Documents\OpenGL4d_20240521_114830\OpenGL2\Collider.h(75,87): warning C4267: 'argument': conversion from 'size_t' to 'unsigned int', possible loss of data
  (compiling source file 'Game.cpp')
  
C:\Users\86180\Documents\OpenGL4d_20240521_114830\OpenGL2\Collider.h(75,159): warning C4267: 'argument': conversion from 'size_t' to 'unsigned int', possible loss of data
  (compiling source file 'Game.cpp')
  
C:\Users\86180\Documents\OpenGL4d_20240521_114830\OpenGL2\Collider.h(76,65): warning C4267: 'argument': conversion from 'size_t' to 'unsigned int', possible loss of data
  (compiling source file 'Game.cpp')
  
C:\Users\86180\Documents\OpenGL4d_20240521_114830\OpenGL2\Collider.h(76,189): warning C4267: 'argument': conversion from 'size_t' to 'unsigned int', possible loss of data
  (compiling source file 'Game.cpp')
  
C:\Users\86180\Documents\OpenGL4d_20240521_114830\OpenGL2\Collider.h(76,261): warning C4267: 'argument': conversion from 'size_t' to 'unsigned int', possible loss of data
  (compiling source file 'Game.cpp')
  
C:\Users\86180\Documents\OpenGL4d_20240521_114830\OpenGL2\Collider.h(83,73): warning C4267: 'argument': conversion from 'size_t' to 'unsigned int', possible loss of data
  (compiling source file 'Game.cpp')
  
C:\Users\86180\Documents\OpenGL4d_20240521_114830\OpenGL2\Collider.h(83,145): warning C4267: 'argument': conversion from 'size_t' to 'unsigned int', possible loss of data
  (compiling source file 'Game.cpp')
  
C:\Users\86180\Documents\OpenGL4d_20240521_114830\OpenGL2\Collider.h(85,63): warning C4267: 'argument': conversion from 'size_t' to 'unsigned int', possible loss of data
  (compiling source file 'Game.cpp')
  
C:\Users\86180\Documents\OpenGL4d_20240521_114830\OpenGL2\Collider.h(93,110): warning C4267: 'argument': conversion from 'size_t' to 'unsigned int', possible loss of data
  (compiling source file 'Game.cpp')
  
C:\Users\86180\Documents\OpenGL4d_20240521_114830\OpenGL2\Collider.h(95,78): warning C4267: 'argument': conversion from 'size_t' to 'unsigned int', possible loss of data
  (compiling source file 'Game.cpp')
  
C:\Users\86180\Documents\OpenGL4d_20240521_114830\OpenGL2\Collider.h(96,75): warning C4267: 'argument': conversion from 'size_t' to 'unsigned int', possible loss of data
  (compiling source file 'Game.cpp')
  
C:\Users\86180\Documents\OpenGL4d_20240521_114830\OpenGL2\Collider.h(97,81): warning C4267: 'argument': conversion from 'size_t' to 'unsigned int', possible loss of data
  (compiling source file 'Game.cpp')
  
C:\Users\86180\Documents\OpenGL4d_20240521_114830\OpenGL2\Collider.h(98,79): warning C4267: 'argument': conversion from 'size_t' to 'unsigned int', possible loss of data
  (compiling source file 'Game.cpp')
  
C:\Users\86180\Documents\OpenGL4d_20240521_114830\OpenGL2\Collider.h(99,99): warning C4267: 'argument': conversion from 'size_t' to 'int', possible loss of data
  (compiling source file 'Game.cpp')
  
C:\Users\86180\Documents\OpenGL4d_20240521_114830\OpenGL2\Collider.h(100,49): warning C4267: 'argument': conversion from 'size_t' to 'int', possible loss of data
  (compiling source file 'Game.cpp')
  
C:\Users\86180\Documents\OpenGL4d_20240521_114830\OpenGL2\Collider.h(112,116): warning C4267: 'argument': conversion from 'size_t' to 'unsigned int', possible loss of data
  (compiling source file 'Game.cpp')
  
C:\Users\86180\Documents\OpenGL4d_20240521_114830\OpenGL2\Collider.h(114,83): warning C4267: 'argument': conversion from 'size_t' to 'unsigned int', possible loss of data
  (compiling source file 'Game.cpp')
  
C:\Users\86180\Documents\OpenGL4d_20240521_114830\OpenGL2\Collider.h(115,81): warning C4267: 'argument': conversion from 'size_t' to 'unsigned int', possible loss of data
  (compiling source file 'Game.cpp')
  
C:\Users\86180\Documents\OpenGL4d_20240521_114830\OpenGL2\Collider.h(123,103): warning C4267: 'argument': conversion from 'size_t' to 'unsigned int', possible loss of data
  (compiling source file 'Game.cpp')
  
C:\Users\86180\Documents\OpenGL4d_20240521_114830\OpenGL2\Collider.h(126,151): warning C4267: 'argument': conversion from 'size_t' to 'unsigned int', possible loss of data
  (compiling source file 'Game.cpp')
  
C:\Users\86180\Documents\OpenGL4d_20240521_114830\OpenGL2\Collider.h(127,149): warning C4267: 'argument': conversion from 'size_t' to 'unsigned int', possible loss of data
  (compiling source file 'Game.cpp')
  
C:\Users\86180\Documents\OpenGL4d_20240521_114830\OpenGL2\Collider.h(131,107): warning C4267: 'argument': conversion from 'size_t' to 'unsigned int', possible loss of data
  (compiling source file 'Game.cpp')
  
C:\Users\86180\Documents\OpenGL4d_20240521_114830\OpenGL2\Collider.h(132,104): warning C4267: 'argument': conversion from 'size_t' to 'unsigned int', possible loss of data
  (compiling source file 'Game.cpp')
  
C:\Users\86180\Documents\OpenGL4d_20240521_114830\OpenGL2\Collider.h(133,110): warning C4267: 'argument': conversion from 'size_t' to 'unsigned int', possible loss of data
  (compiling source file 'Game.cpp')
  
C:\Users\86180\Documents\OpenGL4d_20240521_114830\OpenGL2\Collider.h(134,108): warning C4267: 'argument': conversion from 'size_t' to 'unsigned int', possible loss of data
  (compiling source file 'Game.cpp')
  
C:\Users\86180\Documents\OpenGL4d_20240521_114830\OpenGL2\Collider.h(135,128): warning C4267: 'argument': conversion from 'size_t' to 'int', possible loss of data
  (compiling source file 'Game.cpp')
  
C:\Users\86180\Documents\OpenGL4d_20240521_114830\OpenGL2\Collider.h(136,78): warning C4267: 'argument': conversion from 'size_t' to 'int', possible loss of data
  (compiling source file 'Game.cpp')
  
C:\Users\86180\Documents\OpenGL4d_20240521_114830\OpenGL2\Collider.h(138,122): warning C4267: 'argument': conversion from 'size_t' to 'unsigned int', possible loss of data
  (compiling source file 'Game.cpp')
  
C:\Users\86180\Documents\OpenGL4d_20240521_114830\OpenGL2\Collider.h(139,63): warning C4267: 'argument': conversion from 'size_t' to 'unsigned int', possible loss of data
  (compiling source file 'Game.cpp')
  
C:\Users\86180\Documents\OpenGL4d_20240521_114830\OpenGL2\Collider.h(171,24): warning C4018: '<': signed/unsigned mismatch
  (compiling source file 'Game.cpp')
  
C:\Users\86180\Documents\OpenGL4d_20240521_114830\OpenGL2\Collider.h(182,177): warning C4244: 'argument': conversion from 'int' to 'T', possible loss of data
C:\Users\86180\Documents\OpenGL4d_20240521_114830\OpenGL2\Collider.h(182,177): warning C4244:         with
C:\Users\86180\Documents\OpenGL4d_20240521_114830\OpenGL2\Collider.h(182,177): warning C4244:         [
C:\Users\86180\Documents\OpenGL4d_20240521_114830\OpenGL2\Collider.h(182,177): warning C4244:             T=float
C:\Users\86180\Documents\OpenGL4d_20240521_114830\OpenGL2\Collider.h(182,177): warning C4244:         ]
  (compiling source file 'Game.cpp')
  
C:\Users\86180\Documents\OpenGL4d_20240521_114830\OpenGL2\Collider.h(187,177): warning C4244: 'argument': conversion from 'int' to 'T', possible loss of data
C:\Users\86180\Documents\OpenGL4d_20240521_114830\OpenGL2\Collider.h(187,177): warning C4244:         with
C:\Users\86180\Documents\OpenGL4d_20240521_114830\OpenGL2\Collider.h(187,177): warning C4244:         [
C:\Users\86180\Documents\OpenGL4d_20240521_114830\OpenGL2\Collider.h(187,177): warning C4244:             T=float
C:\Users\86180\Documents\OpenGL4d_20240521_114830\OpenGL2\Collider.h(187,177): warning C4244:         ]
  (compiling source file 'Game.cpp')
  
C:\Users\86180\Documents\OpenGL4d_20240521_114830\OpenGL2\Collider.h(242,24): warning C4018: '<': signed/unsigned mismatch
  (compiling source file 'Game.cpp')
  
C:\Users\86180\Documents\OpenGL4d_20240521_114830\OpenGL2\Keyboard.h(76,49): warning C4305: '-=': truncation from 'double' to 'T'
C:\Users\86180\Documents\OpenGL4d_20240521_114830\OpenGL2\Keyboard.h(76,49): warning C4305:         with
C:\Users\86180\Documents\OpenGL4d_20240521_114830\OpenGL2\Keyboard.h(76,49): warning C4305:         [
C:\Users\86180\Documents\OpenGL4d_20240521_114830\OpenGL2\Keyboard.h(76,49): warning C4305:             T=float
C:\Users\86180\Documents\OpenGL4d_20240521_114830\OpenGL2\Keyboard.h(76,49): warning C4305:         ]
  (compiling source file 'Game.cpp')
  
C:\Users\86180\Documents\OpenGL4d_20240521_114830\OpenGL2\Keyboard.h(82,49): warning C4305: '+=': truncation from 'double' to 'T'
C:\Users\86180\Documents\OpenGL4d_20240521_114830\OpenGL2\Keyboard.h(82,49): warning C4305:         with
C:\Users\86180\Documents\OpenGL4d_20240521_114830\OpenGL2\Keyboard.h(82,49): warning C4305:         [
C:\Users\86180\Documents\OpenGL4d_20240521_114830\OpenGL2\Keyboard.h(82,49): warning C4305:             T=float
C:\Users\86180\Documents\OpenGL4d_20240521_114830\OpenGL2\Keyboard.h(82,49): warning C4305:         ]
  (compiling source file 'Game.cpp')
  
C:\Users\86180\Documents\OpenGL4d_20240521_114830\OpenGL2\Keyboard.h(226,66): warning C4267: 'argument': conversion from 'size_t' to 'int', possible loss of data
  (compiling source file 'Game.cpp')
  
C:\Users\86180\Documents\OpenGL4d_20240521_114830\OpenGL2\Keyboard.h(230,65): warning C4267: 'argument': conversion from 'size_t' to 'int', possible loss of data
  (compiling source file 'Game.cpp')
  
C:\Users\86180\Documents\OpenGL4d_20240521_114830\OpenGL2\Keyboard.h(245,71): warning C4267: 'argument': conversion from 'size_t' to 'unsigned int', possible loss of data
  (compiling source file 'Game.cpp')
  
C:\Users\86180\Documents\OpenGL4d_20240521_114830\OpenGL2\Keyboard.h(435,40): warning C4244: 'argument': conversion from 'int' to 'GLfloat', possible loss of data
  (compiling source file 'Game.cpp')
  
C:\Users\86180\Documents\OpenGL4d_20240521_114830\OpenGL2\Keyboard.h(484,133): warning C4267: 'argument': conversion from 'size_t' to 'unsigned int', possible loss of data
  (compiling source file 'Game.cpp')
  
C:\Users\86180\Documents\OpenGL4d_20240521_114830\OpenGL2\Keyboard.h(485,137): warning C4267: 'argument': conversion from 'size_t' to 'unsigned int', possible loss of data
  (compiling source file 'Game.cpp')
  
C:\Users\86180\Documents\OpenGL4d_20240521_114830\OpenGL2\Keyboard.h(508,98): warning C4267: 'argument': conversion from 'size_t' to 'unsigned int', possible loss of data
  (compiling source file 'Game.cpp')
  
C:\Users\86180\Documents\OpenGL4d_20240521_114830\OpenGL2\Keyboard.h(509,102): warning C4267: 'argument': conversion from 'size_t' to 'unsigned int', possible loss of data
  (compiling source file 'Game.cpp')
  
C:\Users\86180\Documents\OpenGL4d_20240521_114830\OpenGL2\Keyboard.h(528,106): warning C4267: 'argument': conversion from 'size_t' to 'int', possible loss of data
  (compiling source file 'Game.cpp')
  
C:\Users\86180\Documents\OpenGL4d_20240521_114830\OpenGL2\Keyboard.h(534,133): warning C4267: 'argument': conversion from 'size_t' to 'unsigned int', possible loss of data
  (compiling source file 'Game.cpp')
  
C:\Users\86180\Documents\OpenGL4d_20240521_114830\OpenGL2\Keyboard.h(535,137): warning C4267: 'argument': conversion from 'size_t' to 'unsigned int', possible loss of data
  (compiling source file 'Game.cpp')
  
C:\Users\86180\Documents\OpenGL4d_20240521_114830\OpenGL2\Keyboard.h(541,98): warning C4267: 'argument': conversion from 'size_t' to 'unsigned int', possible loss of data
  (compiling source file 'Game.cpp')
  
C:\Users\86180\Documents\OpenGL4d_20240521_114830\OpenGL2\Keyboard.h(542,102): warning C4267: 'argument': conversion from 'size_t' to 'unsigned int', possible loss of data
  (compiling source file 'Game.cpp')
  
C:\Users\86180\Documents\OpenGL4d_20240521_114830\OpenGL2\Keyboard.h(549,92): warning C4267: 'argument': conversion from 'size_t' to 'unsigned int', possible loss of data
  (compiling source file 'Game.cpp')
  
C:\Users\86180\Documents\OpenGL4d_20240521_114830\OpenGL2\Keyboard.h(550,96): warning C4267: 'argument': conversion from 'size_t' to 'unsigned int', possible loss of data
  (compiling source file 'Game.cpp')
  
C:\Users\86180\Documents\OpenGL4d_20240521_114830\OpenGL2\Keyboard.h(555,92): warning C4267: 'argument': conversion from 'size_t' to 'unsigned int', possible loss of data
  (compiling source file 'Game.cpp')
  
C:\Users\86180\Documents\OpenGL4d_20240521_114830\OpenGL2\Keyboard.h(556,96): warning C4267: 'argument': conversion from 'size_t' to 'unsigned int', possible loss of data
  (compiling source file 'Game.cpp')
  
C:\Users\86180\Documents\OpenGL4d_20240521_114830\OpenGL2\Keyboard.h(580,16): warning C4267: 'initializing': conversion from 'size_t' to 'int', possible loss of data
  (compiling source file 'Game.cpp')
  
C:\Users\86180\Documents\OpenGL4d_20240521_114830\OpenGL2\Keyboard.h(618,16): warning C4267: 'initializing': conversion from 'size_t' to 'int', possible loss of data
  (compiling source file 'Game.cpp')
  
C:\Users\86180\Documents\OpenGL4d_20240521_114830\OpenGL2\Keyboard.h(703,52): warning C4267: 'argument': conversion from 'size_t' to 'int', possible loss of data
  (compiling source file 'Game.cpp')
  
C:\Users\86180\Documents\OpenGL4d_20240521_114830\OpenGL2\Keyboard.h(707,50): warning C4267: 'argument': conversion from 'size_t' to 'int', possible loss of data
  (compiling source file 'Game.cpp')
  
C:\Users\86180\Documents\OpenGL4d_20240521_114830\OpenGL2\Keyboard.h(736,72): warning C4267: 'argument': conversion from 'size_t' to 'unsigned int', possible loss of data
  (compiling source file 'Game.cpp')
  
C:\Users\86180\Documents\OpenGL4d_20240521_114830\OpenGL2\Game.cpp(674,205): warning C4267: 'argument': conversion from 'size_t' to 'unsigned int', possible loss of data
C:\Users\86180\Documents\OpenGL4d_20240521_114830\OpenGL2\Game.cpp(1359,16): warning C4267: 'initializing': conversion from 'size_t' to 'int', possible loss of data
  imgui.cpp
  imgui_demo.cpp
  imgui_draw.cpp
  imgui_impl_glfw.cpp
  imgui_impl_opengl3.cpp
  imgui_tables.cpp
  imgui_widgets.cpp
  main.cpp
C:\Users\86180\Documents\OpenGL4d_20240521_114830\OpenGL2\Texture.h(224,16): warning C4244: 'initializing': conversion from 'T' to 'int', possible loss of data
C:\Users\86180\Documents\OpenGL4d_20240521_114830\OpenGL2\Texture.h(224,16): warning C4244:         with
C:\Users\86180\Documents\OpenGL4d_20240521_114830\OpenGL2\Texture.h(224,16): warning C4244:         [
C:\Users\86180\Documents\OpenGL4d_20240521_114830\OpenGL2\Texture.h(224,16): warning C4244:             T=float
C:\Users\86180\Documents\OpenGL4d_20240521_114830\OpenGL2\Texture.h(224,16): warning C4244:         ]
  (compiling source file 'main.cpp')
  
C:\Users\86180\Documents\OpenGL4d_20240521_114830\OpenGL2\Texture.h(226,17): warning C4244: 'initializing': conversion from 'T' to 'int', possible loss of data
C:\Users\86180\Documents\OpenGL4d_20240521_114830\OpenGL2\Texture.h(226,17): warning C4244:         with
C:\Users\86180\Documents\OpenGL4d_20240521_114830\OpenGL2\Texture.h(226,17): warning C4244:         [
C:\Users\86180\Documents\OpenGL4d_20240521_114830\OpenGL2\Texture.h(226,17): warning C4244:             T=float
C:\Users\86180\Documents\OpenGL4d_20240521_114830\OpenGL2\Texture.h(226,17): warning C4244:         ]
  (compiling source file 'main.cpp')
  
C:\Users\86180\Documents\OpenGL4d_20240521_114830\OpenGL2\Texture.h(228,18): warning C4244: 'initializing': conversion from 'T' to 'int', possible loss of data
C:\Users\86180\Documents\OpenGL4d_20240521_114830\OpenGL2\Texture.h(228,18): warning C4244:         with
C:\Users\86180\Documents\OpenGL4d_20240521_114830\OpenGL2\Texture.h(228,18): warning C4244:         [
C:\Users\86180\Documents\OpenGL4d_20240521_114830\OpenGL2\Texture.h(228,18): warning C4244:             T=float
C:\Users\86180\Documents\OpenGL4d_20240521_114830\OpenGL2\Texture.h(228,18): warning C4244:         ]
  (compiling source file 'main.cpp')
  
C:\Users\86180\Documents\OpenGL4d_20240521_114830\OpenGL2\Texture.h(243,16): warning C4244: 'initializing': conversion from 'T' to 'int', possible loss of data
C:\Users\86180\Documents\OpenGL4d_20240521_114830\OpenGL2\Texture.h(243,16): warning C4244:         with
C:\Users\86180\Documents\OpenGL4d_20240521_114830\OpenGL2\Texture.h(243,16): warning C4244:         [
C:\Users\86180\Documents\OpenGL4d_20240521_114830\OpenGL2\Texture.h(243,16): warning C4244:             T=float
C:\Users\86180\Documents\OpenGL4d_20240521_114830\OpenGL2\Texture.h(243,16): warning C4244:         ]
  (compiling source file 'main.cpp')
  
C:\Users\86180\Documents\OpenGL4d_20240521_114830\OpenGL2\Texture.h(245,17): warning C4244: 'initializing': conversion from 'T' to 'int', possible loss of data
C:\Users\86180\Documents\OpenGL4d_20240521_114830\OpenGL2\Texture.h(245,17): warning C4244:         with
C:\Users\86180\Documents\OpenGL4d_20240521_114830\OpenGL2\Texture.h(245,17): warning C4244:         [
C:\Users\86180\Documents\OpenGL4d_20240521_114830\OpenGL2\Texture.h(245,17): warning C4244:             T=float
C:\Users\86180\Documents\OpenGL4d_20240521_114830\OpenGL2\Texture.h(245,17): warning C4244:         ]
  (compiling source file 'main.cpp')
  
C:\Users\86180\Documents\OpenGL4d_20240521_114830\OpenGL2\Texture.h(247,18): warning C4244: 'initializing': conversion from 'T' to 'int', possible loss of data
C:\Users\86180\Documents\OpenGL4d_20240521_114830\OpenGL2\Texture.h(247,18): warning C4244:         with
C:\Users\86180\Documents\OpenGL4d_20240521_114830\OpenGL2\Texture.h(247,18): warning C4244:         [
C:\Users\86180\Documents\OpenGL4d_20240521_114830\OpenGL2\Texture.h(247,18): warning C4244:             T=float
C:\Users\86180\Documents\OpenGL4d_20240521_114830\OpenGL2\Texture.h(247,18): warning C4244:         ]
  (compiling source file 'main.cpp')
  
C:\Users\86180\Documents\OpenGL4d_20240521_114830\OpenGL2\Texture.h(275,83): warning C4244: 'argument': conversion from 'float' to 'GLint', possible loss of data
  (compiling source file 'main.cpp')
  
C:\Users\86180\Documents\OpenGL4d_20240521_114830\OpenGL2\Texture.h(275,61): warning C4244: 'argument': conversion from 'float' to 'GLint', possible loss of data
  (compiling source file 'main.cpp')
  
C:\Users\86180\Documents\OpenGL4d_20240521_114830\OpenGL2\Texture.h(275,39): warning C4244: 'argument': conversion from 'float' to 'GLint', possible loss of data
  (compiling source file 'main.cpp')
  
C:\Users\86180\Documents\OpenGL4d_20240521_114830\OpenGL2\Primitives4D.h(810,28): warning C4267: 'initializing': conversion from 'size_t' to 'unsigned int', possible loss of data
  (compiling source file 'main.cpp')
  
C:\Users\86180\Documents\OpenGL4d_20240521_114830\OpenGL2\Primitives4D.h(829,13): warning C4267: 'initializing': conversion from 'size_t' to 'int', possible loss of data
  (compiling source file 'main.cpp')
  
C:\Users\86180\Documents\OpenGL4d_20240521_114830\OpenGL2\Primitives4D.h(830,13): warning C4267: 'initializing': conversion from 'size_t' to 'int', possible loss of data
  (compiling source file 'main.cpp')
  
C:\Users\86180\Documents\OpenGL4d_20240521_114830\OpenGL2\Primitives4D.h(831,13): warning C4267: 'initializing': conversion from 'size_t' to 'int', possible loss of data
  (compiling source file 'main.cpp')
  
C:\Users\86180\Documents\OpenGL4d_20240521_114830\OpenGL2\Line.h(112,38): warning C4018: '<': signed/unsigned mismatch
  (compiling source file 'main.cpp')
  
C:\Program Files (x86)\Windows Kits\10\Include\10.0.22000.0\shared\minwindef.h(130,1): warning C4005: 'APIENTRY': macro redefinition
  (compiling source file 'main.cpp')
  C:\Users\86180\Documents\OpenGL4d_20240521_114830\Dependencies_64x\GLFW\include\GLFW\glfw3.h(123,1):
  see previous definition of 'APIENTRY'
  
C:\Users\86180\Documents\OpenGL4d_20240521_114830\OpenGL2\Light.h(246,33): warning C4267: 'argument': conversion from 'size_t' to 'GLint', possible loss of data
  (compiling source file 'main.cpp')
  
C:\Users\86180\Documents\OpenGL4d_20240521_114830\OpenGL2\Light.h(248,33): warning C4267: 'argument': conversion from 'size_t' to 'GLint', possible loss of data
  (compiling source file 'main.cpp')
  
C:\Users\86180\Documents\OpenGL4d_20240521_114830\OpenGL2\Joint.h(198,2): warning C4091: 'static ': ignored on left of 'HingeConstraint4D' when no variable is declared
  (compiling source file 'main.cpp')
  
C:\Users\86180\Documents\OpenGL4d_20240521_114830\OpenGL2\ObjectLists.h(72,29): warning C4018: '>=': signed/unsigned mismatch
  (compiling source file 'main.cpp')
  
C:\Users\86180\Documents\OpenGL4d_20240521_114830\OpenGL2\ObjectLists.h(76,29): warning C4018: '>=': signed/unsigned mismatch
  (compiling source file 'main.cpp')
  
C:\Users\86180\Documents\OpenGL4d_20240521_114830\OpenGL2\ObjectLists.h(83,30): warning C4018: '>=': signed/unsigned mismatch
  (compiling source file 'main.cpp')
  
C:\Users\86180\Documents\OpenGL4d_20240521_114830\OpenGL2\ObjectLists.h(87,30): warning C4018: '>=': signed/unsigned mismatch
  (compiling source file 'main.cpp')
  
C:\Users\86180\Documents\OpenGL4d_20240521_114830\OpenGL2\ObjectLists.h(94,37): warning C4018: '>=': signed/unsigned mismatch
  (compiling source file 'main.cpp')
  
C:\Users\86180\Documents\OpenGL4d_20240521_114830\OpenGL2\ObjectLists.h(98,37): warning C4018: '>=': signed/unsigned mismatch
  (compiling source file 'main.cpp')
  
C:\Users\86180\Documents\OpenGL4d_20240521_114830\OpenGL2\ObjectLists.h(133,18): warning C4267: 'initializing': conversion from 'size_t' to 'unsigned int', possible loss of data
  (compiling source file 'main.cpp')
  
C:\Users\86180\Documents\OpenGL4d_20240521_114830\OpenGL2\ObjectLists.h(134,15): warning C4018: '<': signed/unsigned mismatch
  (compiling source file 'main.cpp')
  
C:\Users\86180\Documents\OpenGL4d_20240521_114830\OpenGL2\ObjectLists.h(331,12): warning C4267: 'return': conversion from 'size_t' to 'int', possible loss of data
  (compiling source file 'main.cpp')
  
C:\Users\86180\Documents\OpenGL4d_20240521_114830\OpenGL2\ObjectLists.h(339,41): warning C4267: '+=': conversion from 'size_t' to 'int', possible loss of data
  (compiling source file 'main.cpp')
  
C:\Users\86180\Documents\OpenGL4d_20240521_114830\OpenGL2\ObjectLists.h(449,64): warning C4267: 'argument': conversion from 'size_t' to 'int', possible loss of data
  (compiling source file 'main.cpp')
  
C:\Users\86180\Documents\OpenGL4d_20240521_114830\OpenGL2\ObjectLists.h(456,92): warning C4267: 'argument': conversion from 'size_t' to 'int', possible loss of data
  (compiling source file 'main.cpp')
  
C:\Users\86180\Documents\OpenGL4d_20240521_114830\OpenGL2\ObjectLists.h(457,51): warning C4267: 'argument': conversion from 'size_t' to 'int', possible loss of data
  (compiling source file 'main.cpp')
  
C:\Users\86180\Documents\OpenGL4d_20240521_114830\OpenGL2\ObjectLists.h(464,72): warning C4267: 'argument': conversion from 'size_t' to 'unsigned int', possible loss of data
  (compiling source file 'main.cpp')
  
C:\Users\86180\Documents\OpenGL4d_20240521_114830\OpenGL2\ObjectLists.h(473,81): warning C4267: 'argument': conversion from 'size_t' to 'unsigned int', possible loss of data
  (compiling source file 'main.cpp')
  
C:\Users\86180\Documents\OpenGL4d_20240521_114830\OpenGL2\ObjectLists.h(479,56): warning C4267: 'argument': conversion from 'size_t' to '_Ty', possible loss of data
C:\Users\86180\Documents\OpenGL4d_20240521_114830\OpenGL2\ObjectLists.h(479,56): warning C4267:         with
C:\Users\86180\Documents\OpenGL4d_20240521_114830\OpenGL2\ObjectLists.h(479,56): warning C4267:         [
C:\Users\86180\Documents\OpenGL4d_20240521_114830\OpenGL2\ObjectLists.h(479,56): warning C4267:             _Ty=GLint
C:\Users\86180\Documents\OpenGL4d_20240521_114830\OpenGL2\ObjectLists.h(479,56): warning C4267:         ]
  (compiling source file 'main.cpp')
  
C:\Users\86180\Documents\OpenGL4d_20240521_114830\OpenGL2\ObjectLists.h(493,70): warning C4267: 'initializing': conversion from 'size_t' to 'int', possible loss of data
  (compiling source file 'main.cpp')
  
C:\Users\86180\Documents\OpenGL4d_20240521_114830\OpenGL2\ObjectLists.h(493,73): warning C4267: 'initializing': conversion from 'size_t' to 'int', possible loss of data
  (compiling source file 'main.cpp')
  
C:\Users\86180\Documents\OpenGL4d_20240521_114830\OpenGL2\ObjectLists.h(500,63): warning C4267: 'argument': conversion from 'size_t' to 'int', possible loss of data
  (compiling source file 'main.cpp')
  
C:\Users\86180\Documents\OpenGL4d_20240521_114830\OpenGL2\ObjectLists.h(504,47): warning C4267: 'argument': conversion from 'size_t' to '_Ty', possible loss of data
C:\Users\86180\Documents\OpenGL4d_20240521_114830\OpenGL2\ObjectLists.h(504,47): warning C4267:         with
C:\Users\86180\Documents\OpenGL4d_20240521_114830\OpenGL2\ObjectLists.h(504,47): warning C4267:         [
C:\Users\86180\Documents\OpenGL4d_20240521_114830\OpenGL2\ObjectLists.h(504,47): warning C4267:             _Ty=GLint
C:\Users\86180\Documents\OpenGL4d_20240521_114830\OpenGL2\ObjectLists.h(504,47): warning C4267:         ]
  (compiling source file 'main.cpp')
  
C:\Users\86180\Documents\OpenGL4d_20240521_114830\OpenGL2\ObjectLists.h(522,2): warning C4091: 'static ': ignored on left of 'RenderIndex' when no variable is declared
  (compiling source file 'main.cpp')
  
C:\Users\86180\Documents\OpenGL4d_20240521_114830\OpenGL2\ObjectLists.h(606,19): warning C4267: 'initializing': conversion from 'size_t' to 'int', possible loss of data
  (compiling source file 'main.cpp')
  
C:\Users\86180\Documents\OpenGL4d_20240521_114830\OpenGL2\ObjectLists.h(625,10): warning C4267: 'initializing': conversion from 'size_t' to 'int', possible loss of data
  (compiling source file 'main.cpp')
  
C:\Users\86180\Documents\OpenGL4d_20240521_114830\OpenGL2\gjk.h(160,26): warning C4018: '<': signed/unsigned mismatch
  (compiling source file 'main.cpp')
  
C:\Users\86180\Documents\OpenGL4d_20240521_114830\OpenGL2\gjk.h(197,26): warning C4018: '<': signed/unsigned mismatch
  (compiling source file 'main.cpp')
  
C:\Users\86180\Documents\OpenGL4d_20240521_114830\OpenGL2\gjk.h(275,27): warning C4018: '<': signed/unsigned mismatch
  (compiling source file 'main.cpp')
  
C:\Users\86180\Documents\OpenGL4d_20240521_114830\OpenGL2\gjk.h(382,26): warning C4018: '<': signed/unsigned mismatch
  (compiling source file 'main.cpp')
  
C:\Users\86180\Documents\OpenGL4d_20240521_114830\OpenGL2\gjk.h(419,26): warning C4018: '<': signed/unsigned mismatch
  (compiling source file 'main.cpp')
  
C:\Users\86180\Documents\OpenGL4d_20240521_114830\OpenGL2\gjk.h(463,27): warning C4018: '<': signed/unsigned mismatch
  (compiling source file 'main.cpp')
  
C:\Users\86180\Documents\OpenGL4d_20240521_114830\OpenGL2\gjk.h(696,2): warning C4091: 'static ': ignored on left of 'Simplex' when no variable is declared
  (compiling source file 'main.cpp')
  
C:\Users\86180\Documents\OpenGL4d_20240521_114830\OpenGL2\gjk.h(551,23): warning C4267: 'initializing': conversion from 'size_t' to 'int', possible loss of data
  (compiling source file 'main.cpp')
  
C:\Users\86180\Documents\OpenGL4d_20240521_114830\OpenGL2\gjk.h(829,32): warning C4267: 'initializing': conversion from 'size_t' to 'unsigned int', possible loss of data
  (compiling source file 'main.cpp')
  
C:\Users\86180\Documents\OpenGL4d_20240521_114830\OpenGL2\gjk.h(896,22): warning C4267: '=': conversion from 'size_t' to 'unsigned int', possible loss of data
  (compiling source file 'main.cpp')
  
C:\Users\86180\Documents\OpenGL4d_20240521_114830\OpenGL2\gjk.h(931,35): warning C4018: '<': signed/unsigned mismatch
  (compiling source file 'main.cpp')
  
C:\Users\86180\Documents\OpenGL4d_20240521_114830\OpenGL2\gjk.h(1066,28): warning C4267: 'initializing': conversion from 'size_t' to 'unsigned int', possible loss of data
  (compiling source file 'main.cpp')
  
C:\Users\86180\Documents\OpenGL4d_20240521_114830\OpenGL2\colliderPhy.h(18,2): warning C4091: 'static ': ignored on left of 'CollisionManifold' when no variable is declared
  (compiling source file 'main.cpp')
  
C:\Users\86180\Documents\OpenGL4d_20240521_114830\OpenGL2\colliderPhy.h(37,2): warning C4091: 'static ': ignored on left of 'Collision' when no variable is declared
  (compiling source file 'main.cpp')
  
C:\Users\86180\Documents\OpenGL4d_20240521_114830\OpenGL2\colliderPhy.h(302,26): warning C4018: '<': signed/unsigned mismatch
  (compiling source file 'main.cpp')
  
C:\Users\86180\Documents\OpenGL4d_20240521_114830\OpenGL2\colliderPhy.h(512,47): warning C4267: '=': conversion from 'size_t' to 'unsigned int', possible loss of data
  (compiling source file 'main.cpp')
  
C:\Users\86180\Documents\OpenGL4d_20240521_114830\OpenGL2\colliderPhy.h(500,23): warning C4101: 'detectPos4D0': unreferenced local variable
  (compiling source file 'main.cpp')
  
C:\Users\86180\Documents\OpenGL4d_20240521_114830\OpenGL2\colliderPhy.h(872,94): warning C4244: '=': conversion from 'int' to 'float', possible loss of data
  (compiling source file 'main.cpp')
  
C:\Users\86180\Documents\OpenGL4d_20240521_114830\OpenGL2\colliderPhy.h(873,94): warning C4244: '=': conversion from 'int' to 'float', possible loss of data
  (compiling source file 'main.cpp')
  
C:\Users\86180\Documents\OpenGL4d_20240521_114830\OpenGL2\colliderPhy.h(917,38): warning C4018: '<': signed/unsigned mismatch
  (compiling source file 'main.cpp')
  
C:\Users\86180\Documents\OpenGL4d_20240521_114830\OpenGL2\colliderPhy.h(1073,96): warning C4244: '=': conversion from 'int' to 'float', possible loss of data
  (compiling source file 'main.cpp')
  
C:\Users\86180\Documents\OpenGL4d_20240521_114830\OpenGL2\colliderPhy.h(1074,96): warning C4244: '=': conversion from 'int' to 'float', possible loss of data
  (compiling source file 'main.cpp')
  
C:\Users\86180\Documents\OpenGL4d_20240521_114830\OpenGL2\colliderPhy.h(1108,51): warning C4267: '=': conversion from 'size_t' to 'unsigned int', possible loss of data
  (compiling source file 'main.cpp')
  
C:\Users\86180\Documents\OpenGL4d_20240521_114830\OpenGL2\colliderPhy.h(1191,34): warning C4018: '<': signed/unsigned mismatch
  (compiling source file 'main.cpp')
  
C:\Users\86180\Documents\OpenGL4d_20240521_114830\OpenGL2\colliderPhy.h(1219,34): warning C4018: '<': signed/unsigned mismatch
  (compiling source file 'main.cpp')
  
C:\Users\86180\Documents\OpenGL4d_20240521_114830\OpenGL2\colliderPhy.h(1314,92): warning C4244: '=': conversion from 'int' to 'float', possible loss of data
  (compiling source file 'main.cpp')
  
C:\Users\86180\Documents\OpenGL4d_20240521_114830\OpenGL2\colliderPhy.h(1315,92): warning C4244: '=': conversion from 'int' to 'float', possible loss of data
  (compiling source file 'main.cpp')
  
C:\Users\86180\Documents\OpenGL4d_20240521_114830\OpenGL2\colliderPhy.h(1336,30): warning C4018: '<': signed/unsigned mismatch
  (compiling source file 'main.cpp')
  
C:\Users\86180\Documents\OpenGL4d_20240521_114830\OpenGL2\colliderPhy.h(1349,51): warning C4267: '=': conversion from 'size_t' to 'unsigned int', possible loss of data
  (compiling source file 'main.cpp')
  
C:\Users\86180\Documents\OpenGL4d_20240521_114830\OpenGL2\colliderPhy.h(1652,51): warning C4267: '=': conversion from 'size_t' to 'unsigned int', possible loss of data
  (compiling source file 'main.cpp')
  
C:\Users\86180\Documents\OpenGL4d_20240521_114830\OpenGL2\colliderPhy.h(1640,27): warning C4101: 'detectPos4D0': unreferenced local variable
  (compiling source file 'main.cpp')
  
C:\Users\86180\Documents\OpenGL4d_20240521_114830\OpenGL2\colliderPhy.h(1874,26): warning C4018: '<': signed/unsigned mismatch
  (compiling source file 'main.cpp')
  
C:\Users\86180\Documents\OpenGL4d_20240521_114830\OpenGL2\colliderPhy.h(1900,30): warning C4018: '<': signed/unsigned mismatch
  (compiling source file 'main.cpp')
  
C:\Users\86180\Documents\OpenGL4d_20240521_114830\OpenGL2\collision.h(13,2): warning C4091: 'static ': ignored on left of 'ContactState' when no variable is declared
  (compiling source file 'main.cpp')
  
C:\Users\86180\Documents\OpenGL4d_20240521_114830\OpenGL2\collision.h(29,2): warning C4091: 'static ': ignored on left of 'Tangents' when no variable is declared
  (compiling source file 'main.cpp')
  
C:\Users\86180\Documents\OpenGL4d_20240521_114830\OpenGL2\collision.h(49,2): warning C4091: 'static ': ignored on left of 'CollisionConstraint' when no variable is declared
  (compiling source file 'main.cpp')
  
C:\Users\86180\Documents\OpenGL4d_20240521_114830\OpenGL2\collision.h(62,2): warning C4091: 'static ': ignored on left of 'Constraint' when no variable is declared
  (compiling source file 'main.cpp')
  
C:\Users\86180\Documents\OpenGL4d_20240521_114830\OpenGL2\Phys4D.h(89,65): warning C4267: 'argument': conversion from 'size_t' to 'unsigned int', possible loss of data
  (compiling source file 'main.cpp')
  
C:\Users\86180\Documents\OpenGL4d_20240521_114830\OpenGL2\Phys4D.h(104,55): warning C4267: 'argument': conversion from 'size_t' to 'int', possible loss of data
  (compiling source file 'main.cpp')
  
C:\Users\86180\Documents\OpenGL4d_20240521_114830\OpenGL2\Phys4D.h(110,55): warning C4267: 'argument': conversion from 'size_t' to 'int', possible loss of data
  (compiling source file 'main.cpp')
  
C:\Users\86180\Documents\OpenGL4d_20240521_114830\OpenGL2\Phys4D.h(132,49): warning C4267: 'argument': conversion from 'size_t' to 'int', possible loss of data
  (compiling source file 'main.cpp')
  
C:\Users\86180\Documents\OpenGL4d_20240521_114830\OpenGL2\Phys4D.h(132,46): warning C4267: 'argument': conversion from 'size_t' to 'int', possible loss of data
  (compiling source file 'main.cpp')
  
C:\Users\86180\Documents\OpenGL4d_20240521_114830\OpenGL2\Phys4D.h(133,123): warning C4267: 'argument': conversion from 'size_t' to 'int', possible loss of data
  (compiling source file 'main.cpp')
  
C:\Users\86180\Documents\OpenGL4d_20240521_114830\OpenGL2\Phys4D.h(133,73): warning C4267: 'argument': conversion from 'size_t' to 'int', possible loss of data
  (compiling source file 'main.cpp')
  
C:\Users\86180\Documents\OpenGL4d_20240521_114830\OpenGL2\Phys4D.h(137,54): warning C4267: 'argument': conversion from 'size_t' to 'int', possible loss of data
  (compiling source file 'main.cpp')
  
C:\Users\86180\Documents\OpenGL4d_20240521_114830\OpenGL2\Phys4D.h(143,83): warning C4267: 'argument': conversion from 'size_t' to 'int', possible loss of data
  (compiling source file 'main.cpp')
  
C:\Users\86180\Documents\OpenGL4d_20240521_114830\OpenGL2\Phys4D.h(143,145): warning C4267: 'argument': conversion from 'size_t' to 'int', possible loss of data
  (compiling source file 'main.cpp')
  
C:\Users\86180\Documents\OpenGL4d_20240521_114830\OpenGL2\Phys4D.h(143,87): warning C4267: 'argument': conversion from 'size_t' to 'int', possible loss of data
  (compiling source file 'main.cpp')
  
C:\Users\86180\Documents\OpenGL4d_20240521_114830\OpenGL2\Phys4D.h(149,45): warning C4267: 'argument': conversion from 'size_t' to 'int', possible loss of data
  (compiling source file 'main.cpp')
  
C:\Users\86180\Documents\OpenGL4d_20240521_114830\OpenGL2\Phys4D.h(219,118): warning C4267: 'argument': conversion from 'size_t' to 'int', possible loss of data
  (compiling source file 'main.cpp')
  
C:\Users\86180\Documents\OpenGL4d_20240521_114830\OpenGL2\Phys4D.h(252,92): warning C4267: 'argument': conversion from 'size_t' to 'int', possible loss of data
  (compiling source file 'main.cpp')
  
C:\Users\86180\Documents\OpenGL4d_20240521_114830\OpenGL2\Phys4D.h(264,65): warning C4267: 'argument': conversion from 'size_t' to 'unsigned int', possible loss of data
  (compiling source file 'main.cpp')
  
C:\Users\86180\Documents\OpenGL4d_20240521_114830\OpenGL2\Phys4D.h(269,67): warning C4267: 'argument': conversion from 'size_t' to 'unsigned int', possible loss of data
  (compiling source file 'main.cpp')
  
C:\Users\86180\Documents\OpenGL4d_20240521_114830\OpenGL2\Phys4D.h(332,69): warning C4267: 'argument': conversion from 'size_t' to 'int', possible loss of data
  (compiling source file 'main.cpp')
  
C:\Users\86180\Documents\OpenGL4d_20240521_114830\OpenGL2\Phys4D.h(341,69): warning C4267: 'argument': conversion from 'size_t' to 'int', possible loss of data
  (compiling source file 'main.cpp')
  
C:\Users\86180\Documents\OpenGL4d_20240521_114830\OpenGL2\Phys4D.h(376,69): warning C4267: 'argument': conversion from 'size_t' to 'int', possible loss of data
  (compiling source file 'main.cpp')
  
C:\Users\86180\Documents\OpenGL4d_20240521_114830\OpenGL2\Phys4D.h(385,69): warning C4267: 'argument': conversion from 'size_t' to 'int', possible loss of data
  (compiling source file 'main.cpp')
  
C:\Users\86180\Documents\OpenGL4d_20240521_114830\OpenGL2\Phys4D.h(502,86): warning C4267: 'argument': conversion from 'size_t' to 'int', possible loss of data
  (compiling source file 'main.cpp')
  
C:\Users\86180\Documents\OpenGL4d_20240521_114830\OpenGL2\Phys4D.h(515,151): warning C4267: 'argument': conversion from 'size_t' to 'int', possible loss of data
  (compiling source file 'main.cpp')
  
C:\Users\86180\Documents\OpenGL4d_20240521_114830\OpenGL2\Phys4D.h(522,87): warning C4267: 'argument': conversion from 'size_t' to 'int', possible loss of data
  (compiling source file 'main.cpp')
  
C:\Users\86180\Documents\OpenGL4d_20240521_114830\OpenGL2\Phys4D.h(526,87): warning C4267: 'argument': conversion from 'size_t' to 'int', possible loss of data
  (compiling source file 'main.cpp')
  
C:\Users\86180\Documents\OpenGL4d_20240521_114830\OpenGL2\Phys4D.h(526,195): warning C4267: 'argument': conversion from 'size_t' to 'int', possible loss of data
  (compiling source file 'main.cpp')
  
C:\Users\86180\Documents\OpenGL4d_20240521_114830\OpenGL2\Phys4D.h(547,89): warning C4267: 'argument': conversion from 'size_t' to 'int', possible loss of data
  (compiling source file 'main.cpp')
  
C:\Users\86180\Documents\OpenGL4d_20240521_114830\OpenGL2\Phys4D.h(560,156): warning C4267: 'argument': conversion from 'size_t' to 'int', possible loss of data
  (compiling source file 'main.cpp')
  
C:\Users\86180\Documents\OpenGL4d_20240521_114830\OpenGL2\Phys4D.h(567,91): warning C4267: 'argument': conversion from 'size_t' to 'int', possible loss of data
  (compiling source file 'main.cpp')
  
C:\Users\86180\Documents\OpenGL4d_20240521_114830\OpenGL2\Phys4D.h(571,91): warning C4267: 'argument': conversion from 'size_t' to 'int', possible loss of data
  (compiling source file 'main.cpp')
  
C:\Users\86180\Documents\OpenGL4d_20240521_114830\OpenGL2\Phys4D.h(571,201): warning C4267: 'argument': conversion from 'size_t' to 'int', possible loss of data
  (compiling source file 'main.cpp')
  
C:\Users\86180\Documents\OpenGL4d_20240521_114830\OpenGL2\DetectRay.h(19,20): warning C4267: 'initializing': conversion from 'size_t' to 'int', possible loss of data
  (compiling source file 'main.cpp')
  
C:\Users\86180\Documents\OpenGL4d_20240521_114830\OpenGL2\DetectRay.h(25,16): warning C4244: 'initializing': conversion from 'double' to 'float', possible loss of data
  (compiling source file 'main.cpp')
  
C:\Users\86180\Documents\OpenGL4d_20240521_114830\OpenGL2\DetectRay.h(26,16): warning C4244: 'initializing': conversion from 'double' to 'float', possible loss of data
  (compiling source file 'main.cpp')
  
C:\Users\86180\Documents\OpenGL4d_20240521_114830\OpenGL2\DetectRay.h(187,21): warning C4018: '<': signed/unsigned mismatch
  (compiling source file 'main.cpp')
  
C:\Users\86180\Documents\OpenGL4d_20240521_114830\OpenGL2\DetectRay.h(307,62): warning C4267: 'argument': conversion from 'size_t' to 'unsigned int', possible loss of data
  (compiling source file 'main.cpp')
  
C:\Users\86180\Documents\OpenGL4d_20240521_114830\OpenGL2\DetectRay.h(319,18): warning C4267: '=': conversion from 'size_t' to 'int', possible loss of data
  (compiling source file 'main.cpp')
  
C:\Users\86180\Documents\OpenGL4d_20240521_114830\OpenGL2\DetectRay.h(325,18): warning C4267: '=': conversion from 'size_t' to 'int', possible loss of data
  (compiling source file 'main.cpp')
  
C:\Users\86180\Documents\OpenGL4d_20240521_114830\OpenGL2\DetectRay.h(335,42): warning C4267: 'argument': conversion from 'size_t' to 'int', possible loss of data
  (compiling source file 'main.cpp')
  
C:\Users\86180\Documents\OpenGL4d_20240521_114830\OpenGL2\DetectRay.h(337,36): warning C4267: 'argument': conversion from 'size_t' to 'int', possible loss of data
  (compiling source file 'main.cpp')
  
C:\Users\86180\Documents\OpenGL4d_20240521_114830\OpenGL2\DetectRay.h(351,23): warning C4267: '=': conversion from 'size_t' to 'int', possible loss of data
  (compiling source file 'main.cpp')
  
C:\Users\86180\Documents\OpenGL4d_20240521_114830\OpenGL2\DetectRay.h(357,23): warning C4267: '=': conversion from 'size_t' to 'int', possible loss of data
  (compiling source file 'main.cpp')
  
C:\Users\86180\Documents\OpenGL4d_20240521_114830\OpenGL2\DetectRay.h(367,51): warning C4267: 'argument': conversion from 'size_t' to 'int', possible loss of data
  (compiling source file 'main.cpp')
  
C:\Users\86180\Documents\OpenGL4d_20240521_114830\OpenGL2\DetectRay.h(379,21): warning C4267: '=': conversion from 'size_t' to 'int', possible loss of data
  (compiling source file 'main.cpp')
  
C:\Users\86180\Documents\OpenGL4d_20240521_114830\OpenGL2\DetectRay.h(385,21): warning C4267: '=': conversion from 'size_t' to 'int', possible loss of data
  (compiling source file 'main.cpp')
  
C:\Users\86180\Documents\OpenGL4d_20240521_114830\OpenGL2\DetectRay.h(397,50): warning C4267: 'argument': conversion from 'size_t' to 'int', possible loss of data
  (compiling source file 'main.cpp')
  
C:\Users\86180\Documents\OpenGL4d_20240521_114830\OpenGL2\DetectRay.h(409,21): warning C4267: '=': conversion from 'size_t' to 'int', possible loss of data
  (compiling source file 'main.cpp')
  
C:\Users\86180\Documents\OpenGL4d_20240521_114830\OpenGL2\DetectRay.h(415,21): warning C4267: '=': conversion from 'size_t' to 'int', possible loss of data
  (compiling source file 'main.cpp')
  
C:\Users\86180\Documents\OpenGL4d_20240521_114830\OpenGL2\DetectRay.h(427,45): warning C4267: 'argument': conversion from 'size_t' to 'int', possible loss of data
  (compiling source file 'main.cpp')
  
C:\Users\86180\Documents\OpenGL4d_20240521_114830\OpenGL2\DetectRay.h(429,60): warning C4267: 'argument': conversion from 'size_t' to 'int', possible loss of data
  (compiling source file 'main.cpp')
  
C:\Users\86180\Documents\OpenGL4d_20240521_114830\OpenGL2\DetectRay.h(434,118): warning C4267: '=': conversion from 'size_t' to 'int', possible loss of data
  (compiling source file 'main.cpp')
  
C:\Users\86180\Documents\OpenGL4d_20240521_114830\OpenGL2\DetectRay.h(440,118): warning C4267: '=': conversion from 'size_t' to 'int', possible loss of data
  (compiling source file 'main.cpp')
  
C:\Users\86180\Documents\OpenGL4d_20240521_114830\OpenGL2\Animation.h(246,22): warning C4018: '>=': signed/unsigned mismatch
  (compiling source file 'main.cpp')
  
C:\Users\86180\Documents\OpenGL4d_20240521_114830\OpenGL2\Animation.h(253,24): warning C4018: '>=': signed/unsigned mismatch
  (compiling source file 'main.cpp')
  
C:\Users\86180\Documents\OpenGL4d_20240521_114830\OpenGL2\Animation.h(257,24): warning C4018: '>=': signed/unsigned mismatch
  (compiling source file 'main.cpp')
  
C:\Users\86180\Documents\OpenGL4d_20240521_114830\OpenGL2\LoadAndSave.h(67,64): warning C4267: 'argument': conversion from 'size_t' to 'unsigned int', possible loss of data
  (compiling source file 'main.cpp')
  
C:\Users\86180\Documents\OpenGL4d_20240521_114830\OpenGL2\LoadAndSave.h(88,54): warning C4267: 'argument': conversion from 'size_t' to 'int', possible loss of data
  (compiling source file 'main.cpp')
  
C:\Users\86180\Documents\OpenGL4d_20240521_114830\OpenGL2\LoadAndSave.h(149,21): warning C4018: '<': signed/unsigned mismatch
  (compiling source file 'main.cpp')
  
C:\Users\86180\Documents\OpenGL4d_20240521_114830\OpenGL2\LoadAndSave.h(153,21): warning C4018: '<': signed/unsigned mismatch
  (compiling source file 'main.cpp')
  
C:\Users\86180\Documents\OpenGL4d_20240521_114830\OpenGL2\LoadAndSave.h(310,22): warning C4018: '<': signed/unsigned mismatch
  (compiling source file 'main.cpp')
  
C:\Users\86180\Documents\OpenGL4d_20240521_114830\OpenGL2\LoadAndSave.h(314,22): warning C4018: '<': signed/unsigned mismatch
  (compiling source file 'main.cpp')
  
C:\Users\86180\Documents\OpenGL4d_20240521_114830\OpenGL2\main.cpp(35,24): warning C4244: 'argument': conversion from 'double' to 'int', possible loss of data
  Generating Code...
C:\Users\86180\Documents\OpenGL4d_20240521_114830\OpenGL2\InputLists.h(101,1): warning C4715: 'transformInput': not all control paths return a value
C:\Users\86180\Documents\OpenGL4d_20240521_114830\OpenGL2\ObjectLists.h(437,1): warning C4715: 'find_wall4d': not all control paths return a value
C:\Users\86180\Documents\OpenGL4d_20240521_114830\OpenGL2\ObjectLists.h(425,1): warning C4715: 'find_wall4d': not all control paths return a value
C:\Users\86180\Documents\OpenGL4d_20240521_114830\OpenGL2\Geometry.h(138,1): warning C4715: 'texcoord_position2': not all control paths return a value
C:\Users\86180\Documents\OpenGL4d_20240521_114830\OpenGL2\LoadAndSave.h(57,1): warning C4715: 'name_list': not all control paths return a value
C:\Users\86180\Documents\OpenGL4d_20240521_114830\OpenGL2\gjk.h(213,1): warning C4715: 'support': not all control paths return a value
C:\Users\86180\Documents\OpenGL4d_20240521_114830\OpenGL2\collision.h(28,1): warning C4715: 'Tangents::tangent': not all control paths return a value
C:\Users\86180\Documents\OpenGL4d_20240521_114830\OpenGL2\gjk.h(435,1): warning C4715: 'support_distance': not all control paths return a value
C:\Users\86180\Documents\OpenGL4d_20240521_114830\OpenGL2\gjk.h(695,1): warning C4715: 'Simplex::nearest_simplex': not all control paths return a value
  LINK : C:\Users\86180\Documents\OpenGL4d_20240521_114830\x64\Debug\NewEngine.exe not found or not built by the last incremental link; performing full link
glew32s.lib(glew.obj) : warning LNK4099: PDB '' was not found with 'glew32s.lib(glew.obj)' or at ''; linking object as if no debug info
LINK : warning LNK4098: defaultlib 'LIBCMT' conflicts with use of other libs; use /NODEFAULTLIB:library
LINK : warning LNK4098: defaultlib 'MSVCRT' conflicts with use of other libs; use /NODEFAULTLIB:library
  OpenGL2.vcxproj -> C:\Users\86180\Documents\OpenGL4d_20240521_114830\x64\Debug\NewEngine.exe
