c:\users\86180\documents\opengl4d_20240516_114830\opengl2\x64\release\vc143.pdb
c:\users\86180\documents\opengl4d_20240516_114830\opengl2\x64\release\main.obj
c:\users\86180\documents\opengl4d_20240516_114830\opengl2\x64\release\imgui_widgets.obj
c:\users\86180\documents\opengl4d_20240516_114830\opengl2\x64\release\imgui_tables.obj
c:\users\86180\documents\opengl4d_20240516_114830\opengl2\x64\release\imgui_impl_opengl3.obj
c:\users\86180\documents\opengl4d_20240516_114830\opengl2\x64\release\imgui_impl_glfw.obj
c:\users\86180\documents\opengl4d_20240516_114830\opengl2\x64\release\imgui_draw.obj
c:\users\86180\documents\opengl4d_20240516_114830\opengl2\x64\release\imgui_demo.obj
c:\users\86180\documents\opengl4d_20240516_114830\opengl2\x64\release\imgui.obj
c:\users\86180\documents\opengl4d_20240516_114830\opengl2\x64\release\game.obj
c:\users\86180\documents\opengl4d_20240516_114830\x64\release\newengine.exe
c:\users\86180\documents\opengl4d_20240516_114830\x64\release\newengine.pdb
c:\users\86180\documents\opengl4d_20240516_114830\opengl2\x64\release\newengine1.res
c:\users\86180\documents\opengl4d_20240516_114830\opengl2\x64\release\newengine.ipdb
c:\users\86180\documents\opengl4d_20240516_114830\opengl2\x64\release\newengine.iobj
c:\users\86180\documents\opengl4d_20240518_114830\opengl2\x64\release\game.obj
c:\users\86180\documents\opengl4d_20240518_114830\opengl2\x64\release\imgui.obj
c:\users\86180\documents\opengl4d_20240518_114830\opengl2\x64\release\imgui_demo.obj
c:\users\86180\documents\opengl4d_20240518_114830\opengl2\x64\release\imgui_draw.obj
c:\users\86180\documents\opengl4d_20240518_114830\opengl2\x64\release\imgui_impl_glfw.obj
c:\users\86180\documents\opengl4d_20240518_114830\opengl2\x64\release\imgui_impl_opengl3.obj
c:\users\86180\documents\opengl4d_20240518_114830\opengl2\x64\release\imgui_tables.obj
c:\users\86180\documents\opengl4d_20240518_114830\opengl2\x64\release\imgui_widgets.obj
c:\users\86180\documents\opengl4d_20240518_114830\opengl2\x64\release\main.obj
c:\users\86180\documents\opengl4d_20240518_114830\opengl2\x64\release\newengine.ipdb
c:\users\86180\documents\opengl4d_20240518_114830\opengl2\x64\release\newengine.iobj
c:\users\86180\documents\opengl4d_20240518_114830\opengl2\x64\release\newengine1.res
c:\users\86180\documents\opengl4d_20240518_114830\opengl2\x64\release\vc143.pdb
c:\users\86180\documents\opengl4d_20240518_114830\x64\release\newengine.pdb
c:\users\86180\documents\opengl4d_20240518_114830\x64\release\newengine.exe
c:\users\86180\documents\opengl4d_20240518_114830\opengl2\x64\release\newengine.tlog\cl.command.1.tlog
c:\users\86180\documents\opengl4d_20240518_114830\opengl2\x64\release\newengine.tlog\cl.items.tlog
c:\users\86180\documents\opengl4d_20240518_114830\opengl2\x64\release\newengine.tlog\cl.read.1.tlog
c:\users\86180\documents\opengl4d_20240518_114830\opengl2\x64\release\newengine.tlog\cl.write.1.tlog
c:\users\86180\documents\opengl4d_20240518_114830\opengl2\x64\release\newengine.tlog\link.command.1.tlog
c:\users\86180\documents\opengl4d_20240518_114830\opengl2\x64\release\newengine.tlog\link.read.1.tlog
c:\users\86180\documents\opengl4d_20240518_114830\opengl2\x64\release\newengine.tlog\link.secondary.1.tlog
c:\users\86180\documents\opengl4d_20240518_114830\opengl2\x64\release\newengine.tlog\link.write.1.tlog
c:\users\86180\documents\opengl4d_20240518_114830\opengl2\x64\release\newengine.tlog\rc.command.1.tlog
c:\users\86180\documents\opengl4d_20240518_114830\opengl2\x64\release\newengine.tlog\rc.read.1.tlog
c:\users\86180\documents\opengl4d_20240518_114830\opengl2\x64\release\newengine.tlog\rc.write.1.tlog
