C:\Program Files\Microsoft Visual Studio\2022\Community\MSBuild\Microsoft\VC\v170\Microsoft.CppBuild.targets(531,5): warning MSB8028: The intermediate directory (x64\Release\) contains files shared from another project (OpenGL2.vcxproj).  This can lead to incorrect clean and rebuild behavior.
  Game.cpp
C:\Users\86180\Documents\OpenGL4d_20240506_114830\OpenGL4d\OpenGL2\mod.h(113,18): warning C4244: 'initializing': conversion from 'double' to 'float', possible loss of data
  (compiling source file 'Game.cpp')
  
C:\Users\86180\Documents\OpenGL4d_20240506_114830\OpenGL4d\OpenGL2\mod.h(114,19): warning C4244: 'initializing': conversion from 'double' to 'float', possible loss of data
  (compiling source file 'Game.cpp')
  
C:\Users\86180\Documents\OpenGL4d_20240506_114830\OpenGL4d\OpenGL2\mod.h(116,21): warning C4244: 'initializing': conversion from 'double' to 'float', possible loss of data
  (compiling source file 'Game.cpp')
  
C:\Users\86180\Documents\OpenGL4d_20240506_114830\OpenGL4d\OpenGL2\mod.h(117,22): warning C4244: 'initializing': conversion from 'double' to 'float', possible loss of data
  (compiling source file 'Game.cpp')
  
C:\Users\86180\Documents\OpenGL4d_20240506_114830\OpenGL4d\OpenGL2\mod.h(125,38): warning C4244: 'argument': conversion from 'double' to 'float', possible loss of data
  (compiling source file 'Game.cpp')
  
C:\Users\86180\Documents\OpenGL4d_20240506_114830\OpenGL4d\OpenGL2\mod.h(123,24): warning C4244: 'argument': conversion from 'double' to 'float', possible loss of data
  (compiling source file 'Game.cpp')
  
C:\Users\86180\Documents\OpenGL4d_20240506_114830\OpenGL4d\OpenGL2\mod.h(223,19): warning C4244: 'argument': conversion from 'double' to 'float', possible loss of data
  (compiling source file 'Game.cpp')
  
C:\Users\86180\Documents\OpenGL4d_20240506_114830\OpenGL4d\OpenGL2\mod.h(229,19): warning C4244: 'argument': conversion from 'double' to 'float', possible loss of data
  (compiling source file 'Game.cpp')
  
C:\Users\86180\Documents\OpenGL4d_20240506_114830\OpenGL4d\OpenGL2\mod.h(250,16): warning C4244: 'initializing': conversion from 'double' to 'float', possible loss of data
  (compiling source file 'Game.cpp')
  
C:\Users\86180\Documents\OpenGL4d_20240506_114830\OpenGL4d\OpenGL2\mod.h(255,17): warning C4244: 'initializing': conversion from 'double' to 'float', possible loss of data
  (compiling source file 'Game.cpp')
  
C:\Users\86180\Documents\OpenGL4d_20240506_114830\OpenGL4d\OpenGL2\mod.h(262,20): warning C4244: 'initializing': conversion from 'double' to 'float', possible loss of data
  (compiling source file 'Game.cpp')
  
C:\Users\86180\Documents\OpenGL4d_20240506_114830\OpenGL4d\OpenGL2\mod.h(278,21): warning C4244: 'initializing': conversion from 'double' to 'float', possible loss of data
  (compiling source file 'Game.cpp')
  
C:\Users\86180\Documents\OpenGL4d_20240506_114830\OpenGL4d\OpenGL2\mod.h(359,3): warning C4244: 'return': conversion from 'double' to 'float', possible loss of data
  (compiling source file 'Game.cpp')
  
C:\Users\86180\Documents\OpenGL4d_20240506_114830\OpenGL4d\OpenGL2\Texture.h(220,16): warning C4244: 'initializing': conversion from 'T' to 'int', possible loss of data
C:\Users\86180\Documents\OpenGL4d_20240506_114830\OpenGL4d\OpenGL2\Texture.h(220,16): warning C4244:         with
C:\Users\86180\Documents\OpenGL4d_20240506_114830\OpenGL4d\OpenGL2\Texture.h(220,16): warning C4244:         [
C:\Users\86180\Documents\OpenGL4d_20240506_114830\OpenGL4d\OpenGL2\Texture.h(220,16): warning C4244:             T=float
C:\Users\86180\Documents\OpenGL4d_20240506_114830\OpenGL4d\OpenGL2\Texture.h(220,16): warning C4244:         ]
  (compiling source file 'Game.cpp')
  
C:\Users\86180\Documents\OpenGL4d_20240506_114830\OpenGL4d\OpenGL2\Texture.h(222,17): warning C4244: 'initializing': conversion from 'T' to 'int', possible loss of data
C:\Users\86180\Documents\OpenGL4d_20240506_114830\OpenGL4d\OpenGL2\Texture.h(222,17): warning C4244:         with
C:\Users\86180\Documents\OpenGL4d_20240506_114830\OpenGL4d\OpenGL2\Texture.h(222,17): warning C4244:         [
C:\Users\86180\Documents\OpenGL4d_20240506_114830\OpenGL4d\OpenGL2\Texture.h(222,17): warning C4244:             T=float
C:\Users\86180\Documents\OpenGL4d_20240506_114830\OpenGL4d\OpenGL2\Texture.h(222,17): warning C4244:         ]
  (compiling source file 'Game.cpp')
  
C:\Users\86180\Documents\OpenGL4d_20240506_114830\OpenGL4d\OpenGL2\Texture.h(224,18): warning C4244: 'initializing': conversion from 'T' to 'int', possible loss of data
C:\Users\86180\Documents\OpenGL4d_20240506_114830\OpenGL4d\OpenGL2\Texture.h(224,18): warning C4244:         with
C:\Users\86180\Documents\OpenGL4d_20240506_114830\OpenGL4d\OpenGL2\Texture.h(224,18): warning C4244:         [
C:\Users\86180\Documents\OpenGL4d_20240506_114830\OpenGL4d\OpenGL2\Texture.h(224,18): warning C4244:             T=float
C:\Users\86180\Documents\OpenGL4d_20240506_114830\OpenGL4d\OpenGL2\Texture.h(224,18): warning C4244:         ]
  (compiling source file 'Game.cpp')
  
C:\Users\86180\Documents\OpenGL4d_20240506_114830\OpenGL4d\OpenGL2\Texture.h(239,16): warning C4244: 'initializing': conversion from 'T' to 'int', possible loss of data
C:\Users\86180\Documents\OpenGL4d_20240506_114830\OpenGL4d\OpenGL2\Texture.h(239,16): warning C4244:         with
C:\Users\86180\Documents\OpenGL4d_20240506_114830\OpenGL4d\OpenGL2\Texture.h(239,16): warning C4244:         [
C:\Users\86180\Documents\OpenGL4d_20240506_114830\OpenGL4d\OpenGL2\Texture.h(239,16): warning C4244:             T=float
C:\Users\86180\Documents\OpenGL4d_20240506_114830\OpenGL4d\OpenGL2\Texture.h(239,16): warning C4244:         ]
  (compiling source file 'Game.cpp')
  
C:\Users\86180\Documents\OpenGL4d_20240506_114830\OpenGL4d\OpenGL2\Texture.h(241,17): warning C4244: 'initializing': conversion from 'T' to 'int', possible loss of data
C:\Users\86180\Documents\OpenGL4d_20240506_114830\OpenGL4d\OpenGL2\Texture.h(241,17): warning C4244:         with
C:\Users\86180\Documents\OpenGL4d_20240506_114830\OpenGL4d\OpenGL2\Texture.h(241,17): warning C4244:         [
C:\Users\86180\Documents\OpenGL4d_20240506_114830\OpenGL4d\OpenGL2\Texture.h(241,17): warning C4244:             T=float
C:\Users\86180\Documents\OpenGL4d_20240506_114830\OpenGL4d\OpenGL2\Texture.h(241,17): warning C4244:         ]
  (compiling source file 'Game.cpp')
  
C:\Users\86180\Documents\OpenGL4d_20240506_114830\OpenGL4d\OpenGL2\Texture.h(243,18): warning C4244: 'initializing': conversion from 'T' to 'int', possible loss of data
C:\Users\86180\Documents\OpenGL4d_20240506_114830\OpenGL4d\OpenGL2\Texture.h(243,18): warning C4244:         with
C:\Users\86180\Documents\OpenGL4d_20240506_114830\OpenGL4d\OpenGL2\Texture.h(243,18): warning C4244:         [
C:\Users\86180\Documents\OpenGL4d_20240506_114830\OpenGL4d\OpenGL2\Texture.h(243,18): warning C4244:             T=float
C:\Users\86180\Documents\OpenGL4d_20240506_114830\OpenGL4d\OpenGL2\Texture.h(243,18): warning C4244:         ]
  (compiling source file 'Game.cpp')
  
C:\Users\86180\Documents\OpenGL4d_20240506_114830\OpenGL4d\OpenGL2\Texture.h(271,83): warning C4244: 'argument': conversion from 'float' to 'GLint', possible loss of data
  (compiling source file 'Game.cpp')
  
C:\Users\86180\Documents\OpenGL4d_20240506_114830\OpenGL4d\OpenGL2\Texture.h(271,61): warning C4244: 'argument': conversion from 'float' to 'GLint', possible loss of data
  (compiling source file 'Game.cpp')
  
C:\Users\86180\Documents\OpenGL4d_20240506_114830\OpenGL4d\OpenGL2\Texture.h(271,39): warning C4244: 'argument': conversion from 'float' to 'GLint', possible loss of data
  (compiling source file 'Game.cpp')
  
C:\Users\86180\Documents\OpenGL4d_20240506_114830\OpenGL4d\OpenGL2\Primitives4D.h(810,29): warning C4267: 'initializing': conversion from 'size_t' to 'unsigned int', possible loss of data
  (compiling source file 'Game.cpp')
  
C:\Users\86180\Documents\OpenGL4d_20240506_114830\OpenGL4d\OpenGL2\Primitives4D.h(829,14): warning C4267: 'initializing': conversion from 'size_t' to 'int', possible loss of data
  (compiling source file 'Game.cpp')
  
C:\Users\86180\Documents\OpenGL4d_20240506_114830\OpenGL4d\OpenGL2\Primitives4D.h(830,14): warning C4267: 'initializing': conversion from 'size_t' to 'int', possible loss of data
  (compiling source file 'Game.cpp')
  
C:\Users\86180\Documents\OpenGL4d_20240506_114830\OpenGL4d\OpenGL2\Primitives4D.h(831,14): warning C4267: 'initializing': conversion from 'size_t' to 'int', possible loss of data
  (compiling source file 'Game.cpp')
  
C:\Users\86180\Documents\OpenGL4d_20240506_114830\OpenGL4d\OpenGL2\Line.h(112,39): warning C4018: '<': signed/unsigned mismatch
  (compiling source file 'Game.cpp')
  
C:\Program Files (x86)\Windows Kits\10\Include\10.0.22000.0\shared\minwindef.h(130,1): warning C4005: 'APIENTRY': macro redefinition
  (compiling source file 'Game.cpp')
  C:\Users\86180\Documents\OpenGL4d_20240506_114830\OpenGL4d\Dependencies_64x\GLFW\include\GLFW\glfw3.h(123,1):
  see previous definition of 'APIENTRY'
  
C:\Users\86180\Documents\OpenGL4d_20240506_114830\OpenGL4d\OpenGL2\Light.h(248,33): warning C4267: 'argument': conversion from 'size_t' to 'GLint', possible loss of data
  (compiling source file 'Game.cpp')
  
C:\Users\86180\Documents\OpenGL4d_20240506_114830\OpenGL4d\OpenGL2\Light.h(250,33): warning C4267: 'argument': conversion from 'size_t' to 'GLint', possible loss of data
  (compiling source file 'Game.cpp')
  
C:\Users\86180\Documents\OpenGL4d_20240506_114830\OpenGL4d\OpenGL2\body.h(42,33): warning C4244: 'argument': conversion from 'double' to 'const float', possible loss of data
  (compiling source file 'Game.cpp')
  
C:\Users\86180\Documents\OpenGL4d_20240506_114830\OpenGL4d\OpenGL2\Joint.h(237,2): warning C4091: 'static ': ignored on left of 'HingeConstraint4D' when no variable is declared
  (compiling source file 'Game.cpp')
  
C:\Users\86180\Documents\OpenGL4d_20240506_114830\OpenGL4d\OpenGL2\ObjectLists.h(72,29): warning C4018: '>=': signed/unsigned mismatch
  (compiling source file 'Game.cpp')
  
C:\Users\86180\Documents\OpenGL4d_20240506_114830\OpenGL4d\OpenGL2\ObjectLists.h(76,29): warning C4018: '>=': signed/unsigned mismatch
  (compiling source file 'Game.cpp')
  
C:\Users\86180\Documents\OpenGL4d_20240506_114830\OpenGL4d\OpenGL2\ObjectLists.h(83,30): warning C4018: '>=': signed/unsigned mismatch
  (compiling source file 'Game.cpp')
  
C:\Users\86180\Documents\OpenGL4d_20240506_114830\OpenGL4d\OpenGL2\ObjectLists.h(87,30): warning C4018: '>=': signed/unsigned mismatch
  (compiling source file 'Game.cpp')
  
C:\Users\86180\Documents\OpenGL4d_20240506_114830\OpenGL4d\OpenGL2\ObjectLists.h(94,37): warning C4018: '>=': signed/unsigned mismatch
  (compiling source file 'Game.cpp')
  
C:\Users\86180\Documents\OpenGL4d_20240506_114830\OpenGL4d\OpenGL2\ObjectLists.h(98,37): warning C4018: '>=': signed/unsigned mismatch
  (compiling source file 'Game.cpp')
  
C:\Users\86180\Documents\OpenGL4d_20240506_114830\OpenGL4d\OpenGL2\ObjectLists.h(116,56): warning C4267: '+=': conversion from 'size_t' to 'int', possible loss of data
  (compiling source file 'Game.cpp')
  
C:\Users\86180\Documents\OpenGL4d_20240506_114830\OpenGL4d\OpenGL2\ObjectLists.h(133,19): warning C4267: 'initializing': conversion from 'size_t' to 'unsigned int', possible loss of data
  (compiling source file 'Game.cpp')
  
C:\Users\86180\Documents\OpenGL4d_20240506_114830\OpenGL4d\OpenGL2\ObjectLists.h(134,15): warning C4018: '<': signed/unsigned mismatch
  (compiling source file 'Game.cpp')
  
C:\Users\86180\Documents\OpenGL4d_20240506_114830\OpenGL4d\OpenGL2\ObjectLists.h(145,60): warning C4267: '+=': conversion from 'size_t' to 'int', possible loss of data
  (compiling source file 'Game.cpp')
  
C:\Users\86180\Documents\OpenGL4d_20240506_114830\OpenGL4d\OpenGL2\ObjectLists.h(167,56): warning C4267: '+=': conversion from 'size_t' to 'int', possible loss of data
  (compiling source file 'Game.cpp')
  
C:\Users\86180\Documents\OpenGL4d_20240506_114830\OpenGL4d\OpenGL2\ObjectLists.h(191,62): warning C4267: '+=': conversion from 'size_t' to 'int', possible loss of data
  (compiling source file 'Game.cpp')
  
C:\Users\86180\Documents\OpenGL4d_20240506_114830\OpenGL4d\OpenGL2\ObjectLists.h(329,56): warning C4267: '+=': conversion from 'size_t' to 'int', possible loss of data
  (compiling source file 'Game.cpp')
  
C:\Users\86180\Documents\OpenGL4d_20240506_114830\OpenGL4d\OpenGL2\ObjectLists.h(345,56): warning C4267: '+=': conversion from 'size_t' to 'int', possible loss of data
  (compiling source file 'Game.cpp')
  
C:\Users\86180\Documents\OpenGL4d_20240506_114830\OpenGL4d\OpenGL2\ObjectLists.h(361,62): warning C4267: '+=': conversion from 'size_t' to 'int', possible loss of data
  (compiling source file 'Game.cpp')
  
C:\Users\86180\Documents\OpenGL4d_20240506_114830\OpenGL4d\OpenGL2\ObjectLists.h(379,60): warning C4267: '+=': conversion from 'size_t' to 'int', possible loss of data
  (compiling source file 'Game.cpp')
  
C:\Users\86180\Documents\OpenGL4d_20240506_114830\OpenGL4d\OpenGL2\ObjectLists.h(402,60): warning C4267: '+=': conversion from 'size_t' to 'int', possible loss of data
  (compiling source file 'Game.cpp')
  
C:\Users\86180\Documents\OpenGL4d_20240506_114830\OpenGL4d\OpenGL2\ObjectLists.h(436,27): warning C4267: 'initializing': conversion from 'size_t' to 'unsigned int', possible loss of data
  (compiling source file 'Game.cpp')
  
C:\Users\86180\Documents\OpenGL4d_20240506_114830\OpenGL4d\OpenGL2\ObjectLists.h(437,15): warning C4018: '<': signed/unsigned mismatch
  (compiling source file 'Game.cpp')
  
C:\Users\86180\Documents\OpenGL4d_20240506_114830\OpenGL4d\OpenGL2\ObjectLists.h(442,27): warning C4267: 'initializing': conversion from 'size_t' to 'unsigned int', possible loss of data
  (compiling source file 'Game.cpp')
  
C:\Users\86180\Documents\OpenGL4d_20240506_114830\OpenGL4d\OpenGL2\ObjectLists.h(443,28): warning C4267: 'initializing': conversion from 'size_t' to 'unsigned int', possible loss of data
  (compiling source file 'Game.cpp')
  
C:\Users\86180\Documents\OpenGL4d_20240506_114830\OpenGL4d\OpenGL2\ObjectLists.h(444,15): warning C4018: '<': signed/unsigned mismatch
  (compiling source file 'Game.cpp')
  
C:\Users\86180\Documents\OpenGL4d_20240506_114830\OpenGL4d\OpenGL2\ObjectLists.h(445,20): warning C4018: '<': signed/unsigned mismatch
  (compiling source file 'Game.cpp')
  
C:\Users\86180\Documents\OpenGL4d_20240506_114830\OpenGL4d\OpenGL2\ObjectLists.h(460,2): warning C4091: 'static ': ignored on left of 'RenderIndex' when no variable is declared
  (compiling source file 'Game.cpp')
  
C:\Users\86180\Documents\OpenGL4d_20240506_114830\OpenGL4d\OpenGL2\ObjectLists.h(544,20): warning C4267: 'initializing': conversion from 'size_t' to 'int', possible loss of data
  (compiling source file 'Game.cpp')
  
C:\Users\86180\Documents\OpenGL4d_20240506_114830\OpenGL4d\OpenGL2\ObjectLists.h(563,11): warning C4267: 'initializing': conversion from 'size_t' to 'int', possible loss of data
  (compiling source file 'Game.cpp')
  
C:\Users\86180\Documents\OpenGL4d_20240506_114830\OpenGL4d\OpenGL2\gjk.h(160,27): warning C4018: '<': signed/unsigned mismatch
  (compiling source file 'Game.cpp')
  
C:\Users\86180\Documents\OpenGL4d_20240506_114830\OpenGL4d\OpenGL2\gjk.h(197,27): warning C4018: '<': signed/unsigned mismatch
  (compiling source file 'Game.cpp')
  
C:\Users\86180\Documents\OpenGL4d_20240506_114830\OpenGL4d\OpenGL2\gjk.h(275,27): warning C4018: '<': signed/unsigned mismatch
  (compiling source file 'Game.cpp')
  
C:\Users\86180\Documents\OpenGL4d_20240506_114830\OpenGL4d\OpenGL2\gjk.h(284,27): warning C4018: '<': signed/unsigned mismatch
  (compiling source file 'Game.cpp')
  
C:\Users\86180\Documents\OpenGL4d_20240506_114830\OpenGL4d\OpenGL2\gjk.h(382,27): warning C4018: '<': signed/unsigned mismatch
  (compiling source file 'Game.cpp')
  
C:\Users\86180\Documents\OpenGL4d_20240506_114830\OpenGL4d\OpenGL2\gjk.h(419,27): warning C4018: '<': signed/unsigned mismatch
  (compiling source file 'Game.cpp')
  
C:\Users\86180\Documents\OpenGL4d_20240506_114830\OpenGL4d\OpenGL2\gjk.h(463,27): warning C4018: '<': signed/unsigned mismatch
  (compiling source file 'Game.cpp')
  
C:\Users\86180\Documents\OpenGL4d_20240506_114830\OpenGL4d\OpenGL2\gjk.h(696,2): warning C4091: 'static ': ignored on left of 'Simplex' when no variable is declared
  (compiling source file 'Game.cpp')
  
C:\Users\86180\Documents\OpenGL4d_20240506_114830\OpenGL4d\OpenGL2\gjk.h(551,24): warning C4267: 'initializing': conversion from 'size_t' to 'int', possible loss of data
  (compiling source file 'Game.cpp')
  
C:\Users\86180\Documents\OpenGL4d_20240506_114830\OpenGL4d\OpenGL2\gjk.h(841,33): warning C4267: 'initializing': conversion from 'size_t' to 'unsigned int', possible loss of data
  (compiling source file 'Game.cpp')
  
C:\Users\86180\Documents\OpenGL4d_20240506_114830\OpenGL4d\OpenGL2\gjk.h(952,35): warning C4018: '<': signed/unsigned mismatch
  (compiling source file 'Game.cpp')
  
C:\Users\86180\Documents\OpenGL4d_20240506_114830\OpenGL4d\OpenGL2\gjk.h(1087,28): warning C4267: 'initializing': conversion from 'size_t' to 'unsigned int', possible loss of data
  (compiling source file 'Game.cpp')
  
C:\Users\86180\Documents\OpenGL4d_20240506_114830\OpenGL4d\OpenGL2\colliderPhy.h(11,2): warning C4091: 'static ': ignored on left of 'Collider' when no variable is declared
  (compiling source file 'Game.cpp')
  
C:\Users\86180\Documents\OpenGL4d_20240506_114830\OpenGL4d\OpenGL2\colliderPhy.h(18,2): warning C4091: 'static ': ignored on left of 'CollisionManifold' when no variable is declared
  (compiling source file 'Game.cpp')
  
C:\Users\86180\Documents\OpenGL4d_20240506_114830\OpenGL4d\OpenGL2\colliderPhy.h(37,2): warning C4091: 'static ': ignored on left of 'Collision' when no variable is declared
  (compiling source file 'Game.cpp')
  
C:\Users\86180\Documents\OpenGL4d_20240506_114830\OpenGL4d\OpenGL2\colliderPhy.h(321,27): warning C4018: '<': signed/unsigned mismatch
  (compiling source file 'Game.cpp')
  
C:\Users\86180\Documents\OpenGL4d_20240506_114830\OpenGL4d\OpenGL2\colliderPhy.h(532,47): warning C4267: '=': conversion from 'size_t' to 'unsigned int', possible loss of data
  (compiling source file 'Game.cpp')
  
C:\Users\86180\Documents\OpenGL4d_20240506_114830\OpenGL4d\OpenGL2\colliderPhy.h(520,23): warning C4101: 'detectPos4D0': unreferenced local variable
  (compiling source file 'Game.cpp')
  
C:\Users\86180\Documents\OpenGL4d_20240506_114830\OpenGL4d\OpenGL2\colliderPhy.h(859,95): warning C4244: '=': conversion from 'int' to 'float', possible loss of data
  (compiling source file 'Game.cpp')
  
C:\Users\86180\Documents\OpenGL4d_20240506_114830\OpenGL4d\OpenGL2\colliderPhy.h(860,95): warning C4244: '=': conversion from 'int' to 'float', possible loss of data
  (compiling source file 'Game.cpp')
  
C:\Users\86180\Documents\OpenGL4d_20240506_114830\OpenGL4d\OpenGL2\colliderPhy.h(906,39): warning C4018: '<': signed/unsigned mismatch
  (compiling source file 'Game.cpp')
  
C:\Users\86180\Documents\OpenGL4d_20240506_114830\OpenGL4d\OpenGL2\colliderPhy.h(931,39): warning C4018: '<': signed/unsigned mismatch
  (compiling source file 'Game.cpp')
  
C:\Users\86180\Documents\OpenGL4d_20240506_114830\OpenGL4d\OpenGL2\colliderPhy.h(971,39): warning C4018: '<': signed/unsigned mismatch
  (compiling source file 'Game.cpp')
  
C:\Users\86180\Documents\OpenGL4d_20240506_114830\OpenGL4d\OpenGL2\colliderPhy.h(1018,39): warning C4018: '<': signed/unsigned mismatch
  (compiling source file 'Game.cpp')
  
C:\Users\86180\Documents\OpenGL4d_20240506_114830\OpenGL4d\OpenGL2\colliderPhy.h(1098,97): warning C4244: '=': conversion from 'int' to 'float', possible loss of data
  (compiling source file 'Game.cpp')
  
C:\Users\86180\Documents\OpenGL4d_20240506_114830\OpenGL4d\OpenGL2\colliderPhy.h(1099,97): warning C4244: '=': conversion from 'int' to 'float', possible loss of data
  (compiling source file 'Game.cpp')
  
C:\Users\86180\Documents\OpenGL4d_20240506_114830\OpenGL4d\OpenGL2\colliderPhy.h(1134,51): warning C4267: '=': conversion from 'size_t' to 'unsigned int', possible loss of data
  (compiling source file 'Game.cpp')
  
C:\Users\86180\Documents\OpenGL4d_20240506_114830\OpenGL4d\OpenGL2\colliderPhy.h(1218,35): warning C4018: '<': signed/unsigned mismatch
  (compiling source file 'Game.cpp')
  
C:\Users\86180\Documents\OpenGL4d_20240506_114830\OpenGL4d\OpenGL2\colliderPhy.h(1235,35): warning C4018: '<': signed/unsigned mismatch
  (compiling source file 'Game.cpp')
  
C:\Users\86180\Documents\OpenGL4d_20240506_114830\OpenGL4d\OpenGL2\colliderPhy.h(1252,35): warning C4018: '<': signed/unsigned mismatch
  (compiling source file 'Game.cpp')
  
C:\Users\86180\Documents\OpenGL4d_20240506_114830\OpenGL4d\OpenGL2\colliderPhy.h(1282,35): warning C4018: '<': signed/unsigned mismatch
  (compiling source file 'Game.cpp')
  
C:\Users\86180\Documents\OpenGL4d_20240506_114830\OpenGL4d\OpenGL2\colliderPhy.h(1312,35): warning C4018: '<': signed/unsigned mismatch
  (compiling source file 'Game.cpp')
  
C:\Users\86180\Documents\OpenGL4d_20240506_114830\OpenGL4d\OpenGL2\colliderPhy.h(1347,35): warning C4018: '<': signed/unsigned mismatch
  (compiling source file 'Game.cpp')
  
C:\Users\86180\Documents\OpenGL4d_20240506_114830\OpenGL4d\OpenGL2\colliderPhy.h(1382,35): warning C4018: '<': signed/unsigned mismatch
  (compiling source file 'Game.cpp')
  
C:\Users\86180\Documents\OpenGL4d_20240506_114830\OpenGL4d\OpenGL2\colliderPhy.h(1396,35): warning C4018: '<': signed/unsigned mismatch
  (compiling source file 'Game.cpp')
  
C:\Users\86180\Documents\OpenGL4d_20240506_114830\OpenGL4d\OpenGL2\colliderPhy.h(1477,93): warning C4244: '=': conversion from 'int' to 'float', possible loss of data
  (compiling source file 'Game.cpp')
  
C:\Users\86180\Documents\OpenGL4d_20240506_114830\OpenGL4d\OpenGL2\colliderPhy.h(1478,93): warning C4244: '=': conversion from 'int' to 'float', possible loss of data
  (compiling source file 'Game.cpp')
  
C:\Users\86180\Documents\OpenGL4d_20240506_114830\OpenGL4d\OpenGL2\colliderPhy.h(1499,31): warning C4018: '<': signed/unsigned mismatch
  (compiling source file 'Game.cpp')
  
C:\Users\86180\Documents\OpenGL4d_20240506_114830\OpenGL4d\OpenGL2\colliderPhy.h(1512,51): warning C4267: '=': conversion from 'size_t' to 'unsigned int', possible loss of data
  (compiling source file 'Game.cpp')
  
C:\Users\86180\Documents\OpenGL4d_20240506_114830\OpenGL4d\OpenGL2\colliderPhy.h(1835,51): warning C4267: '=': conversion from 'size_t' to 'unsigned int', possible loss of data
  (compiling source file 'Game.cpp')
  
C:\Users\86180\Documents\OpenGL4d_20240506_114830\OpenGL4d\OpenGL2\colliderPhy.h(1823,27): warning C4101: 'detectPos4D0': unreferenced local variable
  (compiling source file 'Game.cpp')
  
C:\Users\86180\Documents\OpenGL4d_20240506_114830\OpenGL4d\OpenGL2\colliderPhy.h(2059,27): warning C4018: '<': signed/unsigned mismatch
  (compiling source file 'Game.cpp')
  
C:\Users\86180\Documents\OpenGL4d_20240506_114830\OpenGL4d\OpenGL2\colliderPhy.h(2085,31): warning C4018: '<': signed/unsigned mismatch
  (compiling source file 'Game.cpp')
  
C:\Users\86180\Documents\OpenGL4d_20240506_114830\OpenGL4d\OpenGL2\collision.h(13,2): warning C4091: 'static ': ignored on left of 'ContactState' when no variable is declared
  (compiling source file 'Game.cpp')
  
C:\Users\86180\Documents\OpenGL4d_20240506_114830\OpenGL4d\OpenGL2\collision.h(21,2): warning C4091: 'static ': ignored on left of 'CollisionConstraint' when no variable is declared
  (compiling source file 'Game.cpp')
  
C:\Users\86180\Documents\OpenGL4d_20240506_114830\OpenGL4d\OpenGL2\collision.h(34,2): warning C4091: 'static ': ignored on left of 'Constraint' when no variable is declared
  (compiling source file 'Game.cpp')
  
C:\Users\86180\Documents\OpenGL4d_20240506_114830\OpenGL4d\OpenGL2\Phys4D.h(152,138): warning C4267: 'argument': conversion from 'size_t' to 'int', possible loss of data
  (compiling source file 'Game.cpp')
  
C:\Users\86180\Documents\OpenGL4d_20240506_114830\OpenGL4d\OpenGL2\Phys4D.h(154,45): warning C4267: '+=': conversion from 'size_t' to 'int', possible loss of data
  (compiling source file 'Game.cpp')
  
C:\Users\86180\Documents\OpenGL4d_20240506_114830\OpenGL4d\OpenGL2\Phys4D.h(161,120): warning C4267: 'argument': conversion from 'size_t' to 'int', possible loss of data
  (compiling source file 'Game.cpp')
  
C:\Users\86180\Documents\OpenGL4d_20240506_114830\OpenGL4d\OpenGL2\Phys4D.h(165,133): warning C4267: 'argument': conversion from 'size_t' to 'int', possible loss of data
  (compiling source file 'Game.cpp')
  
C:\Users\86180\Documents\OpenGL4d_20240506_114830\OpenGL4d\OpenGL2\Phys4D.h(241,121): warning C4267: 'argument': conversion from 'size_t' to 'int', possible loss of data
  (compiling source file 'Game.cpp')
  
C:\Users\86180\Documents\OpenGL4d_20240506_114830\OpenGL4d\OpenGL2\Phys4D.h(279,92): warning C4267: 'argument': conversion from 'size_t' to 'int', possible loss of data
  (compiling source file 'Game.cpp')
  
C:\Users\86180\Documents\OpenGL4d_20240506_114830\OpenGL4d\OpenGL2\Phys4D.h(292,67): warning C4267: 'argument': conversion from 'size_t' to 'unsigned int', possible loss of data
  (compiling source file 'Game.cpp')
  
C:\Users\86180\Documents\OpenGL4d_20240506_114830\OpenGL4d\OpenGL2\Phys4D.h(297,69): warning C4267: 'argument': conversion from 'size_t' to 'unsigned int', possible loss of data
  (compiling source file 'Game.cpp')
  
C:\Users\86180\Documents\OpenGL4d_20240506_114830\OpenGL4d\OpenGL2\Phys4D.h(363,71): warning C4267: 'argument': conversion from 'size_t' to 'int', possible loss of data
  (compiling source file 'Game.cpp')
  
C:\Users\86180\Documents\OpenGL4d_20240506_114830\OpenGL4d\OpenGL2\Phys4D.h(380,71): warning C4267: 'argument': conversion from 'size_t' to 'int', possible loss of data
  (compiling source file 'Game.cpp')
  
C:\Users\86180\Documents\OpenGL4d_20240506_114830\OpenGL4d\OpenGL2\Phys4D.h(424,71): warning C4267: 'argument': conversion from 'size_t' to 'int', possible loss of data
  (compiling source file 'Game.cpp')
  
C:\Users\86180\Documents\OpenGL4d_20240506_114830\OpenGL4d\OpenGL2\Phys4D.h(439,70): warning C4267: 'argument': conversion from 'size_t' to 'int', possible loss of data
  (compiling source file 'Game.cpp')
  
C:\Users\86180\Documents\OpenGL4d_20240506_114830\OpenGL4d\OpenGL2\Phys4D.h(573,86): warning C4267: 'argument': conversion from 'size_t' to 'int', possible loss of data
  (compiling source file 'Game.cpp')
  
C:\Users\86180\Documents\OpenGL4d_20240506_114830\OpenGL4d\OpenGL2\Phys4D.h(586,151): warning C4267: 'argument': conversion from 'size_t' to 'int', possible loss of data
  (compiling source file 'Game.cpp')
  
C:\Users\86180\Documents\OpenGL4d_20240506_114830\OpenGL4d\OpenGL2\Phys4D.h(593,87): warning C4267: 'argument': conversion from 'size_t' to 'int', possible loss of data
  (compiling source file 'Game.cpp')
  
C:\Users\86180\Documents\OpenGL4d_20240506_114830\OpenGL4d\OpenGL2\Phys4D.h(597,87): warning C4267: 'argument': conversion from 'size_t' to 'int', possible loss of data
  (compiling source file 'Game.cpp')
  
C:\Users\86180\Documents\OpenGL4d_20240506_114830\OpenGL4d\OpenGL2\Phys4D.h(597,195): warning C4267: 'argument': conversion from 'size_t' to 'int', possible loss of data
  (compiling source file 'Game.cpp')
  
C:\Users\86180\Documents\OpenGL4d_20240506_114830\OpenGL4d\OpenGL2\Phys4D.h(618,89): warning C4267: 'argument': conversion from 'size_t' to 'int', possible loss of data
  (compiling source file 'Game.cpp')
  
C:\Users\86180\Documents\OpenGL4d_20240506_114830\OpenGL4d\OpenGL2\Phys4D.h(631,156): warning C4267: 'argument': conversion from 'size_t' to 'int', possible loss of data
  (compiling source file 'Game.cpp')
  
C:\Users\86180\Documents\OpenGL4d_20240506_114830\OpenGL4d\OpenGL2\Phys4D.h(638,91): warning C4267: 'argument': conversion from 'size_t' to 'int', possible loss of data
  (compiling source file 'Game.cpp')
  
C:\Users\86180\Documents\OpenGL4d_20240506_114830\OpenGL4d\OpenGL2\Phys4D.h(642,91): warning C4267: 'argument': conversion from 'size_t' to 'int', possible loss of data
  (compiling source file 'Game.cpp')
  
C:\Users\86180\Documents\OpenGL4d_20240506_114830\OpenGL4d\OpenGL2\Phys4D.h(642,201): warning C4267: 'argument': conversion from 'size_t' to 'int', possible loss of data
  (compiling source file 'Game.cpp')
  
C:\Users\86180\Documents\OpenGL4d_20240506_114830\OpenGL4d\OpenGL2\DetectRay.h(24,25): warning C4267: '=': conversion from 'size_t' to 'int', possible loss of data
  (compiling source file 'Game.cpp')
  
C:\Users\86180\Documents\OpenGL4d_20240506_114830\OpenGL4d\OpenGL2\DetectRay.h(30,15): warning C4244: '=': conversion from 'double' to 'float', possible loss of data
  (compiling source file 'Game.cpp')
  
C:\Users\86180\Documents\OpenGL4d_20240506_114830\OpenGL4d\OpenGL2\DetectRay.h(31,15): warning C4244: '=': conversion from 'double' to 'float', possible loss of data
  (compiling source file 'Game.cpp')
  
C:\Users\86180\Documents\OpenGL4d_20240506_114830\OpenGL4d\OpenGL2\DetectRay.h(193,22): warning C4018: '<': signed/unsigned mismatch
  (compiling source file 'Game.cpp')
  
C:\Users\86180\Documents\OpenGL4d_20240506_114830\OpenGL4d\OpenGL2\DetectRay.h(313,64): warning C4267: 'argument': conversion from 'size_t' to 'unsigned int', possible loss of data
  (compiling source file 'Game.cpp')
  
C:\Users\86180\Documents\OpenGL4d_20240506_114830\OpenGL4d\OpenGL2\DetectRay.h(325,18): warning C4267: '=': conversion from 'size_t' to 'int', possible loss of data
  (compiling source file 'Game.cpp')
  
C:\Users\86180\Documents\OpenGL4d_20240506_114830\OpenGL4d\OpenGL2\DetectRay.h(331,18): warning C4267: '=': conversion from 'size_t' to 'int', possible loss of data
  (compiling source file 'Game.cpp')
  
C:\Users\86180\Documents\OpenGL4d_20240506_114830\OpenGL4d\OpenGL2\DetectRay.h(341,42): warning C4267: 'argument': conversion from 'size_t' to 'int', possible loss of data
  (compiling source file 'Game.cpp')
  
C:\Users\86180\Documents\OpenGL4d_20240506_114830\OpenGL4d\OpenGL2\DetectRay.h(343,38): warning C4267: 'argument': conversion from 'size_t' to 'int', possible loss of data
  (compiling source file 'Game.cpp')
  
C:\Users\86180\Documents\OpenGL4d_20240506_114830\OpenGL4d\OpenGL2\DetectRay.h(357,23): warning C4267: '=': conversion from 'size_t' to 'int', possible loss of data
  (compiling source file 'Game.cpp')
  
C:\Users\86180\Documents\OpenGL4d_20240506_114830\OpenGL4d\OpenGL2\DetectRay.h(363,23): warning C4267: '=': conversion from 'size_t' to 'int', possible loss of data
  (compiling source file 'Game.cpp')
  
C:\Users\86180\Documents\OpenGL4d_20240506_114830\OpenGL4d\OpenGL2\DetectRay.h(373,53): warning C4267: 'argument': conversion from 'size_t' to 'int', possible loss of data
  (compiling source file 'Game.cpp')
  
C:\Users\86180\Documents\OpenGL4d_20240506_114830\OpenGL4d\OpenGL2\DetectRay.h(385,21): warning C4267: '=': conversion from 'size_t' to 'int', possible loss of data
  (compiling source file 'Game.cpp')
  
C:\Users\86180\Documents\OpenGL4d_20240506_114830\OpenGL4d\OpenGL2\DetectRay.h(391,21): warning C4267: '=': conversion from 'size_t' to 'int', possible loss of data
  (compiling source file 'Game.cpp')
  
C:\Users\86180\Documents\OpenGL4d_20240506_114830\OpenGL4d\OpenGL2\DetectRay.h(403,52): warning C4267: 'argument': conversion from 'size_t' to 'int', possible loss of data
  (compiling source file 'Game.cpp')
  
C:\Users\86180\Documents\OpenGL4d_20240506_114830\OpenGL4d\OpenGL2\DetectRay.h(415,21): warning C4267: '=': conversion from 'size_t' to 'int', possible loss of data
  (compiling source file 'Game.cpp')
  
C:\Users\86180\Documents\OpenGL4d_20240506_114830\OpenGL4d\OpenGL2\DetectRay.h(421,21): warning C4267: '=': conversion from 'size_t' to 'int', possible loss of data
  (compiling source file 'Game.cpp')
  
C:\Users\86180\Documents\OpenGL4d_20240506_114830\OpenGL4d\OpenGL2\DetectRay.h(433,45): warning C4267: 'argument': conversion from 'size_t' to 'int', possible loss of data
  (compiling source file 'Game.cpp')
  
C:\Users\86180\Documents\OpenGL4d_20240506_114830\OpenGL4d\OpenGL2\DetectRay.h(435,60): warning C4267: 'argument': conversion from 'size_t' to 'int', possible loss of data
  (compiling source file 'Game.cpp')
  
C:\Users\86180\Documents\OpenGL4d_20240506_114830\OpenGL4d\OpenGL2\DetectRay.h(440,118): warning C4267: '=': conversion from 'size_t' to 'int', possible loss of data
  (compiling source file 'Game.cpp')
  
C:\Users\86180\Documents\OpenGL4d_20240506_114830\OpenGL4d\OpenGL2\DetectRay.h(446,118): warning C4267: '=': conversion from 'size_t' to 'int', possible loss of data
  (compiling source file 'Game.cpp')
  
C:\Users\86180\Documents\OpenGL4d_20240506_114830\OpenGL4d\OpenGL2\Animation.h(248,22): warning C4018: '>=': signed/unsigned mismatch
  (compiling source file 'Game.cpp')
  
C:\Users\86180\Documents\OpenGL4d_20240506_114830\OpenGL4d\OpenGL2\Animation.h(255,24): warning C4018: '>=': signed/unsigned mismatch
  (compiling source file 'Game.cpp')
  
C:\Users\86180\Documents\OpenGL4d_20240506_114830\OpenGL4d\OpenGL2\Animation.h(259,24): warning C4018: '>=': signed/unsigned mismatch
  (compiling source file 'Game.cpp')
  
C:\Users\86180\Documents\OpenGL4d_20240506_114830\OpenGL4d\OpenGL2\LoadAndSave.h(146,21): warning C4018: '<': signed/unsigned mismatch
  (compiling source file 'Game.cpp')
  
C:\Users\86180\Documents\OpenGL4d_20240506_114830\OpenGL4d\OpenGL2\LoadAndSave.h(150,21): warning C4018: '<': signed/unsigned mismatch
  (compiling source file 'Game.cpp')
  
C:\Users\86180\Documents\OpenGL4d_20240506_114830\OpenGL4d\OpenGL2\LoadAndSave.h(357,23): warning C4018: '<': signed/unsigned mismatch
  (compiling source file 'Game.cpp')
  
C:\Users\86180\Documents\OpenGL4d_20240506_114830\OpenGL4d\OpenGL2\LoadAndSave.h(361,23): warning C4018: '<': signed/unsigned mismatch
  (compiling source file 'Game.cpp')
  
C:\Users\86180\Documents\OpenGL4d_20240506_114830\OpenGL4d\OpenGL2\Game_imgui.h(175,61): warning C4267: 'argument': conversion from 'size_t' to 'unsigned int', possible loss of data
  (compiling source file 'Game.cpp')
  
C:\Users\86180\Documents\OpenGL4d_20240506_114830\OpenGL4d\OpenGL2\Game_imgui.h(176,63): warning C4267: 'argument': conversion from 'size_t' to 'unsigned int', possible loss of data
  (compiling source file 'Game.cpp')
  
C:\Users\86180\Documents\OpenGL4d_20240506_114830\OpenGL4d\OpenGL2\Game_imgui.h(183,63): warning C4267: 'argument': conversion from 'size_t' to 'unsigned int', possible loss of data
  (compiling source file 'Game.cpp')
  
C:\Users\86180\Documents\OpenGL4d_20240506_114830\OpenGL4d\OpenGL2\Game_imgui.h(1531,40): warning C4267: '+=': conversion from 'size_t' to 'int', possible loss of data
  (compiling source file 'Game.cpp')
  
C:\Users\86180\Documents\OpenGL4d_20240506_114830\OpenGL4d\OpenGL2\Game_imgui.h(1573,107): warning C4267: 'argument': conversion from 'size_t' to 'unsigned int', possible loss of data
  (compiling source file 'Game.cpp')
  
C:\Users\86180\Documents\OpenGL4d_20240506_114830\OpenGL4d\OpenGL2\Game_imgui.h(1576,73): warning C4267: 'argument': conversion from 'size_t' to 'unsigned int', possible loss of data
  (compiling source file 'Game.cpp')
  
C:\Users\86180\Documents\OpenGL4d_20240506_114830\OpenGL4d\OpenGL2\Game_imgui.h(1579,76): warning C4267: 'argument': conversion from 'size_t' to 'unsigned int', possible loss of data
  (compiling source file 'Game.cpp')
  
C:\Users\86180\Documents\OpenGL4d_20240506_114830\OpenGL4d\OpenGL2\Game_imgui.h(1580,73): warning C4267: 'argument': conversion from 'size_t' to 'unsigned int', possible loss of data
  (compiling source file 'Game.cpp')
  
C:\Users\86180\Documents\OpenGL4d_20240506_114830\OpenGL4d\OpenGL2\Game_imgui.h(1581,80): warning C4267: 'argument': conversion from 'size_t' to 'unsigned int', possible loss of data
  (compiling source file 'Game.cpp')
  
C:\Users\86180\Documents\OpenGL4d_20240506_114830\OpenGL4d\OpenGL2\Game_imgui.h(1582,77): warning C4267: 'argument': conversion from 'size_t' to 'unsigned int', possible loss of data
  (compiling source file 'Game.cpp')
  
C:\Users\86180\Documents\OpenGL4d_20240506_114830\OpenGL4d\OpenGL2\Game_imgui.h(1583,97): warning C4267: 'argument': conversion from 'size_t' to 'int', possible loss of data
  (compiling source file 'Game.cpp')
  
C:\Users\86180\Documents\OpenGL4d_20240506_114830\OpenGL4d\OpenGL2\Game_imgui.h(1584,47): warning C4267: 'argument': conversion from 'size_t' to 'int', possible loss of data
  (compiling source file 'Game.cpp')
  
C:\Users\86180\Documents\OpenGL4d_20240506_114830\OpenGL4d\OpenGL2\Game_imgui.h(1585,67): warning C4267: 'argument': conversion from 'size_t' to 'unsigned int', possible loss of data
  (compiling source file 'Game.cpp')
  
C:\Users\86180\Documents\OpenGL4d_20240506_114830\OpenGL4d\OpenGL2\Game_imgui.h(1592,74): warning C4267: 'argument': conversion from 'size_t' to 'int', possible loss of data
  (compiling source file 'Game.cpp')
  
C:\Users\86180\Documents\OpenGL4d_20240506_114830\OpenGL4d\OpenGL2\Game_imgui.h(1595,34): warning C4267: 'argument': conversion from 'size_t' to 'int', possible loss of data
  (compiling source file 'Game.cpp')
  
C:\Users\86180\Documents\OpenGL4d_20240506_114830\OpenGL4d\OpenGL2\Game_imgui.h(1598,138): warning C4267: 'argument': conversion from 'size_t' to 'unsigned int', possible loss of data
  (compiling source file 'Game.cpp')
  
C:\Users\86180\Documents\OpenGL4d_20240506_114830\OpenGL4d\OpenGL2\Game_imgui.h(1599,135): warning C4267: 'argument': conversion from 'size_t' to 'unsigned int', possible loss of data
  (compiling source file 'Game.cpp')
  
C:\Users\86180\Documents\OpenGL4d_20240506_114830\OpenGL4d\OpenGL2\Game_imgui.h(1600,32): warning C4267: 'argument': conversion from 'size_t' to 'int', possible loss of data
  (compiling source file 'Game.cpp')
  
C:\Users\86180\Documents\OpenGL4d_20240506_114830\OpenGL4d\OpenGL2\Game_imgui.h(1612,152): warning C4267: 'argument': conversion from 'size_t' to 'unsigned int', possible loss of data
  (compiling source file 'Game.cpp')
  
C:\Users\86180\Documents\OpenGL4d_20240506_114830\OpenGL4d\OpenGL2\Game_imgui.h(1613,149): warning C4267: 'argument': conversion from 'size_t' to 'unsigned int', possible loss of data
  (compiling source file 'Game.cpp')
  
C:\Users\86180\Documents\OpenGL4d_20240506_114830\OpenGL4d\OpenGL2\Game_imgui.h(1624,166): warning C4267: 'argument': conversion from 'size_t' to 'unsigned int', possible loss of data
  (compiling source file 'Game.cpp')
  
C:\Users\86180\Documents\OpenGL4d_20240506_114830\OpenGL4d\OpenGL2\Game_imgui.h(1625,163): warning C4267: 'argument': conversion from 'size_t' to 'unsigned int', possible loss of data
  (compiling source file 'Game.cpp')
  
C:\Users\86180\Documents\OpenGL4d_20240506_114830\OpenGL4d\OpenGL2\Game_imgui.h(1632,63): warning C4267: 'argument': conversion from 'size_t' to 'int', possible loss of data
  (compiling source file 'Game.cpp')
  
C:\Users\86180\Documents\OpenGL4d_20240506_114830\OpenGL4d\OpenGL2\Game_imgui.h(1636,54): warning C4267: 'argument': conversion from 'size_t' to 'unsigned int', possible loss of data
  (compiling source file 'Game.cpp')
  
C:\Users\86180\Documents\OpenGL4d_20240506_114830\OpenGL4d\OpenGL2\Structures4D.h(173,31): warning C4305: 'initializing': truncation from 'double' to 'float'
  (compiling source file 'Game.cpp')
  
C:\Users\86180\Documents\OpenGL4d_20240506_114830\OpenGL4d\OpenGL2\Structures4D.h(456,127): warning C4244: 'argument': conversion from 'int' to 'T', possible loss of data
C:\Users\86180\Documents\OpenGL4d_20240506_114830\OpenGL4d\OpenGL2\Structures4D.h(456,127): warning C4244:         with
C:\Users\86180\Documents\OpenGL4d_20240506_114830\OpenGL4d\OpenGL2\Structures4D.h(456,127): warning C4244:         [
C:\Users\86180\Documents\OpenGL4d_20240506_114830\OpenGL4d\OpenGL2\Structures4D.h(456,127): warning C4244:             T=float
C:\Users\86180\Documents\OpenGL4d_20240506_114830\OpenGL4d\OpenGL2\Structures4D.h(456,127): warning C4244:         ]
  (compiling source file 'Game.cpp')
  
C:\Users\86180\Documents\OpenGL4d_20240506_114830\OpenGL4d\OpenGL2\StartObj.h(73,182): warning C4267: 'argument': conversion from 'size_t' to 'int', possible loss of data
  (compiling source file 'Game.cpp')
  
C:\Users\86180\Documents\OpenGL4d_20240506_114830\OpenGL4d\OpenGL2\StartObj.h(74,181): warning C4267: 'argument': conversion from 'size_t' to 'int', possible loss of data
  (compiling source file 'Game.cpp')
  
C:\Users\86180\Documents\OpenGL4d_20240506_114830\OpenGL4d\OpenGL2\StartObj.h(75,180): warning C4267: 'argument': conversion from 'size_t' to 'int', possible loss of data
  (compiling source file 'Game.cpp')
  
C:\Users\86180\Documents\OpenGL4d_20240506_114830\OpenGL4d\OpenGL2\StartObj.h(76,179): warning C4267: 'argument': conversion from 'size_t' to 'int', possible loss of data
  (compiling source file 'Game.cpp')
  
C:\Users\86180\Documents\OpenGL4d_20240506_114830\OpenGL4d\OpenGL2\Collider.h(63,63): warning C4267: 'argument': conversion from 'size_t' to 'unsigned int', possible loss of data
  (compiling source file 'Game.cpp')
  
C:\Users\86180\Documents\OpenGL4d_20240506_114830\OpenGL4d\OpenGL2\Collider.h(67,75): warning C4267: 'argument': conversion from 'size_t' to 'unsigned int', possible loss of data
  (compiling source file 'Game.cpp')
  
C:\Users\86180\Documents\OpenGL4d_20240506_114830\OpenGL4d\OpenGL2\Collider.h(67,147): warning C4267: 'argument': conversion from 'size_t' to 'unsigned int', possible loss of data
  (compiling source file 'Game.cpp')
  
C:\Users\86180\Documents\OpenGL4d_20240506_114830\OpenGL4d\OpenGL2\Collider.h(69,89): warning C4267: 'argument': conversion from 'size_t' to 'unsigned int', possible loss of data
  (compiling source file 'Game.cpp')
  
C:\Users\86180\Documents\OpenGL4d_20240506_114830\OpenGL4d\OpenGL2\Collider.h(69,161): warning C4267: 'argument': conversion from 'size_t' to 'unsigned int', possible loss of data
  (compiling source file 'Game.cpp')
  
C:\Users\86180\Documents\OpenGL4d_20240506_114830\OpenGL4d\OpenGL2\Collider.h(70,65): warning C4267: 'argument': conversion from 'size_t' to 'unsigned int', possible loss of data
  (compiling source file 'Game.cpp')
  
C:\Users\86180\Documents\OpenGL4d_20240506_114830\OpenGL4d\OpenGL2\Collider.h(70,189): warning C4267: 'argument': conversion from 'size_t' to 'unsigned int', possible loss of data
  (compiling source file 'Game.cpp')
  
C:\Users\86180\Documents\OpenGL4d_20240506_114830\OpenGL4d\OpenGL2\Collider.h(70,261): warning C4267: 'argument': conversion from 'size_t' to 'unsigned int', possible loss of data
  (compiling source file 'Game.cpp')
  
C:\Users\86180\Documents\OpenGL4d_20240506_114830\OpenGL4d\OpenGL2\Collider.h(77,73): warning C4267: 'argument': conversion from 'size_t' to 'unsigned int', possible loss of data
  (compiling source file 'Game.cpp')
  
C:\Users\86180\Documents\OpenGL4d_20240506_114830\OpenGL4d\OpenGL2\Collider.h(77,145): warning C4267: 'argument': conversion from 'size_t' to 'unsigned int', possible loss of data
  (compiling source file 'Game.cpp')
  
C:\Users\86180\Documents\OpenGL4d_20240506_114830\OpenGL4d\OpenGL2\Collider.h(79,63): warning C4267: 'argument': conversion from 'size_t' to 'unsigned int', possible loss of data
  (compiling source file 'Game.cpp')
  
C:\Users\86180\Documents\OpenGL4d_20240506_114830\OpenGL4d\OpenGL2\Collider.h(87,110): warning C4267: 'argument': conversion from 'size_t' to 'unsigned int', possible loss of data
  (compiling source file 'Game.cpp')
  
C:\Users\86180\Documents\OpenGL4d_20240506_114830\OpenGL4d\OpenGL2\Collider.h(89,78): warning C4267: 'argument': conversion from 'size_t' to 'unsigned int', possible loss of data
  (compiling source file 'Game.cpp')
  
C:\Users\86180\Documents\OpenGL4d_20240506_114830\OpenGL4d\OpenGL2\Collider.h(90,75): warning C4267: 'argument': conversion from 'size_t' to 'unsigned int', possible loss of data
  (compiling source file 'Game.cpp')
  
C:\Users\86180\Documents\OpenGL4d_20240506_114830\OpenGL4d\OpenGL2\Collider.h(91,81): warning C4267: 'argument': conversion from 'size_t' to 'unsigned int', possible loss of data
  (compiling source file 'Game.cpp')
  
C:\Users\86180\Documents\OpenGL4d_20240506_114830\OpenGL4d\OpenGL2\Collider.h(92,79): warning C4267: 'argument': conversion from 'size_t' to 'unsigned int', possible loss of data
  (compiling source file 'Game.cpp')
  
C:\Users\86180\Documents\OpenGL4d_20240506_114830\OpenGL4d\OpenGL2\Collider.h(93,99): warning C4267: 'argument': conversion from 'size_t' to 'int', possible loss of data
  (compiling source file 'Game.cpp')
  
C:\Users\86180\Documents\OpenGL4d_20240506_114830\OpenGL4d\OpenGL2\Collider.h(94,49): warning C4267: 'argument': conversion from 'size_t' to 'int', possible loss of data
  (compiling source file 'Game.cpp')
  
C:\Users\86180\Documents\OpenGL4d_20240506_114830\OpenGL4d\OpenGL2\Collider.h(104,116): warning C4267: 'argument': conversion from 'size_t' to 'unsigned int', possible loss of data
  (compiling source file 'Game.cpp')
  
C:\Users\86180\Documents\OpenGL4d_20240506_114830\OpenGL4d\OpenGL2\Collider.h(106,83): warning C4267: 'argument': conversion from 'size_t' to 'unsigned int', possible loss of data
  (compiling source file 'Game.cpp')
  
C:\Users\86180\Documents\OpenGL4d_20240506_114830\OpenGL4d\OpenGL2\Collider.h(107,81): warning C4267: 'argument': conversion from 'size_t' to 'unsigned int', possible loss of data
  (compiling source file 'Game.cpp')
  
C:\Users\86180\Documents\OpenGL4d_20240506_114830\OpenGL4d\OpenGL2\Collider.h(113,103): warning C4267: 'argument': conversion from 'size_t' to 'unsigned int', possible loss of data
  (compiling source file 'Game.cpp')
  
C:\Users\86180\Documents\OpenGL4d_20240506_114830\OpenGL4d\OpenGL2\Collider.h(116,151): warning C4267: 'argument': conversion from 'size_t' to 'unsigned int', possible loss of data
  (compiling source file 'Game.cpp')
  
C:\Users\86180\Documents\OpenGL4d_20240506_114830\OpenGL4d\OpenGL2\Collider.h(117,149): warning C4267: 'argument': conversion from 'size_t' to 'unsigned int', possible loss of data
  (compiling source file 'Game.cpp')
  
C:\Users\86180\Documents\OpenGL4d_20240506_114830\OpenGL4d\OpenGL2\Collider.h(121,107): warning C4267: 'argument': conversion from 'size_t' to 'unsigned int', possible loss of data
  (compiling source file 'Game.cpp')
  
C:\Users\86180\Documents\OpenGL4d_20240506_114830\OpenGL4d\OpenGL2\Collider.h(122,104): warning C4267: 'argument': conversion from 'size_t' to 'unsigned int', possible loss of data
  (compiling source file 'Game.cpp')
  
C:\Users\86180\Documents\OpenGL4d_20240506_114830\OpenGL4d\OpenGL2\Collider.h(123,110): warning C4267: 'argument': conversion from 'size_t' to 'unsigned int', possible loss of data
  (compiling source file 'Game.cpp')
  
C:\Users\86180\Documents\OpenGL4d_20240506_114830\OpenGL4d\OpenGL2\Collider.h(124,108): warning C4267: 'argument': conversion from 'size_t' to 'unsigned int', possible loss of data
  (compiling source file 'Game.cpp')
  
C:\Users\86180\Documents\OpenGL4d_20240506_114830\OpenGL4d\OpenGL2\Collider.h(125,128): warning C4267: 'argument': conversion from 'size_t' to 'int', possible loss of data
  (compiling source file 'Game.cpp')
  
C:\Users\86180\Documents\OpenGL4d_20240506_114830\OpenGL4d\OpenGL2\Collider.h(126,78): warning C4267: 'argument': conversion from 'size_t' to 'int', possible loss of data
  (compiling source file 'Game.cpp')
  
C:\Users\86180\Documents\OpenGL4d_20240506_114830\OpenGL4d\OpenGL2\Collider.h(128,122): warning C4267: 'argument': conversion from 'size_t' to 'unsigned int', possible loss of data
  (compiling source file 'Game.cpp')
  
C:\Users\86180\Documents\OpenGL4d_20240506_114830\OpenGL4d\OpenGL2\Collider.h(129,63): warning C4267: 'argument': conversion from 'size_t' to 'unsigned int', possible loss of data
  (compiling source file 'Game.cpp')
  
C:\Users\86180\Documents\OpenGL4d_20240506_114830\OpenGL4d\OpenGL2\Collider.h(159,25): warning C4018: '<': signed/unsigned mismatch
  (compiling source file 'Game.cpp')
  
C:\Users\86180\Documents\OpenGL4d_20240506_114830\OpenGL4d\OpenGL2\Collider.h(170,199): warning C4244: 'argument': conversion from 'int' to 'T', possible loss of data
C:\Users\86180\Documents\OpenGL4d_20240506_114830\OpenGL4d\OpenGL2\Collider.h(170,199): warning C4244:         with
C:\Users\86180\Documents\OpenGL4d_20240506_114830\OpenGL4d\OpenGL2\Collider.h(170,199): warning C4244:         [
C:\Users\86180\Documents\OpenGL4d_20240506_114830\OpenGL4d\OpenGL2\Collider.h(170,199): warning C4244:             T=float
C:\Users\86180\Documents\OpenGL4d_20240506_114830\OpenGL4d\OpenGL2\Collider.h(170,199): warning C4244:         ]
  (compiling source file 'Game.cpp')
  
C:\Users\86180\Documents\OpenGL4d_20240506_114830\OpenGL4d\OpenGL2\Collider.h(175,199): warning C4244: 'argument': conversion from 'int' to 'T', possible loss of data
C:\Users\86180\Documents\OpenGL4d_20240506_114830\OpenGL4d\OpenGL2\Collider.h(175,199): warning C4244:         with
C:\Users\86180\Documents\OpenGL4d_20240506_114830\OpenGL4d\OpenGL2\Collider.h(175,199): warning C4244:         [
C:\Users\86180\Documents\OpenGL4d_20240506_114830\OpenGL4d\OpenGL2\Collider.h(175,199): warning C4244:             T=float
C:\Users\86180\Documents\OpenGL4d_20240506_114830\OpenGL4d\OpenGL2\Collider.h(175,199): warning C4244:         ]
  (compiling source file 'Game.cpp')
  
C:\Users\86180\Documents\OpenGL4d_20240506_114830\OpenGL4d\OpenGL2\Collider.h(230,25): warning C4018: '<': signed/unsigned mismatch
  (compiling source file 'Game.cpp')
  
C:\Users\86180\Documents\OpenGL4d_20240506_114830\OpenGL4d\OpenGL2\Keyboard.h(201,66): warning C4267: 'argument': conversion from 'size_t' to 'int', possible loss of data
  (compiling source file 'Game.cpp')
  
C:\Users\86180\Documents\OpenGL4d_20240506_114830\OpenGL4d\OpenGL2\Keyboard.h(205,65): warning C4267: 'argument': conversion from 'size_t' to 'int', possible loss of data
  (compiling source file 'Game.cpp')
  
C:\Users\86180\Documents\OpenGL4d_20240506_114830\OpenGL4d\OpenGL2\Keyboard.h(218,71): warning C4267: 'argument': conversion from 'size_t' to 'unsigned int', possible loss of data
  (compiling source file 'Game.cpp')
  
C:\Users\86180\Documents\OpenGL4d_20240506_114830\OpenGL4d\OpenGL2\Keyboard.h(406,40): warning C4244: 'argument': conversion from 'int' to 'GLfloat', possible loss of data
  (compiling source file 'Game.cpp')
  
C:\Users\86180\Documents\OpenGL4d_20240506_114830\OpenGL4d\OpenGL2\Keyboard.h(451,133): warning C4267: 'argument': conversion from 'size_t' to 'unsigned int', possible loss of data
  (compiling source file 'Game.cpp')
  
C:\Users\86180\Documents\OpenGL4d_20240506_114830\OpenGL4d\OpenGL2\Keyboard.h(452,137): warning C4267: 'argument': conversion from 'size_t' to 'unsigned int', possible loss of data
  (compiling source file 'Game.cpp')
  
C:\Users\86180\Documents\OpenGL4d_20240506_114830\OpenGL4d\OpenGL2\Keyboard.h(475,98): warning C4267: 'argument': conversion from 'size_t' to 'unsigned int', possible loss of data
  (compiling source file 'Game.cpp')
  
C:\Users\86180\Documents\OpenGL4d_20240506_114830\OpenGL4d\OpenGL2\Keyboard.h(476,102): warning C4267: 'argument': conversion from 'size_t' to 'unsigned int', possible loss of data
  (compiling source file 'Game.cpp')
  
C:\Users\86180\Documents\OpenGL4d_20240506_114830\OpenGL4d\OpenGL2\Keyboard.h(495,128): warning C4267: 'argument': conversion from 'size_t' to 'int', possible loss of data
  (compiling source file 'Game.cpp')
  
C:\Users\86180\Documents\OpenGL4d_20240506_114830\OpenGL4d\OpenGL2\Keyboard.h(501,133): warning C4267: 'argument': conversion from 'size_t' to 'unsigned int', possible loss of data
  (compiling source file 'Game.cpp')
  
C:\Users\86180\Documents\OpenGL4d_20240506_114830\OpenGL4d\OpenGL2\Keyboard.h(502,137): warning C4267: 'argument': conversion from 'size_t' to 'unsigned int', possible loss of data
  (compiling source file 'Game.cpp')
  
C:\Users\86180\Documents\OpenGL4d_20240506_114830\OpenGL4d\OpenGL2\Keyboard.h(508,98): warning C4267: 'argument': conversion from 'size_t' to 'unsigned int', possible loss of data
  (compiling source file 'Game.cpp')
  
C:\Users\86180\Documents\OpenGL4d_20240506_114830\OpenGL4d\OpenGL2\Keyboard.h(509,102): warning C4267: 'argument': conversion from 'size_t' to 'unsigned int', possible loss of data
  (compiling source file 'Game.cpp')
  
C:\Users\86180\Documents\OpenGL4d_20240506_114830\OpenGL4d\OpenGL2\Keyboard.h(516,92): warning C4267: 'argument': conversion from 'size_t' to 'unsigned int', possible loss of data
  (compiling source file 'Game.cpp')
  
C:\Users\86180\Documents\OpenGL4d_20240506_114830\OpenGL4d\OpenGL2\Keyboard.h(517,96): warning C4267: 'argument': conversion from 'size_t' to 'unsigned int', possible loss of data
  (compiling source file 'Game.cpp')
  
C:\Users\86180\Documents\OpenGL4d_20240506_114830\OpenGL4d\OpenGL2\Keyboard.h(522,92): warning C4267: 'argument': conversion from 'size_t' to 'unsigned int', possible loss of data
  (compiling source file 'Game.cpp')
  
C:\Users\86180\Documents\OpenGL4d_20240506_114830\OpenGL4d\OpenGL2\Keyboard.h(523,96): warning C4267: 'argument': conversion from 'size_t' to 'unsigned int', possible loss of data
  (compiling source file 'Game.cpp')
  
C:\Users\86180\Documents\OpenGL4d_20240506_114830\OpenGL4d\OpenGL2\Keyboard.h(545,17): warning C4267: 'initializing': conversion from 'size_t' to 'int', possible loss of data
  (compiling source file 'Game.cpp')
  
C:\Users\86180\Documents\OpenGL4d_20240506_114830\OpenGL4d\OpenGL2\Keyboard.h(580,17): warning C4267: 'initializing': conversion from 'size_t' to 'int', possible loss of data
  (compiling source file 'Game.cpp')
  
C:\Users\86180\Documents\OpenGL4d_20240506_114830\OpenGL4d\OpenGL2\Keyboard.h(660,52): warning C4267: 'argument': conversion from 'size_t' to 'int', possible loss of data
  (compiling source file 'Game.cpp')
  
C:\Users\86180\Documents\OpenGL4d_20240506_114830\OpenGL4d\OpenGL2\Keyboard.h(664,50): warning C4267: 'argument': conversion from 'size_t' to 'int', possible loss of data
  (compiling source file 'Game.cpp')
  
C:\Users\86180\Documents\OpenGL4d_20240506_114830\OpenGL4d\OpenGL2\Keyboard.h(687,72): warning C4267: 'argument': conversion from 'size_t' to 'unsigned int', possible loss of data
  (compiling source file 'Game.cpp')
  
C:\Users\86180\Documents\OpenGL4d_20240506_114830\OpenGL4d\OpenGL2\Game.cpp(1329,17): warning C4267: 'initializing': conversion from 'size_t' to 'int', possible loss of data
  main.cpp
C:\Users\86180\Documents\OpenGL4d_20240506_114830\OpenGL4d\OpenGL2\mod.h(113,18): warning C4244: 'initializing': conversion from 'double' to 'float', possible loss of data
  (compiling source file 'main.cpp')
  
C:\Users\86180\Documents\OpenGL4d_20240506_114830\OpenGL4d\OpenGL2\mod.h(114,19): warning C4244: 'initializing': conversion from 'double' to 'float', possible loss of data
  (compiling source file 'main.cpp')
  
C:\Users\86180\Documents\OpenGL4d_20240506_114830\OpenGL4d\OpenGL2\mod.h(116,21): warning C4244: 'initializing': conversion from 'double' to 'float', possible loss of data
  (compiling source file 'main.cpp')
  
C:\Users\86180\Documents\OpenGL4d_20240506_114830\OpenGL4d\OpenGL2\mod.h(117,22): warning C4244: 'initializing': conversion from 'double' to 'float', possible loss of data
  (compiling source file 'main.cpp')
  
C:\Users\86180\Documents\OpenGL4d_20240506_114830\OpenGL4d\OpenGL2\mod.h(125,38): warning C4244: 'argument': conversion from 'double' to 'float', possible loss of data
  (compiling source file 'main.cpp')
  
C:\Users\86180\Documents\OpenGL4d_20240506_114830\OpenGL4d\OpenGL2\mod.h(123,24): warning C4244: 'argument': conversion from 'double' to 'float', possible loss of data
  (compiling source file 'main.cpp')
  
C:\Users\86180\Documents\OpenGL4d_20240506_114830\OpenGL4d\OpenGL2\mod.h(223,19): warning C4244: 'argument': conversion from 'double' to 'float', possible loss of data
  (compiling source file 'main.cpp')
  
C:\Users\86180\Documents\OpenGL4d_20240506_114830\OpenGL4d\OpenGL2\mod.h(229,19): warning C4244: 'argument': conversion from 'double' to 'float', possible loss of data
  (compiling source file 'main.cpp')
  
C:\Users\86180\Documents\OpenGL4d_20240506_114830\OpenGL4d\OpenGL2\mod.h(250,16): warning C4244: 'initializing': conversion from 'double' to 'float', possible loss of data
  (compiling source file 'main.cpp')
  
C:\Users\86180\Documents\OpenGL4d_20240506_114830\OpenGL4d\OpenGL2\mod.h(255,17): warning C4244: 'initializing': conversion from 'double' to 'float', possible loss of data
  (compiling source file 'main.cpp')
  
C:\Users\86180\Documents\OpenGL4d_20240506_114830\OpenGL4d\OpenGL2\mod.h(262,20): warning C4244: 'initializing': conversion from 'double' to 'float', possible loss of data
  (compiling source file 'main.cpp')
  
C:\Users\86180\Documents\OpenGL4d_20240506_114830\OpenGL4d\OpenGL2\mod.h(278,21): warning C4244: 'initializing': conversion from 'double' to 'float', possible loss of data
  (compiling source file 'main.cpp')
  
C:\Users\86180\Documents\OpenGL4d_20240506_114830\OpenGL4d\OpenGL2\mod.h(359,3): warning C4244: 'return': conversion from 'double' to 'float', possible loss of data
  (compiling source file 'main.cpp')
  
C:\Users\86180\Documents\OpenGL4d_20240506_114830\OpenGL4d\OpenGL2\Texture.h(220,16): warning C4244: 'initializing': conversion from 'T' to 'int', possible loss of data
C:\Users\86180\Documents\OpenGL4d_20240506_114830\OpenGL4d\OpenGL2\Texture.h(220,16): warning C4244:         with
C:\Users\86180\Documents\OpenGL4d_20240506_114830\OpenGL4d\OpenGL2\Texture.h(220,16): warning C4244:         [
C:\Users\86180\Documents\OpenGL4d_20240506_114830\OpenGL4d\OpenGL2\Texture.h(220,16): warning C4244:             T=float
C:\Users\86180\Documents\OpenGL4d_20240506_114830\OpenGL4d\OpenGL2\Texture.h(220,16): warning C4244:         ]
  (compiling source file 'main.cpp')
  
C:\Users\86180\Documents\OpenGL4d_20240506_114830\OpenGL4d\OpenGL2\Texture.h(222,17): warning C4244: 'initializing': conversion from 'T' to 'int', possible loss of data
C:\Users\86180\Documents\OpenGL4d_20240506_114830\OpenGL4d\OpenGL2\Texture.h(222,17): warning C4244:         with
C:\Users\86180\Documents\OpenGL4d_20240506_114830\OpenGL4d\OpenGL2\Texture.h(222,17): warning C4244:         [
C:\Users\86180\Documents\OpenGL4d_20240506_114830\OpenGL4d\OpenGL2\Texture.h(222,17): warning C4244:             T=float
C:\Users\86180\Documents\OpenGL4d_20240506_114830\OpenGL4d\OpenGL2\Texture.h(222,17): warning C4244:         ]
  (compiling source file 'main.cpp')
  
C:\Users\86180\Documents\OpenGL4d_20240506_114830\OpenGL4d\OpenGL2\Texture.h(224,18): warning C4244: 'initializing': conversion from 'T' to 'int', possible loss of data
C:\Users\86180\Documents\OpenGL4d_20240506_114830\OpenGL4d\OpenGL2\Texture.h(224,18): warning C4244:         with
C:\Users\86180\Documents\OpenGL4d_20240506_114830\OpenGL4d\OpenGL2\Texture.h(224,18): warning C4244:         [
C:\Users\86180\Documents\OpenGL4d_20240506_114830\OpenGL4d\OpenGL2\Texture.h(224,18): warning C4244:             T=float
C:\Users\86180\Documents\OpenGL4d_20240506_114830\OpenGL4d\OpenGL2\Texture.h(224,18): warning C4244:         ]
  (compiling source file 'main.cpp')
  
C:\Users\86180\Documents\OpenGL4d_20240506_114830\OpenGL4d\OpenGL2\Texture.h(239,16): warning C4244: 'initializing': conversion from 'T' to 'int', possible loss of data
C:\Users\86180\Documents\OpenGL4d_20240506_114830\OpenGL4d\OpenGL2\Texture.h(239,16): warning C4244:         with
C:\Users\86180\Documents\OpenGL4d_20240506_114830\OpenGL4d\OpenGL2\Texture.h(239,16): warning C4244:         [
C:\Users\86180\Documents\OpenGL4d_20240506_114830\OpenGL4d\OpenGL2\Texture.h(239,16): warning C4244:             T=float
C:\Users\86180\Documents\OpenGL4d_20240506_114830\OpenGL4d\OpenGL2\Texture.h(239,16): warning C4244:         ]
  (compiling source file 'main.cpp')
  
C:\Users\86180\Documents\OpenGL4d_20240506_114830\OpenGL4d\OpenGL2\Texture.h(241,17): warning C4244: 'initializing': conversion from 'T' to 'int', possible loss of data
C:\Users\86180\Documents\OpenGL4d_20240506_114830\OpenGL4d\OpenGL2\Texture.h(241,17): warning C4244:         with
C:\Users\86180\Documents\OpenGL4d_20240506_114830\OpenGL4d\OpenGL2\Texture.h(241,17): warning C4244:         [
C:\Users\86180\Documents\OpenGL4d_20240506_114830\OpenGL4d\OpenGL2\Texture.h(241,17): warning C4244:             T=float
C:\Users\86180\Documents\OpenGL4d_20240506_114830\OpenGL4d\OpenGL2\Texture.h(241,17): warning C4244:         ]
  (compiling source file 'main.cpp')
  
C:\Users\86180\Documents\OpenGL4d_20240506_114830\OpenGL4d\OpenGL2\Texture.h(243,18): warning C4244: 'initializing': conversion from 'T' to 'int', possible loss of data
C:\Users\86180\Documents\OpenGL4d_20240506_114830\OpenGL4d\OpenGL2\Texture.h(243,18): warning C4244:         with
C:\Users\86180\Documents\OpenGL4d_20240506_114830\OpenGL4d\OpenGL2\Texture.h(243,18): warning C4244:         [
C:\Users\86180\Documents\OpenGL4d_20240506_114830\OpenGL4d\OpenGL2\Texture.h(243,18): warning C4244:             T=float
C:\Users\86180\Documents\OpenGL4d_20240506_114830\OpenGL4d\OpenGL2\Texture.h(243,18): warning C4244:         ]
  (compiling source file 'main.cpp')
  
C:\Users\86180\Documents\OpenGL4d_20240506_114830\OpenGL4d\OpenGL2\Texture.h(271,83): warning C4244: 'argument': conversion from 'float' to 'GLint', possible loss of data
  (compiling source file 'main.cpp')
  
C:\Users\86180\Documents\OpenGL4d_20240506_114830\OpenGL4d\OpenGL2\Texture.h(271,61): warning C4244: 'argument': conversion from 'float' to 'GLint', possible loss of data
  (compiling source file 'main.cpp')
  
C:\Users\86180\Documents\OpenGL4d_20240506_114830\OpenGL4d\OpenGL2\Texture.h(271,39): warning C4244: 'argument': conversion from 'float' to 'GLint', possible loss of data
  (compiling source file 'main.cpp')
  
C:\Users\86180\Documents\OpenGL4d_20240506_114830\OpenGL4d\OpenGL2\Primitives4D.h(810,29): warning C4267: 'initializing': conversion from 'size_t' to 'unsigned int', possible loss of data
  (compiling source file 'main.cpp')
  
C:\Users\86180\Documents\OpenGL4d_20240506_114830\OpenGL4d\OpenGL2\Primitives4D.h(829,14): warning C4267: 'initializing': conversion from 'size_t' to 'int', possible loss of data
  (compiling source file 'main.cpp')
  
C:\Users\86180\Documents\OpenGL4d_20240506_114830\OpenGL4d\OpenGL2\Primitives4D.h(830,14): warning C4267: 'initializing': conversion from 'size_t' to 'int', possible loss of data
  (compiling source file 'main.cpp')
  
C:\Users\86180\Documents\OpenGL4d_20240506_114830\OpenGL4d\OpenGL2\Primitives4D.h(831,14): warning C4267: 'initializing': conversion from 'size_t' to 'int', possible loss of data
  (compiling source file 'main.cpp')
  
C:\Users\86180\Documents\OpenGL4d_20240506_114830\OpenGL4d\OpenGL2\Line.h(112,39): warning C4018: '<': signed/unsigned mismatch
  (compiling source file 'main.cpp')
  
C:\Program Files (x86)\Windows Kits\10\Include\10.0.22000.0\shared\minwindef.h(130,1): warning C4005: 'APIENTRY': macro redefinition
  (compiling source file 'main.cpp')
  C:\Users\86180\Documents\OpenGL4d_20240506_114830\OpenGL4d\Dependencies_64x\GLFW\include\GLFW\glfw3.h(123,1):
  see previous definition of 'APIENTRY'
  
C:\Users\86180\Documents\OpenGL4d_20240506_114830\OpenGL4d\OpenGL2\Light.h(248,33): warning C4267: 'argument': conversion from 'size_t' to 'GLint', possible loss of data
  (compiling source file 'main.cpp')
  
C:\Users\86180\Documents\OpenGL4d_20240506_114830\OpenGL4d\OpenGL2\Light.h(250,33): warning C4267: 'argument': conversion from 'size_t' to 'GLint', possible loss of data
  (compiling source file 'main.cpp')
  
C:\Users\86180\Documents\OpenGL4d_20240506_114830\OpenGL4d\OpenGL2\body.h(42,33): warning C4244: 'argument': conversion from 'double' to 'const float', possible loss of data
  (compiling source file 'main.cpp')
  
C:\Users\86180\Documents\OpenGL4d_20240506_114830\OpenGL4d\OpenGL2\Joint.h(237,2): warning C4091: 'static ': ignored on left of 'HingeConstraint4D' when no variable is declared
  (compiling source file 'main.cpp')
  
C:\Users\86180\Documents\OpenGL4d_20240506_114830\OpenGL4d\OpenGL2\ObjectLists.h(72,29): warning C4018: '>=': signed/unsigned mismatch
  (compiling source file 'main.cpp')
  
C:\Users\86180\Documents\OpenGL4d_20240506_114830\OpenGL4d\OpenGL2\ObjectLists.h(76,29): warning C4018: '>=': signed/unsigned mismatch
  (compiling source file 'main.cpp')
  
C:\Users\86180\Documents\OpenGL4d_20240506_114830\OpenGL4d\OpenGL2\ObjectLists.h(83,30): warning C4018: '>=': signed/unsigned mismatch
  (compiling source file 'main.cpp')
  
C:\Users\86180\Documents\OpenGL4d_20240506_114830\OpenGL4d\OpenGL2\ObjectLists.h(87,30): warning C4018: '>=': signed/unsigned mismatch
  (compiling source file 'main.cpp')
  
C:\Users\86180\Documents\OpenGL4d_20240506_114830\OpenGL4d\OpenGL2\ObjectLists.h(94,37): warning C4018: '>=': signed/unsigned mismatch
  (compiling source file 'main.cpp')
  
C:\Users\86180\Documents\OpenGL4d_20240506_114830\OpenGL4d\OpenGL2\ObjectLists.h(98,37): warning C4018: '>=': signed/unsigned mismatch
  (compiling source file 'main.cpp')
  
C:\Users\86180\Documents\OpenGL4d_20240506_114830\OpenGL4d\OpenGL2\ObjectLists.h(116,56): warning C4267: '+=': conversion from 'size_t' to 'int', possible loss of data
  (compiling source file 'main.cpp')
  
C:\Users\86180\Documents\OpenGL4d_20240506_114830\OpenGL4d\OpenGL2\ObjectLists.h(133,19): warning C4267: 'initializing': conversion from 'size_t' to 'unsigned int', possible loss of data
  (compiling source file 'main.cpp')
  
C:\Users\86180\Documents\OpenGL4d_20240506_114830\OpenGL4d\OpenGL2\ObjectLists.h(134,15): warning C4018: '<': signed/unsigned mismatch
  (compiling source file 'main.cpp')
  
C:\Users\86180\Documents\OpenGL4d_20240506_114830\OpenGL4d\OpenGL2\ObjectLists.h(145,60): warning C4267: '+=': conversion from 'size_t' to 'int', possible loss of data
  (compiling source file 'main.cpp')
  
C:\Users\86180\Documents\OpenGL4d_20240506_114830\OpenGL4d\OpenGL2\ObjectLists.h(167,56): warning C4267: '+=': conversion from 'size_t' to 'int', possible loss of data
  (compiling source file 'main.cpp')
  
C:\Users\86180\Documents\OpenGL4d_20240506_114830\OpenGL4d\OpenGL2\ObjectLists.h(191,62): warning C4267: '+=': conversion from 'size_t' to 'int', possible loss of data
  (compiling source file 'main.cpp')
  
C:\Users\86180\Documents\OpenGL4d_20240506_114830\OpenGL4d\OpenGL2\ObjectLists.h(329,56): warning C4267: '+=': conversion from 'size_t' to 'int', possible loss of data
  (compiling source file 'main.cpp')
  
C:\Users\86180\Documents\OpenGL4d_20240506_114830\OpenGL4d\OpenGL2\ObjectLists.h(345,56): warning C4267: '+=': conversion from 'size_t' to 'int', possible loss of data
  (compiling source file 'main.cpp')
  
C:\Users\86180\Documents\OpenGL4d_20240506_114830\OpenGL4d\OpenGL2\ObjectLists.h(361,62): warning C4267: '+=': conversion from 'size_t' to 'int', possible loss of data
  (compiling source file 'main.cpp')
  
C:\Users\86180\Documents\OpenGL4d_20240506_114830\OpenGL4d\OpenGL2\ObjectLists.h(379,60): warning C4267: '+=': conversion from 'size_t' to 'int', possible loss of data
  (compiling source file 'main.cpp')
  
C:\Users\86180\Documents\OpenGL4d_20240506_114830\OpenGL4d\OpenGL2\ObjectLists.h(402,60): warning C4267: '+=': conversion from 'size_t' to 'int', possible loss of data
  (compiling source file 'main.cpp')
  
C:\Users\86180\Documents\OpenGL4d_20240506_114830\OpenGL4d\OpenGL2\ObjectLists.h(436,27): warning C4267: 'initializing': conversion from 'size_t' to 'unsigned int', possible loss of data
  (compiling source file 'main.cpp')
  
C:\Users\86180\Documents\OpenGL4d_20240506_114830\OpenGL4d\OpenGL2\ObjectLists.h(437,15): warning C4018: '<': signed/unsigned mismatch
  (compiling source file 'main.cpp')
  
C:\Users\86180\Documents\OpenGL4d_20240506_114830\OpenGL4d\OpenGL2\ObjectLists.h(442,27): warning C4267: 'initializing': conversion from 'size_t' to 'unsigned int', possible loss of data
  (compiling source file 'main.cpp')
  
C:\Users\86180\Documents\OpenGL4d_20240506_114830\OpenGL4d\OpenGL2\ObjectLists.h(443,28): warning C4267: 'initializing': conversion from 'size_t' to 'unsigned int', possible loss of data
  (compiling source file 'main.cpp')
  
C:\Users\86180\Documents\OpenGL4d_20240506_114830\OpenGL4d\OpenGL2\ObjectLists.h(444,15): warning C4018: '<': signed/unsigned mismatch
  (compiling source file 'main.cpp')
  
C:\Users\86180\Documents\OpenGL4d_20240506_114830\OpenGL4d\OpenGL2\ObjectLists.h(445,20): warning C4018: '<': signed/unsigned mismatch
  (compiling source file 'main.cpp')
  
C:\Users\86180\Documents\OpenGL4d_20240506_114830\OpenGL4d\OpenGL2\ObjectLists.h(460,2): warning C4091: 'static ': ignored on left of 'RenderIndex' when no variable is declared
  (compiling source file 'main.cpp')
  
C:\Users\86180\Documents\OpenGL4d_20240506_114830\OpenGL4d\OpenGL2\ObjectLists.h(544,20): warning C4267: 'initializing': conversion from 'size_t' to 'int', possible loss of data
  (compiling source file 'main.cpp')
  
C:\Users\86180\Documents\OpenGL4d_20240506_114830\OpenGL4d\OpenGL2\ObjectLists.h(563,11): warning C4267: 'initializing': conversion from 'size_t' to 'int', possible loss of data
  (compiling source file 'main.cpp')
  
C:\Users\86180\Documents\OpenGL4d_20240506_114830\OpenGL4d\OpenGL2\gjk.h(160,27): warning C4018: '<': signed/unsigned mismatch
  (compiling source file 'main.cpp')
  
C:\Users\86180\Documents\OpenGL4d_20240506_114830\OpenGL4d\OpenGL2\gjk.h(197,27): warning C4018: '<': signed/unsigned mismatch
  (compiling source file 'main.cpp')
  
C:\Users\86180\Documents\OpenGL4d_20240506_114830\OpenGL4d\OpenGL2\gjk.h(275,27): warning C4018: '<': signed/unsigned mismatch
  (compiling source file 'main.cpp')
  
C:\Users\86180\Documents\OpenGL4d_20240506_114830\OpenGL4d\OpenGL2\gjk.h(284,27): warning C4018: '<': signed/unsigned mismatch
  (compiling source file 'main.cpp')
  
C:\Users\86180\Documents\OpenGL4d_20240506_114830\OpenGL4d\OpenGL2\gjk.h(382,27): warning C4018: '<': signed/unsigned mismatch
  (compiling source file 'main.cpp')
  
C:\Users\86180\Documents\OpenGL4d_20240506_114830\OpenGL4d\OpenGL2\gjk.h(419,27): warning C4018: '<': signed/unsigned mismatch
  (compiling source file 'main.cpp')
  
C:\Users\86180\Documents\OpenGL4d_20240506_114830\OpenGL4d\OpenGL2\gjk.h(463,27): warning C4018: '<': signed/unsigned mismatch
  (compiling source file 'main.cpp')
  
C:\Users\86180\Documents\OpenGL4d_20240506_114830\OpenGL4d\OpenGL2\gjk.h(696,2): warning C4091: 'static ': ignored on left of 'Simplex' when no variable is declared
  (compiling source file 'main.cpp')
  
C:\Users\86180\Documents\OpenGL4d_20240506_114830\OpenGL4d\OpenGL2\gjk.h(551,24): warning C4267: 'initializing': conversion from 'size_t' to 'int', possible loss of data
  (compiling source file 'main.cpp')
  
C:\Users\86180\Documents\OpenGL4d_20240506_114830\OpenGL4d\OpenGL2\gjk.h(841,33): warning C4267: 'initializing': conversion from 'size_t' to 'unsigned int', possible loss of data
  (compiling source file 'main.cpp')
  
C:\Users\86180\Documents\OpenGL4d_20240506_114830\OpenGL4d\OpenGL2\gjk.h(952,35): warning C4018: '<': signed/unsigned mismatch
  (compiling source file 'main.cpp')
  
C:\Users\86180\Documents\OpenGL4d_20240506_114830\OpenGL4d\OpenGL2\gjk.h(1087,28): warning C4267: 'initializing': conversion from 'size_t' to 'unsigned int', possible loss of data
  (compiling source file 'main.cpp')
  
C:\Users\86180\Documents\OpenGL4d_20240506_114830\OpenGL4d\OpenGL2\colliderPhy.h(11,2): warning C4091: 'static ': ignored on left of 'Collider' when no variable is declared
  (compiling source file 'main.cpp')
  
C:\Users\86180\Documents\OpenGL4d_20240506_114830\OpenGL4d\OpenGL2\colliderPhy.h(18,2): warning C4091: 'static ': ignored on left of 'CollisionManifold' when no variable is declared
  (compiling source file 'main.cpp')
  
C:\Users\86180\Documents\OpenGL4d_20240506_114830\OpenGL4d\OpenGL2\colliderPhy.h(37,2): warning C4091: 'static ': ignored on left of 'Collision' when no variable is declared
  (compiling source file 'main.cpp')
  
C:\Users\86180\Documents\OpenGL4d_20240506_114830\OpenGL4d\OpenGL2\colliderPhy.h(321,27): warning C4018: '<': signed/unsigned mismatch
  (compiling source file 'main.cpp')
  
C:\Users\86180\Documents\OpenGL4d_20240506_114830\OpenGL4d\OpenGL2\colliderPhy.h(532,47): warning C4267: '=': conversion from 'size_t' to 'unsigned int', possible loss of data
  (compiling source file 'main.cpp')
  
C:\Users\86180\Documents\OpenGL4d_20240506_114830\OpenGL4d\OpenGL2\colliderPhy.h(520,23): warning C4101: 'detectPos4D0': unreferenced local variable
  (compiling source file 'main.cpp')
  
C:\Users\86180\Documents\OpenGL4d_20240506_114830\OpenGL4d\OpenGL2\colliderPhy.h(859,95): warning C4244: '=': conversion from 'int' to 'float', possible loss of data
  (compiling source file 'main.cpp')
  
C:\Users\86180\Documents\OpenGL4d_20240506_114830\OpenGL4d\OpenGL2\colliderPhy.h(860,95): warning C4244: '=': conversion from 'int' to 'float', possible loss of data
  (compiling source file 'main.cpp')
  
C:\Users\86180\Documents\OpenGL4d_20240506_114830\OpenGL4d\OpenGL2\colliderPhy.h(906,39): warning C4018: '<': signed/unsigned mismatch
  (compiling source file 'main.cpp')
  
C:\Users\86180\Documents\OpenGL4d_20240506_114830\OpenGL4d\OpenGL2\colliderPhy.h(931,39): warning C4018: '<': signed/unsigned mismatch
  (compiling source file 'main.cpp')
  
C:\Users\86180\Documents\OpenGL4d_20240506_114830\OpenGL4d\OpenGL2\colliderPhy.h(971,39): warning C4018: '<': signed/unsigned mismatch
  (compiling source file 'main.cpp')
  
C:\Users\86180\Documents\OpenGL4d_20240506_114830\OpenGL4d\OpenGL2\colliderPhy.h(1018,39): warning C4018: '<': signed/unsigned mismatch
  (compiling source file 'main.cpp')
  
C:\Users\86180\Documents\OpenGL4d_20240506_114830\OpenGL4d\OpenGL2\colliderPhy.h(1098,97): warning C4244: '=': conversion from 'int' to 'float', possible loss of data
  (compiling source file 'main.cpp')
  
C:\Users\86180\Documents\OpenGL4d_20240506_114830\OpenGL4d\OpenGL2\colliderPhy.h(1099,97): warning C4244: '=': conversion from 'int' to 'float', possible loss of data
  (compiling source file 'main.cpp')
  
C:\Users\86180\Documents\OpenGL4d_20240506_114830\OpenGL4d\OpenGL2\colliderPhy.h(1134,51): warning C4267: '=': conversion from 'size_t' to 'unsigned int', possible loss of data
  (compiling source file 'main.cpp')
  
C:\Users\86180\Documents\OpenGL4d_20240506_114830\OpenGL4d\OpenGL2\colliderPhy.h(1218,35): warning C4018: '<': signed/unsigned mismatch
  (compiling source file 'main.cpp')
  
C:\Users\86180\Documents\OpenGL4d_20240506_114830\OpenGL4d\OpenGL2\colliderPhy.h(1235,35): warning C4018: '<': signed/unsigned mismatch
  (compiling source file 'main.cpp')
  
C:\Users\86180\Documents\OpenGL4d_20240506_114830\OpenGL4d\OpenGL2\colliderPhy.h(1252,35): warning C4018: '<': signed/unsigned mismatch
  (compiling source file 'main.cpp')
  
C:\Users\86180\Documents\OpenGL4d_20240506_114830\OpenGL4d\OpenGL2\colliderPhy.h(1282,35): warning C4018: '<': signed/unsigned mismatch
  (compiling source file 'main.cpp')
  
C:\Users\86180\Documents\OpenGL4d_20240506_114830\OpenGL4d\OpenGL2\colliderPhy.h(1312,35): warning C4018: '<': signed/unsigned mismatch
  (compiling source file 'main.cpp')
  
C:\Users\86180\Documents\OpenGL4d_20240506_114830\OpenGL4d\OpenGL2\colliderPhy.h(1347,35): warning C4018: '<': signed/unsigned mismatch
  (compiling source file 'main.cpp')
  
C:\Users\86180\Documents\OpenGL4d_20240506_114830\OpenGL4d\OpenGL2\colliderPhy.h(1382,35): warning C4018: '<': signed/unsigned mismatch
  (compiling source file 'main.cpp')
  
C:\Users\86180\Documents\OpenGL4d_20240506_114830\OpenGL4d\OpenGL2\colliderPhy.h(1396,35): warning C4018: '<': signed/unsigned mismatch
  (compiling source file 'main.cpp')
  
C:\Users\86180\Documents\OpenGL4d_20240506_114830\OpenGL4d\OpenGL2\colliderPhy.h(1477,93): warning C4244: '=': conversion from 'int' to 'float', possible loss of data
  (compiling source file 'main.cpp')
  
C:\Users\86180\Documents\OpenGL4d_20240506_114830\OpenGL4d\OpenGL2\colliderPhy.h(1478,93): warning C4244: '=': conversion from 'int' to 'float', possible loss of data
  (compiling source file 'main.cpp')
  
C:\Users\86180\Documents\OpenGL4d_20240506_114830\OpenGL4d\OpenGL2\colliderPhy.h(1499,31): warning C4018: '<': signed/unsigned mismatch
  (compiling source file 'main.cpp')
  
C:\Users\86180\Documents\OpenGL4d_20240506_114830\OpenGL4d\OpenGL2\colliderPhy.h(1512,51): warning C4267: '=': conversion from 'size_t' to 'unsigned int', possible loss of data
  (compiling source file 'main.cpp')
  
C:\Users\86180\Documents\OpenGL4d_20240506_114830\OpenGL4d\OpenGL2\colliderPhy.h(1835,51): warning C4267: '=': conversion from 'size_t' to 'unsigned int', possible loss of data
  (compiling source file 'main.cpp')
  
C:\Users\86180\Documents\OpenGL4d_20240506_114830\OpenGL4d\OpenGL2\colliderPhy.h(1823,27): warning C4101: 'detectPos4D0': unreferenced local variable
  (compiling source file 'main.cpp')
  
C:\Users\86180\Documents\OpenGL4d_20240506_114830\OpenGL4d\OpenGL2\colliderPhy.h(2059,27): warning C4018: '<': signed/unsigned mismatch
  (compiling source file 'main.cpp')
  
C:\Users\86180\Documents\OpenGL4d_20240506_114830\OpenGL4d\OpenGL2\colliderPhy.h(2085,31): warning C4018: '<': signed/unsigned mismatch
  (compiling source file 'main.cpp')
  
C:\Users\86180\Documents\OpenGL4d_20240506_114830\OpenGL4d\OpenGL2\collision.h(13,2): warning C4091: 'static ': ignored on left of 'ContactState' when no variable is declared
  (compiling source file 'main.cpp')
  
C:\Users\86180\Documents\OpenGL4d_20240506_114830\OpenGL4d\OpenGL2\collision.h(21,2): warning C4091: 'static ': ignored on left of 'CollisionConstraint' when no variable is declared
  (compiling source file 'main.cpp')
  
C:\Users\86180\Documents\OpenGL4d_20240506_114830\OpenGL4d\OpenGL2\collision.h(34,2): warning C4091: 'static ': ignored on left of 'Constraint' when no variable is declared
  (compiling source file 'main.cpp')
  
C:\Users\86180\Documents\OpenGL4d_20240506_114830\OpenGL4d\OpenGL2\Phys4D.h(152,138): warning C4267: 'argument': conversion from 'size_t' to 'int', possible loss of data
  (compiling source file 'main.cpp')
  
C:\Users\86180\Documents\OpenGL4d_20240506_114830\OpenGL4d\OpenGL2\Phys4D.h(154,45): warning C4267: '+=': conversion from 'size_t' to 'int', possible loss of data
  (compiling source file 'main.cpp')
  
C:\Users\86180\Documents\OpenGL4d_20240506_114830\OpenGL4d\OpenGL2\Phys4D.h(161,120): warning C4267: 'argument': conversion from 'size_t' to 'int', possible loss of data
  (compiling source file 'main.cpp')
  
C:\Users\86180\Documents\OpenGL4d_20240506_114830\OpenGL4d\OpenGL2\Phys4D.h(165,133): warning C4267: 'argument': conversion from 'size_t' to 'int', possible loss of data
  (compiling source file 'main.cpp')
  
C:\Users\86180\Documents\OpenGL4d_20240506_114830\OpenGL4d\OpenGL2\Phys4D.h(241,121): warning C4267: 'argument': conversion from 'size_t' to 'int', possible loss of data
  (compiling source file 'main.cpp')
  
C:\Users\86180\Documents\OpenGL4d_20240506_114830\OpenGL4d\OpenGL2\Phys4D.h(279,92): warning C4267: 'argument': conversion from 'size_t' to 'int', possible loss of data
  (compiling source file 'main.cpp')
  
C:\Users\86180\Documents\OpenGL4d_20240506_114830\OpenGL4d\OpenGL2\Phys4D.h(292,67): warning C4267: 'argument': conversion from 'size_t' to 'unsigned int', possible loss of data
  (compiling source file 'main.cpp')
  
C:\Users\86180\Documents\OpenGL4d_20240506_114830\OpenGL4d\OpenGL2\Phys4D.h(297,69): warning C4267: 'argument': conversion from 'size_t' to 'unsigned int', possible loss of data
  (compiling source file 'main.cpp')
  
C:\Users\86180\Documents\OpenGL4d_20240506_114830\OpenGL4d\OpenGL2\Phys4D.h(363,71): warning C4267: 'argument': conversion from 'size_t' to 'int', possible loss of data
  (compiling source file 'main.cpp')
  
C:\Users\86180\Documents\OpenGL4d_20240506_114830\OpenGL4d\OpenGL2\Phys4D.h(380,71): warning C4267: 'argument': conversion from 'size_t' to 'int', possible loss of data
  (compiling source file 'main.cpp')
  
C:\Users\86180\Documents\OpenGL4d_20240506_114830\OpenGL4d\OpenGL2\Phys4D.h(424,71): warning C4267: 'argument': conversion from 'size_t' to 'int', possible loss of data
  (compiling source file 'main.cpp')
  
C:\Users\86180\Documents\OpenGL4d_20240506_114830\OpenGL4d\OpenGL2\Phys4D.h(439,70): warning C4267: 'argument': conversion from 'size_t' to 'int', possible loss of data
  (compiling source file 'main.cpp')
  
C:\Users\86180\Documents\OpenGL4d_20240506_114830\OpenGL4d\OpenGL2\Phys4D.h(573,86): warning C4267: 'argument': conversion from 'size_t' to 'int', possible loss of data
  (compiling source file 'main.cpp')
  
C:\Users\86180\Documents\OpenGL4d_20240506_114830\OpenGL4d\OpenGL2\Phys4D.h(586,151): warning C4267: 'argument': conversion from 'size_t' to 'int', possible loss of data
  (compiling source file 'main.cpp')
  
C:\Users\86180\Documents\OpenGL4d_20240506_114830\OpenGL4d\OpenGL2\Phys4D.h(593,87): warning C4267: 'argument': conversion from 'size_t' to 'int', possible loss of data
  (compiling source file 'main.cpp')
  
C:\Users\86180\Documents\OpenGL4d_20240506_114830\OpenGL4d\OpenGL2\Phys4D.h(597,87): warning C4267: 'argument': conversion from 'size_t' to 'int', possible loss of data
  (compiling source file 'main.cpp')
  
C:\Users\86180\Documents\OpenGL4d_20240506_114830\OpenGL4d\OpenGL2\Phys4D.h(597,195): warning C4267: 'argument': conversion from 'size_t' to 'int', possible loss of data
  (compiling source file 'main.cpp')
  
C:\Users\86180\Documents\OpenGL4d_20240506_114830\OpenGL4d\OpenGL2\Phys4D.h(618,89): warning C4267: 'argument': conversion from 'size_t' to 'int', possible loss of data
  (compiling source file 'main.cpp')
  
C:\Users\86180\Documents\OpenGL4d_20240506_114830\OpenGL4d\OpenGL2\Phys4D.h(631,156): warning C4267: 'argument': conversion from 'size_t' to 'int', possible loss of data
  (compiling source file 'main.cpp')
  
C:\Users\86180\Documents\OpenGL4d_20240506_114830\OpenGL4d\OpenGL2\Phys4D.h(638,91): warning C4267: 'argument': conversion from 'size_t' to 'int', possible loss of data
  (compiling source file 'main.cpp')
  
C:\Users\86180\Documents\OpenGL4d_20240506_114830\OpenGL4d\OpenGL2\Phys4D.h(642,91): warning C4267: 'argument': conversion from 'size_t' to 'int', possible loss of data
  (compiling source file 'main.cpp')
  
C:\Users\86180\Documents\OpenGL4d_20240506_114830\OpenGL4d\OpenGL2\Phys4D.h(642,201): warning C4267: 'argument': conversion from 'size_t' to 'int', possible loss of data
  (compiling source file 'main.cpp')
  
C:\Users\86180\Documents\OpenGL4d_20240506_114830\OpenGL4d\OpenGL2\DetectRay.h(24,25): warning C4267: '=': conversion from 'size_t' to 'int', possible loss of data
  (compiling source file 'main.cpp')
  
C:\Users\86180\Documents\OpenGL4d_20240506_114830\OpenGL4d\OpenGL2\DetectRay.h(30,15): warning C4244: '=': conversion from 'double' to 'float', possible loss of data
  (compiling source file 'main.cpp')
  
C:\Users\86180\Documents\OpenGL4d_20240506_114830\OpenGL4d\OpenGL2\DetectRay.h(31,15): warning C4244: '=': conversion from 'double' to 'float', possible loss of data
  (compiling source file 'main.cpp')
  
C:\Users\86180\Documents\OpenGL4d_20240506_114830\OpenGL4d\OpenGL2\DetectRay.h(193,22): warning C4018: '<': signed/unsigned mismatch
  (compiling source file 'main.cpp')
  
C:\Users\86180\Documents\OpenGL4d_20240506_114830\OpenGL4d\OpenGL2\DetectRay.h(313,64): warning C4267: 'argument': conversion from 'size_t' to 'unsigned int', possible loss of data
  (compiling source file 'main.cpp')
  
C:\Users\86180\Documents\OpenGL4d_20240506_114830\OpenGL4d\OpenGL2\DetectRay.h(325,18): warning C4267: '=': conversion from 'size_t' to 'int', possible loss of data
  (compiling source file 'main.cpp')
  
C:\Users\86180\Documents\OpenGL4d_20240506_114830\OpenGL4d\OpenGL2\DetectRay.h(331,18): warning C4267: '=': conversion from 'size_t' to 'int', possible loss of data
  (compiling source file 'main.cpp')
  
C:\Users\86180\Documents\OpenGL4d_20240506_114830\OpenGL4d\OpenGL2\DetectRay.h(341,42): warning C4267: 'argument': conversion from 'size_t' to 'int', possible loss of data
  (compiling source file 'main.cpp')
  
C:\Users\86180\Documents\OpenGL4d_20240506_114830\OpenGL4d\OpenGL2\DetectRay.h(343,38): warning C4267: 'argument': conversion from 'size_t' to 'int', possible loss of data
  (compiling source file 'main.cpp')
  
C:\Users\86180\Documents\OpenGL4d_20240506_114830\OpenGL4d\OpenGL2\DetectRay.h(357,23): warning C4267: '=': conversion from 'size_t' to 'int', possible loss of data
  (compiling source file 'main.cpp')
  
C:\Users\86180\Documents\OpenGL4d_20240506_114830\OpenGL4d\OpenGL2\DetectRay.h(363,23): warning C4267: '=': conversion from 'size_t' to 'int', possible loss of data
  (compiling source file 'main.cpp')
  
C:\Users\86180\Documents\OpenGL4d_20240506_114830\OpenGL4d\OpenGL2\DetectRay.h(373,53): warning C4267: 'argument': conversion from 'size_t' to 'int', possible loss of data
  (compiling source file 'main.cpp')
  
C:\Users\86180\Documents\OpenGL4d_20240506_114830\OpenGL4d\OpenGL2\DetectRay.h(385,21): warning C4267: '=': conversion from 'size_t' to 'int', possible loss of data
  (compiling source file 'main.cpp')
  
C:\Users\86180\Documents\OpenGL4d_20240506_114830\OpenGL4d\OpenGL2\DetectRay.h(391,21): warning C4267: '=': conversion from 'size_t' to 'int', possible loss of data
  (compiling source file 'main.cpp')
  
C:\Users\86180\Documents\OpenGL4d_20240506_114830\OpenGL4d\OpenGL2\DetectRay.h(403,52): warning C4267: 'argument': conversion from 'size_t' to 'int', possible loss of data
  (compiling source file 'main.cpp')
  
C:\Users\86180\Documents\OpenGL4d_20240506_114830\OpenGL4d\OpenGL2\DetectRay.h(415,21): warning C4267: '=': conversion from 'size_t' to 'int', possible loss of data
  (compiling source file 'main.cpp')
  
C:\Users\86180\Documents\OpenGL4d_20240506_114830\OpenGL4d\OpenGL2\DetectRay.h(421,21): warning C4267: '=': conversion from 'size_t' to 'int', possible loss of data
  (compiling source file 'main.cpp')
  
C:\Users\86180\Documents\OpenGL4d_20240506_114830\OpenGL4d\OpenGL2\DetectRay.h(433,45): warning C4267: 'argument': conversion from 'size_t' to 'int', possible loss of data
  (compiling source file 'main.cpp')
  
C:\Users\86180\Documents\OpenGL4d_20240506_114830\OpenGL4d\OpenGL2\DetectRay.h(435,60): warning C4267: 'argument': conversion from 'size_t' to 'int', possible loss of data
  (compiling source file 'main.cpp')
  
C:\Users\86180\Documents\OpenGL4d_20240506_114830\OpenGL4d\OpenGL2\DetectRay.h(440,118): warning C4267: '=': conversion from 'size_t' to 'int', possible loss of data
  (compiling source file 'main.cpp')
  
C:\Users\86180\Documents\OpenGL4d_20240506_114830\OpenGL4d\OpenGL2\DetectRay.h(446,118): warning C4267: '=': conversion from 'size_t' to 'int', possible loss of data
  (compiling source file 'main.cpp')
  
C:\Users\86180\Documents\OpenGL4d_20240506_114830\OpenGL4d\OpenGL2\Animation.h(248,22): warning C4018: '>=': signed/unsigned mismatch
  (compiling source file 'main.cpp')
  
C:\Users\86180\Documents\OpenGL4d_20240506_114830\OpenGL4d\OpenGL2\Animation.h(255,24): warning C4018: '>=': signed/unsigned mismatch
  (compiling source file 'main.cpp')
  
C:\Users\86180\Documents\OpenGL4d_20240506_114830\OpenGL4d\OpenGL2\Animation.h(259,24): warning C4018: '>=': signed/unsigned mismatch
  (compiling source file 'main.cpp')
  
C:\Users\86180\Documents\OpenGL4d_20240506_114830\OpenGL4d\OpenGL2\LoadAndSave.h(146,21): warning C4018: '<': signed/unsigned mismatch
  (compiling source file 'main.cpp')
  
C:\Users\86180\Documents\OpenGL4d_20240506_114830\OpenGL4d\OpenGL2\LoadAndSave.h(150,21): warning C4018: '<': signed/unsigned mismatch
  (compiling source file 'main.cpp')
  
C:\Users\86180\Documents\OpenGL4d_20240506_114830\OpenGL4d\OpenGL2\LoadAndSave.h(357,23): warning C4018: '<': signed/unsigned mismatch
  (compiling source file 'main.cpp')
  
C:\Users\86180\Documents\OpenGL4d_20240506_114830\OpenGL4d\OpenGL2\LoadAndSave.h(361,23): warning C4018: '<': signed/unsigned mismatch
  (compiling source file 'main.cpp')
  
C:\Users\86180\Documents\OpenGL4d_20240506_114830\OpenGL4d\OpenGL2\main.cpp(37,24): warning C4244: 'argument': conversion from 'double' to 'int', possible loss of data
soil2-debug.lib(SOIL2.obj) : warning LNK4075: ignoring '/EDITANDCONTINUE' due to '/OPT:ICF' specification
LINK : warning LNK4098: defaultlib 'LIBCMT' conflicts with use of other libs; use /NODEFAULTLIB:library
LINK : warning LNK4098: defaultlib 'MSVCRTD' conflicts with use of other libs; use /NODEFAULTLIB:library
  Generating code
  Previous IPDB and IOBJ mismatch, fall back to full compilation.
C:\Users\86180\Documents\OpenGL4d_20240506_114830\OpenGL4d\OpenGL2\LoadAndSave.h(54): warning C4715: 'name_list': not all control paths return a value
C:\Users\86180\Documents\OpenGL4d_20240506_114830\OpenGL4d\OpenGL2\InputLists.h(100): warning C4715: 'transformInput': not all control paths return a value
C:\Users\86180\Documents\OpenGL4d_20240506_114830\OpenGL4d\OpenGL2\Geometry.h(141): warning C4715: 'texcoord_position2': not all control paths return a value
C:\Users\86180\Documents\OpenGL4d_20240506_114830\OpenGL4d\OpenGL2\ObjectLists.h(426): warning C4715: 'find_wall4d': not all control paths return a value
C:\Users\86180\Documents\OpenGL4d_20240506_114830\OpenGL4d\OpenGL2\LoadAndSave.h(29): warning C4715: 'shader_list': not all control paths return a value
C:\Users\86180\Documents\OpenGL4d_20240506_114830\OpenGL4d\OpenGL2\LoadAndSave.h(18): warning C4715: 'texture3d_list': not all control paths return a value
C:\Users\86180\Documents\OpenGL4d_20240506_114830\OpenGL4d\OpenGL2\gjk.h(695): warning C4715: 'Simplex::nearest_simplex': not all control paths return a value
C:\Users\86180\Documents\OpenGL4d_20240506_114830\OpenGL4d\OpenGL2\gjk.h(435): warning C4715: 'support_distance': not all control paths return a value
C:\Users\86180\Documents\OpenGL4d_20240506_114830\OpenGL4d\OpenGL2\gjk.h(213): warning C4715: 'support': not all control paths return a value
C:\Users\86180\Documents\OpenGL4d_20240506_114830\OpenGL4d\OpenGL2\ObjectLists.h(414): warning C4715: 'find_wall4d': not all control paths return a value
  All 5675 functions were compiled because no usable IPDB/IOBJ from previous compilation was found.
  Finished generating code
glew32s.lib(glew.obj) : warning LNK4099: PDB '' was not found with 'glew32s.lib(glew.obj)' or at ''; linking object as if no debug info
  OpenGL2.vcxproj -> C:\Users\86180\Documents\OpenGL4d_20240506_114830\OpenGL4d\x64\Release\NewEngine.exe
