C:\Program Files\Microsoft Visual Studio\2022\Community\MSBuild\Microsoft\VC\v170\Microsoft.CppBuild.targets(531,5): warning MSB8028: The intermediate directory (x64\Release\) contains files shared from another project (OpenGL2.vcxproj).  This can lead to incorrect clean and rebuild behavior.
  Game.cpp
C:\Users\86180\Documents\OpenGL4d_20240311_114830\OpenGL4d\OpenGL2\Texture.h(216,16): warning C4244: 'initializing': conversion from 'T' to 'int', possible loss of data
C:\Users\86180\Documents\OpenGL4d_20240311_114830\OpenGL4d\OpenGL2\Texture.h(216,16): warning C4244:         with
C:\Users\86180\Documents\OpenGL4d_20240311_114830\OpenGL4d\OpenGL2\Texture.h(216,16): warning C4244:         [
C:\Users\86180\Documents\OpenGL4d_20240311_114830\OpenGL4d\OpenGL2\Texture.h(216,16): warning C4244:             T=float
C:\Users\86180\Documents\OpenGL4d_20240311_114830\OpenGL4d\OpenGL2\Texture.h(216,16): warning C4244:         ]
  (compiling source file 'Game.cpp')
  
C:\Users\86180\Documents\OpenGL4d_20240311_114830\OpenGL4d\OpenGL2\Texture.h(218,17): warning C4244: 'initializing': conversion from 'T' to 'int', possible loss of data
C:\Users\86180\Documents\OpenGL4d_20240311_114830\OpenGL4d\OpenGL2\Texture.h(218,17): warning C4244:         with
C:\Users\86180\Documents\OpenGL4d_20240311_114830\OpenGL4d\OpenGL2\Texture.h(218,17): warning C4244:         [
C:\Users\86180\Documents\OpenGL4d_20240311_114830\OpenGL4d\OpenGL2\Texture.h(218,17): warning C4244:             T=float
C:\Users\86180\Documents\OpenGL4d_20240311_114830\OpenGL4d\OpenGL2\Texture.h(218,17): warning C4244:         ]
  (compiling source file 'Game.cpp')
  
C:\Users\86180\Documents\OpenGL4d_20240311_114830\OpenGL4d\OpenGL2\Texture.h(220,18): warning C4244: 'initializing': conversion from 'T' to 'int', possible loss of data
C:\Users\86180\Documents\OpenGL4d_20240311_114830\OpenGL4d\OpenGL2\Texture.h(220,18): warning C4244:         with
C:\Users\86180\Documents\OpenGL4d_20240311_114830\OpenGL4d\OpenGL2\Texture.h(220,18): warning C4244:         [
C:\Users\86180\Documents\OpenGL4d_20240311_114830\OpenGL4d\OpenGL2\Texture.h(220,18): warning C4244:             T=float
C:\Users\86180\Documents\OpenGL4d_20240311_114830\OpenGL4d\OpenGL2\Texture.h(220,18): warning C4244:         ]
  (compiling source file 'Game.cpp')
  
C:\Users\86180\Documents\OpenGL4d_20240311_114830\OpenGL4d\OpenGL2\Texture.h(235,16): warning C4244: 'initializing': conversion from 'T' to 'int', possible loss of data
C:\Users\86180\Documents\OpenGL4d_20240311_114830\OpenGL4d\OpenGL2\Texture.h(235,16): warning C4244:         with
C:\Users\86180\Documents\OpenGL4d_20240311_114830\OpenGL4d\OpenGL2\Texture.h(235,16): warning C4244:         [
C:\Users\86180\Documents\OpenGL4d_20240311_114830\OpenGL4d\OpenGL2\Texture.h(235,16): warning C4244:             T=float
C:\Users\86180\Documents\OpenGL4d_20240311_114830\OpenGL4d\OpenGL2\Texture.h(235,16): warning C4244:         ]
  (compiling source file 'Game.cpp')
  
C:\Users\86180\Documents\OpenGL4d_20240311_114830\OpenGL4d\OpenGL2\Texture.h(237,17): warning C4244: 'initializing': conversion from 'T' to 'int', possible loss of data
C:\Users\86180\Documents\OpenGL4d_20240311_114830\OpenGL4d\OpenGL2\Texture.h(237,17): warning C4244:         with
C:\Users\86180\Documents\OpenGL4d_20240311_114830\OpenGL4d\OpenGL2\Texture.h(237,17): warning C4244:         [
C:\Users\86180\Documents\OpenGL4d_20240311_114830\OpenGL4d\OpenGL2\Texture.h(237,17): warning C4244:             T=float
C:\Users\86180\Documents\OpenGL4d_20240311_114830\OpenGL4d\OpenGL2\Texture.h(237,17): warning C4244:         ]
  (compiling source file 'Game.cpp')
  
C:\Users\86180\Documents\OpenGL4d_20240311_114830\OpenGL4d\OpenGL2\Texture.h(239,18): warning C4244: 'initializing': conversion from 'T' to 'int', possible loss of data
C:\Users\86180\Documents\OpenGL4d_20240311_114830\OpenGL4d\OpenGL2\Texture.h(239,18): warning C4244:         with
C:\Users\86180\Documents\OpenGL4d_20240311_114830\OpenGL4d\OpenGL2\Texture.h(239,18): warning C4244:         [
C:\Users\86180\Documents\OpenGL4d_20240311_114830\OpenGL4d\OpenGL2\Texture.h(239,18): warning C4244:             T=float
C:\Users\86180\Documents\OpenGL4d_20240311_114830\OpenGL4d\OpenGL2\Texture.h(239,18): warning C4244:         ]
  (compiling source file 'Game.cpp')
  
C:\Users\86180\Documents\OpenGL4d_20240311_114830\OpenGL4d\OpenGL2\Texture.h(267,83): warning C4244: 'argument': conversion from 'float' to 'GLint', possible loss of data
  (compiling source file 'Game.cpp')
  
C:\Users\86180\Documents\OpenGL4d_20240311_114830\OpenGL4d\OpenGL2\Texture.h(267,61): warning C4244: 'argument': conversion from 'float' to 'GLint', possible loss of data
  (compiling source file 'Game.cpp')
  
C:\Users\86180\Documents\OpenGL4d_20240311_114830\OpenGL4d\OpenGL2\Texture.h(267,39): warning C4244: 'argument': conversion from 'float' to 'GLint', possible loss of data
  (compiling source file 'Game.cpp')
  
C:\Users\86180\Documents\OpenGL4d_20240311_114830\OpenGL4d\OpenGL2\mod.h(113,18): warning C4244: 'initializing': conversion from 'double' to 'float', possible loss of data
  (compiling source file 'Game.cpp')
  
C:\Users\86180\Documents\OpenGL4d_20240311_114830\OpenGL4d\OpenGL2\mod.h(114,19): warning C4244: 'initializing': conversion from 'double' to 'float', possible loss of data
  (compiling source file 'Game.cpp')
  
C:\Users\86180\Documents\OpenGL4d_20240311_114830\OpenGL4d\OpenGL2\mod.h(116,21): warning C4244: 'initializing': conversion from 'double' to 'float', possible loss of data
  (compiling source file 'Game.cpp')
  
C:\Users\86180\Documents\OpenGL4d_20240311_114830\OpenGL4d\OpenGL2\mod.h(117,22): warning C4244: 'initializing': conversion from 'double' to 'float', possible loss of data
  (compiling source file 'Game.cpp')
  
C:\Users\86180\Documents\OpenGL4d_20240311_114830\OpenGL4d\OpenGL2\mod.h(125,38): warning C4244: 'argument': conversion from 'double' to 'float', possible loss of data
  (compiling source file 'Game.cpp')
  
C:\Users\86180\Documents\OpenGL4d_20240311_114830\OpenGL4d\OpenGL2\mod.h(123,24): warning C4244: 'argument': conversion from 'double' to 'float', possible loss of data
  (compiling source file 'Game.cpp')
  
C:\Users\86180\Documents\OpenGL4d_20240311_114830\OpenGL4d\OpenGL2\mod.h(223,19): warning C4244: 'argument': conversion from 'double' to 'float', possible loss of data
  (compiling source file 'Game.cpp')
  
C:\Users\86180\Documents\OpenGL4d_20240311_114830\OpenGL4d\OpenGL2\mod.h(229,19): warning C4244: 'argument': conversion from 'double' to 'float', possible loss of data
  (compiling source file 'Game.cpp')
  
C:\Users\86180\Documents\OpenGL4d_20240311_114830\OpenGL4d\OpenGL2\mod.h(250,16): warning C4244: 'initializing': conversion from 'double' to 'float', possible loss of data
  (compiling source file 'Game.cpp')
  
C:\Users\86180\Documents\OpenGL4d_20240311_114830\OpenGL4d\OpenGL2\mod.h(255,17): warning C4244: 'initializing': conversion from 'double' to 'float', possible loss of data
  (compiling source file 'Game.cpp')
  
C:\Users\86180\Documents\OpenGL4d_20240311_114830\OpenGL4d\OpenGL2\mod.h(262,20): warning C4244: 'initializing': conversion from 'double' to 'float', possible loss of data
  (compiling source file 'Game.cpp')
  
C:\Users\86180\Documents\OpenGL4d_20240311_114830\OpenGL4d\OpenGL2\mod.h(278,21): warning C4244: 'initializing': conversion from 'double' to 'float', possible loss of data
  (compiling source file 'Game.cpp')
  
C:\Users\86180\Documents\OpenGL4d_20240311_114830\OpenGL4d\OpenGL2\mod.h(329,3): warning C4244: 'return': conversion from 'double' to 'float', possible loss of data
  (compiling source file 'Game.cpp')
  
C:\Users\86180\Documents\OpenGL4d_20240311_114830\OpenGL4d\OpenGL2\Primitives4D.h(1282,29): warning C4267: 'initializing': conversion from 'size_t' to 'unsigned int', possible loss of data
  (compiling source file 'Game.cpp')
  
C:\Users\86180\Documents\OpenGL4d_20240311_114830\OpenGL4d\OpenGL2\Primitives4D.h(1301,14): warning C4267: 'initializing': conversion from 'size_t' to 'int', possible loss of data
  (compiling source file 'Game.cpp')
  
C:\Users\86180\Documents\OpenGL4d_20240311_114830\OpenGL4d\OpenGL2\Primitives4D.h(1302,14): warning C4267: 'initializing': conversion from 'size_t' to 'int', possible loss of data
  (compiling source file 'Game.cpp')
  
C:\Users\86180\Documents\OpenGL4d_20240311_114830\OpenGL4d\OpenGL2\Primitives4D.h(1303,14): warning C4267: 'initializing': conversion from 'size_t' to 'int', possible loss of data
  (compiling source file 'Game.cpp')
  
C:\Users\86180\Documents\OpenGL4d_20240311_114830\OpenGL4d\OpenGL2\Mesh.h(592,53): warning C4267: '=': conversion from 'size_t' to 'unsigned int', possible loss of data
  (compiling source file 'Game.cpp')
  
C:\Users\86180\Documents\OpenGL4d_20240311_114830\OpenGL4d\OpenGL2\Mesh.h(593,51): warning C4267: '=': conversion from 'size_t' to 'unsigned int', possible loss of data
  (compiling source file 'Game.cpp')
  
C:\Users\86180\Documents\OpenGL4d_20240311_114830\OpenGL4d\OpenGL2\Line.h(242,39): warning C4018: '<': signed/unsigned mismatch
  (compiling source file 'Game.cpp')
  
C:\Users\86180\Documents\OpenGL4d_20240311_114830\OpenGL4d\OpenGL2\Light.h(282,33): warning C4267: 'argument': conversion from 'size_t' to 'GLint', possible loss of data
  (compiling source file 'Game.cpp')
  
C:\Users\86180\Documents\OpenGL4d_20240311_114830\OpenGL4d\OpenGL2\Light.h(284,33): warning C4267: 'argument': conversion from 'size_t' to 'GLint', possible loss of data
  (compiling source file 'Game.cpp')
  
C:\Program Files (x86)\Windows Kits\10\Include\10.0.22000.0\shared\minwindef.h(130,1): warning C4005: 'APIENTRY': macro redefinition
  (compiling source file 'Game.cpp')
  C:\Users\86180\Documents\OpenGL4d_20240311_114830\OpenGL4d\Dependencies_64x\GLFW\include\GLFW\glfw3.h(123,1):
  see previous definition of 'APIENTRY'
  
C:\Users\86180\Documents\OpenGL4d_20240311_114830\OpenGL4d\OpenGL2\Joint.h(231,2): warning C4091: 'static ': ignored on left of 'HingeConstraint4D' when no variable is declared
  (compiling source file 'Game.cpp')
  
C:\Users\86180\Documents\OpenGL4d_20240311_114830\OpenGL4d\OpenGL2\ObjectLists.h(95,29): warning C4018: '>=': signed/unsigned mismatch
  (compiling source file 'Game.cpp')
  
C:\Users\86180\Documents\OpenGL4d_20240311_114830\OpenGL4d\OpenGL2\ObjectLists.h(99,29): warning C4018: '>=': signed/unsigned mismatch
  (compiling source file 'Game.cpp')
  
C:\Users\86180\Documents\OpenGL4d_20240311_114830\OpenGL4d\OpenGL2\ObjectLists.h(106,30): warning C4018: '>=': signed/unsigned mismatch
  (compiling source file 'Game.cpp')
  
C:\Users\86180\Documents\OpenGL4d_20240311_114830\OpenGL4d\OpenGL2\ObjectLists.h(110,30): warning C4018: '>=': signed/unsigned mismatch
  (compiling source file 'Game.cpp')
  
C:\Users\86180\Documents\OpenGL4d_20240311_114830\OpenGL4d\OpenGL2\ObjectLists.h(117,37): warning C4018: '>=': signed/unsigned mismatch
  (compiling source file 'Game.cpp')
  
C:\Users\86180\Documents\OpenGL4d_20240311_114830\OpenGL4d\OpenGL2\ObjectLists.h(121,37): warning C4018: '>=': signed/unsigned mismatch
  (compiling source file 'Game.cpp')
  
C:\Users\86180\Documents\OpenGL4d_20240311_114830\OpenGL4d\OpenGL2\ObjectLists.h(139,56): warning C4267: '+=': conversion from 'size_t' to 'int', possible loss of data
  (compiling source file 'Game.cpp')
  
C:\Users\86180\Documents\OpenGL4d_20240311_114830\OpenGL4d\OpenGL2\ObjectLists.h(155,56): warning C4267: '+=': conversion from 'size_t' to 'int', possible loss of data
  (compiling source file 'Game.cpp')
  
C:\Users\86180\Documents\OpenGL4d_20240311_114830\OpenGL4d\OpenGL2\ObjectLists.h(172,19): warning C4267: 'initializing': conversion from 'size_t' to 'unsigned int', possible loss of data
  (compiling source file 'Game.cpp')
  
C:\Users\86180\Documents\OpenGL4d_20240311_114830\OpenGL4d\OpenGL2\ObjectLists.h(173,15): warning C4018: '<': signed/unsigned mismatch
  (compiling source file 'Game.cpp')
  
C:\Users\86180\Documents\OpenGL4d_20240311_114830\OpenGL4d\OpenGL2\ObjectLists.h(184,60): warning C4267: '+=': conversion from 'size_t' to 'int', possible loss of data
  (compiling source file 'Game.cpp')
  
C:\Users\86180\Documents\OpenGL4d_20240311_114830\OpenGL4d\OpenGL2\ObjectLists.h(205,62): warning C4267: '+=': conversion from 'size_t' to 'int', possible loss of data
  (compiling source file 'Game.cpp')
  
C:\Users\86180\Documents\OpenGL4d_20240311_114830\OpenGL4d\OpenGL2\ObjectLists.h(222,56): warning C4267: '+=': conversion from 'size_t' to 'int', possible loss of data
  (compiling source file 'Game.cpp')
  
C:\Users\86180\Documents\OpenGL4d_20240311_114830\OpenGL4d\OpenGL2\ObjectLists.h(246,62): warning C4267: '+=': conversion from 'size_t' to 'int', possible loss of data
  (compiling source file 'Game.cpp')
  
C:\Users\86180\Documents\OpenGL4d_20240311_114830\OpenGL4d\OpenGL2\ObjectLists.h(293,60): warning C4267: '+=': conversion from 'size_t' to 'int', possible loss of data
  (compiling source file 'Game.cpp')
  
C:\Users\86180\Documents\OpenGL4d_20240311_114830\OpenGL4d\OpenGL2\ObjectLists.h(316,60): warning C4267: '+=': conversion from 'size_t' to 'int', possible loss of data
  (compiling source file 'Game.cpp')
  
C:\Users\86180\Documents\OpenGL4d_20240311_114830\OpenGL4d\OpenGL2\body.h(42,33): warning C4244: 'argument': conversion from 'double' to 'const float', possible loss of data
  (compiling source file 'Game.cpp')
  
C:\Users\86180\Documents\OpenGL4d_20240311_114830\OpenGL4d\OpenGL2\Animation.h(246,22): warning C4018: '>=': signed/unsigned mismatch
  (compiling source file 'Game.cpp')
  
C:\Users\86180\Documents\OpenGL4d_20240311_114830\OpenGL4d\OpenGL2\Animation.h(253,24): warning C4018: '>=': signed/unsigned mismatch
  (compiling source file 'Game.cpp')
  
C:\Users\86180\Documents\OpenGL4d_20240311_114830\OpenGL4d\OpenGL2\Animation.h(257,24): warning C4018: '>=': signed/unsigned mismatch
  (compiling source file 'Game.cpp')
  
C:\Users\86180\Documents\OpenGL4d_20240311_114830\OpenGL4d\OpenGL2\LoadAndSave.h(144,21): warning C4018: '<': signed/unsigned mismatch
  (compiling source file 'Game.cpp')
  
C:\Users\86180\Documents\OpenGL4d_20240311_114830\OpenGL4d\OpenGL2\LoadAndSave.h(148,21): warning C4018: '<': signed/unsigned mismatch
  (compiling source file 'Game.cpp')
  
C:\Users\86180\Documents\OpenGL4d_20240311_114830\OpenGL4d\OpenGL2\LoadAndSave.h(357,23): warning C4018: '<': signed/unsigned mismatch
  (compiling source file 'Game.cpp')
  
C:\Users\86180\Documents\OpenGL4d_20240311_114830\OpenGL4d\OpenGL2\LoadAndSave.h(361,23): warning C4018: '<': signed/unsigned mismatch
  (compiling source file 'Game.cpp')
  
C:\Users\86180\Documents\OpenGL4d_20240311_114830\OpenGL4d\OpenGL2\gjk.h(176,27): warning C4018: '<': signed/unsigned mismatch
  (compiling source file 'Game.cpp')
  
C:\Users\86180\Documents\OpenGL4d_20240311_114830\OpenGL4d\OpenGL2\gjk.h(218,27): warning C4018: '<': signed/unsigned mismatch
  (compiling source file 'Game.cpp')
  
C:\Users\86180\Documents\OpenGL4d_20240311_114830\OpenGL4d\OpenGL2\gjk.h(308,27): warning C4018: '<': signed/unsigned mismatch
  (compiling source file 'Game.cpp')
  
C:\Users\86180\Documents\OpenGL4d_20240311_114830\OpenGL4d\OpenGL2\gjk.h(317,27): warning C4018: '<': signed/unsigned mismatch
  (compiling source file 'Game.cpp')
  
C:\Users\86180\Documents\OpenGL4d_20240311_114830\OpenGL4d\OpenGL2\gjk.h(390,27): warning C4018: '<': signed/unsigned mismatch
  (compiling source file 'Game.cpp')
  
C:\Users\86180\Documents\OpenGL4d_20240311_114830\OpenGL4d\OpenGL2\gjk.h(623,2): warning C4091: 'static ': ignored on left of 'Simplex' when no variable is declared
  (compiling source file 'Game.cpp')
  
C:\Users\86180\Documents\OpenGL4d_20240311_114830\OpenGL4d\OpenGL2\gjk.h(478,24): warning C4267: 'initializing': conversion from 'size_t' to 'int', possible loss of data
  (compiling source file 'Game.cpp')
  
C:\Users\86180\Documents\OpenGL4d_20240311_114830\OpenGL4d\OpenGL2\gjk.h(738,47): warning C4267: '=': conversion from 'size_t' to 'unsigned int', possible loss of data
  (compiling source file 'Game.cpp')
  
C:\Users\86180\Documents\OpenGL4d_20240311_114830\OpenGL4d\OpenGL2\gjk.h(789,27): warning C4267: 'initializing': conversion from 'size_t' to 'unsigned int', possible loss of data
  (compiling source file 'Game.cpp')
  
C:\Users\86180\Documents\OpenGL4d_20240311_114830\OpenGL4d\OpenGL2\gjk.h(790,36): warning C4267: 'initializing': conversion from 'size_t' to 'unsigned int', possible loss of data
  (compiling source file 'Game.cpp')
  
C:\Users\86180\Documents\OpenGL4d_20240311_114830\OpenGL4d\OpenGL2\gjk.h(792,27): warning C4018: '<': signed/unsigned mismatch
  (compiling source file 'Game.cpp')
  
C:\Users\86180\Documents\OpenGL4d_20240311_114830\OpenGL4d\OpenGL2\gjk.h(882,35): warning C4018: '<': signed/unsigned mismatch
  (compiling source file 'Game.cpp')
  
C:\Users\86180\Documents\OpenGL4d_20240311_114830\OpenGL4d\OpenGL2\gjk.h(1017,28): warning C4267: 'initializing': conversion from 'size_t' to 'unsigned int', possible loss of data
  (compiling source file 'Game.cpp')
  
C:\Users\86180\Documents\OpenGL4d_20240311_114830\OpenGL4d\OpenGL2\colliderPhy.h(12,2): warning C4091: 'static ': ignored on left of 'Collider' when no variable is declared
  (compiling source file 'Game.cpp')
  
C:\Users\86180\Documents\OpenGL4d_20240311_114830\OpenGL4d\OpenGL2\colliderPhy.h(19,2): warning C4091: 'static ': ignored on left of 'CollisionManifold' when no variable is declared
  (compiling source file 'Game.cpp')
  
C:\Users\86180\Documents\OpenGL4d_20240311_114830\OpenGL4d\OpenGL2\colliderPhy.h(38,2): warning C4091: 'static ': ignored on left of 'Collision' when no variable is declared
  (compiling source file 'Game.cpp')
  
C:\Users\86180\Documents\OpenGL4d_20240311_114830\OpenGL4d\OpenGL2\colliderPhy.h(47,2): warning C4091: 'static ': ignored on left of 'VertexCellContact' when no variable is declared
  (compiling source file 'Game.cpp')
  
C:\Users\86180\Documents\OpenGL4d_20240311_114830\OpenGL4d\OpenGL2\colliderPhy.h(58,2): warning C4091: 'static ': ignored on left of 'EdgeFaceContact' when no variable is declared
  (compiling source file 'Game.cpp')
  
C:\Users\86180\Documents\OpenGL4d_20240311_114830\OpenGL4d\OpenGL2\colliderPhy.h(64,2): warning C4091: 'static ': ignored on left of 'ContactData' when no variable is declared
  (compiling source file 'Game.cpp')
  
C:\Users\86180\Documents\OpenGL4d_20240311_114830\OpenGL4d\OpenGL2\colliderPhy.h(70,2): warning C4091: 'static ': ignored on left of 'ContactAxis' when no variable is declared
  (compiling source file 'Game.cpp')
  
C:\Users\86180\Documents\OpenGL4d_20240311_114830\OpenGL4d\OpenGL2\colliderPhy.h(78,2): warning C4091: 'static ': ignored on left of 'AxisResult' when no variable is declared
  (compiling source file 'Game.cpp')
  
C:\Users\86180\Documents\OpenGL4d_20240311_114830\OpenGL4d\OpenGL2\colliderPhy.h(414,27): warning C4018: '<': signed/unsigned mismatch
  (compiling source file 'Game.cpp')
  
C:\Users\86180\Documents\OpenGL4d_20240311_114830\OpenGL4d\OpenGL2\colliderPhy.h(629,47): warning C4267: '=': conversion from 'size_t' to 'unsigned int', possible loss of data
  (compiling source file 'Game.cpp')
  
C:\Users\86180\Documents\OpenGL4d_20240311_114830\OpenGL4d\OpenGL2\colliderPhy.h(617,23): warning C4101: 'detectPos4D0': unreferenced local variable
  (compiling source file 'Game.cpp')
  
C:\Users\86180\Documents\OpenGL4d_20240311_114830\OpenGL4d\OpenGL2\colliderPhy.h(1101,134): warning C4244: 'argument': conversion from 'unsigned __int64' to 'float', possible loss of data
  (compiling source file 'Game.cpp')
  
C:\Users\86180\Documents\OpenGL4d_20240311_114830\OpenGL4d\OpenGL2\colliderPhy.h(1101,111): warning C4244: 'argument': conversion from 'unsigned __int64' to 'float', possible loss of data
  (compiling source file 'Game.cpp')
  
C:\Users\86180\Documents\OpenGL4d_20240311_114830\OpenGL4d\OpenGL2\colliderPhy.h(1108,134): warning C4244: 'argument': conversion from 'unsigned __int64' to 'float', possible loss of data
  (compiling source file 'Game.cpp')
  
C:\Users\86180\Documents\OpenGL4d_20240311_114830\OpenGL4d\OpenGL2\colliderPhy.h(1108,111): warning C4244: 'argument': conversion from 'unsigned __int64' to 'float', possible loss of data
  (compiling source file 'Game.cpp')
  
C:\Users\86180\Documents\OpenGL4d_20240311_114830\OpenGL4d\OpenGL2\colliderPhy.h(1115,161): warning C4244: 'argument': conversion from 'unsigned __int64' to 'float', possible loss of data
  (compiling source file 'Game.cpp')
  
C:\Users\86180\Documents\OpenGL4d_20240311_114830\OpenGL4d\OpenGL2\colliderPhy.h(1115,114): warning C4244: 'argument': conversion from 'unsigned __int64' to 'float', possible loss of data
  (compiling source file 'Game.cpp')
  
C:\Users\86180\Documents\OpenGL4d_20240311_114830\OpenGL4d\OpenGL2\colliderPhy.h(1119,161): warning C4244: 'argument': conversion from 'unsigned __int64' to 'float', possible loss of data
  (compiling source file 'Game.cpp')
  
C:\Users\86180\Documents\OpenGL4d_20240311_114830\OpenGL4d\OpenGL2\colliderPhy.h(1119,114): warning C4244: 'argument': conversion from 'unsigned __int64' to 'float', possible loss of data
  (compiling source file 'Game.cpp')
  
C:\Users\86180\Documents\OpenGL4d_20240311_114830\OpenGL4d\OpenGL2\colliderPhy.h(1159,51): warning C4267: '=': conversion from 'size_t' to 'unsigned int', possible loss of data
  (compiling source file 'Game.cpp')
  
C:\Users\86180\Documents\OpenGL4d_20240311_114830\OpenGL4d\OpenGL2\colliderPhy.h(1277,126): warning C4244: 'argument': conversion from 'unsigned __int64' to 'float', possible loss of data
  (compiling source file 'Game.cpp')
  
C:\Users\86180\Documents\OpenGL4d_20240311_114830\OpenGL4d\OpenGL2\colliderPhy.h(1277,103): warning C4244: 'argument': conversion from 'unsigned __int64' to 'float', possible loss of data
  (compiling source file 'Game.cpp')
  
C:\Users\86180\Documents\OpenGL4d_20240311_114830\OpenGL4d\OpenGL2\colliderPhy.h(1299,122): warning C4244: 'argument': conversion from 'unsigned __int64' to 'float', possible loss of data
  (compiling source file 'Game.cpp')
  
C:\Users\86180\Documents\OpenGL4d_20240311_114830\OpenGL4d\OpenGL2\colliderPhy.h(1299,99): warning C4244: 'argument': conversion from 'unsigned __int64' to 'float', possible loss of data
  (compiling source file 'Game.cpp')
  
C:\Users\86180\Documents\OpenGL4d_20240311_114830\OpenGL4d\OpenGL2\colliderPhy.h(1320,126): warning C4244: 'argument': conversion from 'unsigned __int64' to 'float', possible loss of data
  (compiling source file 'Game.cpp')
  
C:\Users\86180\Documents\OpenGL4d_20240311_114830\OpenGL4d\OpenGL2\colliderPhy.h(1320,103): warning C4244: 'argument': conversion from 'unsigned __int64' to 'float', possible loss of data
  (compiling source file 'Game.cpp')
  
C:\Users\86180\Documents\OpenGL4d_20240311_114830\OpenGL4d\OpenGL2\colliderPhy.h(1327,126): warning C4244: 'argument': conversion from 'unsigned __int64' to 'float', possible loss of data
  (compiling source file 'Game.cpp')
  
C:\Users\86180\Documents\OpenGL4d_20240311_114830\OpenGL4d\OpenGL2\colliderPhy.h(1327,103): warning C4244: 'argument': conversion from 'unsigned __int64' to 'float', possible loss of data
  (compiling source file 'Game.cpp')
  
C:\Users\86180\Documents\OpenGL4d_20240311_114830\OpenGL4d\OpenGL2\colliderPhy.h(1334,153): warning C4244: 'argument': conversion from 'unsigned __int64' to 'float', possible loss of data
  (compiling source file 'Game.cpp')
  
C:\Users\86180\Documents\OpenGL4d_20240311_114830\OpenGL4d\OpenGL2\colliderPhy.h(1334,106): warning C4244: 'argument': conversion from 'unsigned __int64' to 'float', possible loss of data
  (compiling source file 'Game.cpp')
  
C:\Users\86180\Documents\OpenGL4d_20240311_114830\OpenGL4d\OpenGL2\colliderPhy.h(1338,153): warning C4244: 'argument': conversion from 'unsigned __int64' to 'float', possible loss of data
  (compiling source file 'Game.cpp')
  
C:\Users\86180\Documents\OpenGL4d_20240311_114830\OpenGL4d\OpenGL2\colliderPhy.h(1338,106): warning C4244: 'argument': conversion from 'unsigned __int64' to 'float', possible loss of data
  (compiling source file 'Game.cpp')
  
C:\Users\86180\Documents\OpenGL4d_20240311_114830\OpenGL4d\OpenGL2\colliderPhy.h(1561,31): warning C4018: '<': signed/unsigned mismatch
  (compiling source file 'Game.cpp')
  
C:\Users\86180\Documents\OpenGL4d_20240311_114830\OpenGL4d\OpenGL2\colliderPhy.h(1574,51): warning C4267: '=': conversion from 'size_t' to 'unsigned int', possible loss of data
  (compiling source file 'Game.cpp')
  
C:\Users\86180\Documents\OpenGL4d_20240311_114830\OpenGL4d\OpenGL2\colliderPhy.h(1891,51): warning C4267: '=': conversion from 'size_t' to 'unsigned int', possible loss of data
  (compiling source file 'Game.cpp')
  
C:\Users\86180\Documents\OpenGL4d_20240311_114830\OpenGL4d\OpenGL2\colliderPhy.h(1879,27): warning C4101: 'detectPos4D0': unreferenced local variable
  (compiling source file 'Game.cpp')
  
C:\Users\86180\Documents\OpenGL4d_20240311_114830\OpenGL4d\OpenGL2\colliderPhy.h(2112,27): warning C4018: '<': signed/unsigned mismatch
  (compiling source file 'Game.cpp')
  
C:\Users\86180\Documents\OpenGL4d_20240311_114830\OpenGL4d\OpenGL2\colliderPhy.h(2138,31): warning C4018: '<': signed/unsigned mismatch
  (compiling source file 'Game.cpp')
  
C:\Users\86180\Documents\OpenGL4d_20240311_114830\OpenGL4d\OpenGL2\collision.h(13,2): warning C4091: 'static ': ignored on left of 'ContactState' when no variable is declared
  (compiling source file 'Game.cpp')
  
C:\Users\86180\Documents\OpenGL4d_20240311_114830\OpenGL4d\OpenGL2\collision.h(21,2): warning C4091: 'static ': ignored on left of 'CollisionConstraint' when no variable is declared
  (compiling source file 'Game.cpp')
  
C:\Users\86180\Documents\OpenGL4d_20240311_114830\OpenGL4d\OpenGL2\PhyFunction.h(59,19): warning C4244: 'initializing': conversion from 'double' to 'float', possible loss of data
  (compiling source file 'Game.cpp')
  
C:\Users\86180\Documents\OpenGL4d_20240311_114830\OpenGL4d\OpenGL2\PhyFunction.h(70,8): warning C4244: '=': conversion from 'double' to 'float', possible loss of data
  (compiling source file 'Game.cpp')
  
C:\Users\86180\Documents\OpenGL4d_20240311_114830\OpenGL4d\OpenGL2\PhyFunction.h(112,19): warning C4244: 'initializing': conversion from 'double' to 'float', possible loss of data
  (compiling source file 'Game.cpp')
  
C:\Users\86180\Documents\OpenGL4d_20240311_114830\OpenGL4d\OpenGL2\PhyFunction.h(121,8): warning C4244: '=': conversion from 'double' to 'float', possible loss of data
  (compiling source file 'Game.cpp')
  
C:\Users\86180\Documents\OpenGL4d_20240311_114830\OpenGL4d\OpenGL2\Phys4D.h(79,182): warning C4267: 'argument': conversion from 'size_t' to 'int', possible loss of data
  (compiling source file 'Game.cpp')
  
C:\Users\86180\Documents\OpenGL4d_20240311_114830\OpenGL4d\OpenGL2\Phys4D.h(81,43): warning C4267: '+=': conversion from 'size_t' to 'int', possible loss of data
  (compiling source file 'Game.cpp')
  
C:\Users\86180\Documents\OpenGL4d_20240311_114830\OpenGL4d\OpenGL2\Phys4D.h(88,164): warning C4267: 'argument': conversion from 'size_t' to 'int', possible loss of data
  (compiling source file 'Game.cpp')
  
C:\Users\86180\Documents\OpenGL4d_20240311_114830\OpenGL4d\OpenGL2\Phys4D.h(92,176): warning C4267: 'argument': conversion from 'size_t' to 'int', possible loss of data
  (compiling source file 'Game.cpp')
  
C:\Users\86180\Documents\OpenGL4d_20240311_114830\OpenGL4d\OpenGL2\Phys4D.h(163,153): warning C4267: 'argument': conversion from 'size_t' to 'int', possible loss of data
  (compiling source file 'Game.cpp')
  
C:\Users\86180\Documents\OpenGL4d_20240311_114830\OpenGL4d\OpenGL2\Phys4D.h(179,54): warning C4267: 'argument': conversion from 'size_t' to 'unsigned int', possible loss of data
  (compiling source file 'Game.cpp')
  
C:\Users\86180\Documents\OpenGL4d_20240311_114830\OpenGL4d\OpenGL2\Phys4D.h(183,56): warning C4267: 'argument': conversion from 'size_t' to 'unsigned int', possible loss of data
  (compiling source file 'Game.cpp')
  
C:\Users\86180\Documents\OpenGL4d_20240311_114830\OpenGL4d\OpenGL2\Phys4D.h(185,66): warning C4267: 'argument': conversion from 'size_t' to 'unsigned int', possible loss of data
  (compiling source file 'Game.cpp')
  
C:\Users\86180\Documents\OpenGL4d_20240311_114830\OpenGL4d\OpenGL2\Phys4D.h(185,129): warning C4267: 'argument': conversion from 'size_t' to 'unsigned int', possible loss of data
  (compiling source file 'Game.cpp')
  
C:\Users\86180\Documents\OpenGL4d_20240311_114830\OpenGL4d\OpenGL2\Phys4D.h(191,54): warning C4267: 'argument': conversion from 'size_t' to 'unsigned int', possible loss of data
  (compiling source file 'Game.cpp')
  
C:\Users\86180\Documents\OpenGL4d_20240311_114830\OpenGL4d\OpenGL2\Phys4D.h(192,54): warning C4267: 'argument': conversion from 'size_t' to 'unsigned int', possible loss of data
  (compiling source file 'Game.cpp')
  
C:\Users\86180\Documents\OpenGL4d_20240311_114830\OpenGL4d\OpenGL2\Phys4D.h(197,78): warning C4267: 'argument': conversion from 'size_t' to 'unsigned int', possible loss of data
  (compiling source file 'Game.cpp')
  
C:\Users\86180\Documents\OpenGL4d_20240311_114830\OpenGL4d\OpenGL2\Phys4D.h(249,141): warning C4267: 'argument': conversion from 'size_t' to 'int', possible loss of data
  (compiling source file 'Game.cpp')
  
C:\Users\86180\Documents\OpenGL4d_20240311_114830\OpenGL4d\OpenGL2\Phys4D.h(253,142): warning C4267: 'argument': conversion from 'size_t' to 'int', possible loss of data
  (compiling source file 'Game.cpp')
  
C:\Users\86180\Documents\OpenGL4d_20240311_114830\OpenGL4d\OpenGL2\Phys4D.h(264,142): warning C4267: 'argument': conversion from 'size_t' to 'int', possible loss of data
  (compiling source file 'Game.cpp')
  
C:\Users\86180\Documents\OpenGL4d_20240311_114830\OpenGL4d\OpenGL2\Phys4D.h(268,142): warning C4267: 'argument': conversion from 'size_t' to 'int', possible loss of data
  (compiling source file 'Game.cpp')
  
C:\Users\86180\Documents\OpenGL4d_20240311_114830\OpenGL4d\OpenGL2\Phys4D.h(313,142): warning C4267: 'argument': conversion from 'size_t' to 'int', possible loss of data
  (compiling source file 'Game.cpp')
  
C:\Users\86180\Documents\OpenGL4d_20240311_114830\OpenGL4d\OpenGL2\Phys4D.h(317,142): warning C4267: 'argument': conversion from 'size_t' to 'int', possible loss of data
  (compiling source file 'Game.cpp')
  
C:\Users\86180\Documents\OpenGL4d_20240311_114830\OpenGL4d\OpenGL2\Phys4D.h(328,142): warning C4267: 'argument': conversion from 'size_t' to 'int', possible loss of data
  (compiling source file 'Game.cpp')
  
C:\Users\86180\Documents\OpenGL4d_20240311_114830\OpenGL4d\OpenGL2\Phys4D.h(332,142): warning C4267: 'argument': conversion from 'size_t' to 'int', possible loss of data
  (compiling source file 'Game.cpp')
  
C:\Users\86180\Documents\OpenGL4d_20240311_114830\OpenGL4d\OpenGL2\Phys4D.h(407,86): warning C4267: 'argument': conversion from 'size_t' to 'int', possible loss of data
  (compiling source file 'Game.cpp')
  
C:\Users\86180\Documents\OpenGL4d_20240311_114830\OpenGL4d\OpenGL2\Phys4D.h(420,151): warning C4267: 'argument': conversion from 'size_t' to 'int', possible loss of data
  (compiling source file 'Game.cpp')
  
C:\Users\86180\Documents\OpenGL4d_20240311_114830\OpenGL4d\OpenGL2\Phys4D.h(427,87): warning C4267: 'argument': conversion from 'size_t' to 'int', possible loss of data
  (compiling source file 'Game.cpp')
  
C:\Users\86180\Documents\OpenGL4d_20240311_114830\OpenGL4d\OpenGL2\Phys4D.h(431,87): warning C4267: 'argument': conversion from 'size_t' to 'int', possible loss of data
  (compiling source file 'Game.cpp')
  
C:\Users\86180\Documents\OpenGL4d_20240311_114830\OpenGL4d\OpenGL2\Phys4D.h(431,195): warning C4267: 'argument': conversion from 'size_t' to 'int', possible loss of data
  (compiling source file 'Game.cpp')
  
C:\Users\86180\Documents\OpenGL4d_20240311_114830\OpenGL4d\OpenGL2\Phys4D.h(452,89): warning C4267: 'argument': conversion from 'size_t' to 'int', possible loss of data
  (compiling source file 'Game.cpp')
  
C:\Users\86180\Documents\OpenGL4d_20240311_114830\OpenGL4d\OpenGL2\Phys4D.h(465,156): warning C4267: 'argument': conversion from 'size_t' to 'int', possible loss of data
  (compiling source file 'Game.cpp')
  
C:\Users\86180\Documents\OpenGL4d_20240311_114830\OpenGL4d\OpenGL2\Phys4D.h(472,91): warning C4267: 'argument': conversion from 'size_t' to 'int', possible loss of data
  (compiling source file 'Game.cpp')
  
C:\Users\86180\Documents\OpenGL4d_20240311_114830\OpenGL4d\OpenGL2\Phys4D.h(476,91): warning C4267: 'argument': conversion from 'size_t' to 'int', possible loss of data
  (compiling source file 'Game.cpp')
  
C:\Users\86180\Documents\OpenGL4d_20240311_114830\OpenGL4d\OpenGL2\Phys4D.h(476,201): warning C4267: 'argument': conversion from 'size_t' to 'int', possible loss of data
  (compiling source file 'Game.cpp')
  
C:\Users\86180\Documents\OpenGL4d_20240311_114830\OpenGL4d\OpenGL2\DetectRay.h(24,25): warning C4267: '=': conversion from 'size_t' to 'int', possible loss of data
  (compiling source file 'Game.cpp')
  
C:\Users\86180\Documents\OpenGL4d_20240311_114830\OpenGL4d\OpenGL2\DetectRay.h(30,15): warning C4244: '=': conversion from 'double' to 'float', possible loss of data
  (compiling source file 'Game.cpp')
  
C:\Users\86180\Documents\OpenGL4d_20240311_114830\OpenGL4d\OpenGL2\DetectRay.h(31,15): warning C4244: '=': conversion from 'double' to 'float', possible loss of data
  (compiling source file 'Game.cpp')
  
C:\Users\86180\Documents\OpenGL4d_20240311_114830\OpenGL4d\OpenGL2\DetectRay.h(191,22): warning C4018: '<': signed/unsigned mismatch
  (compiling source file 'Game.cpp')
  
C:\Users\86180\Documents\OpenGL4d_20240311_114830\OpenGL4d\OpenGL2\DetectRay.h(320,18): warning C4267: '=': conversion from 'size_t' to 'int', possible loss of data
  (compiling source file 'Game.cpp')
  
C:\Users\86180\Documents\OpenGL4d_20240311_114830\OpenGL4d\OpenGL2\DetectRay.h(326,18): warning C4267: '=': conversion from 'size_t' to 'int', possible loss of data
  (compiling source file 'Game.cpp')
  
C:\Users\86180\Documents\OpenGL4d_20240311_114830\OpenGL4d\OpenGL2\DetectRay.h(345,20): warning C4267: '=': conversion from 'size_t' to 'int', possible loss of data
  (compiling source file 'Game.cpp')
  
C:\Users\86180\Documents\OpenGL4d_20240311_114830\OpenGL4d\OpenGL2\DetectRay.h(351,20): warning C4267: '=': conversion from 'size_t' to 'int', possible loss of data
  (compiling source file 'Game.cpp')
  
C:\Users\86180\Documents\OpenGL4d_20240311_114830\OpenGL4d\OpenGL2\DetectRay.h(361,42): warning C4267: 'argument': conversion from 'size_t' to 'int', possible loss of data
  (compiling source file 'Game.cpp')
  
C:\Users\86180\Documents\OpenGL4d_20240311_114830\OpenGL4d\OpenGL2\DetectRay.h(363,31): warning C4267: 'argument': conversion from 'size_t' to 'int', possible loss of data
  (compiling source file 'Game.cpp')
  
C:\Users\86180\Documents\OpenGL4d_20240311_114830\OpenGL4d\OpenGL2\DetectRay.h(365,53): warning C4267: 'argument': conversion from 'size_t' to 'int', possible loss of data
  (compiling source file 'Game.cpp')
  
C:\Users\86180\Documents\OpenGL4d_20240311_114830\OpenGL4d\OpenGL2\DetectRay.h(366,53): warning C4267: 'argument': conversion from 'size_t' to 'int', possible loss of data
  (compiling source file 'Game.cpp')
  
C:\Users\86180\Documents\OpenGL4d_20240311_114830\OpenGL4d\OpenGL2\DetectRay.h(367,65): warning C4267: 'argument': conversion from 'size_t' to 'int', possible loss of data
  (compiling source file 'Game.cpp')
  
C:\Users\86180\Documents\OpenGL4d_20240311_114830\OpenGL4d\OpenGL2\DetectRay.h(371,59): warning C4267: 'argument': conversion from 'size_t' to 'int', possible loss of data
  (compiling source file 'Game.cpp')
  
C:\Users\86180\Documents\OpenGL4d_20240311_114830\OpenGL4d\OpenGL2\DetectRay.h(376,23): warning C4267: '=': conversion from 'size_t' to 'int', possible loss of data
  (compiling source file 'Game.cpp')
  
C:\Users\86180\Documents\OpenGL4d_20240311_114830\OpenGL4d\OpenGL2\DetectRay.h(382,23): warning C4267: '=': conversion from 'size_t' to 'int', possible loss of data
  (compiling source file 'Game.cpp')
  
C:\Users\86180\Documents\OpenGL4d_20240311_114830\OpenGL4d\OpenGL2\DetectRay.h(403,21): warning C4267: '=': conversion from 'size_t' to 'int', possible loss of data
  (compiling source file 'Game.cpp')
  
C:\Users\86180\Documents\OpenGL4d_20240311_114830\OpenGL4d\OpenGL2\DetectRay.h(409,21): warning C4267: '=': conversion from 'size_t' to 'int', possible loss of data
  (compiling source file 'Game.cpp')
  
C:\Users\86180\Documents\OpenGL4d_20240311_114830\OpenGL4d\OpenGL2\DetectRay.h(428,21): warning C4267: '=': conversion from 'size_t' to 'int', possible loss of data
  (compiling source file 'Game.cpp')
  
C:\Users\86180\Documents\OpenGL4d_20240311_114830\OpenGL4d\OpenGL2\DetectRay.h(434,21): warning C4267: '=': conversion from 'size_t' to 'int', possible loss of data
  (compiling source file 'Game.cpp')
  
C:\Users\86180\Documents\OpenGL4d_20240311_114830\OpenGL4d\OpenGL2\DetectRay.h(445,46): warning C4267: 'argument': conversion from 'size_t' to 'int', possible loss of data
  (compiling source file 'Game.cpp')
  
C:\Users\86180\Documents\OpenGL4d_20240311_114830\OpenGL4d\OpenGL2\DetectRay.h(447,61): warning C4267: 'argument': conversion from 'size_t' to 'int', possible loss of data
  (compiling source file 'Game.cpp')
  
C:\Users\86180\Documents\OpenGL4d_20240311_114830\OpenGL4d\OpenGL2\DetectRay.h(452,22): warning C4267: '=': conversion from 'size_t' to 'int', possible loss of data
  (compiling source file 'Game.cpp')
  
C:\Users\86180\Documents\OpenGL4d_20240311_114830\OpenGL4d\OpenGL2\DetectRay.h(458,22): warning C4267: '=': conversion from 'size_t' to 'int', possible loss of data
  (compiling source file 'Game.cpp')
  
C:\Users\86180\Documents\OpenGL4d_20240311_114830\OpenGL4d\OpenGL2\Game_imgui.h(178,61): warning C4267: 'argument': conversion from 'size_t' to 'unsigned int', possible loss of data
  (compiling source file 'Game.cpp')
  
C:\Users\86180\Documents\OpenGL4d_20240311_114830\OpenGL4d\OpenGL2\Game_imgui.h(185,63): warning C4267: 'argument': conversion from 'size_t' to 'unsigned int', possible loss of data
  (compiling source file 'Game.cpp')
  
C:\Users\86180\Documents\OpenGL4d_20240311_114830\OpenGL4d\OpenGL2\Game_imgui.h(1494,40): warning C4267: '+=': conversion from 'size_t' to 'int', possible loss of data
  (compiling source file 'Game.cpp')
  
C:\Users\86180\Documents\OpenGL4d_20240311_114830\OpenGL4d\OpenGL2\Game_imgui.h(1513,107): warning C4267: 'argument': conversion from 'size_t' to 'unsigned int', possible loss of data
  (compiling source file 'Game.cpp')
  
C:\Users\86180\Documents\OpenGL4d_20240311_114830\OpenGL4d\OpenGL2\Game_imgui.h(1516,73): warning C4267: 'argument': conversion from 'size_t' to 'unsigned int', possible loss of data
  (compiling source file 'Game.cpp')
  
C:\Users\86180\Documents\OpenGL4d_20240311_114830\OpenGL4d\OpenGL2\Game_imgui.h(1519,76): warning C4267: 'argument': conversion from 'size_t' to 'unsigned int', possible loss of data
  (compiling source file 'Game.cpp')
  
C:\Users\86180\Documents\OpenGL4d_20240311_114830\OpenGL4d\OpenGL2\Game_imgui.h(1520,73): warning C4267: 'argument': conversion from 'size_t' to 'unsigned int', possible loss of data
  (compiling source file 'Game.cpp')
  
C:\Users\86180\Documents\OpenGL4d_20240311_114830\OpenGL4d\OpenGL2\Game_imgui.h(1521,80): warning C4267: 'argument': conversion from 'size_t' to 'unsigned int', possible loss of data
  (compiling source file 'Game.cpp')
  
C:\Users\86180\Documents\OpenGL4d_20240311_114830\OpenGL4d\OpenGL2\Game_imgui.h(1522,77): warning C4267: 'argument': conversion from 'size_t' to 'unsigned int', possible loss of data
  (compiling source file 'Game.cpp')
  
C:\Users\86180\Documents\OpenGL4d_20240311_114830\OpenGL4d\OpenGL2\Game_imgui.h(1523,97): warning C4267: 'argument': conversion from 'size_t' to 'int', possible loss of data
  (compiling source file 'Game.cpp')
  
C:\Users\86180\Documents\OpenGL4d_20240311_114830\OpenGL4d\OpenGL2\Game_imgui.h(1524,47): warning C4267: 'argument': conversion from 'size_t' to 'int', possible loss of data
  (compiling source file 'Game.cpp')
  
C:\Users\86180\Documents\OpenGL4d_20240311_114830\OpenGL4d\OpenGL2\Game_imgui.h(1525,67): warning C4267: 'argument': conversion from 'size_t' to 'unsigned int', possible loss of data
  (compiling source file 'Game.cpp')
  
C:\Users\86180\Documents\OpenGL4d_20240311_114830\OpenGL4d\OpenGL2\Game_imgui.h(1532,74): warning C4267: 'argument': conversion from 'size_t' to 'int', possible loss of data
  (compiling source file 'Game.cpp')
  
C:\Users\86180\Documents\OpenGL4d_20240311_114830\OpenGL4d\OpenGL2\Game_imgui.h(1535,34): warning C4267: 'argument': conversion from 'size_t' to 'int', possible loss of data
  (compiling source file 'Game.cpp')
  
C:\Users\86180\Documents\OpenGL4d_20240311_114830\OpenGL4d\OpenGL2\Game_imgui.h(1538,138): warning C4267: 'argument': conversion from 'size_t' to 'unsigned int', possible loss of data
  (compiling source file 'Game.cpp')
  
C:\Users\86180\Documents\OpenGL4d_20240311_114830\OpenGL4d\OpenGL2\Game_imgui.h(1539,135): warning C4267: 'argument': conversion from 'size_t' to 'unsigned int', possible loss of data
  (compiling source file 'Game.cpp')
  
C:\Users\86180\Documents\OpenGL4d_20240311_114830\OpenGL4d\OpenGL2\Game_imgui.h(1540,32): warning C4267: 'argument': conversion from 'size_t' to 'int', possible loss of data
  (compiling source file 'Game.cpp')
  
C:\Users\86180\Documents\OpenGL4d_20240311_114830\OpenGL4d\OpenGL2\Game_imgui.h(1552,152): warning C4267: 'argument': conversion from 'size_t' to 'unsigned int', possible loss of data
  (compiling source file 'Game.cpp')
  
C:\Users\86180\Documents\OpenGL4d_20240311_114830\OpenGL4d\OpenGL2\Game_imgui.h(1553,149): warning C4267: 'argument': conversion from 'size_t' to 'unsigned int', possible loss of data
  (compiling source file 'Game.cpp')
  
C:\Users\86180\Documents\OpenGL4d_20240311_114830\OpenGL4d\OpenGL2\Game_imgui.h(1564,166): warning C4267: 'argument': conversion from 'size_t' to 'unsigned int', possible loss of data
  (compiling source file 'Game.cpp')
  
C:\Users\86180\Documents\OpenGL4d_20240311_114830\OpenGL4d\OpenGL2\Game_imgui.h(1565,163): warning C4267: 'argument': conversion from 'size_t' to 'unsigned int', possible loss of data
  (compiling source file 'Game.cpp')
  
C:\Users\86180\Documents\OpenGL4d_20240311_114830\OpenGL4d\OpenGL2\Structures4D.h(173,31): warning C4305: 'initializing': truncation from 'double' to 'float'
  (compiling source file 'Game.cpp')
  
C:\Users\86180\Documents\OpenGL4d_20240311_114830\OpenGL4d\OpenGL2\StartObj.h(65,182): warning C4267: 'argument': conversion from 'size_t' to 'int', possible loss of data
  (compiling source file 'Game.cpp')
  
C:\Users\86180\Documents\OpenGL4d_20240311_114830\OpenGL4d\OpenGL2\StartObj.h(66,181): warning C4267: 'argument': conversion from 'size_t' to 'int', possible loss of data
  (compiling source file 'Game.cpp')
  
C:\Users\86180\Documents\OpenGL4d_20240311_114830\OpenGL4d\OpenGL2\StartObj.h(67,180): warning C4267: 'argument': conversion from 'size_t' to 'int', possible loss of data
  (compiling source file 'Game.cpp')
  
C:\Users\86180\Documents\OpenGL4d_20240311_114830\OpenGL4d\OpenGL2\StartObj.h(68,179): warning C4267: 'argument': conversion from 'size_t' to 'int', possible loss of data
  (compiling source file 'Game.cpp')
  
C:\Users\86180\Documents\OpenGL4d_20240311_114830\OpenGL4d\OpenGL2\Collider.h(56,63): warning C4267: 'argument': conversion from 'size_t' to 'unsigned int', possible loss of data
  (compiling source file 'Game.cpp')
  
C:\Users\86180\Documents\OpenGL4d_20240311_114830\OpenGL4d\OpenGL2\Collider.h(60,75): warning C4267: 'argument': conversion from 'size_t' to 'unsigned int', possible loss of data
  (compiling source file 'Game.cpp')
  
C:\Users\86180\Documents\OpenGL4d_20240311_114830\OpenGL4d\OpenGL2\Collider.h(60,147): warning C4267: 'argument': conversion from 'size_t' to 'unsigned int', possible loss of data
  (compiling source file 'Game.cpp')
  
C:\Users\86180\Documents\OpenGL4d_20240311_114830\OpenGL4d\OpenGL2\Collider.h(62,89): warning C4267: 'argument': conversion from 'size_t' to 'unsigned int', possible loss of data
  (compiling source file 'Game.cpp')
  
C:\Users\86180\Documents\OpenGL4d_20240311_114830\OpenGL4d\OpenGL2\Collider.h(62,161): warning C4267: 'argument': conversion from 'size_t' to 'unsigned int', possible loss of data
  (compiling source file 'Game.cpp')
  
C:\Users\86180\Documents\OpenGL4d_20240311_114830\OpenGL4d\OpenGL2\Collider.h(63,65): warning C4267: 'argument': conversion from 'size_t' to 'unsigned int', possible loss of data
  (compiling source file 'Game.cpp')
  
C:\Users\86180\Documents\OpenGL4d_20240311_114830\OpenGL4d\OpenGL2\Collider.h(63,189): warning C4267: 'argument': conversion from 'size_t' to 'unsigned int', possible loss of data
  (compiling source file 'Game.cpp')
  
C:\Users\86180\Documents\OpenGL4d_20240311_114830\OpenGL4d\OpenGL2\Collider.h(63,261): warning C4267: 'argument': conversion from 'size_t' to 'unsigned int', possible loss of data
  (compiling source file 'Game.cpp')
  
C:\Users\86180\Documents\OpenGL4d_20240311_114830\OpenGL4d\OpenGL2\Collider.h(70,73): warning C4267: 'argument': conversion from 'size_t' to 'unsigned int', possible loss of data
  (compiling source file 'Game.cpp')
  
C:\Users\86180\Documents\OpenGL4d_20240311_114830\OpenGL4d\OpenGL2\Collider.h(70,145): warning C4267: 'argument': conversion from 'size_t' to 'unsigned int', possible loss of data
  (compiling source file 'Game.cpp')
  
C:\Users\86180\Documents\OpenGL4d_20240311_114830\OpenGL4d\OpenGL2\Collider.h(72,63): warning C4267: 'argument': conversion from 'size_t' to 'unsigned int', possible loss of data
  (compiling source file 'Game.cpp')
  
C:\Users\86180\Documents\OpenGL4d_20240311_114830\OpenGL4d\OpenGL2\Collider.h(76,24): warning C4267: 'initializing': conversion from 'size_t' to 'unsigned int', possible loss of data
  (compiling source file 'Game.cpp')
  
C:\Users\86180\Documents\OpenGL4d_20240311_114830\OpenGL4d\OpenGL2\Collider.h(82,119): warning C4267: 'argument': conversion from 'size_t' to 'unsigned int', possible loss of data
  (compiling source file 'Game.cpp')
  
C:\Users\86180\Documents\OpenGL4d_20240311_114830\OpenGL4d\OpenGL2\Collider.h(84,80): warning C4267: 'argument': conversion from 'size_t' to 'unsigned int', possible loss of data
  (compiling source file 'Game.cpp')
  
C:\Users\86180\Documents\OpenGL4d_20240311_114830\OpenGL4d\OpenGL2\Collider.h(85,77): warning C4267: 'argument': conversion from 'size_t' to 'unsigned int', possible loss of data
  (compiling source file 'Game.cpp')
  
C:\Users\86180\Documents\OpenGL4d_20240311_114830\OpenGL4d\OpenGL2\Collider.h(86,83): warning C4267: 'argument': conversion from 'size_t' to 'unsigned int', possible loss of data
  (compiling source file 'Game.cpp')
  
C:\Users\86180\Documents\OpenGL4d_20240311_114830\OpenGL4d\OpenGL2\Collider.h(87,81): warning C4267: 'argument': conversion from 'size_t' to 'unsigned int', possible loss of data
  (compiling source file 'Game.cpp')
  
C:\Users\86180\Documents\OpenGL4d_20240311_114830\OpenGL4d\OpenGL2\Collider.h(88,101): warning C4267: 'argument': conversion from 'size_t' to 'int', possible loss of data
  (compiling source file 'Game.cpp')
  
C:\Users\86180\Documents\OpenGL4d_20240311_114830\OpenGL4d\OpenGL2\Collider.h(89,51): warning C4267: 'argument': conversion from 'size_t' to 'int', possible loss of data
  (compiling source file 'Game.cpp')
  
C:\Users\86180\Documents\OpenGL4d_20240311_114830\OpenGL4d\OpenGL2\Collider.h(95,24): warning C4267: 'initializing': conversion from 'size_t' to 'unsigned int', possible loss of data
  (compiling source file 'Game.cpp')
  
C:\Users\86180\Documents\OpenGL4d_20240311_114830\OpenGL4d\OpenGL2\Collider.h(99,37): warning C4267: 'argument': conversion from 'size_t' to 'int', possible loss of data
  (compiling source file 'Game.cpp')
  
C:\Users\86180\Documents\OpenGL4d_20240311_114830\OpenGL4d\OpenGL2\Collider.h(99,111): warning C4267: 'argument': conversion from 'size_t' to 'int', possible loss of data
  (compiling source file 'Game.cpp')
  
C:\Users\86180\Documents\OpenGL4d_20240311_114830\OpenGL4d\OpenGL2\Collider.h(101,46): warning C4267: 'argument': conversion from 'size_t' to 'int', possible loss of data
  (compiling source file 'Game.cpp')
  
C:\Users\86180\Documents\OpenGL4d_20240311_114830\OpenGL4d\OpenGL2\Collider.h(101,125): warning C4267: 'argument': conversion from 'size_t' to 'unsigned int', possible loss of data
  (compiling source file 'Game.cpp')
  
C:\Users\86180\Documents\OpenGL4d_20240311_114830\OpenGL4d\OpenGL2\Collider.h(103,92): warning C4267: 'argument': conversion from 'size_t' to 'unsigned int', possible loss of data
  (compiling source file 'Game.cpp')
  
C:\Users\86180\Documents\OpenGL4d_20240311_114830\OpenGL4d\OpenGL2\Collider.h(104,90): warning C4267: 'argument': conversion from 'size_t' to 'unsigned int', possible loss of data
  (compiling source file 'Game.cpp')
  
C:\Users\86180\Documents\OpenGL4d_20240311_114830\OpenGL4d\OpenGL2\Collider.h(105,37): warning C4267: 'argument': conversion from 'size_t' to 'int', possible loss of data
  (compiling source file 'Game.cpp')
  
C:\Users\86180\Documents\OpenGL4d_20240311_114830\OpenGL4d\OpenGL2\Collider.h(110,103): warning C4267: 'argument': conversion from 'size_t' to 'unsigned int', possible loss of data
  (compiling source file 'Game.cpp')
  
C:\Users\86180\Documents\OpenGL4d_20240311_114830\OpenGL4d\OpenGL2\Collider.h(111,69): warning C4267: 'argument': conversion from 'size_t' to 'unsigned int', possible loss of data
  (compiling source file 'Game.cpp')
  
C:\Users\86180\Documents\OpenGL4d_20240311_114830\OpenGL4d\OpenGL2\Collider.h(115,151): warning C4267: 'argument': conversion from 'size_t' to 'unsigned int', possible loss of data
  (compiling source file 'Game.cpp')
  
C:\Users\86180\Documents\OpenGL4d_20240311_114830\OpenGL4d\OpenGL2\Collider.h(116,149): warning C4267: 'argument': conversion from 'size_t' to 'unsigned int', possible loss of data
  (compiling source file 'Game.cpp')
  
C:\Users\86180\Documents\OpenGL4d_20240311_114830\OpenGL4d\OpenGL2\Collider.h(120,107): warning C4267: 'argument': conversion from 'size_t' to 'unsigned int', possible loss of data
  (compiling source file 'Game.cpp')
  
C:\Users\86180\Documents\OpenGL4d_20240311_114830\OpenGL4d\OpenGL2\Collider.h(121,104): warning C4267: 'argument': conversion from 'size_t' to 'unsigned int', possible loss of data
  (compiling source file 'Game.cpp')
  
C:\Users\86180\Documents\OpenGL4d_20240311_114830\OpenGL4d\OpenGL2\Collider.h(122,110): warning C4267: 'argument': conversion from 'size_t' to 'unsigned int', possible loss of data
  (compiling source file 'Game.cpp')
  
C:\Users\86180\Documents\OpenGL4d_20240311_114830\OpenGL4d\OpenGL2\Collider.h(123,108): warning C4267: 'argument': conversion from 'size_t' to 'unsigned int', possible loss of data
  (compiling source file 'Game.cpp')
  
C:\Users\86180\Documents\OpenGL4d_20240311_114830\OpenGL4d\OpenGL2\Collider.h(124,128): warning C4267: 'argument': conversion from 'size_t' to 'int', possible loss of data
  (compiling source file 'Game.cpp')
  
C:\Users\86180\Documents\OpenGL4d_20240311_114830\OpenGL4d\OpenGL2\Collider.h(125,78): warning C4267: 'argument': conversion from 'size_t' to 'int', possible loss of data
  (compiling source file 'Game.cpp')
  
C:\Users\86180\Documents\OpenGL4d_20240311_114830\OpenGL4d\OpenGL2\Collider.h(127,122): warning C4267: 'argument': conversion from 'size_t' to 'unsigned int', possible loss of data
  (compiling source file 'Game.cpp')
  
C:\Users\86180\Documents\OpenGL4d_20240311_114830\OpenGL4d\OpenGL2\Collider.h(128,63): warning C4267: 'argument': conversion from 'size_t' to 'unsigned int', possible loss of data
  (compiling source file 'Game.cpp')
  
C:\Users\86180\Documents\OpenGL4d_20240311_114830\OpenGL4d\OpenGL2\Collider.h(157,25): warning C4018: '<': signed/unsigned mismatch
  (compiling source file 'Game.cpp')
  
C:\Users\86180\Documents\OpenGL4d_20240311_114830\OpenGL4d\OpenGL2\Collider.h(168,199): warning C4244: 'argument': conversion from 'int' to 'T', possible loss of data
C:\Users\86180\Documents\OpenGL4d_20240311_114830\OpenGL4d\OpenGL2\Collider.h(168,199): warning C4244:         with
C:\Users\86180\Documents\OpenGL4d_20240311_114830\OpenGL4d\OpenGL2\Collider.h(168,199): warning C4244:         [
C:\Users\86180\Documents\OpenGL4d_20240311_114830\OpenGL4d\OpenGL2\Collider.h(168,199): warning C4244:             T=float
C:\Users\86180\Documents\OpenGL4d_20240311_114830\OpenGL4d\OpenGL2\Collider.h(168,199): warning C4244:         ]
  (compiling source file 'Game.cpp')
  
C:\Users\86180\Documents\OpenGL4d_20240311_114830\OpenGL4d\OpenGL2\Collider.h(173,199): warning C4244: 'argument': conversion from 'int' to 'T', possible loss of data
C:\Users\86180\Documents\OpenGL4d_20240311_114830\OpenGL4d\OpenGL2\Collider.h(173,199): warning C4244:         with
C:\Users\86180\Documents\OpenGL4d_20240311_114830\OpenGL4d\OpenGL2\Collider.h(173,199): warning C4244:         [
C:\Users\86180\Documents\OpenGL4d_20240311_114830\OpenGL4d\OpenGL2\Collider.h(173,199): warning C4244:             T=float
C:\Users\86180\Documents\OpenGL4d_20240311_114830\OpenGL4d\OpenGL2\Collider.h(173,199): warning C4244:         ]
  (compiling source file 'Game.cpp')
  
C:\Users\86180\Documents\OpenGL4d_20240311_114830\OpenGL4d\OpenGL2\Collider.h(228,25): warning C4018: '<': signed/unsigned mismatch
  (compiling source file 'Game.cpp')
  
C:\Users\86180\Documents\OpenGL4d_20240311_114830\OpenGL4d\OpenGL2\Keyboard.h(193,66): warning C4267: 'argument': conversion from 'size_t' to 'int', possible loss of data
  (compiling source file 'Game.cpp')
  
C:\Users\86180\Documents\OpenGL4d_20240311_114830\OpenGL4d\OpenGL2\Keyboard.h(197,65): warning C4267: 'argument': conversion from 'size_t' to 'int', possible loss of data
  (compiling source file 'Game.cpp')
  
C:\Users\86180\Documents\OpenGL4d_20240311_114830\OpenGL4d\OpenGL2\Keyboard.h(390,40): warning C4244: 'argument': conversion from 'int' to 'GLfloat', possible loss of data
  (compiling source file 'Game.cpp')
  
C:\Users\86180\Documents\OpenGL4d_20240311_114830\OpenGL4d\OpenGL2\Keyboard.h(435,133): warning C4267: 'argument': conversion from 'size_t' to 'unsigned int', possible loss of data
  (compiling source file 'Game.cpp')
  
C:\Users\86180\Documents\OpenGL4d_20240311_114830\OpenGL4d\OpenGL2\Keyboard.h(436,137): warning C4267: 'argument': conversion from 'size_t' to 'unsigned int', possible loss of data
  (compiling source file 'Game.cpp')
  
C:\Users\86180\Documents\OpenGL4d_20240311_114830\OpenGL4d\OpenGL2\Keyboard.h(459,98): warning C4267: 'argument': conversion from 'size_t' to 'unsigned int', possible loss of data
  (compiling source file 'Game.cpp')
  
C:\Users\86180\Documents\OpenGL4d_20240311_114830\OpenGL4d\OpenGL2\Keyboard.h(460,102): warning C4267: 'argument': conversion from 'size_t' to 'unsigned int', possible loss of data
  (compiling source file 'Game.cpp')
  
C:\Users\86180\Documents\OpenGL4d_20240311_114830\OpenGL4d\OpenGL2\Keyboard.h(479,128): warning C4267: 'argument': conversion from 'size_t' to 'int', possible loss of data
  (compiling source file 'Game.cpp')
  
C:\Users\86180\Documents\OpenGL4d_20240311_114830\OpenGL4d\OpenGL2\Keyboard.h(485,133): warning C4267: 'argument': conversion from 'size_t' to 'unsigned int', possible loss of data
  (compiling source file 'Game.cpp')
  
C:\Users\86180\Documents\OpenGL4d_20240311_114830\OpenGL4d\OpenGL2\Keyboard.h(486,137): warning C4267: 'argument': conversion from 'size_t' to 'unsigned int', possible loss of data
  (compiling source file 'Game.cpp')
  
C:\Users\86180\Documents\OpenGL4d_20240311_114830\OpenGL4d\OpenGL2\Keyboard.h(492,98): warning C4267: 'argument': conversion from 'size_t' to 'unsigned int', possible loss of data
  (compiling source file 'Game.cpp')
  
C:\Users\86180\Documents\OpenGL4d_20240311_114830\OpenGL4d\OpenGL2\Keyboard.h(493,102): warning C4267: 'argument': conversion from 'size_t' to 'unsigned int', possible loss of data
  (compiling source file 'Game.cpp')
  
C:\Users\86180\Documents\OpenGL4d_20240311_114830\OpenGL4d\OpenGL2\Keyboard.h(500,92): warning C4267: 'argument': conversion from 'size_t' to 'unsigned int', possible loss of data
  (compiling source file 'Game.cpp')
  
C:\Users\86180\Documents\OpenGL4d_20240311_114830\OpenGL4d\OpenGL2\Keyboard.h(501,96): warning C4267: 'argument': conversion from 'size_t' to 'unsigned int', possible loss of data
  (compiling source file 'Game.cpp')
  
C:\Users\86180\Documents\OpenGL4d_20240311_114830\OpenGL4d\OpenGL2\Keyboard.h(506,92): warning C4267: 'argument': conversion from 'size_t' to 'unsigned int', possible loss of data
  (compiling source file 'Game.cpp')
  
C:\Users\86180\Documents\OpenGL4d_20240311_114830\OpenGL4d\OpenGL2\Keyboard.h(507,96): warning C4267: 'argument': conversion from 'size_t' to 'unsigned int', possible loss of data
  (compiling source file 'Game.cpp')
  
C:\Users\86180\Documents\OpenGL4d_20240311_114830\OpenGL4d\OpenGL2\Keyboard.h(528,17): warning C4267: 'initializing': conversion from 'size_t' to 'int', possible loss of data
  (compiling source file 'Game.cpp')
  
C:\Users\86180\Documents\OpenGL4d_20240311_114830\OpenGL4d\OpenGL2\Keyboard.h(563,17): warning C4267: 'initializing': conversion from 'size_t' to 'int', possible loss of data
  (compiling source file 'Game.cpp')
  
C:\Users\86180\Documents\OpenGL4d_20240311_114830\OpenGL4d\OpenGL2\Keyboard.h(642,52): warning C4267: 'argument': conversion from 'size_t' to 'int', possible loss of data
  (compiling source file 'Game.cpp')
  
C:\Users\86180\Documents\OpenGL4d_20240311_114830\OpenGL4d\OpenGL2\Keyboard.h(646,50): warning C4267: 'argument': conversion from 'size_t' to 'int', possible loss of data
  (compiling source file 'Game.cpp')
  
C:\Users\86180\Documents\OpenGL4d_20240311_114830\OpenGL4d\OpenGL2\Keyboard.h(224,31): warning C4390: ';': empty controlled statement found; is this the intent?
  (compiling source file 'Game.cpp')
  
soil2-debug.lib(SOIL2.obj) : warning LNK4075: ignoring '/EDITANDCONTINUE' due to '/OPT:ICF' specification
LINK : warning LNK4098: defaultlib 'LIBCMT' conflicts with use of other libs; use /NODEFAULTLIB:library
LINK : warning LNK4098: defaultlib 'MSVCRTD' conflicts with use of other libs; use /NODEFAULTLIB:library
  Generating code
  1 of 5425 functions (<0.1%) were compiled, the rest were copied from previous compilation.
    0 functions were new in current compilation
    101 functions had inline decision re-evaluated but remain unchanged
  Finished generating code
glew32s.lib(glew.obj) : warning LNK4099: PDB '' was not found with 'glew32s.lib(glew.obj)' or at ''; linking object as if no debug info
  OpenGL2.vcxproj -> C:\Users\86180\Documents\OpenGL4d_20240311_114830\OpenGL4d\x64\Release\NewEngine.exe
