C:\Program Files\Microsoft Visual Studio\2022\Community\MSBuild\Microsoft\VC\v170\Microsoft.CppBuild.targets(531,5): warning MSB8028: The intermediate directory (x64\Debug\) contains files shared from another project (OpenGL2.vcxproj).  This can lead to incorrect clean and rebuild behavior.
  Game.cpp
C:\Users\86180\Documents\OpenGL4d_20240422_114830\OpenGL4d\OpenGL2\Texture.h(220,16): warning C4244: 'initializing': conversion from 'T' to 'int', possible loss of data
C:\Users\86180\Documents\OpenGL4d_20240422_114830\OpenGL4d\OpenGL2\Texture.h(220,16): warning C4244:         with
C:\Users\86180\Documents\OpenGL4d_20240422_114830\OpenGL4d\OpenGL2\Texture.h(220,16): warning C4244:         [
C:\Users\86180\Documents\OpenGL4d_20240422_114830\OpenGL4d\OpenGL2\Texture.h(220,16): warning C4244:             T=float
C:\Users\86180\Documents\OpenGL4d_20240422_114830\OpenGL4d\OpenGL2\Texture.h(220,16): warning C4244:         ]
  (compiling source file 'Game.cpp')
  
C:\Users\86180\Documents\OpenGL4d_20240422_114830\OpenGL4d\OpenGL2\Texture.h(222,17): warning C4244: 'initializing': conversion from 'T' to 'int', possible loss of data
C:\Users\86180\Documents\OpenGL4d_20240422_114830\OpenGL4d\OpenGL2\Texture.h(222,17): warning C4244:         with
C:\Users\86180\Documents\OpenGL4d_20240422_114830\OpenGL4d\OpenGL2\Texture.h(222,17): warning C4244:         [
C:\Users\86180\Documents\OpenGL4d_20240422_114830\OpenGL4d\OpenGL2\Texture.h(222,17): warning C4244:             T=float
C:\Users\86180\Documents\OpenGL4d_20240422_114830\OpenGL4d\OpenGL2\Texture.h(222,17): warning C4244:         ]
  (compiling source file 'Game.cpp')
  
C:\Users\86180\Documents\OpenGL4d_20240422_114830\OpenGL4d\OpenGL2\Texture.h(224,18): warning C4244: 'initializing': conversion from 'T' to 'int', possible loss of data
C:\Users\86180\Documents\OpenGL4d_20240422_114830\OpenGL4d\OpenGL2\Texture.h(224,18): warning C4244:         with
C:\Users\86180\Documents\OpenGL4d_20240422_114830\OpenGL4d\OpenGL2\Texture.h(224,18): warning C4244:         [
C:\Users\86180\Documents\OpenGL4d_20240422_114830\OpenGL4d\OpenGL2\Texture.h(224,18): warning C4244:             T=float
C:\Users\86180\Documents\OpenGL4d_20240422_114830\OpenGL4d\OpenGL2\Texture.h(224,18): warning C4244:         ]
  (compiling source file 'Game.cpp')
  
C:\Users\86180\Documents\OpenGL4d_20240422_114830\OpenGL4d\OpenGL2\Texture.h(239,16): warning C4244: 'initializing': conversion from 'T' to 'int', possible loss of data
C:\Users\86180\Documents\OpenGL4d_20240422_114830\OpenGL4d\OpenGL2\Texture.h(239,16): warning C4244:         with
C:\Users\86180\Documents\OpenGL4d_20240422_114830\OpenGL4d\OpenGL2\Texture.h(239,16): warning C4244:         [
C:\Users\86180\Documents\OpenGL4d_20240422_114830\OpenGL4d\OpenGL2\Texture.h(239,16): warning C4244:             T=float
C:\Users\86180\Documents\OpenGL4d_20240422_114830\OpenGL4d\OpenGL2\Texture.h(239,16): warning C4244:         ]
  (compiling source file 'Game.cpp')
  
C:\Users\86180\Documents\OpenGL4d_20240422_114830\OpenGL4d\OpenGL2\Texture.h(241,17): warning C4244: 'initializing': conversion from 'T' to 'int', possible loss of data
C:\Users\86180\Documents\OpenGL4d_20240422_114830\OpenGL4d\OpenGL2\Texture.h(241,17): warning C4244:         with
C:\Users\86180\Documents\OpenGL4d_20240422_114830\OpenGL4d\OpenGL2\Texture.h(241,17): warning C4244:         [
C:\Users\86180\Documents\OpenGL4d_20240422_114830\OpenGL4d\OpenGL2\Texture.h(241,17): warning C4244:             T=float
C:\Users\86180\Documents\OpenGL4d_20240422_114830\OpenGL4d\OpenGL2\Texture.h(241,17): warning C4244:         ]
  (compiling source file 'Game.cpp')
  
C:\Users\86180\Documents\OpenGL4d_20240422_114830\OpenGL4d\OpenGL2\Texture.h(243,18): warning C4244: 'initializing': conversion from 'T' to 'int', possible loss of data
C:\Users\86180\Documents\OpenGL4d_20240422_114830\OpenGL4d\OpenGL2\Texture.h(243,18): warning C4244:         with
C:\Users\86180\Documents\OpenGL4d_20240422_114830\OpenGL4d\OpenGL2\Texture.h(243,18): warning C4244:         [
C:\Users\86180\Documents\OpenGL4d_20240422_114830\OpenGL4d\OpenGL2\Texture.h(243,18): warning C4244:             T=float
C:\Users\86180\Documents\OpenGL4d_20240422_114830\OpenGL4d\OpenGL2\Texture.h(243,18): warning C4244:         ]
  (compiling source file 'Game.cpp')
  
C:\Users\86180\Documents\OpenGL4d_20240422_114830\OpenGL4d\OpenGL2\Texture.h(271,83): warning C4244: 'argument': conversion from 'float' to 'GLint', possible loss of data
  (compiling source file 'Game.cpp')
  
C:\Users\86180\Documents\OpenGL4d_20240422_114830\OpenGL4d\OpenGL2\Texture.h(271,61): warning C4244: 'argument': conversion from 'float' to 'GLint', possible loss of data
  (compiling source file 'Game.cpp')
  
C:\Users\86180\Documents\OpenGL4d_20240422_114830\OpenGL4d\OpenGL2\Texture.h(271,39): warning C4244: 'argument': conversion from 'float' to 'GLint', possible loss of data
  (compiling source file 'Game.cpp')
  
C:\Users\86180\Documents\OpenGL4d_20240422_114830\OpenGL4d\OpenGL2\mod.h(113,18): warning C4244: 'initializing': conversion from 'double' to 'float', possible loss of data
  (compiling source file 'Game.cpp')
  
C:\Users\86180\Documents\OpenGL4d_20240422_114830\OpenGL4d\OpenGL2\mod.h(114,19): warning C4244: 'initializing': conversion from 'double' to 'float', possible loss of data
  (compiling source file 'Game.cpp')
  
C:\Users\86180\Documents\OpenGL4d_20240422_114830\OpenGL4d\OpenGL2\mod.h(116,21): warning C4244: 'initializing': conversion from 'double' to 'float', possible loss of data
  (compiling source file 'Game.cpp')
  
C:\Users\86180\Documents\OpenGL4d_20240422_114830\OpenGL4d\OpenGL2\mod.h(117,22): warning C4244: 'initializing': conversion from 'double' to 'float', possible loss of data
  (compiling source file 'Game.cpp')
  
C:\Users\86180\Documents\OpenGL4d_20240422_114830\OpenGL4d\OpenGL2\mod.h(125,38): warning C4244: 'argument': conversion from 'double' to 'float', possible loss of data
  (compiling source file 'Game.cpp')
  
C:\Users\86180\Documents\OpenGL4d_20240422_114830\OpenGL4d\OpenGL2\mod.h(123,24): warning C4244: 'argument': conversion from 'double' to 'float', possible loss of data
  (compiling source file 'Game.cpp')
  
C:\Users\86180\Documents\OpenGL4d_20240422_114830\OpenGL4d\OpenGL2\mod.h(223,19): warning C4244: 'argument': conversion from 'double' to 'float', possible loss of data
  (compiling source file 'Game.cpp')
  
C:\Users\86180\Documents\OpenGL4d_20240422_114830\OpenGL4d\OpenGL2\mod.h(229,19): warning C4244: 'argument': conversion from 'double' to 'float', possible loss of data
  (compiling source file 'Game.cpp')
  
C:\Users\86180\Documents\OpenGL4d_20240422_114830\OpenGL4d\OpenGL2\mod.h(250,16): warning C4244: 'initializing': conversion from 'double' to 'float', possible loss of data
  (compiling source file 'Game.cpp')
  
C:\Users\86180\Documents\OpenGL4d_20240422_114830\OpenGL4d\OpenGL2\mod.h(255,17): warning C4244: 'initializing': conversion from 'double' to 'float', possible loss of data
  (compiling source file 'Game.cpp')
  
C:\Users\86180\Documents\OpenGL4d_20240422_114830\OpenGL4d\OpenGL2\mod.h(262,20): warning C4244: 'initializing': conversion from 'double' to 'float', possible loss of data
  (compiling source file 'Game.cpp')
  
C:\Users\86180\Documents\OpenGL4d_20240422_114830\OpenGL4d\OpenGL2\mod.h(278,21): warning C4244: 'initializing': conversion from 'double' to 'float', possible loss of data
  (compiling source file 'Game.cpp')
  
C:\Users\86180\Documents\OpenGL4d_20240422_114830\OpenGL4d\OpenGL2\mod.h(335,3): warning C4244: 'return': conversion from 'double' to 'float', possible loss of data
  (compiling source file 'Game.cpp')
  
C:\Users\86180\Documents\OpenGL4d_20240422_114830\OpenGL4d\OpenGL2\Primitives4D.h(1321,29): warning C4267: 'initializing': conversion from 'size_t' to 'unsigned int', possible loss of data
  (compiling source file 'Game.cpp')
  
C:\Users\86180\Documents\OpenGL4d_20240422_114830\OpenGL4d\OpenGL2\Primitives4D.h(1340,14): warning C4267: 'initializing': conversion from 'size_t' to 'int', possible loss of data
  (compiling source file 'Game.cpp')
  
C:\Users\86180\Documents\OpenGL4d_20240422_114830\OpenGL4d\OpenGL2\Primitives4D.h(1341,14): warning C4267: 'initializing': conversion from 'size_t' to 'int', possible loss of data
  (compiling source file 'Game.cpp')
  
C:\Users\86180\Documents\OpenGL4d_20240422_114830\OpenGL4d\OpenGL2\Primitives4D.h(1342,14): warning C4267: 'initializing': conversion from 'size_t' to 'int', possible loss of data
  (compiling source file 'Game.cpp')
  
C:\Users\86180\Documents\OpenGL4d_20240422_114830\OpenGL4d\OpenGL2\Line.h(242,39): warning C4018: '<': signed/unsigned mismatch
  (compiling source file 'Game.cpp')
  
C:\Users\86180\Documents\OpenGL4d_20240422_114830\OpenGL4d\OpenGL2\Light.h(285,33): warning C4267: 'argument': conversion from 'size_t' to 'GLint', possible loss of data
  (compiling source file 'Game.cpp')
  
C:\Users\86180\Documents\OpenGL4d_20240422_114830\OpenGL4d\OpenGL2\Light.h(287,33): warning C4267: 'argument': conversion from 'size_t' to 'GLint', possible loss of data
  (compiling source file 'Game.cpp')
  
C:\Program Files (x86)\Windows Kits\10\Include\10.0.22000.0\shared\minwindef.h(130,1): warning C4005: 'APIENTRY': macro redefinition
  (compiling source file 'Game.cpp')
  C:\Users\86180\Documents\OpenGL4d_20240422_114830\OpenGL4d\Dependencies_64x\GLFW\include\GLFW\glfw3.h(123,1):
  see previous definition of 'APIENTRY'
  
C:\Users\86180\Documents\OpenGL4d_20240422_114830\OpenGL4d\OpenGL2\Joint.h(237,2): warning C4091: 'static ': ignored on left of 'HingeConstraint4D' when no variable is declared
  (compiling source file 'Game.cpp')
  
C:\Users\86180\Documents\OpenGL4d_20240422_114830\OpenGL4d\OpenGL2\ObjectLists.h(95,29): warning C4018: '>=': signed/unsigned mismatch
  (compiling source file 'Game.cpp')
  
C:\Users\86180\Documents\OpenGL4d_20240422_114830\OpenGL4d\OpenGL2\ObjectLists.h(99,29): warning C4018: '>=': signed/unsigned mismatch
  (compiling source file 'Game.cpp')
  
C:\Users\86180\Documents\OpenGL4d_20240422_114830\OpenGL4d\OpenGL2\ObjectLists.h(106,30): warning C4018: '>=': signed/unsigned mismatch
  (compiling source file 'Game.cpp')
  
C:\Users\86180\Documents\OpenGL4d_20240422_114830\OpenGL4d\OpenGL2\ObjectLists.h(110,30): warning C4018: '>=': signed/unsigned mismatch
  (compiling source file 'Game.cpp')
  
C:\Users\86180\Documents\OpenGL4d_20240422_114830\OpenGL4d\OpenGL2\ObjectLists.h(117,37): warning C4018: '>=': signed/unsigned mismatch
  (compiling source file 'Game.cpp')
  
C:\Users\86180\Documents\OpenGL4d_20240422_114830\OpenGL4d\OpenGL2\ObjectLists.h(121,37): warning C4018: '>=': signed/unsigned mismatch
  (compiling source file 'Game.cpp')
  
C:\Users\86180\Documents\OpenGL4d_20240422_114830\OpenGL4d\OpenGL2\ObjectLists.h(139,56): warning C4267: '+=': conversion from 'size_t' to 'int', possible loss of data
  (compiling source file 'Game.cpp')
  
C:\Users\86180\Documents\OpenGL4d_20240422_114830\OpenGL4d\OpenGL2\ObjectLists.h(155,56): warning C4267: '+=': conversion from 'size_t' to 'int', possible loss of data
  (compiling source file 'Game.cpp')
  
C:\Users\86180\Documents\OpenGL4d_20240422_114830\OpenGL4d\OpenGL2\ObjectLists.h(172,19): warning C4267: 'initializing': conversion from 'size_t' to 'unsigned int', possible loss of data
  (compiling source file 'Game.cpp')
  
C:\Users\86180\Documents\OpenGL4d_20240422_114830\OpenGL4d\OpenGL2\ObjectLists.h(173,15): warning C4018: '<': signed/unsigned mismatch
  (compiling source file 'Game.cpp')
  
C:\Users\86180\Documents\OpenGL4d_20240422_114830\OpenGL4d\OpenGL2\ObjectLists.h(184,60): warning C4267: '+=': conversion from 'size_t' to 'int', possible loss of data
  (compiling source file 'Game.cpp')
  
C:\Users\86180\Documents\OpenGL4d_20240422_114830\OpenGL4d\OpenGL2\ObjectLists.h(205,62): warning C4267: '+=': conversion from 'size_t' to 'int', possible loss of data
  (compiling source file 'Game.cpp')
  
C:\Users\86180\Documents\OpenGL4d_20240422_114830\OpenGL4d\OpenGL2\ObjectLists.h(222,56): warning C4267: '+=': conversion from 'size_t' to 'int', possible loss of data
  (compiling source file 'Game.cpp')
  
C:\Users\86180\Documents\OpenGL4d_20240422_114830\OpenGL4d\OpenGL2\ObjectLists.h(246,62): warning C4267: '+=': conversion from 'size_t' to 'int', possible loss of data
  (compiling source file 'Game.cpp')
  
C:\Users\86180\Documents\OpenGL4d_20240422_114830\OpenGL4d\OpenGL2\ObjectLists.h(293,60): warning C4267: '+=': conversion from 'size_t' to 'int', possible loss of data
  (compiling source file 'Game.cpp')
  
C:\Users\86180\Documents\OpenGL4d_20240422_114830\OpenGL4d\OpenGL2\ObjectLists.h(316,60): warning C4267: '+=': conversion from 'size_t' to 'int', possible loss of data
  (compiling source file 'Game.cpp')
  
C:\Users\86180\Documents\OpenGL4d_20240422_114830\OpenGL4d\OpenGL2\body.h(42,33): warning C4244: 'argument': conversion from 'double' to 'const float', possible loss of data
  (compiling source file 'Game.cpp')
  
C:\Users\86180\Documents\OpenGL4d_20240422_114830\OpenGL4d\OpenGL2\Animation.h(248,22): warning C4018: '>=': signed/unsigned mismatch
  (compiling source file 'Game.cpp')
  
C:\Users\86180\Documents\OpenGL4d_20240422_114830\OpenGL4d\OpenGL2\Animation.h(255,24): warning C4018: '>=': signed/unsigned mismatch
  (compiling source file 'Game.cpp')
  
C:\Users\86180\Documents\OpenGL4d_20240422_114830\OpenGL4d\OpenGL2\Animation.h(259,24): warning C4018: '>=': signed/unsigned mismatch
  (compiling source file 'Game.cpp')
  
C:\Users\86180\Documents\OpenGL4d_20240422_114830\OpenGL4d\OpenGL2\LoadAndSave.h(146,21): warning C4018: '<': signed/unsigned mismatch
  (compiling source file 'Game.cpp')
  
C:\Users\86180\Documents\OpenGL4d_20240422_114830\OpenGL4d\OpenGL2\LoadAndSave.h(150,21): warning C4018: '<': signed/unsigned mismatch
  (compiling source file 'Game.cpp')
  
C:\Users\86180\Documents\OpenGL4d_20240422_114830\OpenGL4d\OpenGL2\LoadAndSave.h(358,23): warning C4018: '<': signed/unsigned mismatch
  (compiling source file 'Game.cpp')
  
C:\Users\86180\Documents\OpenGL4d_20240422_114830\OpenGL4d\OpenGL2\LoadAndSave.h(362,23): warning C4018: '<': signed/unsigned mismatch
  (compiling source file 'Game.cpp')
  
C:\Users\86180\Documents\OpenGL4d_20240422_114830\OpenGL4d\OpenGL2\gjk.h(160,27): warning C4018: '<': signed/unsigned mismatch
  (compiling source file 'Game.cpp')
  
C:\Users\86180\Documents\OpenGL4d_20240422_114830\OpenGL4d\OpenGL2\gjk.h(197,27): warning C4018: '<': signed/unsigned mismatch
  (compiling source file 'Game.cpp')
  
C:\Users\86180\Documents\OpenGL4d_20240422_114830\OpenGL4d\OpenGL2\gjk.h(275,27): warning C4018: '<': signed/unsigned mismatch
  (compiling source file 'Game.cpp')
  
C:\Users\86180\Documents\OpenGL4d_20240422_114830\OpenGL4d\OpenGL2\gjk.h(284,27): warning C4018: '<': signed/unsigned mismatch
  (compiling source file 'Game.cpp')
  
C:\Users\86180\Documents\OpenGL4d_20240422_114830\OpenGL4d\OpenGL2\gjk.h(382,27): warning C4018: '<': signed/unsigned mismatch
  (compiling source file 'Game.cpp')
  
C:\Users\86180\Documents\OpenGL4d_20240422_114830\OpenGL4d\OpenGL2\gjk.h(419,27): warning C4018: '<': signed/unsigned mismatch
  (compiling source file 'Game.cpp')
  
C:\Users\86180\Documents\OpenGL4d_20240422_114830\OpenGL4d\OpenGL2\gjk.h(463,27): warning C4018: '<': signed/unsigned mismatch
  (compiling source file 'Game.cpp')
  
C:\Users\86180\Documents\OpenGL4d_20240422_114830\OpenGL4d\OpenGL2\gjk.h(696,2): warning C4091: 'static ': ignored on left of 'Simplex' when no variable is declared
  (compiling source file 'Game.cpp')
  
C:\Users\86180\Documents\OpenGL4d_20240422_114830\OpenGL4d\OpenGL2\gjk.h(551,24): warning C4267: 'initializing': conversion from 'size_t' to 'int', possible loss of data
  (compiling source file 'Game.cpp')
  
C:\Users\86180\Documents\OpenGL4d_20240422_114830\OpenGL4d\OpenGL2\gjk.h(841,33): warning C4267: 'initializing': conversion from 'size_t' to 'unsigned int', possible loss of data
  (compiling source file 'Game.cpp')
  
C:\Users\86180\Documents\OpenGL4d_20240422_114830\OpenGL4d\OpenGL2\gjk.h(955,35): warning C4018: '<': signed/unsigned mismatch
  (compiling source file 'Game.cpp')
  
C:\Users\86180\Documents\OpenGL4d_20240422_114830\OpenGL4d\OpenGL2\gjk.h(1090,28): warning C4267: 'initializing': conversion from 'size_t' to 'unsigned int', possible loss of data
  (compiling source file 'Game.cpp')
  
C:\Users\86180\Documents\OpenGL4d_20240422_114830\OpenGL4d\OpenGL2\colliderPhy.h(12,2): warning C4091: 'static ': ignored on left of 'Collider' when no variable is declared
  (compiling source file 'Game.cpp')
  
C:\Users\86180\Documents\OpenGL4d_20240422_114830\OpenGL4d\OpenGL2\colliderPhy.h(19,2): warning C4091: 'static ': ignored on left of 'CollisionManifold' when no variable is declared
  (compiling source file 'Game.cpp')
  
C:\Users\86180\Documents\OpenGL4d_20240422_114830\OpenGL4d\OpenGL2\colliderPhy.h(38,2): warning C4091: 'static ': ignored on left of 'Collision' when no variable is declared
  (compiling source file 'Game.cpp')
  
C:\Users\86180\Documents\OpenGL4d_20240422_114830\OpenGL4d\OpenGL2\colliderPhy.h(47,2): warning C4091: 'static ': ignored on left of 'VertexCellContact' when no variable is declared
  (compiling source file 'Game.cpp')
  
C:\Users\86180\Documents\OpenGL4d_20240422_114830\OpenGL4d\OpenGL2\colliderPhy.h(58,2): warning C4091: 'static ': ignored on left of 'EdgeFaceContact' when no variable is declared
  (compiling source file 'Game.cpp')
  
C:\Users\86180\Documents\OpenGL4d_20240422_114830\OpenGL4d\OpenGL2\colliderPhy.h(64,2): warning C4091: 'static ': ignored on left of 'ContactData' when no variable is declared
  (compiling source file 'Game.cpp')
  
C:\Users\86180\Documents\OpenGL4d_20240422_114830\OpenGL4d\OpenGL2\colliderPhy.h(70,2): warning C4091: 'static ': ignored on left of 'ContactAxis' when no variable is declared
  (compiling source file 'Game.cpp')
  
C:\Users\86180\Documents\OpenGL4d_20240422_114830\OpenGL4d\OpenGL2\colliderPhy.h(78,2): warning C4091: 'static ': ignored on left of 'AxisResult' when no variable is declared
  (compiling source file 'Game.cpp')
  
C:\Users\86180\Documents\OpenGL4d_20240422_114830\OpenGL4d\OpenGL2\colliderPhy.h(416,27): warning C4018: '<': signed/unsigned mismatch
  (compiling source file 'Game.cpp')
  
C:\Users\86180\Documents\OpenGL4d_20240422_114830\OpenGL4d\OpenGL2\colliderPhy.h(632,47): warning C4267: '=': conversion from 'size_t' to 'unsigned int', possible loss of data
  (compiling source file 'Game.cpp')
  
C:\Users\86180\Documents\OpenGL4d_20240422_114830\OpenGL4d\OpenGL2\colliderPhy.h(620,23): warning C4101: 'detectPos4D0': unreferenced local variable
  (compiling source file 'Game.cpp')
  
C:\Users\86180\Documents\OpenGL4d_20240422_114830\OpenGL4d\OpenGL2\colliderPhy.h(959,95): warning C4244: '=': conversion from 'int' to 'float', possible loss of data
  (compiling source file 'Game.cpp')
  
C:\Users\86180\Documents\OpenGL4d_20240422_114830\OpenGL4d\OpenGL2\colliderPhy.h(960,95): warning C4244: '=': conversion from 'int' to 'float', possible loss of data
  (compiling source file 'Game.cpp')
  
C:\Users\86180\Documents\OpenGL4d_20240422_114830\OpenGL4d\OpenGL2\colliderPhy.h(1006,39): warning C4018: '<': signed/unsigned mismatch
  (compiling source file 'Game.cpp')
  
C:\Users\86180\Documents\OpenGL4d_20240422_114830\OpenGL4d\OpenGL2\colliderPhy.h(1031,39): warning C4018: '<': signed/unsigned mismatch
  (compiling source file 'Game.cpp')
  
C:\Users\86180\Documents\OpenGL4d_20240422_114830\OpenGL4d\OpenGL2\colliderPhy.h(1071,39): warning C4018: '<': signed/unsigned mismatch
  (compiling source file 'Game.cpp')
  
C:\Users\86180\Documents\OpenGL4d_20240422_114830\OpenGL4d\OpenGL2\colliderPhy.h(1118,39): warning C4018: '<': signed/unsigned mismatch
  (compiling source file 'Game.cpp')
  
C:\Users\86180\Documents\OpenGL4d_20240422_114830\OpenGL4d\OpenGL2\colliderPhy.h(1198,97): warning C4244: '=': conversion from 'int' to 'float', possible loss of data
  (compiling source file 'Game.cpp')
  
C:\Users\86180\Documents\OpenGL4d_20240422_114830\OpenGL4d\OpenGL2\colliderPhy.h(1199,97): warning C4244: '=': conversion from 'int' to 'float', possible loss of data
  (compiling source file 'Game.cpp')
  
C:\Users\86180\Documents\OpenGL4d_20240422_114830\OpenGL4d\OpenGL2\colliderPhy.h(1234,51): warning C4267: '=': conversion from 'size_t' to 'unsigned int', possible loss of data
  (compiling source file 'Game.cpp')
  
C:\Users\86180\Documents\OpenGL4d_20240422_114830\OpenGL4d\OpenGL2\colliderPhy.h(1318,35): warning C4018: '<': signed/unsigned mismatch
  (compiling source file 'Game.cpp')
  
C:\Users\86180\Documents\OpenGL4d_20240422_114830\OpenGL4d\OpenGL2\colliderPhy.h(1335,35): warning C4018: '<': signed/unsigned mismatch
  (compiling source file 'Game.cpp')
  
C:\Users\86180\Documents\OpenGL4d_20240422_114830\OpenGL4d\OpenGL2\colliderPhy.h(1352,35): warning C4018: '<': signed/unsigned mismatch
  (compiling source file 'Game.cpp')
  
C:\Users\86180\Documents\OpenGL4d_20240422_114830\OpenGL4d\OpenGL2\colliderPhy.h(1382,35): warning C4018: '<': signed/unsigned mismatch
  (compiling source file 'Game.cpp')
  
C:\Users\86180\Documents\OpenGL4d_20240422_114830\OpenGL4d\OpenGL2\colliderPhy.h(1412,35): warning C4018: '<': signed/unsigned mismatch
  (compiling source file 'Game.cpp')
  
C:\Users\86180\Documents\OpenGL4d_20240422_114830\OpenGL4d\OpenGL2\colliderPhy.h(1447,35): warning C4018: '<': signed/unsigned mismatch
  (compiling source file 'Game.cpp')
  
C:\Users\86180\Documents\OpenGL4d_20240422_114830\OpenGL4d\OpenGL2\colliderPhy.h(1482,35): warning C4018: '<': signed/unsigned mismatch
  (compiling source file 'Game.cpp')
  
C:\Users\86180\Documents\OpenGL4d_20240422_114830\OpenGL4d\OpenGL2\colliderPhy.h(1496,35): warning C4018: '<': signed/unsigned mismatch
  (compiling source file 'Game.cpp')
  
C:\Users\86180\Documents\OpenGL4d_20240422_114830\OpenGL4d\OpenGL2\colliderPhy.h(1577,93): warning C4244: '=': conversion from 'int' to 'float', possible loss of data
  (compiling source file 'Game.cpp')
  
C:\Users\86180\Documents\OpenGL4d_20240422_114830\OpenGL4d\OpenGL2\colliderPhy.h(1578,93): warning C4244: '=': conversion from 'int' to 'float', possible loss of data
  (compiling source file 'Game.cpp')
  
C:\Users\86180\Documents\OpenGL4d_20240422_114830\OpenGL4d\OpenGL2\colliderPhy.h(1797,31): warning C4018: '<': signed/unsigned mismatch
  (compiling source file 'Game.cpp')
  
C:\Users\86180\Documents\OpenGL4d_20240422_114830\OpenGL4d\OpenGL2\colliderPhy.h(1810,51): warning C4267: '=': conversion from 'size_t' to 'unsigned int', possible loss of data
  (compiling source file 'Game.cpp')
  
C:\Users\86180\Documents\OpenGL4d_20240422_114830\OpenGL4d\OpenGL2\colliderPhy.h(2132,51): warning C4267: '=': conversion from 'size_t' to 'unsigned int', possible loss of data
  (compiling source file 'Game.cpp')
  
C:\Users\86180\Documents\OpenGL4d_20240422_114830\OpenGL4d\OpenGL2\colliderPhy.h(2120,27): warning C4101: 'detectPos4D0': unreferenced local variable
  (compiling source file 'Game.cpp')
  
C:\Users\86180\Documents\OpenGL4d_20240422_114830\OpenGL4d\OpenGL2\colliderPhy.h(2356,27): warning C4018: '<': signed/unsigned mismatch
  (compiling source file 'Game.cpp')
  
C:\Users\86180\Documents\OpenGL4d_20240422_114830\OpenGL4d\OpenGL2\colliderPhy.h(2382,31): warning C4018: '<': signed/unsigned mismatch
  (compiling source file 'Game.cpp')
  
C:\Users\86180\Documents\OpenGL4d_20240422_114830\OpenGL4d\OpenGL2\collision.h(13,2): warning C4091: 'static ': ignored on left of 'ContactState' when no variable is declared
  (compiling source file 'Game.cpp')
  
C:\Users\86180\Documents\OpenGL4d_20240422_114830\OpenGL4d\OpenGL2\collision.h(21,2): warning C4091: 'static ': ignored on left of 'CollisionConstraint' when no variable is declared
  (compiling source file 'Game.cpp')
  
C:\Users\86180\Documents\OpenGL4d_20240422_114830\OpenGL4d\OpenGL2\collision.h(34,2): warning C4091: 'static ': ignored on left of 'Constraint' when no variable is declared
  (compiling source file 'Game.cpp')
  
C:\Users\86180\Documents\OpenGL4d_20240422_114830\OpenGL4d\OpenGL2\Phys4D.h(109,137): warning C4267: 'argument': conversion from 'size_t' to 'int', possible loss of data
  (compiling source file 'Game.cpp')
  
C:\Users\86180\Documents\OpenGL4d_20240422_114830\OpenGL4d\OpenGL2\Phys4D.h(111,44): warning C4267: '+=': conversion from 'size_t' to 'int', possible loss of data
  (compiling source file 'Game.cpp')
  
C:\Users\86180\Documents\OpenGL4d_20240422_114830\OpenGL4d\OpenGL2\Phys4D.h(118,119): warning C4267: 'argument': conversion from 'size_t' to 'int', possible loss of data
  (compiling source file 'Game.cpp')
  
C:\Users\86180\Documents\OpenGL4d_20240422_114830\OpenGL4d\OpenGL2\Phys4D.h(122,132): warning C4267: 'argument': conversion from 'size_t' to 'int', possible loss of data
  (compiling source file 'Game.cpp')
  
C:\Users\86180\Documents\OpenGL4d_20240422_114830\OpenGL4d\OpenGL2\Phys4D.h(188,121): warning C4267: 'argument': conversion from 'size_t' to 'int', possible loss of data
  (compiling source file 'Game.cpp')
  
C:\Users\86180\Documents\OpenGL4d_20240422_114830\OpenGL4d\OpenGL2\Phys4D.h(223,92): warning C4267: 'argument': conversion from 'size_t' to 'int', possible loss of data
  (compiling source file 'Game.cpp')
  
C:\Users\86180\Documents\OpenGL4d_20240422_114830\OpenGL4d\OpenGL2\Phys4D.h(236,67): warning C4267: 'argument': conversion from 'size_t' to 'unsigned int', possible loss of data
  (compiling source file 'Game.cpp')
  
C:\Users\86180\Documents\OpenGL4d_20240422_114830\OpenGL4d\OpenGL2\Phys4D.h(241,69): warning C4267: 'argument': conversion from 'size_t' to 'unsigned int', possible loss of data
  (compiling source file 'Game.cpp')
  
C:\Users\86180\Documents\OpenGL4d_20240422_114830\OpenGL4d\OpenGL2\Phys4D.h(314,71): warning C4267: 'argument': conversion from 'size_t' to 'int', possible loss of data
  (compiling source file 'Game.cpp')
  
C:\Users\86180\Documents\OpenGL4d_20240422_114830\OpenGL4d\OpenGL2\Phys4D.h(331,71): warning C4267: 'argument': conversion from 'size_t' to 'int', possible loss of data
  (compiling source file 'Game.cpp')
  
C:\Users\86180\Documents\OpenGL4d_20240422_114830\OpenGL4d\OpenGL2\Phys4D.h(383,71): warning C4267: 'argument': conversion from 'size_t' to 'int', possible loss of data
  (compiling source file 'Game.cpp')
  
C:\Users\86180\Documents\OpenGL4d_20240422_114830\OpenGL4d\OpenGL2\Phys4D.h(398,70): warning C4267: 'argument': conversion from 'size_t' to 'int', possible loss of data
  (compiling source file 'Game.cpp')
  
C:\Users\86180\Documents\OpenGL4d_20240422_114830\OpenGL4d\OpenGL2\Phys4D.h(531,86): warning C4267: 'argument': conversion from 'size_t' to 'int', possible loss of data
  (compiling source file 'Game.cpp')
  
C:\Users\86180\Documents\OpenGL4d_20240422_114830\OpenGL4d\OpenGL2\Phys4D.h(544,151): warning C4267: 'argument': conversion from 'size_t' to 'int', possible loss of data
  (compiling source file 'Game.cpp')
  
C:\Users\86180\Documents\OpenGL4d_20240422_114830\OpenGL4d\OpenGL2\Phys4D.h(551,87): warning C4267: 'argument': conversion from 'size_t' to 'int', possible loss of data
  (compiling source file 'Game.cpp')
  
C:\Users\86180\Documents\OpenGL4d_20240422_114830\OpenGL4d\OpenGL2\Phys4D.h(555,87): warning C4267: 'argument': conversion from 'size_t' to 'int', possible loss of data
  (compiling source file 'Game.cpp')
  
C:\Users\86180\Documents\OpenGL4d_20240422_114830\OpenGL4d\OpenGL2\Phys4D.h(555,195): warning C4267: 'argument': conversion from 'size_t' to 'int', possible loss of data
  (compiling source file 'Game.cpp')
  
C:\Users\86180\Documents\OpenGL4d_20240422_114830\OpenGL4d\OpenGL2\Phys4D.h(576,89): warning C4267: 'argument': conversion from 'size_t' to 'int', possible loss of data
  (compiling source file 'Game.cpp')
  
C:\Users\86180\Documents\OpenGL4d_20240422_114830\OpenGL4d\OpenGL2\Phys4D.h(589,156): warning C4267: 'argument': conversion from 'size_t' to 'int', possible loss of data
  (compiling source file 'Game.cpp')
  
C:\Users\86180\Documents\OpenGL4d_20240422_114830\OpenGL4d\OpenGL2\Phys4D.h(596,91): warning C4267: 'argument': conversion from 'size_t' to 'int', possible loss of data
  (compiling source file 'Game.cpp')
  
C:\Users\86180\Documents\OpenGL4d_20240422_114830\OpenGL4d\OpenGL2\Phys4D.h(600,91): warning C4267: 'argument': conversion from 'size_t' to 'int', possible loss of data
  (compiling source file 'Game.cpp')
  
C:\Users\86180\Documents\OpenGL4d_20240422_114830\OpenGL4d\OpenGL2\Phys4D.h(600,201): warning C4267: 'argument': conversion from 'size_t' to 'int', possible loss of data
  (compiling source file 'Game.cpp')
  
C:\Users\86180\Documents\OpenGL4d_20240422_114830\OpenGL4d\OpenGL2\DetectRay.h(24,25): warning C4267: '=': conversion from 'size_t' to 'int', possible loss of data
  (compiling source file 'Game.cpp')
  
C:\Users\86180\Documents\OpenGL4d_20240422_114830\OpenGL4d\OpenGL2\DetectRay.h(30,15): warning C4244: '=': conversion from 'double' to 'float', possible loss of data
  (compiling source file 'Game.cpp')
  
C:\Users\86180\Documents\OpenGL4d_20240422_114830\OpenGL4d\OpenGL2\DetectRay.h(31,15): warning C4244: '=': conversion from 'double' to 'float', possible loss of data
  (compiling source file 'Game.cpp')
  
C:\Users\86180\Documents\OpenGL4d_20240422_114830\OpenGL4d\OpenGL2\DetectRay.h(193,22): warning C4018: '<': signed/unsigned mismatch
  (compiling source file 'Game.cpp')
  
C:\Users\86180\Documents\OpenGL4d_20240422_114830\OpenGL4d\OpenGL2\DetectRay.h(321,18): warning C4267: '=': conversion from 'size_t' to 'int', possible loss of data
  (compiling source file 'Game.cpp')
  
C:\Users\86180\Documents\OpenGL4d_20240422_114830\OpenGL4d\OpenGL2\DetectRay.h(327,18): warning C4267: '=': conversion from 'size_t' to 'int', possible loss of data
  (compiling source file 'Game.cpp')
  
C:\Users\86180\Documents\OpenGL4d_20240422_114830\OpenGL4d\OpenGL2\DetectRay.h(346,20): warning C4267: '=': conversion from 'size_t' to 'int', possible loss of data
  (compiling source file 'Game.cpp')
  
C:\Users\86180\Documents\OpenGL4d_20240422_114830\OpenGL4d\OpenGL2\DetectRay.h(352,20): warning C4267: '=': conversion from 'size_t' to 'int', possible loss of data
  (compiling source file 'Game.cpp')
  
C:\Users\86180\Documents\OpenGL4d_20240422_114830\OpenGL4d\OpenGL2\DetectRay.h(362,42): warning C4267: 'argument': conversion from 'size_t' to 'int', possible loss of data
  (compiling source file 'Game.cpp')
  
C:\Users\86180\Documents\OpenGL4d_20240422_114830\OpenGL4d\OpenGL2\DetectRay.h(364,31): warning C4267: 'argument': conversion from 'size_t' to 'int', possible loss of data
  (compiling source file 'Game.cpp')
  
C:\Users\86180\Documents\OpenGL4d_20240422_114830\OpenGL4d\OpenGL2\DetectRay.h(366,53): warning C4267: 'argument': conversion from 'size_t' to 'int', possible loss of data
  (compiling source file 'Game.cpp')
  
C:\Users\86180\Documents\OpenGL4d_20240422_114830\OpenGL4d\OpenGL2\DetectRay.h(367,53): warning C4267: 'argument': conversion from 'size_t' to 'int', possible loss of data
  (compiling source file 'Game.cpp')
  
C:\Users\86180\Documents\OpenGL4d_20240422_114830\OpenGL4d\OpenGL2\DetectRay.h(368,65): warning C4267: 'argument': conversion from 'size_t' to 'int', possible loss of data
  (compiling source file 'Game.cpp')
  
C:\Users\86180\Documents\OpenGL4d_20240422_114830\OpenGL4d\OpenGL2\DetectRay.h(372,59): warning C4267: 'argument': conversion from 'size_t' to 'int', possible loss of data
  (compiling source file 'Game.cpp')
  
C:\Users\86180\Documents\OpenGL4d_20240422_114830\OpenGL4d\OpenGL2\DetectRay.h(377,23): warning C4267: '=': conversion from 'size_t' to 'int', possible loss of data
  (compiling source file 'Game.cpp')
  
C:\Users\86180\Documents\OpenGL4d_20240422_114830\OpenGL4d\OpenGL2\DetectRay.h(383,23): warning C4267: '=': conversion from 'size_t' to 'int', possible loss of data
  (compiling source file 'Game.cpp')
  
C:\Users\86180\Documents\OpenGL4d_20240422_114830\OpenGL4d\OpenGL2\DetectRay.h(404,21): warning C4267: '=': conversion from 'size_t' to 'int', possible loss of data
  (compiling source file 'Game.cpp')
  
C:\Users\86180\Documents\OpenGL4d_20240422_114830\OpenGL4d\OpenGL2\DetectRay.h(410,21): warning C4267: '=': conversion from 'size_t' to 'int', possible loss of data
  (compiling source file 'Game.cpp')
  
C:\Users\86180\Documents\OpenGL4d_20240422_114830\OpenGL4d\OpenGL2\DetectRay.h(429,21): warning C4267: '=': conversion from 'size_t' to 'int', possible loss of data
  (compiling source file 'Game.cpp')
  
C:\Users\86180\Documents\OpenGL4d_20240422_114830\OpenGL4d\OpenGL2\DetectRay.h(435,21): warning C4267: '=': conversion from 'size_t' to 'int', possible loss of data
  (compiling source file 'Game.cpp')
  
C:\Users\86180\Documents\OpenGL4d_20240422_114830\OpenGL4d\OpenGL2\DetectRay.h(446,46): warning C4267: 'argument': conversion from 'size_t' to 'int', possible loss of data
  (compiling source file 'Game.cpp')
  
C:\Users\86180\Documents\OpenGL4d_20240422_114830\OpenGL4d\OpenGL2\DetectRay.h(448,61): warning C4267: 'argument': conversion from 'size_t' to 'int', possible loss of data
  (compiling source file 'Game.cpp')
  
C:\Users\86180\Documents\OpenGL4d_20240422_114830\OpenGL4d\OpenGL2\DetectRay.h(453,22): warning C4267: '=': conversion from 'size_t' to 'int', possible loss of data
  (compiling source file 'Game.cpp')
  
C:\Users\86180\Documents\OpenGL4d_20240422_114830\OpenGL4d\OpenGL2\DetectRay.h(459,22): warning C4267: '=': conversion from 'size_t' to 'int', possible loss of data
  (compiling source file 'Game.cpp')
  
C:\Users\86180\Documents\OpenGL4d_20240422_114830\OpenGL4d\OpenGL2\Game_imgui.h(201,61): warning C4267: 'argument': conversion from 'size_t' to 'unsigned int', possible loss of data
  (compiling source file 'Game.cpp')
  
C:\Users\86180\Documents\OpenGL4d_20240422_114830\OpenGL4d\OpenGL2\Game_imgui.h(202,63): warning C4267: 'argument': conversion from 'size_t' to 'unsigned int', possible loss of data
  (compiling source file 'Game.cpp')
  
C:\Users\86180\Documents\OpenGL4d_20240422_114830\OpenGL4d\OpenGL2\Game_imgui.h(209,63): warning C4267: 'argument': conversion from 'size_t' to 'unsigned int', possible loss of data
  (compiling source file 'Game.cpp')
  
C:\Users\86180\Documents\OpenGL4d_20240422_114830\OpenGL4d\OpenGL2\Game_imgui.h(1556,40): warning C4267: '+=': conversion from 'size_t' to 'int', possible loss of data
  (compiling source file 'Game.cpp')
  
C:\Users\86180\Documents\OpenGL4d_20240422_114830\OpenGL4d\OpenGL2\Game_imgui.h(1598,107): warning C4267: 'argument': conversion from 'size_t' to 'unsigned int', possible loss of data
  (compiling source file 'Game.cpp')
  
C:\Users\86180\Documents\OpenGL4d_20240422_114830\OpenGL4d\OpenGL2\Game_imgui.h(1601,73): warning C4267: 'argument': conversion from 'size_t' to 'unsigned int', possible loss of data
  (compiling source file 'Game.cpp')
  
C:\Users\86180\Documents\OpenGL4d_20240422_114830\OpenGL4d\OpenGL2\Game_imgui.h(1604,76): warning C4267: 'argument': conversion from 'size_t' to 'unsigned int', possible loss of data
  (compiling source file 'Game.cpp')
  
C:\Users\86180\Documents\OpenGL4d_20240422_114830\OpenGL4d\OpenGL2\Game_imgui.h(1605,73): warning C4267: 'argument': conversion from 'size_t' to 'unsigned int', possible loss of data
  (compiling source file 'Game.cpp')
  
C:\Users\86180\Documents\OpenGL4d_20240422_114830\OpenGL4d\OpenGL2\Game_imgui.h(1606,80): warning C4267: 'argument': conversion from 'size_t' to 'unsigned int', possible loss of data
  (compiling source file 'Game.cpp')
  
C:\Users\86180\Documents\OpenGL4d_20240422_114830\OpenGL4d\OpenGL2\Game_imgui.h(1607,77): warning C4267: 'argument': conversion from 'size_t' to 'unsigned int', possible loss of data
  (compiling source file 'Game.cpp')
  
C:\Users\86180\Documents\OpenGL4d_20240422_114830\OpenGL4d\OpenGL2\Game_imgui.h(1608,97): warning C4267: 'argument': conversion from 'size_t' to 'int', possible loss of data
  (compiling source file 'Game.cpp')
  
C:\Users\86180\Documents\OpenGL4d_20240422_114830\OpenGL4d\OpenGL2\Game_imgui.h(1609,47): warning C4267: 'argument': conversion from 'size_t' to 'int', possible loss of data
  (compiling source file 'Game.cpp')
  
C:\Users\86180\Documents\OpenGL4d_20240422_114830\OpenGL4d\OpenGL2\Game_imgui.h(1610,67): warning C4267: 'argument': conversion from 'size_t' to 'unsigned int', possible loss of data
  (compiling source file 'Game.cpp')
  
C:\Users\86180\Documents\OpenGL4d_20240422_114830\OpenGL4d\OpenGL2\Game_imgui.h(1617,74): warning C4267: 'argument': conversion from 'size_t' to 'int', possible loss of data
  (compiling source file 'Game.cpp')
  
C:\Users\86180\Documents\OpenGL4d_20240422_114830\OpenGL4d\OpenGL2\Game_imgui.h(1620,34): warning C4267: 'argument': conversion from 'size_t' to 'int', possible loss of data
  (compiling source file 'Game.cpp')
  
C:\Users\86180\Documents\OpenGL4d_20240422_114830\OpenGL4d\OpenGL2\Game_imgui.h(1623,138): warning C4267: 'argument': conversion from 'size_t' to 'unsigned int', possible loss of data
  (compiling source file 'Game.cpp')
  
C:\Users\86180\Documents\OpenGL4d_20240422_114830\OpenGL4d\OpenGL2\Game_imgui.h(1624,135): warning C4267: 'argument': conversion from 'size_t' to 'unsigned int', possible loss of data
  (compiling source file 'Game.cpp')
  
C:\Users\86180\Documents\OpenGL4d_20240422_114830\OpenGL4d\OpenGL2\Game_imgui.h(1625,32): warning C4267: 'argument': conversion from 'size_t' to 'int', possible loss of data
  (compiling source file 'Game.cpp')
  
C:\Users\86180\Documents\OpenGL4d_20240422_114830\OpenGL4d\OpenGL2\Game_imgui.h(1637,152): warning C4267: 'argument': conversion from 'size_t' to 'unsigned int', possible loss of data
  (compiling source file 'Game.cpp')
  
C:\Users\86180\Documents\OpenGL4d_20240422_114830\OpenGL4d\OpenGL2\Game_imgui.h(1638,149): warning C4267: 'argument': conversion from 'size_t' to 'unsigned int', possible loss of data
  (compiling source file 'Game.cpp')
  
C:\Users\86180\Documents\OpenGL4d_20240422_114830\OpenGL4d\OpenGL2\Game_imgui.h(1649,166): warning C4267: 'argument': conversion from 'size_t' to 'unsigned int', possible loss of data
  (compiling source file 'Game.cpp')
  
C:\Users\86180\Documents\OpenGL4d_20240422_114830\OpenGL4d\OpenGL2\Game_imgui.h(1650,163): warning C4267: 'argument': conversion from 'size_t' to 'unsigned int', possible loss of data
  (compiling source file 'Game.cpp')
  
C:\Users\86180\Documents\OpenGL4d_20240422_114830\OpenGL4d\OpenGL2\Structures4D.h(173,31): warning C4305: 'initializing': truncation from 'double' to 'float'
  (compiling source file 'Game.cpp')
  
C:\Users\86180\Documents\OpenGL4d_20240422_114830\OpenGL4d\OpenGL2\Structures4D.h(456,127): warning C4244: 'argument': conversion from 'int' to 'T', possible loss of data
C:\Users\86180\Documents\OpenGL4d_20240422_114830\OpenGL4d\OpenGL2\Structures4D.h(456,127): warning C4244:         with
C:\Users\86180\Documents\OpenGL4d_20240422_114830\OpenGL4d\OpenGL2\Structures4D.h(456,127): warning C4244:         [
C:\Users\86180\Documents\OpenGL4d_20240422_114830\OpenGL4d\OpenGL2\Structures4D.h(456,127): warning C4244:             T=float
C:\Users\86180\Documents\OpenGL4d_20240422_114830\OpenGL4d\OpenGL2\Structures4D.h(456,127): warning C4244:         ]
  (compiling source file 'Game.cpp')
  
C:\Users\86180\Documents\OpenGL4d_20240422_114830\OpenGL4d\OpenGL2\StartObj.h(72,182): warning C4267: 'argument': conversion from 'size_t' to 'int', possible loss of data
  (compiling source file 'Game.cpp')
  
C:\Users\86180\Documents\OpenGL4d_20240422_114830\OpenGL4d\OpenGL2\StartObj.h(73,181): warning C4267: 'argument': conversion from 'size_t' to 'int', possible loss of data
  (compiling source file 'Game.cpp')
  
C:\Users\86180\Documents\OpenGL4d_20240422_114830\OpenGL4d\OpenGL2\StartObj.h(74,180): warning C4267: 'argument': conversion from 'size_t' to 'int', possible loss of data
  (compiling source file 'Game.cpp')
  
C:\Users\86180\Documents\OpenGL4d_20240422_114830\OpenGL4d\OpenGL2\StartObj.h(75,179): warning C4267: 'argument': conversion from 'size_t' to 'int', possible loss of data
  (compiling source file 'Game.cpp')
  
C:\Users\86180\Documents\OpenGL4d_20240422_114830\OpenGL4d\OpenGL2\Collider.h(56,63): warning C4267: 'argument': conversion from 'size_t' to 'unsigned int', possible loss of data
  (compiling source file 'Game.cpp')
  
C:\Users\86180\Documents\OpenGL4d_20240422_114830\OpenGL4d\OpenGL2\Collider.h(60,75): warning C4267: 'argument': conversion from 'size_t' to 'unsigned int', possible loss of data
  (compiling source file 'Game.cpp')
  
C:\Users\86180\Documents\OpenGL4d_20240422_114830\OpenGL4d\OpenGL2\Collider.h(60,147): warning C4267: 'argument': conversion from 'size_t' to 'unsigned int', possible loss of data
  (compiling source file 'Game.cpp')
  
C:\Users\86180\Documents\OpenGL4d_20240422_114830\OpenGL4d\OpenGL2\Collider.h(62,89): warning C4267: 'argument': conversion from 'size_t' to 'unsigned int', possible loss of data
  (compiling source file 'Game.cpp')
  
C:\Users\86180\Documents\OpenGL4d_20240422_114830\OpenGL4d\OpenGL2\Collider.h(62,161): warning C4267: 'argument': conversion from 'size_t' to 'unsigned int', possible loss of data
  (compiling source file 'Game.cpp')
  
C:\Users\86180\Documents\OpenGL4d_20240422_114830\OpenGL4d\OpenGL2\Collider.h(63,65): warning C4267: 'argument': conversion from 'size_t' to 'unsigned int', possible loss of data
  (compiling source file 'Game.cpp')
  
C:\Users\86180\Documents\OpenGL4d_20240422_114830\OpenGL4d\OpenGL2\Collider.h(63,189): warning C4267: 'argument': conversion from 'size_t' to 'unsigned int', possible loss of data
  (compiling source file 'Game.cpp')
  
C:\Users\86180\Documents\OpenGL4d_20240422_114830\OpenGL4d\OpenGL2\Collider.h(63,261): warning C4267: 'argument': conversion from 'size_t' to 'unsigned int', possible loss of data
  (compiling source file 'Game.cpp')
  
C:\Users\86180\Documents\OpenGL4d_20240422_114830\OpenGL4d\OpenGL2\Collider.h(70,73): warning C4267: 'argument': conversion from 'size_t' to 'unsigned int', possible loss of data
  (compiling source file 'Game.cpp')
  
C:\Users\86180\Documents\OpenGL4d_20240422_114830\OpenGL4d\OpenGL2\Collider.h(70,145): warning C4267: 'argument': conversion from 'size_t' to 'unsigned int', possible loss of data
  (compiling source file 'Game.cpp')
  
C:\Users\86180\Documents\OpenGL4d_20240422_114830\OpenGL4d\OpenGL2\Collider.h(72,63): warning C4267: 'argument': conversion from 'size_t' to 'unsigned int', possible loss of data
  (compiling source file 'Game.cpp')
  
C:\Users\86180\Documents\OpenGL4d_20240422_114830\OpenGL4d\OpenGL2\Collider.h(76,24): warning C4267: 'initializing': conversion from 'size_t' to 'unsigned int', possible loss of data
  (compiling source file 'Game.cpp')
  
C:\Users\86180\Documents\OpenGL4d_20240422_114830\OpenGL4d\OpenGL2\Collider.h(82,119): warning C4267: 'argument': conversion from 'size_t' to 'unsigned int', possible loss of data
  (compiling source file 'Game.cpp')
  
C:\Users\86180\Documents\OpenGL4d_20240422_114830\OpenGL4d\OpenGL2\Collider.h(84,80): warning C4267: 'argument': conversion from 'size_t' to 'unsigned int', possible loss of data
  (compiling source file 'Game.cpp')
  
C:\Users\86180\Documents\OpenGL4d_20240422_114830\OpenGL4d\OpenGL2\Collider.h(85,77): warning C4267: 'argument': conversion from 'size_t' to 'unsigned int', possible loss of data
  (compiling source file 'Game.cpp')
  
C:\Users\86180\Documents\OpenGL4d_20240422_114830\OpenGL4d\OpenGL2\Collider.h(86,83): warning C4267: 'argument': conversion from 'size_t' to 'unsigned int', possible loss of data
  (compiling source file 'Game.cpp')
  
C:\Users\86180\Documents\OpenGL4d_20240422_114830\OpenGL4d\OpenGL2\Collider.h(87,81): warning C4267: 'argument': conversion from 'size_t' to 'unsigned int', possible loss of data
  (compiling source file 'Game.cpp')
  
C:\Users\86180\Documents\OpenGL4d_20240422_114830\OpenGL4d\OpenGL2\Collider.h(88,101): warning C4267: 'argument': conversion from 'size_t' to 'int', possible loss of data
  (compiling source file 'Game.cpp')
  
C:\Users\86180\Documents\OpenGL4d_20240422_114830\OpenGL4d\OpenGL2\Collider.h(89,51): warning C4267: 'argument': conversion from 'size_t' to 'int', possible loss of data
  (compiling source file 'Game.cpp')
  
C:\Users\86180\Documents\OpenGL4d_20240422_114830\OpenGL4d\OpenGL2\Collider.h(95,24): warning C4267: 'initializing': conversion from 'size_t' to 'unsigned int', possible loss of data
  (compiling source file 'Game.cpp')
  
C:\Users\86180\Documents\OpenGL4d_20240422_114830\OpenGL4d\OpenGL2\Collider.h(101,125): warning C4267: 'argument': conversion from 'size_t' to 'unsigned int', possible loss of data
  (compiling source file 'Game.cpp')
  
C:\Users\86180\Documents\OpenGL4d_20240422_114830\OpenGL4d\OpenGL2\Collider.h(103,92): warning C4267: 'argument': conversion from 'size_t' to 'unsigned int', possible loss of data
  (compiling source file 'Game.cpp')
  
C:\Users\86180\Documents\OpenGL4d_20240422_114830\OpenGL4d\OpenGL2\Collider.h(104,90): warning C4267: 'argument': conversion from 'size_t' to 'unsigned int', possible loss of data
  (compiling source file 'Game.cpp')
  
C:\Users\86180\Documents\OpenGL4d_20240422_114830\OpenGL4d\OpenGL2\Collider.h(110,103): warning C4267: 'argument': conversion from 'size_t' to 'unsigned int', possible loss of data
  (compiling source file 'Game.cpp')
  
C:\Users\86180\Documents\OpenGL4d_20240422_114830\OpenGL4d\OpenGL2\Collider.h(113,151): warning C4267: 'argument': conversion from 'size_t' to 'unsigned int', possible loss of data
  (compiling source file 'Game.cpp')
  
C:\Users\86180\Documents\OpenGL4d_20240422_114830\OpenGL4d\OpenGL2\Collider.h(114,149): warning C4267: 'argument': conversion from 'size_t' to 'unsigned int', possible loss of data
  (compiling source file 'Game.cpp')
  
C:\Users\86180\Documents\OpenGL4d_20240422_114830\OpenGL4d\OpenGL2\Collider.h(118,107): warning C4267: 'argument': conversion from 'size_t' to 'unsigned int', possible loss of data
  (compiling source file 'Game.cpp')
  
C:\Users\86180\Documents\OpenGL4d_20240422_114830\OpenGL4d\OpenGL2\Collider.h(119,104): warning C4267: 'argument': conversion from 'size_t' to 'unsigned int', possible loss of data
  (compiling source file 'Game.cpp')
  
C:\Users\86180\Documents\OpenGL4d_20240422_114830\OpenGL4d\OpenGL2\Collider.h(120,110): warning C4267: 'argument': conversion from 'size_t' to 'unsigned int', possible loss of data
  (compiling source file 'Game.cpp')
  
C:\Users\86180\Documents\OpenGL4d_20240422_114830\OpenGL4d\OpenGL2\Collider.h(121,108): warning C4267: 'argument': conversion from 'size_t' to 'unsigned int', possible loss of data
  (compiling source file 'Game.cpp')
  
C:\Users\86180\Documents\OpenGL4d_20240422_114830\OpenGL4d\OpenGL2\Collider.h(122,128): warning C4267: 'argument': conversion from 'size_t' to 'int', possible loss of data
  (compiling source file 'Game.cpp')
  
C:\Users\86180\Documents\OpenGL4d_20240422_114830\OpenGL4d\OpenGL2\Collider.h(123,78): warning C4267: 'argument': conversion from 'size_t' to 'int', possible loss of data
  (compiling source file 'Game.cpp')
  
C:\Users\86180\Documents\OpenGL4d_20240422_114830\OpenGL4d\OpenGL2\Collider.h(125,122): warning C4267: 'argument': conversion from 'size_t' to 'unsigned int', possible loss of data
  (compiling source file 'Game.cpp')
  
C:\Users\86180\Documents\OpenGL4d_20240422_114830\OpenGL4d\OpenGL2\Collider.h(126,63): warning C4267: 'argument': conversion from 'size_t' to 'unsigned int', possible loss of data
  (compiling source file 'Game.cpp')
  
C:\Users\86180\Documents\OpenGL4d_20240422_114830\OpenGL4d\OpenGL2\Collider.h(155,25): warning C4018: '<': signed/unsigned mismatch
  (compiling source file 'Game.cpp')
  
C:\Users\86180\Documents\OpenGL4d_20240422_114830\OpenGL4d\OpenGL2\Collider.h(166,199): warning C4244: 'argument': conversion from 'int' to 'T', possible loss of data
C:\Users\86180\Documents\OpenGL4d_20240422_114830\OpenGL4d\OpenGL2\Collider.h(166,199): warning C4244:         with
C:\Users\86180\Documents\OpenGL4d_20240422_114830\OpenGL4d\OpenGL2\Collider.h(166,199): warning C4244:         [
C:\Users\86180\Documents\OpenGL4d_20240422_114830\OpenGL4d\OpenGL2\Collider.h(166,199): warning C4244:             T=float
C:\Users\86180\Documents\OpenGL4d_20240422_114830\OpenGL4d\OpenGL2\Collider.h(166,199): warning C4244:         ]
  (compiling source file 'Game.cpp')
  
C:\Users\86180\Documents\OpenGL4d_20240422_114830\OpenGL4d\OpenGL2\Collider.h(171,199): warning C4244: 'argument': conversion from 'int' to 'T', possible loss of data
C:\Users\86180\Documents\OpenGL4d_20240422_114830\OpenGL4d\OpenGL2\Collider.h(171,199): warning C4244:         with
C:\Users\86180\Documents\OpenGL4d_20240422_114830\OpenGL4d\OpenGL2\Collider.h(171,199): warning C4244:         [
C:\Users\86180\Documents\OpenGL4d_20240422_114830\OpenGL4d\OpenGL2\Collider.h(171,199): warning C4244:             T=float
C:\Users\86180\Documents\OpenGL4d_20240422_114830\OpenGL4d\OpenGL2\Collider.h(171,199): warning C4244:         ]
  (compiling source file 'Game.cpp')
  
C:\Users\86180\Documents\OpenGL4d_20240422_114830\OpenGL4d\OpenGL2\Collider.h(226,25): warning C4018: '<': signed/unsigned mismatch
  (compiling source file 'Game.cpp')
  
C:\Users\86180\Documents\OpenGL4d_20240422_114830\OpenGL4d\OpenGL2\Keyboard.h(201,66): warning C4267: 'argument': conversion from 'size_t' to 'int', possible loss of data
  (compiling source file 'Game.cpp')
  
C:\Users\86180\Documents\OpenGL4d_20240422_114830\OpenGL4d\OpenGL2\Keyboard.h(205,65): warning C4267: 'argument': conversion from 'size_t' to 'int', possible loss of data
  (compiling source file 'Game.cpp')
  
C:\Users\86180\Documents\OpenGL4d_20240422_114830\OpenGL4d\OpenGL2\Keyboard.h(398,40): warning C4244: 'argument': conversion from 'int' to 'GLfloat', possible loss of data
  (compiling source file 'Game.cpp')
  
C:\Users\86180\Documents\OpenGL4d_20240422_114830\OpenGL4d\OpenGL2\Keyboard.h(443,133): warning C4267: 'argument': conversion from 'size_t' to 'unsigned int', possible loss of data
  (compiling source file 'Game.cpp')
  
C:\Users\86180\Documents\OpenGL4d_20240422_114830\OpenGL4d\OpenGL2\Keyboard.h(444,137): warning C4267: 'argument': conversion from 'size_t' to 'unsigned int', possible loss of data
  (compiling source file 'Game.cpp')
  
C:\Users\86180\Documents\OpenGL4d_20240422_114830\OpenGL4d\OpenGL2\Keyboard.h(467,98): warning C4267: 'argument': conversion from 'size_t' to 'unsigned int', possible loss of data
  (compiling source file 'Game.cpp')
  
C:\Users\86180\Documents\OpenGL4d_20240422_114830\OpenGL4d\OpenGL2\Keyboard.h(468,102): warning C4267: 'argument': conversion from 'size_t' to 'unsigned int', possible loss of data
  (compiling source file 'Game.cpp')
  
C:\Users\86180\Documents\OpenGL4d_20240422_114830\OpenGL4d\OpenGL2\Keyboard.h(487,128): warning C4267: 'argument': conversion from 'size_t' to 'int', possible loss of data
  (compiling source file 'Game.cpp')
  
C:\Users\86180\Documents\OpenGL4d_20240422_114830\OpenGL4d\OpenGL2\Keyboard.h(493,133): warning C4267: 'argument': conversion from 'size_t' to 'unsigned int', possible loss of data
  (compiling source file 'Game.cpp')
  
C:\Users\86180\Documents\OpenGL4d_20240422_114830\OpenGL4d\OpenGL2\Keyboard.h(494,137): warning C4267: 'argument': conversion from 'size_t' to 'unsigned int', possible loss of data
  (compiling source file 'Game.cpp')
  
C:\Users\86180\Documents\OpenGL4d_20240422_114830\OpenGL4d\OpenGL2\Keyboard.h(500,98): warning C4267: 'argument': conversion from 'size_t' to 'unsigned int', possible loss of data
  (compiling source file 'Game.cpp')
  
C:\Users\86180\Documents\OpenGL4d_20240422_114830\OpenGL4d\OpenGL2\Keyboard.h(501,102): warning C4267: 'argument': conversion from 'size_t' to 'unsigned int', possible loss of data
  (compiling source file 'Game.cpp')
  
C:\Users\86180\Documents\OpenGL4d_20240422_114830\OpenGL4d\OpenGL2\Keyboard.h(508,92): warning C4267: 'argument': conversion from 'size_t' to 'unsigned int', possible loss of data
  (compiling source file 'Game.cpp')
  
C:\Users\86180\Documents\OpenGL4d_20240422_114830\OpenGL4d\OpenGL2\Keyboard.h(509,96): warning C4267: 'argument': conversion from 'size_t' to 'unsigned int', possible loss of data
  (compiling source file 'Game.cpp')
  
C:\Users\86180\Documents\OpenGL4d_20240422_114830\OpenGL4d\OpenGL2\Keyboard.h(514,92): warning C4267: 'argument': conversion from 'size_t' to 'unsigned int', possible loss of data
  (compiling source file 'Game.cpp')
  
C:\Users\86180\Documents\OpenGL4d_20240422_114830\OpenGL4d\OpenGL2\Keyboard.h(515,96): warning C4267: 'argument': conversion from 'size_t' to 'unsigned int', possible loss of data
  (compiling source file 'Game.cpp')
  
C:\Users\86180\Documents\OpenGL4d_20240422_114830\OpenGL4d\OpenGL2\Keyboard.h(536,17): warning C4267: 'initializing': conversion from 'size_t' to 'int', possible loss of data
  (compiling source file 'Game.cpp')
  
C:\Users\86180\Documents\OpenGL4d_20240422_114830\OpenGL4d\OpenGL2\Keyboard.h(571,17): warning C4267: 'initializing': conversion from 'size_t' to 'int', possible loss of data
  (compiling source file 'Game.cpp')
  
C:\Users\86180\Documents\OpenGL4d_20240422_114830\OpenGL4d\OpenGL2\Keyboard.h(650,52): warning C4267: 'argument': conversion from 'size_t' to 'int', possible loss of data
  (compiling source file 'Game.cpp')
  
C:\Users\86180\Documents\OpenGL4d_20240422_114830\OpenGL4d\OpenGL2\Keyboard.h(654,50): warning C4267: 'argument': conversion from 'size_t' to 'int', possible loss of data
  (compiling source file 'Game.cpp')
  
C:\Users\86180\Documents\OpenGL4d_20240422_114830\OpenGL4d\OpenGL2\Keyboard.h(232,31): warning C4390: ';': empty controlled statement found; is this the intent?
  (compiling source file 'Game.cpp')
  
  main.cpp
C:\Users\86180\Documents\OpenGL4d_20240422_114830\OpenGL4d\OpenGL2\Texture.h(220,16): warning C4244: 'initializing': conversion from 'T' to 'int', possible loss of data
C:\Users\86180\Documents\OpenGL4d_20240422_114830\OpenGL4d\OpenGL2\Texture.h(220,16): warning C4244:         with
C:\Users\86180\Documents\OpenGL4d_20240422_114830\OpenGL4d\OpenGL2\Texture.h(220,16): warning C4244:         [
C:\Users\86180\Documents\OpenGL4d_20240422_114830\OpenGL4d\OpenGL2\Texture.h(220,16): warning C4244:             T=float
C:\Users\86180\Documents\OpenGL4d_20240422_114830\OpenGL4d\OpenGL2\Texture.h(220,16): warning C4244:         ]
  (compiling source file 'main.cpp')
  
C:\Users\86180\Documents\OpenGL4d_20240422_114830\OpenGL4d\OpenGL2\Texture.h(222,17): warning C4244: 'initializing': conversion from 'T' to 'int', possible loss of data
C:\Users\86180\Documents\OpenGL4d_20240422_114830\OpenGL4d\OpenGL2\Texture.h(222,17): warning C4244:         with
C:\Users\86180\Documents\OpenGL4d_20240422_114830\OpenGL4d\OpenGL2\Texture.h(222,17): warning C4244:         [
C:\Users\86180\Documents\OpenGL4d_20240422_114830\OpenGL4d\OpenGL2\Texture.h(222,17): warning C4244:             T=float
C:\Users\86180\Documents\OpenGL4d_20240422_114830\OpenGL4d\OpenGL2\Texture.h(222,17): warning C4244:         ]
  (compiling source file 'main.cpp')
  
C:\Users\86180\Documents\OpenGL4d_20240422_114830\OpenGL4d\OpenGL2\Texture.h(224,18): warning C4244: 'initializing': conversion from 'T' to 'int', possible loss of data
C:\Users\86180\Documents\OpenGL4d_20240422_114830\OpenGL4d\OpenGL2\Texture.h(224,18): warning C4244:         with
C:\Users\86180\Documents\OpenGL4d_20240422_114830\OpenGL4d\OpenGL2\Texture.h(224,18): warning C4244:         [
C:\Users\86180\Documents\OpenGL4d_20240422_114830\OpenGL4d\OpenGL2\Texture.h(224,18): warning C4244:             T=float
C:\Users\86180\Documents\OpenGL4d_20240422_114830\OpenGL4d\OpenGL2\Texture.h(224,18): warning C4244:         ]
  (compiling source file 'main.cpp')
  
C:\Users\86180\Documents\OpenGL4d_20240422_114830\OpenGL4d\OpenGL2\Texture.h(239,16): warning C4244: 'initializing': conversion from 'T' to 'int', possible loss of data
C:\Users\86180\Documents\OpenGL4d_20240422_114830\OpenGL4d\OpenGL2\Texture.h(239,16): warning C4244:         with
C:\Users\86180\Documents\OpenGL4d_20240422_114830\OpenGL4d\OpenGL2\Texture.h(239,16): warning C4244:         [
C:\Users\86180\Documents\OpenGL4d_20240422_114830\OpenGL4d\OpenGL2\Texture.h(239,16): warning C4244:             T=float
C:\Users\86180\Documents\OpenGL4d_20240422_114830\OpenGL4d\OpenGL2\Texture.h(239,16): warning C4244:         ]
  (compiling source file 'main.cpp')
  
C:\Users\86180\Documents\OpenGL4d_20240422_114830\OpenGL4d\OpenGL2\Texture.h(241,17): warning C4244: 'initializing': conversion from 'T' to 'int', possible loss of data
C:\Users\86180\Documents\OpenGL4d_20240422_114830\OpenGL4d\OpenGL2\Texture.h(241,17): warning C4244:         with
C:\Users\86180\Documents\OpenGL4d_20240422_114830\OpenGL4d\OpenGL2\Texture.h(241,17): warning C4244:         [
C:\Users\86180\Documents\OpenGL4d_20240422_114830\OpenGL4d\OpenGL2\Texture.h(241,17): warning C4244:             T=float
C:\Users\86180\Documents\OpenGL4d_20240422_114830\OpenGL4d\OpenGL2\Texture.h(241,17): warning C4244:         ]
  (compiling source file 'main.cpp')
  
C:\Users\86180\Documents\OpenGL4d_20240422_114830\OpenGL4d\OpenGL2\Texture.h(243,18): warning C4244: 'initializing': conversion from 'T' to 'int', possible loss of data
C:\Users\86180\Documents\OpenGL4d_20240422_114830\OpenGL4d\OpenGL2\Texture.h(243,18): warning C4244:         with
C:\Users\86180\Documents\OpenGL4d_20240422_114830\OpenGL4d\OpenGL2\Texture.h(243,18): warning C4244:         [
C:\Users\86180\Documents\OpenGL4d_20240422_114830\OpenGL4d\OpenGL2\Texture.h(243,18): warning C4244:             T=float
C:\Users\86180\Documents\OpenGL4d_20240422_114830\OpenGL4d\OpenGL2\Texture.h(243,18): warning C4244:         ]
  (compiling source file 'main.cpp')
  
C:\Users\86180\Documents\OpenGL4d_20240422_114830\OpenGL4d\OpenGL2\Texture.h(271,83): warning C4244: 'argument': conversion from 'float' to 'GLint', possible loss of data
  (compiling source file 'main.cpp')
  
C:\Users\86180\Documents\OpenGL4d_20240422_114830\OpenGL4d\OpenGL2\Texture.h(271,61): warning C4244: 'argument': conversion from 'float' to 'GLint', possible loss of data
  (compiling source file 'main.cpp')
  
C:\Users\86180\Documents\OpenGL4d_20240422_114830\OpenGL4d\OpenGL2\Texture.h(271,39): warning C4244: 'argument': conversion from 'float' to 'GLint', possible loss of data
  (compiling source file 'main.cpp')
  
C:\Users\86180\Documents\OpenGL4d_20240422_114830\OpenGL4d\OpenGL2\mod.h(113,18): warning C4244: 'initializing': conversion from 'double' to 'float', possible loss of data
  (compiling source file 'main.cpp')
  
C:\Users\86180\Documents\OpenGL4d_20240422_114830\OpenGL4d\OpenGL2\mod.h(114,19): warning C4244: 'initializing': conversion from 'double' to 'float', possible loss of data
  (compiling source file 'main.cpp')
  
C:\Users\86180\Documents\OpenGL4d_20240422_114830\OpenGL4d\OpenGL2\mod.h(116,21): warning C4244: 'initializing': conversion from 'double' to 'float', possible loss of data
  (compiling source file 'main.cpp')
  
C:\Users\86180\Documents\OpenGL4d_20240422_114830\OpenGL4d\OpenGL2\mod.h(117,22): warning C4244: 'initializing': conversion from 'double' to 'float', possible loss of data
  (compiling source file 'main.cpp')
  
C:\Users\86180\Documents\OpenGL4d_20240422_114830\OpenGL4d\OpenGL2\mod.h(125,38): warning C4244: 'argument': conversion from 'double' to 'float', possible loss of data
  (compiling source file 'main.cpp')
  
C:\Users\86180\Documents\OpenGL4d_20240422_114830\OpenGL4d\OpenGL2\mod.h(123,24): warning C4244: 'argument': conversion from 'double' to 'float', possible loss of data
  (compiling source file 'main.cpp')
  
C:\Users\86180\Documents\OpenGL4d_20240422_114830\OpenGL4d\OpenGL2\mod.h(223,19): warning C4244: 'argument': conversion from 'double' to 'float', possible loss of data
  (compiling source file 'main.cpp')
  
C:\Users\86180\Documents\OpenGL4d_20240422_114830\OpenGL4d\OpenGL2\mod.h(229,19): warning C4244: 'argument': conversion from 'double' to 'float', possible loss of data
  (compiling source file 'main.cpp')
  
C:\Users\86180\Documents\OpenGL4d_20240422_114830\OpenGL4d\OpenGL2\mod.h(250,16): warning C4244: 'initializing': conversion from 'double' to 'float', possible loss of data
  (compiling source file 'main.cpp')
  
C:\Users\86180\Documents\OpenGL4d_20240422_114830\OpenGL4d\OpenGL2\mod.h(255,17): warning C4244: 'initializing': conversion from 'double' to 'float', possible loss of data
  (compiling source file 'main.cpp')
  
C:\Users\86180\Documents\OpenGL4d_20240422_114830\OpenGL4d\OpenGL2\mod.h(262,20): warning C4244: 'initializing': conversion from 'double' to 'float', possible loss of data
  (compiling source file 'main.cpp')
  
C:\Users\86180\Documents\OpenGL4d_20240422_114830\OpenGL4d\OpenGL2\mod.h(278,21): warning C4244: 'initializing': conversion from 'double' to 'float', possible loss of data
  (compiling source file 'main.cpp')
  
C:\Users\86180\Documents\OpenGL4d_20240422_114830\OpenGL4d\OpenGL2\mod.h(335,3): warning C4244: 'return': conversion from 'double' to 'float', possible loss of data
  (compiling source file 'main.cpp')
  
C:\Users\86180\Documents\OpenGL4d_20240422_114830\OpenGL4d\OpenGL2\Primitives4D.h(1321,29): warning C4267: 'initializing': conversion from 'size_t' to 'unsigned int', possible loss of data
  (compiling source file 'main.cpp')
  
C:\Users\86180\Documents\OpenGL4d_20240422_114830\OpenGL4d\OpenGL2\Primitives4D.h(1340,14): warning C4267: 'initializing': conversion from 'size_t' to 'int', possible loss of data
  (compiling source file 'main.cpp')
  
C:\Users\86180\Documents\OpenGL4d_20240422_114830\OpenGL4d\OpenGL2\Primitives4D.h(1341,14): warning C4267: 'initializing': conversion from 'size_t' to 'int', possible loss of data
  (compiling source file 'main.cpp')
  
C:\Users\86180\Documents\OpenGL4d_20240422_114830\OpenGL4d\OpenGL2\Primitives4D.h(1342,14): warning C4267: 'initializing': conversion from 'size_t' to 'int', possible loss of data
  (compiling source file 'main.cpp')
  
C:\Users\86180\Documents\OpenGL4d_20240422_114830\OpenGL4d\OpenGL2\Line.h(242,39): warning C4018: '<': signed/unsigned mismatch
  (compiling source file 'main.cpp')
  
C:\Users\86180\Documents\OpenGL4d_20240422_114830\OpenGL4d\OpenGL2\Light.h(285,33): warning C4267: 'argument': conversion from 'size_t' to 'GLint', possible loss of data
  (compiling source file 'main.cpp')
  
C:\Users\86180\Documents\OpenGL4d_20240422_114830\OpenGL4d\OpenGL2\Light.h(287,33): warning C4267: 'argument': conversion from 'size_t' to 'GLint', possible loss of data
  (compiling source file 'main.cpp')
  
C:\Program Files (x86)\Windows Kits\10\Include\10.0.22000.0\shared\minwindef.h(130,1): warning C4005: 'APIENTRY': macro redefinition
  (compiling source file 'main.cpp')
  C:\Users\86180\Documents\OpenGL4d_20240422_114830\OpenGL4d\Dependencies_64x\GLFW\include\GLFW\glfw3.h(123,1):
  see previous definition of 'APIENTRY'
  
C:\Users\86180\Documents\OpenGL4d_20240422_114830\OpenGL4d\OpenGL2\Joint.h(237,2): warning C4091: 'static ': ignored on left of 'HingeConstraint4D' when no variable is declared
  (compiling source file 'main.cpp')
  
C:\Users\86180\Documents\OpenGL4d_20240422_114830\OpenGL4d\OpenGL2\ObjectLists.h(95,29): warning C4018: '>=': signed/unsigned mismatch
  (compiling source file 'main.cpp')
  
C:\Users\86180\Documents\OpenGL4d_20240422_114830\OpenGL4d\OpenGL2\ObjectLists.h(99,29): warning C4018: '>=': signed/unsigned mismatch
  (compiling source file 'main.cpp')
  
C:\Users\86180\Documents\OpenGL4d_20240422_114830\OpenGL4d\OpenGL2\ObjectLists.h(106,30): warning C4018: '>=': signed/unsigned mismatch
  (compiling source file 'main.cpp')
  
C:\Users\86180\Documents\OpenGL4d_20240422_114830\OpenGL4d\OpenGL2\ObjectLists.h(110,30): warning C4018: '>=': signed/unsigned mismatch
  (compiling source file 'main.cpp')
  
C:\Users\86180\Documents\OpenGL4d_20240422_114830\OpenGL4d\OpenGL2\ObjectLists.h(117,37): warning C4018: '>=': signed/unsigned mismatch
  (compiling source file 'main.cpp')
  
C:\Users\86180\Documents\OpenGL4d_20240422_114830\OpenGL4d\OpenGL2\ObjectLists.h(121,37): warning C4018: '>=': signed/unsigned mismatch
  (compiling source file 'main.cpp')
  
C:\Users\86180\Documents\OpenGL4d_20240422_114830\OpenGL4d\OpenGL2\ObjectLists.h(139,56): warning C4267: '+=': conversion from 'size_t' to 'int', possible loss of data
  (compiling source file 'main.cpp')
  
C:\Users\86180\Documents\OpenGL4d_20240422_114830\OpenGL4d\OpenGL2\ObjectLists.h(155,56): warning C4267: '+=': conversion from 'size_t' to 'int', possible loss of data
  (compiling source file 'main.cpp')
  
C:\Users\86180\Documents\OpenGL4d_20240422_114830\OpenGL4d\OpenGL2\ObjectLists.h(172,19): warning C4267: 'initializing': conversion from 'size_t' to 'unsigned int', possible loss of data
  (compiling source file 'main.cpp')
  
C:\Users\86180\Documents\OpenGL4d_20240422_114830\OpenGL4d\OpenGL2\ObjectLists.h(173,15): warning C4018: '<': signed/unsigned mismatch
  (compiling source file 'main.cpp')
  
C:\Users\86180\Documents\OpenGL4d_20240422_114830\OpenGL4d\OpenGL2\ObjectLists.h(184,60): warning C4267: '+=': conversion from 'size_t' to 'int', possible loss of data
  (compiling source file 'main.cpp')
  
C:\Users\86180\Documents\OpenGL4d_20240422_114830\OpenGL4d\OpenGL2\ObjectLists.h(205,62): warning C4267: '+=': conversion from 'size_t' to 'int', possible loss of data
  (compiling source file 'main.cpp')
  
C:\Users\86180\Documents\OpenGL4d_20240422_114830\OpenGL4d\OpenGL2\ObjectLists.h(222,56): warning C4267: '+=': conversion from 'size_t' to 'int', possible loss of data
  (compiling source file 'main.cpp')
  
C:\Users\86180\Documents\OpenGL4d_20240422_114830\OpenGL4d\OpenGL2\ObjectLists.h(246,62): warning C4267: '+=': conversion from 'size_t' to 'int', possible loss of data
  (compiling source file 'main.cpp')
  
C:\Users\86180\Documents\OpenGL4d_20240422_114830\OpenGL4d\OpenGL2\ObjectLists.h(293,60): warning C4267: '+=': conversion from 'size_t' to 'int', possible loss of data
  (compiling source file 'main.cpp')
  
C:\Users\86180\Documents\OpenGL4d_20240422_114830\OpenGL4d\OpenGL2\ObjectLists.h(316,60): warning C4267: '+=': conversion from 'size_t' to 'int', possible loss of data
  (compiling source file 'main.cpp')
  
C:\Users\86180\Documents\OpenGL4d_20240422_114830\OpenGL4d\OpenGL2\body.h(42,33): warning C4244: 'argument': conversion from 'double' to 'const float', possible loss of data
  (compiling source file 'main.cpp')
  
C:\Users\86180\Documents\OpenGL4d_20240422_114830\OpenGL4d\OpenGL2\Animation.h(248,22): warning C4018: '>=': signed/unsigned mismatch
  (compiling source file 'main.cpp')
  
C:\Users\86180\Documents\OpenGL4d_20240422_114830\OpenGL4d\OpenGL2\Animation.h(255,24): warning C4018: '>=': signed/unsigned mismatch
  (compiling source file 'main.cpp')
  
C:\Users\86180\Documents\OpenGL4d_20240422_114830\OpenGL4d\OpenGL2\Animation.h(259,24): warning C4018: '>=': signed/unsigned mismatch
  (compiling source file 'main.cpp')
  
C:\Users\86180\Documents\OpenGL4d_20240422_114830\OpenGL4d\OpenGL2\LoadAndSave.h(146,21): warning C4018: '<': signed/unsigned mismatch
  (compiling source file 'main.cpp')
  
C:\Users\86180\Documents\OpenGL4d_20240422_114830\OpenGL4d\OpenGL2\LoadAndSave.h(150,21): warning C4018: '<': signed/unsigned mismatch
  (compiling source file 'main.cpp')
  
C:\Users\86180\Documents\OpenGL4d_20240422_114830\OpenGL4d\OpenGL2\LoadAndSave.h(358,23): warning C4018: '<': signed/unsigned mismatch
  (compiling source file 'main.cpp')
  
C:\Users\86180\Documents\OpenGL4d_20240422_114830\OpenGL4d\OpenGL2\LoadAndSave.h(362,23): warning C4018: '<': signed/unsigned mismatch
  (compiling source file 'main.cpp')
  
C:\Users\86180\Documents\OpenGL4d_20240422_114830\OpenGL4d\OpenGL2\gjk.h(160,27): warning C4018: '<': signed/unsigned mismatch
  (compiling source file 'main.cpp')
  
C:\Users\86180\Documents\OpenGL4d_20240422_114830\OpenGL4d\OpenGL2\gjk.h(197,27): warning C4018: '<': signed/unsigned mismatch
  (compiling source file 'main.cpp')
  
C:\Users\86180\Documents\OpenGL4d_20240422_114830\OpenGL4d\OpenGL2\gjk.h(275,27): warning C4018: '<': signed/unsigned mismatch
  (compiling source file 'main.cpp')
  
C:\Users\86180\Documents\OpenGL4d_20240422_114830\OpenGL4d\OpenGL2\gjk.h(284,27): warning C4018: '<': signed/unsigned mismatch
  (compiling source file 'main.cpp')
  
C:\Users\86180\Documents\OpenGL4d_20240422_114830\OpenGL4d\OpenGL2\gjk.h(382,27): warning C4018: '<': signed/unsigned mismatch
  (compiling source file 'main.cpp')
  
C:\Users\86180\Documents\OpenGL4d_20240422_114830\OpenGL4d\OpenGL2\gjk.h(419,27): warning C4018: '<': signed/unsigned mismatch
  (compiling source file 'main.cpp')
  
C:\Users\86180\Documents\OpenGL4d_20240422_114830\OpenGL4d\OpenGL2\gjk.h(463,27): warning C4018: '<': signed/unsigned mismatch
  (compiling source file 'main.cpp')
  
C:\Users\86180\Documents\OpenGL4d_20240422_114830\OpenGL4d\OpenGL2\gjk.h(696,2): warning C4091: 'static ': ignored on left of 'Simplex' when no variable is declared
  (compiling source file 'main.cpp')
  
C:\Users\86180\Documents\OpenGL4d_20240422_114830\OpenGL4d\OpenGL2\gjk.h(551,24): warning C4267: 'initializing': conversion from 'size_t' to 'int', possible loss of data
  (compiling source file 'main.cpp')
  
C:\Users\86180\Documents\OpenGL4d_20240422_114830\OpenGL4d\OpenGL2\gjk.h(841,33): warning C4267: 'initializing': conversion from 'size_t' to 'unsigned int', possible loss of data
  (compiling source file 'main.cpp')
  
C:\Users\86180\Documents\OpenGL4d_20240422_114830\OpenGL4d\OpenGL2\gjk.h(955,35): warning C4018: '<': signed/unsigned mismatch
  (compiling source file 'main.cpp')
  
C:\Users\86180\Documents\OpenGL4d_20240422_114830\OpenGL4d\OpenGL2\gjk.h(1090,28): warning C4267: 'initializing': conversion from 'size_t' to 'unsigned int', possible loss of data
  (compiling source file 'main.cpp')
  
C:\Users\86180\Documents\OpenGL4d_20240422_114830\OpenGL4d\OpenGL2\colliderPhy.h(12,2): warning C4091: 'static ': ignored on left of 'Collider' when no variable is declared
  (compiling source file 'main.cpp')
  
C:\Users\86180\Documents\OpenGL4d_20240422_114830\OpenGL4d\OpenGL2\colliderPhy.h(19,2): warning C4091: 'static ': ignored on left of 'CollisionManifold' when no variable is declared
  (compiling source file 'main.cpp')
  
C:\Users\86180\Documents\OpenGL4d_20240422_114830\OpenGL4d\OpenGL2\colliderPhy.h(38,2): warning C4091: 'static ': ignored on left of 'Collision' when no variable is declared
  (compiling source file 'main.cpp')
  
C:\Users\86180\Documents\OpenGL4d_20240422_114830\OpenGL4d\OpenGL2\colliderPhy.h(47,2): warning C4091: 'static ': ignored on left of 'VertexCellContact' when no variable is declared
  (compiling source file 'main.cpp')
  
C:\Users\86180\Documents\OpenGL4d_20240422_114830\OpenGL4d\OpenGL2\colliderPhy.h(58,2): warning C4091: 'static ': ignored on left of 'EdgeFaceContact' when no variable is declared
  (compiling source file 'main.cpp')
  
C:\Users\86180\Documents\OpenGL4d_20240422_114830\OpenGL4d\OpenGL2\colliderPhy.h(64,2): warning C4091: 'static ': ignored on left of 'ContactData' when no variable is declared
  (compiling source file 'main.cpp')
  
C:\Users\86180\Documents\OpenGL4d_20240422_114830\OpenGL4d\OpenGL2\colliderPhy.h(70,2): warning C4091: 'static ': ignored on left of 'ContactAxis' when no variable is declared
  (compiling source file 'main.cpp')
  
C:\Users\86180\Documents\OpenGL4d_20240422_114830\OpenGL4d\OpenGL2\colliderPhy.h(78,2): warning C4091: 'static ': ignored on left of 'AxisResult' when no variable is declared
  (compiling source file 'main.cpp')
  
C:\Users\86180\Documents\OpenGL4d_20240422_114830\OpenGL4d\OpenGL2\colliderPhy.h(416,27): warning C4018: '<': signed/unsigned mismatch
  (compiling source file 'main.cpp')
  
C:\Users\86180\Documents\OpenGL4d_20240422_114830\OpenGL4d\OpenGL2\colliderPhy.h(632,47): warning C4267: '=': conversion from 'size_t' to 'unsigned int', possible loss of data
  (compiling source file 'main.cpp')
  
C:\Users\86180\Documents\OpenGL4d_20240422_114830\OpenGL4d\OpenGL2\colliderPhy.h(620,23): warning C4101: 'detectPos4D0': unreferenced local variable
  (compiling source file 'main.cpp')
  
C:\Users\86180\Documents\OpenGL4d_20240422_114830\OpenGL4d\OpenGL2\colliderPhy.h(959,95): warning C4244: '=': conversion from 'int' to 'float', possible loss of data
  (compiling source file 'main.cpp')
  
C:\Users\86180\Documents\OpenGL4d_20240422_114830\OpenGL4d\OpenGL2\colliderPhy.h(960,95): warning C4244: '=': conversion from 'int' to 'float', possible loss of data
  (compiling source file 'main.cpp')
  
C:\Users\86180\Documents\OpenGL4d_20240422_114830\OpenGL4d\OpenGL2\colliderPhy.h(1006,39): warning C4018: '<': signed/unsigned mismatch
  (compiling source file 'main.cpp')
  
C:\Users\86180\Documents\OpenGL4d_20240422_114830\OpenGL4d\OpenGL2\colliderPhy.h(1031,39): warning C4018: '<': signed/unsigned mismatch
  (compiling source file 'main.cpp')
  
C:\Users\86180\Documents\OpenGL4d_20240422_114830\OpenGL4d\OpenGL2\colliderPhy.h(1071,39): warning C4018: '<': signed/unsigned mismatch
  (compiling source file 'main.cpp')
  
C:\Users\86180\Documents\OpenGL4d_20240422_114830\OpenGL4d\OpenGL2\colliderPhy.h(1118,39): warning C4018: '<': signed/unsigned mismatch
  (compiling source file 'main.cpp')
  
C:\Users\86180\Documents\OpenGL4d_20240422_114830\OpenGL4d\OpenGL2\colliderPhy.h(1198,97): warning C4244: '=': conversion from 'int' to 'float', possible loss of data
  (compiling source file 'main.cpp')
  
C:\Users\86180\Documents\OpenGL4d_20240422_114830\OpenGL4d\OpenGL2\colliderPhy.h(1199,97): warning C4244: '=': conversion from 'int' to 'float', possible loss of data
  (compiling source file 'main.cpp')
  
C:\Users\86180\Documents\OpenGL4d_20240422_114830\OpenGL4d\OpenGL2\colliderPhy.h(1234,51): warning C4267: '=': conversion from 'size_t' to 'unsigned int', possible loss of data
  (compiling source file 'main.cpp')
  
C:\Users\86180\Documents\OpenGL4d_20240422_114830\OpenGL4d\OpenGL2\colliderPhy.h(1318,35): warning C4018: '<': signed/unsigned mismatch
  (compiling source file 'main.cpp')
  
C:\Users\86180\Documents\OpenGL4d_20240422_114830\OpenGL4d\OpenGL2\colliderPhy.h(1335,35): warning C4018: '<': signed/unsigned mismatch
  (compiling source file 'main.cpp')
  
C:\Users\86180\Documents\OpenGL4d_20240422_114830\OpenGL4d\OpenGL2\colliderPhy.h(1352,35): warning C4018: '<': signed/unsigned mismatch
  (compiling source file 'main.cpp')
  
C:\Users\86180\Documents\OpenGL4d_20240422_114830\OpenGL4d\OpenGL2\colliderPhy.h(1382,35): warning C4018: '<': signed/unsigned mismatch
  (compiling source file 'main.cpp')
  
C:\Users\86180\Documents\OpenGL4d_20240422_114830\OpenGL4d\OpenGL2\colliderPhy.h(1412,35): warning C4018: '<': signed/unsigned mismatch
  (compiling source file 'main.cpp')
  
C:\Users\86180\Documents\OpenGL4d_20240422_114830\OpenGL4d\OpenGL2\colliderPhy.h(1447,35): warning C4018: '<': signed/unsigned mismatch
  (compiling source file 'main.cpp')
  
C:\Users\86180\Documents\OpenGL4d_20240422_114830\OpenGL4d\OpenGL2\colliderPhy.h(1482,35): warning C4018: '<': signed/unsigned mismatch
  (compiling source file 'main.cpp')
  
C:\Users\86180\Documents\OpenGL4d_20240422_114830\OpenGL4d\OpenGL2\colliderPhy.h(1496,35): warning C4018: '<': signed/unsigned mismatch
  (compiling source file 'main.cpp')
  
C:\Users\86180\Documents\OpenGL4d_20240422_114830\OpenGL4d\OpenGL2\colliderPhy.h(1577,93): warning C4244: '=': conversion from 'int' to 'float', possible loss of data
  (compiling source file 'main.cpp')
  
C:\Users\86180\Documents\OpenGL4d_20240422_114830\OpenGL4d\OpenGL2\colliderPhy.h(1578,93): warning C4244: '=': conversion from 'int' to 'float', possible loss of data
  (compiling source file 'main.cpp')
  
C:\Users\86180\Documents\OpenGL4d_20240422_114830\OpenGL4d\OpenGL2\colliderPhy.h(1797,31): warning C4018: '<': signed/unsigned mismatch
  (compiling source file 'main.cpp')
  
C:\Users\86180\Documents\OpenGL4d_20240422_114830\OpenGL4d\OpenGL2\colliderPhy.h(1810,51): warning C4267: '=': conversion from 'size_t' to 'unsigned int', possible loss of data
  (compiling source file 'main.cpp')
  
C:\Users\86180\Documents\OpenGL4d_20240422_114830\OpenGL4d\OpenGL2\colliderPhy.h(2132,51): warning C4267: '=': conversion from 'size_t' to 'unsigned int', possible loss of data
  (compiling source file 'main.cpp')
  
C:\Users\86180\Documents\OpenGL4d_20240422_114830\OpenGL4d\OpenGL2\colliderPhy.h(2120,27): warning C4101: 'detectPos4D0': unreferenced local variable
  (compiling source file 'main.cpp')
  
C:\Users\86180\Documents\OpenGL4d_20240422_114830\OpenGL4d\OpenGL2\colliderPhy.h(2356,27): warning C4018: '<': signed/unsigned mismatch
  (compiling source file 'main.cpp')
  
C:\Users\86180\Documents\OpenGL4d_20240422_114830\OpenGL4d\OpenGL2\colliderPhy.h(2382,31): warning C4018: '<': signed/unsigned mismatch
  (compiling source file 'main.cpp')
  
C:\Users\86180\Documents\OpenGL4d_20240422_114830\OpenGL4d\OpenGL2\collision.h(13,2): warning C4091: 'static ': ignored on left of 'ContactState' when no variable is declared
  (compiling source file 'main.cpp')
  
C:\Users\86180\Documents\OpenGL4d_20240422_114830\OpenGL4d\OpenGL2\collision.h(21,2): warning C4091: 'static ': ignored on left of 'CollisionConstraint' when no variable is declared
  (compiling source file 'main.cpp')
  
C:\Users\86180\Documents\OpenGL4d_20240422_114830\OpenGL4d\OpenGL2\collision.h(34,2): warning C4091: 'static ': ignored on left of 'Constraint' when no variable is declared
  (compiling source file 'main.cpp')
  
C:\Users\86180\Documents\OpenGL4d_20240422_114830\OpenGL4d\OpenGL2\Phys4D.h(109,137): warning C4267: 'argument': conversion from 'size_t' to 'int', possible loss of data
  (compiling source file 'main.cpp')
  
C:\Users\86180\Documents\OpenGL4d_20240422_114830\OpenGL4d\OpenGL2\Phys4D.h(111,44): warning C4267: '+=': conversion from 'size_t' to 'int', possible loss of data
  (compiling source file 'main.cpp')
  
C:\Users\86180\Documents\OpenGL4d_20240422_114830\OpenGL4d\OpenGL2\Phys4D.h(118,119): warning C4267: 'argument': conversion from 'size_t' to 'int', possible loss of data
  (compiling source file 'main.cpp')
  
C:\Users\86180\Documents\OpenGL4d_20240422_114830\OpenGL4d\OpenGL2\Phys4D.h(122,132): warning C4267: 'argument': conversion from 'size_t' to 'int', possible loss of data
  (compiling source file 'main.cpp')
  
C:\Users\86180\Documents\OpenGL4d_20240422_114830\OpenGL4d\OpenGL2\Phys4D.h(188,121): warning C4267: 'argument': conversion from 'size_t' to 'int', possible loss of data
  (compiling source file 'main.cpp')
  
C:\Users\86180\Documents\OpenGL4d_20240422_114830\OpenGL4d\OpenGL2\Phys4D.h(223,92): warning C4267: 'argument': conversion from 'size_t' to 'int', possible loss of data
  (compiling source file 'main.cpp')
  
C:\Users\86180\Documents\OpenGL4d_20240422_114830\OpenGL4d\OpenGL2\Phys4D.h(236,67): warning C4267: 'argument': conversion from 'size_t' to 'unsigned int', possible loss of data
  (compiling source file 'main.cpp')
  
C:\Users\86180\Documents\OpenGL4d_20240422_114830\OpenGL4d\OpenGL2\Phys4D.h(241,69): warning C4267: 'argument': conversion from 'size_t' to 'unsigned int', possible loss of data
  (compiling source file 'main.cpp')
  
C:\Users\86180\Documents\OpenGL4d_20240422_114830\OpenGL4d\OpenGL2\Phys4D.h(314,71): warning C4267: 'argument': conversion from 'size_t' to 'int', possible loss of data
  (compiling source file 'main.cpp')
  
C:\Users\86180\Documents\OpenGL4d_20240422_114830\OpenGL4d\OpenGL2\Phys4D.h(331,71): warning C4267: 'argument': conversion from 'size_t' to 'int', possible loss of data
  (compiling source file 'main.cpp')
  
C:\Users\86180\Documents\OpenGL4d_20240422_114830\OpenGL4d\OpenGL2\Phys4D.h(383,71): warning C4267: 'argument': conversion from 'size_t' to 'int', possible loss of data
  (compiling source file 'main.cpp')
  
C:\Users\86180\Documents\OpenGL4d_20240422_114830\OpenGL4d\OpenGL2\Phys4D.h(398,70): warning C4267: 'argument': conversion from 'size_t' to 'int', possible loss of data
  (compiling source file 'main.cpp')
  
C:\Users\86180\Documents\OpenGL4d_20240422_114830\OpenGL4d\OpenGL2\Phys4D.h(531,86): warning C4267: 'argument': conversion from 'size_t' to 'int', possible loss of data
  (compiling source file 'main.cpp')
  
C:\Users\86180\Documents\OpenGL4d_20240422_114830\OpenGL4d\OpenGL2\Phys4D.h(544,151): warning C4267: 'argument': conversion from 'size_t' to 'int', possible loss of data
  (compiling source file 'main.cpp')
  
C:\Users\86180\Documents\OpenGL4d_20240422_114830\OpenGL4d\OpenGL2\Phys4D.h(551,87): warning C4267: 'argument': conversion from 'size_t' to 'int', possible loss of data
  (compiling source file 'main.cpp')
  
C:\Users\86180\Documents\OpenGL4d_20240422_114830\OpenGL4d\OpenGL2\Phys4D.h(555,87): warning C4267: 'argument': conversion from 'size_t' to 'int', possible loss of data
  (compiling source file 'main.cpp')
  
C:\Users\86180\Documents\OpenGL4d_20240422_114830\OpenGL4d\OpenGL2\Phys4D.h(555,195): warning C4267: 'argument': conversion from 'size_t' to 'int', possible loss of data
  (compiling source file 'main.cpp')
  
C:\Users\86180\Documents\OpenGL4d_20240422_114830\OpenGL4d\OpenGL2\Phys4D.h(576,89): warning C4267: 'argument': conversion from 'size_t' to 'int', possible loss of data
  (compiling source file 'main.cpp')
  
C:\Users\86180\Documents\OpenGL4d_20240422_114830\OpenGL4d\OpenGL2\Phys4D.h(589,156): warning C4267: 'argument': conversion from 'size_t' to 'int', possible loss of data
  (compiling source file 'main.cpp')
  
C:\Users\86180\Documents\OpenGL4d_20240422_114830\OpenGL4d\OpenGL2\Phys4D.h(596,91): warning C4267: 'argument': conversion from 'size_t' to 'int', possible loss of data
  (compiling source file 'main.cpp')
  
C:\Users\86180\Documents\OpenGL4d_20240422_114830\OpenGL4d\OpenGL2\Phys4D.h(600,91): warning C4267: 'argument': conversion from 'size_t' to 'int', possible loss of data
  (compiling source file 'main.cpp')
  
C:\Users\86180\Documents\OpenGL4d_20240422_114830\OpenGL4d\OpenGL2\Phys4D.h(600,201): warning C4267: 'argument': conversion from 'size_t' to 'int', possible loss of data
  (compiling source file 'main.cpp')
  
C:\Users\86180\Documents\OpenGL4d_20240422_114830\OpenGL4d\OpenGL2\DetectRay.h(24,25): warning C4267: '=': conversion from 'size_t' to 'int', possible loss of data
  (compiling source file 'main.cpp')
  
C:\Users\86180\Documents\OpenGL4d_20240422_114830\OpenGL4d\OpenGL2\DetectRay.h(30,15): warning C4244: '=': conversion from 'double' to 'float', possible loss of data
  (compiling source file 'main.cpp')
  
C:\Users\86180\Documents\OpenGL4d_20240422_114830\OpenGL4d\OpenGL2\DetectRay.h(31,15): warning C4244: '=': conversion from 'double' to 'float', possible loss of data
  (compiling source file 'main.cpp')
  
C:\Users\86180\Documents\OpenGL4d_20240422_114830\OpenGL4d\OpenGL2\DetectRay.h(193,22): warning C4018: '<': signed/unsigned mismatch
  (compiling source file 'main.cpp')
  
C:\Users\86180\Documents\OpenGL4d_20240422_114830\OpenGL4d\OpenGL2\DetectRay.h(321,18): warning C4267: '=': conversion from 'size_t' to 'int', possible loss of data
  (compiling source file 'main.cpp')
  
C:\Users\86180\Documents\OpenGL4d_20240422_114830\OpenGL4d\OpenGL2\DetectRay.h(327,18): warning C4267: '=': conversion from 'size_t' to 'int', possible loss of data
  (compiling source file 'main.cpp')
  
C:\Users\86180\Documents\OpenGL4d_20240422_114830\OpenGL4d\OpenGL2\DetectRay.h(346,20): warning C4267: '=': conversion from 'size_t' to 'int', possible loss of data
  (compiling source file 'main.cpp')
  
C:\Users\86180\Documents\OpenGL4d_20240422_114830\OpenGL4d\OpenGL2\DetectRay.h(352,20): warning C4267: '=': conversion from 'size_t' to 'int', possible loss of data
  (compiling source file 'main.cpp')
  
C:\Users\86180\Documents\OpenGL4d_20240422_114830\OpenGL4d\OpenGL2\DetectRay.h(362,42): warning C4267: 'argument': conversion from 'size_t' to 'int', possible loss of data
  (compiling source file 'main.cpp')
  
C:\Users\86180\Documents\OpenGL4d_20240422_114830\OpenGL4d\OpenGL2\DetectRay.h(364,31): warning C4267: 'argument': conversion from 'size_t' to 'int', possible loss of data
  (compiling source file 'main.cpp')
  
C:\Users\86180\Documents\OpenGL4d_20240422_114830\OpenGL4d\OpenGL2\DetectRay.h(366,53): warning C4267: 'argument': conversion from 'size_t' to 'int', possible loss of data
  (compiling source file 'main.cpp')
  
C:\Users\86180\Documents\OpenGL4d_20240422_114830\OpenGL4d\OpenGL2\DetectRay.h(367,53): warning C4267: 'argument': conversion from 'size_t' to 'int', possible loss of data
  (compiling source file 'main.cpp')
  
C:\Users\86180\Documents\OpenGL4d_20240422_114830\OpenGL4d\OpenGL2\DetectRay.h(368,65): warning C4267: 'argument': conversion from 'size_t' to 'int', possible loss of data
  (compiling source file 'main.cpp')
  
C:\Users\86180\Documents\OpenGL4d_20240422_114830\OpenGL4d\OpenGL2\DetectRay.h(372,59): warning C4267: 'argument': conversion from 'size_t' to 'int', possible loss of data
  (compiling source file 'main.cpp')
  
C:\Users\86180\Documents\OpenGL4d_20240422_114830\OpenGL4d\OpenGL2\DetectRay.h(377,23): warning C4267: '=': conversion from 'size_t' to 'int', possible loss of data
  (compiling source file 'main.cpp')
  
C:\Users\86180\Documents\OpenGL4d_20240422_114830\OpenGL4d\OpenGL2\DetectRay.h(383,23): warning C4267: '=': conversion from 'size_t' to 'int', possible loss of data
  (compiling source file 'main.cpp')
  
C:\Users\86180\Documents\OpenGL4d_20240422_114830\OpenGL4d\OpenGL2\DetectRay.h(404,21): warning C4267: '=': conversion from 'size_t' to 'int', possible loss of data
  (compiling source file 'main.cpp')
  
C:\Users\86180\Documents\OpenGL4d_20240422_114830\OpenGL4d\OpenGL2\DetectRay.h(410,21): warning C4267: '=': conversion from 'size_t' to 'int', possible loss of data
  (compiling source file 'main.cpp')
  
C:\Users\86180\Documents\OpenGL4d_20240422_114830\OpenGL4d\OpenGL2\DetectRay.h(429,21): warning C4267: '=': conversion from 'size_t' to 'int', possible loss of data
  (compiling source file 'main.cpp')
  
C:\Users\86180\Documents\OpenGL4d_20240422_114830\OpenGL4d\OpenGL2\DetectRay.h(435,21): warning C4267: '=': conversion from 'size_t' to 'int', possible loss of data
  (compiling source file 'main.cpp')
  
C:\Users\86180\Documents\OpenGL4d_20240422_114830\OpenGL4d\OpenGL2\DetectRay.h(446,46): warning C4267: 'argument': conversion from 'size_t' to 'int', possible loss of data
  (compiling source file 'main.cpp')
  
C:\Users\86180\Documents\OpenGL4d_20240422_114830\OpenGL4d\OpenGL2\DetectRay.h(448,61): warning C4267: 'argument': conversion from 'size_t' to 'int', possible loss of data
  (compiling source file 'main.cpp')
  
C:\Users\86180\Documents\OpenGL4d_20240422_114830\OpenGL4d\OpenGL2\DetectRay.h(453,22): warning C4267: '=': conversion from 'size_t' to 'int', possible loss of data
  (compiling source file 'main.cpp')
  
C:\Users\86180\Documents\OpenGL4d_20240422_114830\OpenGL4d\OpenGL2\DetectRay.h(459,22): warning C4267: '=': conversion from 'size_t' to 'int', possible loss of data
  (compiling source file 'main.cpp')
  
C:\Users\86180\Documents\OpenGL4d_20240422_114830\OpenGL4d\OpenGL2\main.cpp(37,24): warning C4244: 'argument': conversion from 'double' to 'int', possible loss of data
  Generating Code...
C:\Users\86180\Documents\OpenGL4d_20240422_114830\OpenGL4d\OpenGL2\InputLists.h(100,1): warning C4715: 'transformInput': not all control paths return a value
C:\Users\86180\Documents\OpenGL4d_20240422_114830\OpenGL4d\OpenGL2\LoadAndSave.h(20,1): warning C4715: 'texture3d_list': not all control paths return a value
C:\Users\86180\Documents\OpenGL4d_20240422_114830\OpenGL4d\OpenGL2\LoadAndSave.h(31,1): warning C4715: 'shader_list': not all control paths return a value
C:\Users\86180\Documents\OpenGL4d_20240422_114830\OpenGL4d\OpenGL2\ObjectLists.h(328,1): warning C4715: 'find_wall4d': not all control paths return a value
C:\Users\86180\Documents\OpenGL4d_20240422_114830\OpenGL4d\OpenGL2\Geometry.h(131,1): warning C4715: 'texcoord_position2': not all control paths return a value
C:\Users\86180\Documents\OpenGL4d_20240422_114830\OpenGL4d\OpenGL2\gjk.h(213,1): warning C4715: 'support': not all control paths return a value
C:\Users\86180\Documents\OpenGL4d_20240422_114830\OpenGL4d\OpenGL2\gjk.h(435,1): warning C4715: 'support_distance': not all control paths return a value
C:\Users\86180\Documents\OpenGL4d_20240422_114830\OpenGL4d\OpenGL2\gjk.h(695,1): warning C4715: 'Simplex::nearest_simplex': not all control paths return a value
C:\Users\86180\Documents\OpenGL4d_20240422_114830\OpenGL4d\OpenGL2\LoadAndSave.h(54,1): warning C4715: 'name_list': not all control paths return a value
  OpenGL2.vcxproj -> C:\Users\86180\Documents\OpenGL4d_20240422_114830\OpenGL4d\x64\Debug\NewEngine.exe
